2026-03-23 11:42:19,838 - 年报自动处理系统 - INFO - 数据库初始化完成
2026-03-23 11:42:19,840 - 年报自动处理系统 - INFO - 数据库写入线程启动
2026-03-23 11:42:19,842 - 年报自动处理系统 - INFO - 队列管理器初始化完成
2026-03-23 11:42:22,653 - 年报自动处理系统 - INFO - ============================================================
2026-03-23 11:42:22,653 - 年报自动处理系统 - INFO - 年报公告自动处理系统启动
2026-03-23 11:42:22,653 - 年报自动处理系统 - INFO - ============================================================
2026-03-23 11:42:22,653 - 年报自动处理系统 - INFO - 功能说明:
2026-03-23 11:42:22,654 - 年报自动处理系统 - INFO -   - 每3分钟自动查询数据库发现新公告
2026-03-23 11:42:22,654 - 年报自动处理系统 - INFO -   - 并发下载(动态线程池,最高5线程)
2026-03-23 11:42:22,654 - 年报自动处理系统 - INFO -   - 自动分发给5个业务处理器
2026-03-23 11:42:22,654 - 年报自动处理系统 - INFO -   - 记录处理状态,避免重复处理
2026-03-23 11:42:22,654 - 年报自动处理系统 - INFO - 停止方式:
2026-03-23 11:42:22,655 - 年报自动处理系统 - INFO -   - 按 Ctrl+C
2026-03-23 11:42:22,655 - 年报自动处理系统 - INFO - ============================================================
2026-03-23 11:42:22,655 - 年报自动处理系统 - INFO - 监控器开始工作
2026-03-23 11:42:22,655 - 年报自动处理系统 - INFO - 监控器启动,查询间隔: 180秒
2026-03-23 11:42:22,656 - 年报自动处理系统 - INFO - 下载器启动
2026-03-23 11:42:22,656 - 年报自动处理系统 - INFO - 首次查询,查询最近7天数据: FBSJ >= 2026-03-16 11:42:22.656241
2026-03-23 11:42:22,657 - 年报自动处理系统 - INFO - 任务分发器开始工作
2026-03-23 11:42:22,657 - 年报自动处理系统 - INFO - 任务分发器启动,工作线程数: 5
2026-03-23 11:42:22,658 - 年报自动处理系统 - INFO - 没有需要恢复的处理任务
2026-03-23 11:42:22,658 - 年报自动处理系统 - INFO - 所有组件已启动,系统运行中...
2026-03-23 11:42:23,301 - 年报自动处理系统 - INFO - 数据库查询完成,发现 153 个新公告
2026-03-23 11:42:23,303 - 年报自动处理系统 - INFO - 保存 153 个新公告到数据库
2026-03-23 11:42:23,304 - 年报自动处理系统 - INFO - 批量添加 153 个下载任务
2026-03-23 11:42:23,304 - 年报自动处理系统 - INFO - 添加 153 个公告到下载队列
2026-03-23 11:42:24,480 - 年报自动处理系统 - INFO - 下载成功: e:\Project\年报公告自动切片\年报自动处理系统\年度报告\raw\600583-2026-03-21-海油工程-海油工程2025年年度报告.pdf
2026-03-23 11:42:25,114 - 年报自动处理系统 - INFO - 下载成功: e:\Project\年报公告自动切片\年报自动处理系统\年度报告\raw\688766-2026-03-21-普冉股份-普冉半导体（上海）股份有限公司2025年年度报告.pdf
2026-03-23 11:42:25,808 - 年报自动处理系统 - INFO - 下载成功: e:\Project\年报公告自动切片\年报自动处理系统\年度报告\raw\002946-2026-03-23-新乳业-2025年年度报告.pdf
2026-03-23 11:42:25,855 - 年报自动处理系统 - INFO - 下载成功: e:\Project\年报公告自动切片\年报自动处理系统\年度报告\raw\300323-2026-03-23-华灿光电-2025年年度报告.pdf
2026-03-23 11:42:25,950 - 年报自动处理系统 - INFO - ✓ 600583-2026-03-21-海油工程-海油工程2025年年度报告.pdf (5模块完成)
2026-03-23 11:42:29,096 - 年报自动处理系统 - INFO - ✓ 688766-2026-03-21-普冉股份-普冉半导体（上海）股份有限公司2025年年度报告.pdf (5模块完成)
2026-03-23 11:42:31,309 - 年报自动处理系统 - INFO - 下载成功: e:\Project\年报公告自动切片\年报自动处理系统\年度报告\raw\600028-2026-03-23-中国石化-中国石化2025年度报告.pdf
2026-03-23 11:42:32,916 - 年报自动处理系统 - INFO - ✓ 002946-2026-03-23-新乳业-2025年年度报告.pdf (5模块完成)
2026-03-23 11:42:42,770 - 年报自动处理系统 - INFO - 下载成功: e:\Project\年报公告自动切片\年报自动处理系统\年度报告\raw\002817-2026-03-21-黄山胶囊-2025年年度报告.pdf
2026-03-23 11:42:48,494 - 年报自动处理系统 - INFO - 下载成功: e:\Project\年报公告自动切片\年报自动处理系统\年度报告\raw\002947-2026-03-21-恒铭达-2025年年度报告.pdf
2026-03-23 11:43:42,110 - 年报自动处理系统 - INFO - 下载成功: e:\Project\年报公告自动切片\年报自动处理系统\年度报告\raw\600598-2026-03-21-北大荒-黑龙江北大荒农业股份有限公司2025年年度报告.pdf
2026-03-23 11:43:56,228 - 年报自动处理系统 - INFO - ✓ 300323-2026-03-23-华灿光电-2025年年度报告.pdf (5模块完成)
2026-03-23 11:43:59,328 - 年报自动处理系统 - INFO - 下载成功: e:\Project\年报公告自动切片\年报自动处理系统\年度报告\raw\688233-2026-03-21-神工股份-锦州神工半导体股份有限公司2025年年度报告.pdf
2026-03-23 11:44:00,776 - 年报自动处理系统 - INFO - 下载成功: e:\Project\年报公告自动切片\年报自动处理系统\年度报告\raw\600332-2026-03-21-白云山-广州白云山医药集团股份有限公司2025年年度报告全文.pdf
2026-03-23 11:46:39,959 - 年报自动处理系统 - INFO - ============================================================
2026-03-23 11:46:49,483 - 年报自动处理系统 - INFO - 下载成功: e:\Project\年报公告自动切片\年报自动处理系统\年度报告\raw\603919-2026-03-21-金徽酒-金徽酒股份有限公司2025年年度报告.pdf
2026-03-23 11:46:53,702 - 年报自动处理系统 - INFO - 系统运行统计:
2026-03-23 11:47:04,301 - 年报自动处理系统 - INFO - 下载成功: e:\Project\年报公告自动切片\年报自动处理系统\年度报告\raw\600976-2026-03-21-健民集团-健民集团2025年年度报告.pdf
2026-03-23 11:47:07,388 - 年报自动处理系统 - INFO -   数据库记录总数: 153
2026-03-23 11:47:28,521 - 年报自动处理系统 - INFO -   下载状态 - 等待: 143, 下载中: 0, 成功: 10, 失败: 0
2026-03-23 11:47:30,269 - 年报自动处理系统 - INFO -   处理状态 - 等待: 6, 处理中: 0, 成功: 4, 失败: 0
2026-03-23 11:47:31,847 - 年报自动处理系统 - INFO -   下载队列: 138, 处理队列: 0
2026-03-23 11:47:45,490 - 年报自动处理系统 - INFO -   活跃下载: 3, 活跃处理: 5
2026-03-23 11:47:51,719 - 年报自动处理系统 - INFO - ============================================================
2026-03-23 11:52:53,604 - 年报自动处理系统 - INFO - 队列管理器初始化完成
2026-03-23 11:52:53,835 - 年报自动处理系统 - INFO - 数据库初始化完成
2026-03-23 11:52:53,844 - 年报自动处理系统 - INFO - 数据库写入线程启动
2026-03-23 11:52:54,158 - 年报自动处理系统 - INFO - 数据库写入线程停止
2026-03-23 11:52:54,291 - 年报自动处理系统 - INFO - 数据库连接已关闭
2026-03-23 11:55:42,560 - 年报自动处理系统 - INFO - 数据库初始化完成
2026-03-23 11:55:42,563 - 年报自动处理系统 - INFO - 数据库写入线程启动
2026-03-23 11:55:42,564 - 年报自动处理系统 - INFO - 队列管理器初始化完成
2026-03-23 11:55:42,830 - 年报自动处理系统 - INFO - 清理僵尸状态: 下载任务 3 个, 处理任务 0 个, 模块任务 4 个
2026-03-23 11:55:45,141 - 年报自动处理系统 - INFO - ============================================================
2026-03-23 11:55:45,141 - 年报自动处理系统 - INFO - 年报公告自动处理系统启动
2026-03-23 11:55:45,141 - 年报自动处理系统 - INFO - ============================================================
2026-03-23 11:55:45,141 - 年报自动处理系统 - INFO - 功能说明:
2026-03-23 11:55:45,142 - 年报自动处理系统 - INFO -   - 每3分钟自动查询数据库发现新公告
2026-03-23 11:55:45,142 - 年报自动处理系统 - INFO -   - 并发下载(动态线程池,最高5线程)
2026-03-23 11:55:45,142 - 年报自动处理系统 - INFO -   - 自动分发给5个业务处理器
2026-03-23 11:55:45,142 - 年报自动处理系统 - INFO -   - 记录处理状态,避免重复处理
2026-03-23 11:55:45,142 - 年报自动处理系统 - INFO - 停止方式:
2026-03-23 11:55:45,143 - 年报自动处理系统 - INFO -   - 按 Ctrl+C
2026-03-23 11:55:45,143 - 年报自动处理系统 - INFO - ============================================================
2026-03-23 11:55:45,143 - 年报自动处理系统 - INFO - 监控器开始工作
2026-03-23 11:55:45,143 - 年报自动处理系统 - INFO - 监控器启动,查询间隔: 180秒
2026-03-23 11:55:45,144 - 年报自动处理系统 - INFO - 下载器启动
2026-03-23 11:55:45,144 - 年报自动处理系统 - INFO - 使用增量查询: FBSJ >= 2026-03-23 11:42:22.656008
2026-03-23 11:55:45,144 - 年报自动处理系统 - INFO - 任务分发器开始工作
2026-03-23 11:55:45,144 - 年报自动处理系统 - INFO - 任务分发器启动,工作线程数: 5
2026-03-23 11:55:45,145 - 年报自动处理系统 - INFO - 所有组件已启动,系统运行中...
2026-03-23 11:55:45,147 - 年报自动处理系统 - INFO - 恢复了 8 个公告的 38 个待处理模块任务
2026-03-23 11:55:45,150 - 年报自动处理系统 - INFO - 恢复了 141 个待下载任务
2026-03-23 11:55:45,151 - 年报自动处理系统 - INFO - [开始] 主要指标 - 600976-2026-03-21-健民集团-健民集团2025年年度报告.pdf
2026-03-23 11:55:45,151 - 年报自动处理系统 - INFO - ============================================================
2026-03-23 11:55:45,152 - 年报自动处理系统 - INFO - [诊断] 当前活跃任务: 1
2026-03-23 11:55:45,153 - 年报自动处理系统 - INFO -   - F1902363187A5AB33F337112DA5A52C4/主要指标: 已运行 0.0 秒
2026-03-23 11:55:45,153 - 年报自动处理系统 - INFO - ============================================================
2026-03-23 11:55:45,169 - 年报自动处理系统 - INFO - [开始] 领导人介绍 - 600976-2026-03-21-健民集团-健民集团2025年年度报告.pdf
2026-03-23 11:55:45,208 - 年报自动处理系统 - INFO - [开始] 研发投入 - 600976-2026-03-21-健民集团-健民集团2025年年度报告.pdf
2026-03-23 11:55:45,210 - 年报自动处理系统 - INFO - [开始] 职工构成 - 600976-2026-03-21-健民集团-健民集团2025年年度报告.pdf
2026-03-23 11:55:45,261 - 年报自动处理系统 - INFO - [开始] 领导人持股 - 600976-2026-03-21-健民集团-健民集团2025年年度报告.pdf
2026-03-23 11:55:46,143 - 年报自动处理系统 - INFO - [完成] 职工构成 - 600976-2026-03-21-健民集团-健民集团2025年年度报告.pdf - 处理成功: e:\Project\年报公告自动切片\年报自动处理系统\年度报告\职工构成\600976-2026-03-21-健民集团-健民集团2025年年度报告.pdf
2026-03-23 11:55:46,160 - 年报自动处理系统 - INFO - [开始] 主要指标 - 603919-2026-03-21-金徽酒-金徽酒股份有限公司2025年年度报告.pdf
2026-03-23 11:55:46,163 - 年报自动处理系统 - INFO - [完成] 领导人介绍 - 600976-2026-03-21-健民集团-健民集团2025年年度报告.pdf - 处理成功: e:\Project\年报公告自动切片\年报自动处理系统\年度报告\领导人介绍\600976-2026-03-21-健民集团-健民集团2025年年度报告.pdf
2026-03-23 11:55:46,164 - 年报自动处理系统 - INFO - [完成] 领导人持股 - 600976-2026-03-21-健民集团-健民集团2025年年度报告.pdf - 处理成功: e:\Project\年报公告自动切片\年报自动处理系统\年度报告\领导人持股\600976-2026-03-21-健民集团-健民集团2025年年度报告.pdf
2026-03-23 11:55:46,170 - 年报自动处理系统 - INFO - [完成] 主要指标 - 600976-2026-03-21-健民集团-健民集团2025年年度报告.pdf - 处理成功: e:\Project\年报公告自动切片\年报自动处理系统\年度报告\主要指标\600976-2026-03-21-健民集团-健民集团2025年年度报告.pdf
2026-03-23 11:55:46,170 - 年报自动处理系统 - INFO - [完成] 研发投入 - 600976-2026-03-21-健民集团-健民集团2025年年度报告.pdf - 处理成功: e:\Project\年报公告自动切片\年报自动处理系统\年度报告\研发投入\600976-2026-03-21-健民集团-健民集团2025年年度报告.pdf
2026-03-23 11:55:46,176 - 年报自动处理系统 - INFO - ✓ 600976-2026-03-21-健民集团-健民集团2025年年度报告.pdf (5模块完成)
2026-03-23 11:55:46,235 - 年报自动处理系统 - INFO - ✓ 600976-2026-03-21-健民集团-健民集团2025年年度报告.pdf (5模块完成)
2026-03-23 11:55:46,240 - 年报自动处理系统 - INFO - ✓ 600976-2026-03-21-健民集团-健民集团2025年年度报告.pdf (5模块完成)
2026-03-23 11:55:46,264 - 年报自动处理系统 - INFO - ✓ 600976-2026-03-21-健民集团-健民集团2025年年度报告.pdf (5模块完成)
2026-03-23 11:55:46,291 - 年报自动处理系统 - INFO - [开始] 领导人介绍 - 603919-2026-03-21-金徽酒-金徽酒股份有限公司2025年年度报告.pdf
2026-03-23 11:55:46,312 - 年报自动处理系统 - INFO - [开始] 研发投入 - 603919-2026-03-21-金徽酒-金徽酒股份有限公司2025年年度报告.pdf
2026-03-23 11:55:46,327 - 年报自动处理系统 - INFO - [开始] 职工构成 - 603919-2026-03-21-金徽酒-金徽酒股份有限公司2025年年度报告.pdf
2026-03-23 11:55:46,361 - 年报自动处理系统 - INFO - [开始] 领导人持股 - 603919-2026-03-21-金徽酒-金徽酒股份有限公司2025年年度报告.pdf
2026-03-23 11:55:46,485 - 年报自动处理系统 - INFO - 数据库查询完成,发现 0 个新公告
2026-03-23 11:55:46,924 - 年报自动处理系统 - INFO - [完成] 主要指标 - 603919-2026-03-21-金徽酒-金徽酒股份有限公司2025年年度报告.pdf - 处理成功: e:\Project\年报公告自动切片\年报自动处理系统\年度报告\主要指标\603919-2026-03-21-金徽酒-金徽酒股份有限公司2025年年度报告.pdf
2026-03-23 11:55:46,978 - 年报自动处理系统 - INFO - [开始] 主要指标 - 600332-2026-03-21-白云山-广州白云山医药集团股份有限公司2025年年度报告全文.pdf
2026-03-23 11:55:47,048 - 年报自动处理系统 - INFO - [完成] 领导人介绍 - 603919-2026-03-21-金徽酒-金徽酒股份有限公司2025年年度报告.pdf - 处理成功: e:\Project\年报公告自动切片\年报自动处理系统\年度报告\领导人介绍\603919-2026-03-21-金徽酒-金徽酒股份有限公司2025年年度报告.pdf
2026-03-23 11:55:47,048 - 年报自动处理系统 - INFO - [完成] 研发投入 - 603919-2026-03-21-金徽酒-金徽酒股份有限公司2025年年度报告.pdf - 处理成功: e:\Project\年报公告自动切片\年报自动处理系统\年度报告\研发投入\603919-2026-03-21-金徽酒-金徽酒股份有限公司2025年年度报告.pdf
2026-03-23 11:55:47,063 - 年报自动处理系统 - INFO - [开始] 领导人介绍 - 600332-2026-03-21-白云山-广州白云山医药集团股份有限公司2025年年度报告全文.pdf
2026-03-23 11:55:47,168 - 年报自动处理系统 - INFO - [开始] 研发投入 - 600332-2026-03-21-白云山-广州白云山医药集团股份有限公司2025年年度报告全文.pdf
2026-03-23 11:55:47,168 - 年报自动处理系统 - INFO - [完成] 领导人持股 - 603919-2026-03-21-金徽酒-金徽酒股份有限公司2025年年度报告.pdf - 处理成功: e:\Project\年报公告自动切片\年报自动处理系统\年度报告\领导人持股\603919-2026-03-21-金徽酒-金徽酒股份有限公司2025年年度报告.pdf
2026-03-23 11:55:47,168 - 年报自动处理系统 - INFO - [完成] 职工构成 - 603919-2026-03-21-金徽酒-金徽酒股份有限公司2025年年度报告.pdf - 处理成功: e:\Project\年报公告自动切片\年报自动处理系统\年度报告\职工构成\603919-2026-03-21-金徽酒-金徽酒股份有限公司2025年年度报告.pdf
2026-03-23 11:55:47,195 - 年报自动处理系统 - INFO - ✓ 603919-2026-03-21-金徽酒-金徽酒股份有限公司2025年年度报告.pdf (5模块完成)
2026-03-23 11:55:47,280 - 年报自动处理系统 - INFO - ✓ 603919-2026-03-21-金徽酒-金徽酒股份有限公司2025年年度报告.pdf (5模块完成)
2026-03-23 11:55:47,294 - 年报自动处理系统 - INFO - [开始] 职工构成 - 600332-2026-03-21-白云山-广州白云山医药集团股份有限公司2025年年度报告全文.pdf
2026-03-23 11:55:47,429 - 年报自动处理系统 - INFO - [开始] 领导人持股 - 600332-2026-03-21-白云山-广州白云山医药集团股份有限公司2025年年度报告全文.pdf
2026-03-23 11:55:48,198 - 年报自动处理系统 - INFO - 下载成功: e:\Project\年报公告自动切片\年报自动处理系统\年度报告\raw\300146-2026-03-21-汤臣倍健-2025年年度报告.pdf
2026-03-23 11:55:48,257 - 年报自动处理系统 - INFO - 下载成功: e:\Project\年报公告自动切片\年报自动处理系统\年度报告\raw\002121-2026-03-21-科陆电子-2025年年度报告.pdf
2026-03-23 11:55:48,289 - 年报自动处理系统 - INFO - [完成] 领导人持股 - 600332-2026-03-21-白云山-广州白云山医药集团股份有限公司2025年年度报告全文.pdf - 无输出(正常执行)
2026-03-23 11:55:48,291 - 年报自动处理系统 - INFO - [开始] 主要指标 - 688233-2026-03-21-神工股份-锦州神工半导体股份有限公司2025年年度报告.pdf
2026-03-23 11:55:48,291 - 年报自动处理系统 - INFO - [完成] 研发投入 - 600332-2026-03-21-白云山-广州白云山医药集团股份有限公司2025年年度报告全文.pdf - 处理成功: e:\Project\年报公告自动切片\年报自动处理系统\年度报告\研发投入\600332-2026-03-21-白云山-广州白云山医药集团股份有限公司2025年年度报告全文.pdf
2026-03-23 11:55:48,293 - 年报自动处理系统 - INFO - [完成] 主要指标 - 600332-2026-03-21-白云山-广州白云山医药集团股份有限公司2025年年度报告全文.pdf - 处理成功: e:\Project\年报公告自动切片\年报自动处理系统\年度报告\主要指标\600332-2026-03-21-白云山-广州白云山医药集团股份有限公司2025年年度报告全文.pdf
2026-03-23 11:55:48,334 - 年报自动处理系统 - INFO - [开始] 领导人介绍 - 688233-2026-03-21-神工股份-锦州神工半导体股份有限公司2025年年度报告.pdf
2026-03-23 11:55:48,414 - 年报自动处理系统 - INFO - [完成] 领导人介绍 - 600332-2026-03-21-白云山-广州白云山医药集团股份有限公司2025年年度报告全文.pdf - 处理成功: e:\Project\年报公告自动切片\年报自动处理系统\年度报告\领导人介绍\600332-2026-03-21-白云山-广州白云山医药集团股份有限公司2025年年度报告全文.pdf
2026-03-23 11:55:48,428 - 年报自动处理系统 - INFO - [开始] 研发投入 - 688233-2026-03-21-神工股份-锦州神工半导体股份有限公司2025年年度报告.pdf
2026-03-23 11:55:48,484 - 年报自动处理系统 - INFO - [开始] 职工构成 - 688233-2026-03-21-神工股份-锦州神工半导体股份有限公司2025年年度报告.pdf
2026-03-23 11:55:48,485 - 年报自动处理系统 - INFO - [完成] 职工构成 - 600332-2026-03-21-白云山-广州白云山医药集团股份有限公司2025年年度报告全文.pdf - 处理成功: e:\Project\年报公告自动切片\年报自动处理系统\年度报告\职工构成\600332-2026-03-21-白云山-广州白云山医药集团股份有限公司2025年年度报告全文.pdf
2026-03-23 11:55:48,523 - 年报自动处理系统 - INFO - △ 600332-2026-03-21-白云山-广州白云山医药集团股份有限公司2025年年度报告全文.pdf (4模块完成, 1模块无输出/跳过: 领导人持股)
2026-03-23 11:55:48,609 - 年报自动处理系统 - INFO - [开始] 领导人持股 - 688233-2026-03-21-神工股份-锦州神工半导体股份有限公司2025年年度报告.pdf
2026-03-23 11:55:48,637 - 年报自动处理系统 - INFO - 下载成功: e:\Project\年报公告自动切片\年报自动处理系统\年度报告\raw\000156-2026-03-21-华数传媒-2025年年度报告.pdf
2026-03-23 11:55:49,381 - 年报自动处理系统 - INFO - [完成] 职工构成 - 688233-2026-03-21-神工股份-锦州神工半导体股份有限公司2025年年度报告.pdf - 处理成功: e:\Project\年报公告自动切片\年报自动处理系统\年度报告\职工构成\688233-2026-03-21-神工股份-锦州神工半导体股份有限公司2025年年度报告.pdf
2026-03-23 11:55:49,429 - 年报自动处理系统 - INFO - [开始] 主要指标 - 600598-2026-03-21-北大荒-黑龙江北大荒农业股份有限公司2025年年度报告.pdf
2026-03-23 11:55:49,554 - 年报自动处理系统 - INFO - [完成] 主要指标 - 688233-2026-03-21-神工股份-锦州神工半导体股份有限公司2025年年度报告.pdf - 处理成功: e:\Project\年报公告自动切片\年报自动处理系统\年度报告\主要指标\688233-2026-03-21-神工股份-锦州神工半导体股份有限公司2025年年度报告.pdf
2026-03-23 11:55:49,569 - 年报自动处理系统 - INFO - [开始] 领导人介绍 - 600598-2026-03-21-北大荒-黑龙江北大荒农业股份有限公司2025年年度报告.pdf
2026-03-23 11:55:49,865 - 年报自动处理系统 - INFO - [完成] 领导人介绍 - 688233-2026-03-21-神工股份-锦州神工半导体股份有限公司2025年年度报告.pdf - 处理成功: e:\Project\年报公告自动切片\年报自动处理系统\年度报告\领导人介绍\688233-2026-03-21-神工股份-锦州神工半导体股份有限公司2025年年度报告.pdf
2026-03-23 11:55:49,917 - 年报自动处理系统 - INFO - [完成] 研发投入 - 688233-2026-03-21-神工股份-锦州神工半导体股份有限公司2025年年度报告.pdf - 处理成功: e:\Project\年报公告自动切片\年报自动处理系统\年度报告\研发投入\688233-2026-03-21-神工股份-锦州神工半导体股份有限公司2025年年度报告.pdf
2026-03-23 11:55:50,037 - 年报自动处理系统 - INFO - [开始] 职工构成 - 600598-2026-03-21-北大荒-黑龙江北大荒农业股份有限公司2025年年度报告.pdf
2026-03-23 11:55:49,960 - 年报自动处理系统 - INFO - [开始] 研发投入 - 600598-2026-03-21-北大荒-黑龙江北大荒农业股份有限公司2025年年度报告.pdf
2026-03-23 11:55:50,579 - 年报自动处理系统 - INFO - [完成] 领导人持股 - 688233-2026-03-21-神工股份-锦州神工半导体股份有限公司2025年年度报告.pdf - 处理成功: e:\Project\年报公告自动切片\年报自动处理系统\年度报告\领导人持股\688233-2026-03-21-神工股份-锦州神工半导体股份有限公司2025年年度报告.pdf
2026-03-23 11:55:50,579 - 年报自动处理系统 - INFO - [完成] 领导人介绍 - 600598-2026-03-21-北大荒-黑龙江北大荒农业股份有限公司2025年年度报告.pdf - 处理成功: e:\Project\年报公告自动切片\年报自动处理系统\年度报告\领导人介绍\600598-2026-03-21-北大荒-黑龙江北大荒农业股份有限公司2025年年度报告.pdf
2026-03-23 11:55:50,587 - 年报自动处理系统 - INFO - [开始] 领导人持股 - 600598-2026-03-21-北大荒-黑龙江北大荒农业股份有限公司2025年年度报告.pdf
2026-03-23 11:55:50,587 - 年报自动处理系统 - INFO - [完成] 职工构成 - 600598-2026-03-21-北大荒-黑龙江北大荒农业股份有限公司2025年年度报告.pdf - 处理成功: e:\Project\年报公告自动切片\年报自动处理系统\年度报告\职工构成\600598-2026-03-21-北大荒-黑龙江北大荒农业股份有限公司2025年年度报告.pdf
2026-03-23 11:55:50,586 - 年报自动处理系统 - INFO - ✓ 688233-2026-03-21-神工股份-锦州神工半导体股份有限公司2025年年度报告.pdf (5模块完成)
2026-03-23 11:55:50,591 - 年报自动处理系统 - INFO - [开始] 主要指标 - 002947-2026-03-21-恒铭达-2025年年度报告.pdf
2026-03-23 11:55:50,598 - 年报自动处理系统 - INFO - [完成] 主要指标 - 600598-2026-03-21-北大荒-黑龙江北大荒农业股份有限公司2025年年度报告.pdf - 处理成功: e:\Project\年报公告自动切片\年报自动处理系统\年度报告\主要指标\600598-2026-03-21-北大荒-黑龙江北大荒农业股份有限公司2025年年度报告.pdf
2026-03-23 11:55:50,624 - 年报自动处理系统 - INFO - [开始] 领导人介绍 - 002947-2026-03-21-恒铭达-2025年年度报告.pdf
2026-03-23 11:55:50,644 - 年报自动处理系统 - INFO - 下载成功: e:\Project\年报公告自动切片\年报自动处理系统\年度报告\raw\000795-2026-03-21-英洛华-2025年年度报告.pdf
2026-03-23 11:55:50,708 - 年报自动处理系统 - INFO - [开始] 研发投入 - 002947-2026-03-21-恒铭达-2025年年度报告.pdf
2026-03-23 11:55:50,709 - 年报自动处理系统 - INFO - [完成] 研发投入 - 600598-2026-03-21-北大荒-黑龙江北大荒农业股份有限公司2025年年度报告.pdf - 处理成功: e:\Project\年报公告自动切片\年报自动处理系统\年度报告\研发投入\600598-2026-03-21-北大荒-黑龙江北大荒农业股份有限公司2025年年度报告.pdf
2026-03-23 11:55:50,836 - 年报自动处理系统 - INFO - [开始] 职工构成 - 002947-2026-03-21-恒铭达-2025年年度报告.pdf
2026-03-23 11:55:51,395 - 年报自动处理系统 - INFO - [完成] 领导人持股 - 600598-2026-03-21-北大荒-黑龙江北大荒农业股份有限公司2025年年度报告.pdf - 处理成功: e:\Project\年报公告自动切片\年报自动处理系统\年度报告\领导人持股\600598-2026-03-21-北大荒-黑龙江北大荒农业股份有限公司2025年年度报告.pdf
2026-03-23 11:55:51,395 - 年报自动处理系统 - INFO - [完成] 研发投入 - 002947-2026-03-21-恒铭达-2025年年度报告.pdf - 处理成功: e:\Project\年报公告自动切片\年报自动处理系统\年度报告\研发投入\002947-2026-03-21-恒铭达-2025年年度报告.pdf
2026-03-23 11:55:51,400 - 年报自动处理系统 - INFO - ✓ 600598-2026-03-21-北大荒-黑龙江北大荒农业股份有限公司2025年年度报告.pdf (5模块完成)
2026-03-23 11:55:51,402 - 年报自动处理系统 - INFO - [完成] 领导人介绍 - 002947-2026-03-21-恒铭达-2025年年度报告.pdf - 处理成功: e:\Project\年报公告自动切片\年报自动处理系统\年度报告\领导人介绍\002947-2026-03-21-恒铭达-2025年年度报告.pdf
2026-03-23 11:55:51,404 - 年报自动处理系统 - INFO - [开始] 领导人持股 - 002947-2026-03-21-恒铭达-2025年年度报告.pdf
2026-03-23 11:55:51,405 - 年报自动处理系统 - INFO - [开始] 领导人介绍 - 002817-2026-03-21-黄山胶囊-2025年年度报告.pdf
2026-03-23 11:55:51,405 - 年报自动处理系统 - INFO - [完成] 职工构成 - 002947-2026-03-21-恒铭达-2025年年度报告.pdf - 处理成功: e:\Project\年报公告自动切片\年报自动处理系统\年度报告\职工构成\002947-2026-03-21-恒铭达-2025年年度报告.pdf
2026-03-23 11:55:51,406 - 年报自动处理系统 - INFO - [开始] 研发投入 - 002817-2026-03-21-黄山胶囊-2025年年度报告.pdf
2026-03-23 11:55:51,409 - 年报自动处理系统 - INFO - [开始] 职工构成 - 002817-2026-03-21-黄山胶囊-2025年年度报告.pdf
2026-03-23 11:55:51,409 - 年报自动处理系统 - INFO - [完成] 主要指标 - 002947-2026-03-21-恒铭达-2025年年度报告.pdf - 处理成功: e:\Project\年报公告自动切片\年报自动处理系统\年度报告\主要指标\002947-2026-03-21-恒铭达-2025年年度报告.pdf
2026-03-23 11:55:51,503 - 年报自动处理系统 - INFO - [开始] 领导人持股 - 002817-2026-03-21-黄山胶囊-2025年年度报告.pdf
2026-03-23 11:55:52,035 - 年报自动处理系统 - INFO - [完成] 领导人持股 - 002947-2026-03-21-恒铭达-2025年年度报告.pdf - 处理成功: e:\Project\年报公告自动切片\年报自动处理系统\年度报告\领导人持股\002947-2026-03-21-恒铭达-2025年年度报告.pdf
2026-03-23 11:55:52,041 - 年报自动处理系统 - INFO - ✓ 002947-2026-03-21-恒铭达-2025年年度报告.pdf (5模块完成)
2026-03-23 11:55:52,043 - 年报自动处理系统 - INFO - [完成] 职工构成 - 002817-2026-03-21-黄山胶囊-2025年年度报告.pdf - 处理成功: e:\Project\年报公告自动切片\年报自动处理系统\年度报告\职工构成\002817-2026-03-21-黄山胶囊-2025年年度报告.pdf
2026-03-23 11:55:52,046 - 年报自动处理系统 - INFO - [开始] 主要指标 - 600028-2026-03-23-中国石化-中国石化2025年度报告.pdf
2026-03-23 11:55:52,049 - 年报自动处理系统 - INFO - [开始] 领导人介绍 - 600028-2026-03-23-中国石化-中国石化2025年度报告.pdf
2026-03-23 11:55:52,049 - 年报自动处理系统 - INFO - [完成] 研发投入 - 002817-2026-03-21-黄山胶囊-2025年年度报告.pdf - 处理成功: e:\Project\年报公告自动切片\年报自动处理系统\年度报告\研发投入\002817-2026-03-21-黄山胶囊-2025年年度报告.pdf
2026-03-23 11:55:52,050 - 年报自动处理系统 - INFO - [完成] 领导人介绍 - 002817-2026-03-21-黄山胶囊-2025年年度报告.pdf - 处理成功: e:\Project\年报公告自动切片\年报自动处理系统\年度报告\领导人介绍\002817-2026-03-21-黄山胶囊-2025年年度报告.pdf
2026-03-23 11:55:52,055 - 年报自动处理系统 - INFO - [开始] 研发投入 - 600028-2026-03-23-中国石化-中国石化2025年度报告.pdf
2026-03-23 11:55:52,055 - 年报自动处理系统 - INFO - [开始] 领导人持股 - 600028-2026-03-23-中国石化-中国石化2025年度报告.pdf
2026-03-23 11:55:52,553 - 年报自动处理系统 - INFO - [完成] 领导人持股 - 002817-2026-03-21-黄山胶囊-2025年年度报告.pdf - 处理成功: e:\Project\年报公告自动切片\年报自动处理系统\年度报告\领导人持股\002817-2026-03-21-黄山胶囊-2025年年度报告.pdf
2026-03-23 11:55:54,941 - 年报自动处理系统 - INFO - [开始] 主要指标 - 300146-2026-03-21-汤臣倍健-2025年年度报告.pdf
2026-03-23 11:56:45,551 - 年报自动处理系统 - INFO - ============================================================
2026-03-23 11:56:53,668 - 年报自动处理系统 - INFO - [诊断] 当前活跃任务: 5
2026-03-23 11:56:53,668 - 年报自动处理系统 - ERROR - [超时] 主要指标 - 600028-2026-03-23-中国石化-中国石化2025年度报告.pdf (超过60秒)
2026-03-23 11:56:53,668 - 年报自动处理系统 - ERROR - [超时] 领导人介绍 - 600028-2026-03-23-中国石化-中国石化2025年度报告.pdf (超过60秒)
2026-03-23 11:56:53,668 - 年报自动处理系统 - ERROR - [超时] 研发投入 - 600028-2026-03-23-中国石化-中国石化2025年度报告.pdf (超过60秒)
2026-03-23 11:56:56,065 - 年报自动处理系统 - ERROR - [超时] 领导人持股 - 600028-2026-03-23-中国石化-中国石化2025年度报告.pdf (超过60秒)
2026-03-23 11:57:00,581 - 年报自动处理系统 - INFO -   - 1BA8163AF1BF81B82E6C216728C6C9DB/主要指标: 已运行 53.5 秒
2026-03-23 11:57:03,531 - 年报自动处理系统 - ERROR - [超时] 主要指标 - 300146-2026-03-21-汤臣倍健-2025年年度报告.pdf (超过60秒)
2026-03-23 11:57:12,787 - 年报自动处理系统 - INFO -   - 1BA8163AF1BF81B82E6C216728C6C9DB/领导人介绍: 已运行 53.5 秒
2026-03-23 11:57:45,233 - 年报自动处理系统 - INFO -   - 1BA8163AF1BF81B82E6C216728C6C9DB/研发投入: 已运行 53.5 秒
2026-03-23 11:57:52,297 - 年报自动处理系统 - INFO -   - 1BA8163AF1BF81B82E6C216728C6C9DB/领导人持股: 已运行 53.5 秒
2026-03-23 11:57:58,079 - 年报自动处理系统 - INFO -   - A8663CDB57BE5D1A2652E2003AB1AD63/主要指标: 已运行 50.6 秒
2026-03-23 11:58:00,519 - 年报自动处理系统 - INFO - ============================================================
2026-03-23 11:58:18,736 - 年报自动处理系统 - INFO - ============================================================
