
=== 600282-2026-03-17-南钢股份-南京钢铁股份有限公司2025年年度报告.pdf ===
【模块一】
[
  {
    "JZRQ": "2025-12-31",
    "JBMGSY": "0.4651",
    "XSMGSY": "0.4651",
    "JBMGSYKC": "0.4001",
    "XSMGSYKC": "",
    "JLRJZCSYLJQ": "10.69",
    "KCHJLRJZCSYLJQ": "9.20",
    "PTGJZCSYLJQ": "",
    "KCPTGJZCSYLJQ": "",
    "YYZSR": "",
    "YYZSRTBZZ": "",
    "YYSR": "57994436345.68",
    "YYSRTBZZ": "-6.17",
    "YYSRKCJE": "",
    "KCHYYSR": "",
    "KCHYYSRTBZZ": "",
    "JLRHJ": "",
    "JLRHJTBZZ": "",
    "JLR": "2867435008.72",
    "JLRTBZZ": "26.83",
    "FJCXSY": "400701246.93",
    "KCFJYXSYHDJLR": "2466733761.79",
    "KCFJYXSYHDJLRTBZZ": "13.02",
    "PTGJLR": "",
    "PTGJLRTBZZ": "",
    "KCFJCXSYHPTGJLR": "",
    "KCFJCXSYHPTGJLRTBZZ": "",
    "JYXJLLJE": "3673541594.80",
    "MGJYXJLLJE": "",
    "ZCZE": "69942852148.25",
    "GDQY": "27714842749.46",
    "MGJZCPL": "",
    "PTGMGJZC": "",
    "GJKJZEJLR": "",
    "GJKJZZJZC": ""
  },
  {
    "JZRQ": "2024-12-31",
    "JBMGSY": "0.3667",
    "XSMGSY": "0.3667",
    "JBMGSYKC": "0.3540",
    "XSMGSYKC": "",
    "JLRJZCSYLJQ": "8.59",
    "KCHJLRJZCSYLJQ": "8.30",
    "PTGJZCSYLJQ": "",
    "KCPTGJZCSYLJQ": "",
    "YYZSR": "",
    "YYZSRTBZZ": "",
    "YYSR": "61810635136.13",
    "YYSRTBZZ": "",
    "YYSRKCJE": "",
    "KCHYYSR": "",
    "KCHYYSRTBZZ": "",
    "JLRHJ": "",
    "JLRHJTBZZ": "",
    "JLR": "2260763334.01",
    "JLRTBZZ": "",
    "FJCXSY": "78165152.29",
    "KCFJYXSYHDJLR": "2182598181.72",
    "KCFJYXSYHDJLRTBZZ": "",
    "PTGJLR": "",
    "PTGJLRTBZZ": "",
    "KCFJCXSYHPTGJLR": "",
    "KCFJCXSYHPTGJLRTBZZ": "",
    "JYXJLLJE": "3220711999.02",
    "MGJYXJLLJE": "",
    "ZCZE": "69106873262.66",
    "GDQY": "26027803064.82",
    "MGJZCPL": "",
    "PTGMGJZC": "",
    "GJKJZEJLR": "",
    "GJKJZZJZC": ""
  },
  {
    "JZRQ": "2023-12-31",
    "JBMGSY": "0.3447",
    "XSMGSY": "0.3447",
    "JBMGSYKC": "0.3068",
    "XSMGSYKC": "",
    "JLRJZCSYLJQ": "8.12",
    "KCHJLRJZCSYLJQ": "7.22",
    "PTGJZCSYLJQ": "",
    "KCPTGJZCSYLJQ": "",
    "YYZSR": "",
    "YYZSRTBZZ": "",
    "YYSR": "72542780596.51",
    "YYSRTBZZ": "",
    "YYSRKCJE": "",
    "KCHYYSR": "",
    "KCHYYSRTBZZ": "",
    "JLRHJ": "",
    "JLRHJTBZZ": "",
    "JLR": "2125293958.43",
    "JLRTBZZ": "",
    "FJCXSY": "233899439.86",
    "KCFJYXSYHDJLR": "1891394518.57",
    "KCFJYXSYHDJLRTBZZ": "",
    "PTGJLR": "",
    "PTGJLRTBZZ": "",
    "KCFJCXSYHPTGJLR": "",
    "KCFJCXSYHPTGJLRTBZZ": "",
    "JYXJLLJE": "2675162280.49",
    "MGJYXJLLJE": "",
    "ZCZE": "73176500757.80",
    "GDQY": "26542920821.42",
    "MGJZCPL": "",
    "PTGMGJZC": "",
    "GJKJZEJLR": "",
    "GJKJZZJZC": ""
  }
]

【模块二】
[
  {
    "JZRQ": "2025-12-31",
    "JBMGSY": "0.4651",
    "XSMGSY": "0.4651",
    "JBMGSYKC": "0.4001",
    "XSMGSYKC": "0.4001",
    "PTGJZCSYLJQ": "10.69",
    "KCPTGJZCSYLJQ": "9.20"
  }
]

=== 301536-2026-03-10-星宸科技-2025年年度报告.pdf ===
【模块一】
[
  {
    "JZRQ": "2025-12-31",
    "JBMGSY": "0.73",
    "XSMGSY": "0.73",
    "JBMGSYKC": "",
    "XSMGSYKC": "",
    "JLRJZCSYLJQ": "9.97",
    "KCHJLRJZCSYLJQ": "",
    "PTGJZCSYLJQ": "",
    "KCPTGJZCSYLJQ": "",
    "YYZSR": "",
    "YYZSRTBZZ": "",
    "YYSR": "2972063050.67",
    "YYSRTBZZ": "26.28",
    "YYSRKCJE": "",
    "KCHYYSR": "",
    "KCHYYSRTBZZ": "",
    "JLRHJ": "",
    "JLRHJTBZZ": "",
    "JLR": "308367801.59",
    "JLRTBZZ": "20.33",
    "FJCXSY": "56490723.33",
    "KCFJYXSYHDJLR": "251877078.26",
    "KCFJYXSYHDJLRTBZZ": "39.20",
    "PTGJLR": "",
    "PTGJLRTBZZ": "",
    "KCFJCXSYHPTGJLR": "",
    "KCFJCXSYHPTGJLRTBZZ": "",
    "JYXJLLJE": "446420010.54",
    "MGJYXJLLJE": "",
    "ZCZE": "5215000861.67",
    "GDQY": "3237090682.22",
    "MGJZCPL": "",
    "PTGMGJZC": "",
    "GJKJZEJLR": "",
    "GJKJZZJZC": ""
  },
  {
    "JZRQ": "2024-12-31",
    "JBMGSY": "0.62",
    "XSMGSY": "0.62",
    "JBMGSYKC": "",
    "XSMGSYKC": "",
    "JLRJZCSYLJQ": "9.54",
    "KCHJLRJZCSYLJQ": "",
    "PTGJZCSYLJQ": "",
    "KCPTGJZCSYLJQ": "",
    "YYZSR": "",
    "YYZSRTBZZ": "",
    "YYSR": "2353530127.67",
    "YYSRTBZZ": "",
    "YYSRKCJE": "",
    "KCHYYSR": "",
    "KCHYYSRTBZZ": "",
    "JLRHJ": "",
    "JLRHJTBZZ": "",
    "JLR": "256259877.23",
    "JLRTBZZ": "",
    "FJCXSY": "75316976.85",
    "KCFJYXSYHDJLR": "180942900.38",
    "KCFJYXSYHDJLRTBZZ": "",
    "PTGJLR": "",
    "PTGJLRTBZZ": "",
    "KCFJCXSYHPTGJLR": "",
    "KCFJCXSYHPTGJLRTBZZ": "",
    "JYXJLLJE": "418783525.85",
    "MGJYXJLLJE": "",
    "ZCZE": "4299264646.14",
    "GDQY": "2968420664.25",
    "MGJZCPL": "",
    "PTGMGJZC": "",
    "GJKJZEJLR": "",
    "GJKJZZJZC": ""
  },
  {
    "JZRQ": "2023-12-31",
    "JBMGSY": "0.54",
    "XSMGSY": "0.54",
    "JBMGSYKC": "",
    "XSMGSYKC": "",
    "JLRJZCSYLJQ": "10.38",
    "KCHJLRJZCSYLJQ": "",
    "PTGJZCSYLJQ": "",
    "KCPTGJZCSYLJQ": "",
    "YYZSR": "",
    "YYZSRTBZZ": "",
    "YYSR": "2020426107.36",
    "YYSRTBZZ": "",
    "YYSRKCJE": "",
    "KCHYYSR": "",
    "KCHYYSRTBZZ": "",
    "JLRHJ": "",
    "JLRHJTBZZ": "",
    "JLR": "204713451.97",
    "JLRTBZZ": "",
    "FJCXSY": "24528232.30",
    "KCFJYXSYHDJLR": "180185219.67",
    "KCFJYXSYHDJLRTBZZ": "",
    "PTGJLR": "",
    "PTGJLRTBZZ": "",
    "KCFJCXSYHPTGJLR": "",
    "KCFJCXSYHPTGJLRTBZZ": "",
    "JYXJLLJE": "434518915.74",
    "MGJYXJLLJE": "",
    "ZCZE": "3440065394.65",
    "GDQY": "2089826864.88",
    "MGJZCPL": "",
    "PTGMGJZC": "",
    "GJKJZEJLR": "",
    "GJKJZZJZC": ""
  }
]

【模块二】
[
  {
    "JZRQ": "2025-12-31",
    "JBMGSY": "0.73",
    "XSMGSY": "0.73",
    "JBMGSYKC": "0.60",
    "XSMGSYKC": "0.60",
    "PTGJZCSYLJQ": "9.97",
    "KCPTGJZCSYLJQ": "8.14"
  }
]

=== 000014-2026-03-18-沙河股份-2025年年度报告.pdf ===
【模块一】
[
  {
    "JZRQ": "2025-12-31",
    "JBMGSY": "-0.62",
    "XSMGSY": "-0.62",
    "JBMGSYKC": "",
    "XSMGSYKC": "",
    "JLRJZCSYLJQ": "-9.71",
    "KCHJLRJZCSYLJQ": "",
    "PTGJZCSYLJQ": "",
    "KCPTGJZCSYLJQ": "",
    "YYZSR": "",
    "YYZSRTBZZ": "",
    "YYSR": "310141261.81",
    "YYSRTBZZ": "-13.35",
    "YYSRKCJE": "",
    "KCHYYSR": "310141261.81",
    "KCHYYSRTBZZ": "-13.35",
    "JLRHJ": "",
    "JLRHJTBZZ": "",
    "JLR": "-150357687.09",
    "JLRTBZZ": "-1014.24",
    "FJCXSY": "62304.40",
    "KCFJYXSYHDJLR": "-150419991.49",
    "KCFJYXSYHDJLRTBZZ": "-992.10",
    "PTGJLR": "",
    "PTGJLRTBZZ": "",
    "KCFJCXSYHPTGJLR": "",
    "KCFJCXSYHPTGJLRTBZZ": "",
    "JYXJLLJE": "75769644.97",
    "MGJYXJLLJE": "",
    "ZCZE": "2034048323.46",
    "GDQY": "1473189480.92",
    "MGJZCPL": "",
    "PTGMGJZC": "",
    "GJKJZEJLR": "",
    "GJKJZZJZC": ""
  },
  {
    "JZRQ": "2024-12-31",
    "JBMGSY": "0.07",
    "XSMGSY": "0.07",
    "JBMGSYKC": "",
    "XSMGSYKC": "",
    "JLRJZCSYLJQ": "1.00",
    "KCHJLRJZCSYLJQ": "",
    "PTGJZCSYLJQ": "",
    "KCPTGJZCSYLJQ": "",
    "YYZSR": "",
    "YYZSRTBZZ": "",
    "YYSR": "357907444.53",
    "YYSRTBZZ": "",
    "YYSRKCJE": "",
    "KCHYYSR": "357907444.53",
    "KCHYYSRTBZZ": "",
    "JLRHJ": "",
    "JLRHJTBZZ": "",
    "JLR": "16446210.84",
    "JLRTBZZ": "",
    "FJCXSY": "-415139.26",
    "KCFJYXSYHDJLR": "16861350.10",
    "KCFJYXSYHDJLRTBZZ": "",
    "PTGJLR": "",
    "PTGJLRTBZZ": "",
    "KCFJCXSYHPTGJLR": "",
    "KCFJCXSYHPTGJLRTBZZ": "",
    "JYXJLLJE": "-141734897.42",
    "MGJYXJLLJE": "",
    "ZCZE": "2191149488.72",
    "GDQY": "1623547168.01",
    "MGJZCPL": "",
    "PTGMGJZC": "",
    "GJKJZEJLR": "",
    "GJKJZZJZC": ""
  },
  {
    "JZRQ": "2023-12-31",
    "JBMGSY": "2.16",
    "XSMGSY": "2.16",
    "JBMGSYKC": "",
    "XSMGSYKC": "",
    "JLRJZCSYLJQ": "36.93",
    "KCHJLRJZCSYLJQ": "",
    "PTGJZCSYLJQ": "",
    "KCPTGJZCSYLJQ": "",
    "YYZSR": "",
    "YYZSRTBZZ": "",
    "YYSR": "1389212866.56",
    "YYSRTBZZ": "",
    "YYSRKCJE": "",
    "KCHYYSR": "1389212866.56",
    "KCHYYSRTBZZ": "",
    "JLRHJ": "",
    "JLRHJTBZZ": "",
    "JLR": "521765764.33",
    "JLRTBZZ": "",
    "FJCXSY": "69091.24",
    "KCFJYXSYHDJLR": "521696673.09",
    "KCFJYXSYHDJLRTBZZ": "",
    "PTGJLR": "",
    "PTGJLRTBZZ": "",
    "KCFJCXSYHPTGJLR": "",
    "KCFJCXSYHPTGJLRTBZZ": "",
    "JYXJLLJE": "479912014.13",
    "MGJYXJLLJE": "",
    "ZCZE": "2512359371.41",
    "GDQY": "1659382932.73",
    "MGJZCPL": "",
    "PTGMGJZC": "",
    "GJKJZEJLR": "",
    "GJKJZZJZC": ""
  }
]

【模块二】
[
  {
    "JZRQ": "2025-12-31",
    "JBMGSY": "-0.62",
    "XSMGSY": "-0.62",
    "JBMGSYKC": "-0.62",
    "XSMGSYKC": "-0.62",
    "PTGJZCSYLJQ": "-9.71",
    "KCPTGJZCSYLJQ": "-9.71"
  }
]

=== 600388-2026-03-21-龙净环保-2025年年度报告.pdf ===
【模块一】
[
  {
    "JZRQ": "2025-12-31",
    "JBMGSY": "0.88",
    "XSMGSY": "0.88",
    "JBMGSYKC": "0.83",
    "XSMGSYKC": "",
    "JLRJZCSYLJQ": "10.58",
    "KCHJLRJZCSYLJQ": "9.94",
    "PTGJZCSYLJQ": "",
    "KCPTGJZCSYLJQ": "",
    "YYZSR": "",
    "YYZSRTBZZ": "",
    "YYSR": "11872436487.50",
    "YYSRTBZZ": "18.49",
    "YYSRKCJE": "",
    "KCHYYSR": "",
    "KCHYYSRTBZZ": "",
    "JLRHJ": "",
    "JLRHJTBZZ": "",
    "JLR": "1112291417.67",
    "JLRTBZZ": "33.95",
    "FJCXSY": "67676005.05",
    "KCFJYXSYHDJLR": "1044615412.62",
    "KCFJYXSYHDJLRTBZZ": "37.18",
    "PTGJLR": "",
    "PTGJLRTBZZ": "",
    "KCFJCXSYHPTGJLR": "",
    "KCFJCXSYHPTGJLRTBZZ": "",
    "JYXJLLJE": "1618033813.03",
    "MGJYXJLLJE": "",
    "ZCZE": "28298602468.77",
    "GDQY": "10975361056.87",
    "MGJZCPL": "",
    "PTGMGJZC": "",
    "GJKJZEJLR": "",
    "GJKJZZJZC": ""
  },
  {
    "JZRQ": "2024-12-31",
    "JBMGSY": "0.77",
    "XSMGSY": "0.77",
    "JBMGSYKC": "0.71",
    "XSMGSYKC": "",
    "JLRJZCSYLJQ": "10.13",
    "KCHJLRJZCSYLJQ": "9.29",
    "PTGJZCSYLJQ": "",
    "KCPTGJZCSYLJQ": "",
    "YYZSR": "",
    "YYZSRTBZZ": "",
    "YYSR": "10019424016.14",
    "YYSRTBZZ": "",
    "YYSRKCJE": "",
    "KCHYYSR": "",
    "KCHYYSRTBZZ": "",
    "JLRHJ": "",
    "JLRHJTBZZ": "",
    "JLR": "830404250.86",
    "JLRTBZZ": "",
    "FJCXSY": "68922598.26",
    "KCFJYXSYHDJLR": "761481652.60",
    "KCFJYXSYHDJLRTBZZ": "",
    "PTGJLR": "",
    "PTGJLRTBZZ": "",
    "KCFJCXSYHPTGJLR": "",
    "KCFJCXSYHPTGJLRTBZZ": "",
    "JYXJLLJE": "2176752907.17",
    "MGJYXJLLJE": "",
    "ZCZE": "26792319059.54",
    "GDQY": "10173175507.22",
    "MGJZCPL": "",
    "PTGMGJZC": "",
    "GJKJZEJLR": "",
    "GJKJZZJZC": ""
  },
  {
    "JZRQ": "2023-12-31",
    "JBMGSY": "0.47",
    "XSMGSY": "0.45",
    "JBMGSYKC": "0.32",
    "XSMGSYKC": "",
    "JLRJZCSYLJQ": "6.74",
    "KCHJLRJZCSYLJQ": "4.60",
    "PTGJZCSYLJQ": "",
    "KCPTGJZCSYLJQ": "",
    "YYZSR": "",
    "YYZSRTBZZ": "",
    "YYSR": "10972517224.65",
    "YYSRTBZZ": "",
    "YYSRKCJE": "",
    "KCHYYSR": "",
    "KCHYYSRTBZZ": "",
    "JLRHJ": "",
    "JLRHJTBZZ": "",
    "JLR": "508972383.37",
    "JLRTBZZ": "",
    "FJCXSY": "161667469.95",
    "KCFJYXSYHDJLR": "347304913.42",
    "KCFJYXSYHDJLRTBZZ": "",
    "PTGJLR": "",
    "PTGJLRTBZZ": "",
    "KCFJCXSYHPTGJLR": "",
    "KCFJCXSYHPTGJLRTBZZ": "",
    "JYXJLLJE": "1706139021.68",
    "MGJYXJLLJE": "",
    "ZCZE": "25297488964.28",
    "GDQY": "7746009200.60",
    "MGJZCPL": "",
    "PTGMGJZC": "",
    "GJKJZEJLR": "",
    "GJKJZZJZC": ""
  }
]

【模块二】
[
  {
    "JZRQ": "2025-12-31",
    "JBMGSY": "0.88",
    "XSMGSY": "0.88",
    "JBMGSYKC": "0.83",
    "XSMGSYKC": "0.82",
    "PTGJZCSYLJQ": "10.58",
    "KCPTGJZCSYLJQ": "9.94"
  }
]

=== 688535-2026-03-18-华海诚科-江苏华海诚科新材料股份有限公司2025年年度报告.pdf ===
【模块一】
[
  {
    "JZRQ": "2025-12-31",
    "JBMGSY": "0.30",
    "XSMGSY": "0.30",
    "JBMGSYKC": "0.24",
    "XSMGSYKC": "",
    "JLRJZCSYLJQ": "2.22",
    "KCHJLRJZCSYLJQ": "1.80",
    "PTGJZCSYLJQ": "",
    "KCPTGJZCSYLJQ": "",
    "YYZSR": "",
    "YYZSRTBZZ": "",
    "YYSR": "458055907.14",
    "YYSRTBZZ": "38.12",
    "YYSRKCJE": "",
    "KCHYYSR": "",
    "KCHYYSRTBZZ": "",
    "JLRHJ": "",
    "JLRHJTBZZ": "",
    "JLR": "24252132.96",
    "JLRTBZZ": "-39.47",
    "FJCXSY": "4564513.36",
    "KCFJYXSYHDJLR": "19687619.60",
    "KCFJYXSYHDJLRTBZZ": "-42.32",
    "PTGJLR": "",
    "PTGJLRTBZZ": "",
    "KCFJCXSYHPTGJLR": "",
    "KCFJCXSYHPTGJLRTBZZ": "",
    "JYXJLLJE": "7676254.53",
    "MGJYXJLLJE": "",
    "ZCZE": "3158289524.07",
    "GDQY": "2173747829.20",
    "MGJZCPL": "",
    "PTGMGJZC": "",
    "GJKJZEJLR": "",
    "GJKJZZJZC": ""
  },
  {
    "JZRQ": "2024-12-31",
    "JBMGSY": "0.50",
    "XSMGSY": "0.50",
    "JBMGSYKC": "0.42",
    "XSMGSYKC": "",
    "JLRJZCSYLJQ": "3.89",
    "KCHJLRJZCSYLJQ": "3.31",
    "PTGJZCSYLJQ": "",
    "KCPTGJZCSYLJQ": "",
    "YYZSR": "",
    "YYZSRTBZZ": "",
    "YYSR": "331634930.76",
    "YYSRTBZZ": "",
    "YYSRKCJE": "",
    "KCHYYSR": "",
    "KCHYYSRTBZZ": "",
    "JLRHJ": "",
    "JLRHJTBZZ": "",
    "JLR": "40063058.84",
    "JLRTBZZ": "",
    "FJCXSY": "5930759.47",
    "KCFJYXSYHDJLR": "34132299.37",
    "KCFJYXSYHDJLRTBZZ": "",
    "PTGJLR": "",
    "PTGJLRTBZZ": "",
    "KCFJCXSYHPTGJLR": "",
    "KCFJCXSYHPTGJLRTBZZ": "",
    "JYXJLLJE": "2976498.49",
    "MGJYXJLLJE": "",
    "ZCZE": "1402647705.52",
    "GDQY": "1039069276.16",
    "MGJZCPL": "",
    "PTGMGJZC": "",
    "GJKJZEJLR": "",
    "GJKJZZJZC": ""
  },
  {
    "JZRQ": "2023-12-31",
    "JBMGSY": "0.42",
    "XSMGSY": "0.42",
    "JBMGSYKC": "0.36",
    "XSMGSYKC": "",
    "JLRJZCSYLJQ": "3.68",
    "KCHJLRJZCSYLJQ": "3.19",
    "PTGJZCSYLJQ": "",
    "KCPTGJZCSYLJQ": "",
    "YYZSR": "",
    "YYZSRTBZZ": "",
    "YYSR": "282902181.17",
    "YYSRTBZZ": "",
    "YYSRKCJE": "",
    "KCHYYSR": "",
    "KCHYYSRTBZZ": "",
    "JLRHJ": "",
    "JLRHJTBZZ": "",
    "JLR": "31638634.12",
    "JLRTBZZ": "",
    "FJCXSY": "4241954.29",
    "KCFJYXSYHDJLR": "27396679.83",
    "KCFJYXSYHDJLRTBZZ": "",
    "PTGJLR": "",
    "PTGJLRTBZZ": "",
    "KCFJCXSYHPTGJLR": "",
    "KCFJCXSYHPTGJLRTBZZ": "",
    "JYXJLLJE": "31605240.29",
    "MGJYXJLLJE": "",
    "ZCZE": "1230461176.67",
    "GDQY": "1027268796.58",
    "MGJZCPL": "",
    "PTGMGJZC": "",
    "GJKJZEJLR": "",
    "GJKJZZJZC": ""
  }
]

【模块二】
[
  {
    "JZRQ": "2025-12-31",
    "JBMGSY": "0.30",
    "XSMGSY": "0.30",
    "JBMGSYKC": "0.24",
    "XSMGSYKC": "0.24",
    "PTGJZCSYLJQ": "2.22",
    "KCPTGJZCSYLJQ": "1.80"
  }
]

=== 600433-2026-03-11-冠豪高新-冠豪高新2025年年度报告.pdf ===
【模块一】
[
  {
    "JZRQ": "2025-12-31",
    "JBMGSY": "-0.17",
    "XSMGSY": "-0.17",
    "JBMGSYKC": "-0.16",
    "XSMGSYKC": "",
    "JLRJZCSYLJQ": "-6.86",
    "KCHJLRJZCSYLJQ": "-6.32",
    "PTGJZCSYLJQ": "",
    "KCPTGJZCSYLJQ": "",
    "YYZSR": "",
    "YYZSRTBZZ": "",
    "YYSR": "7151760711.36",
    "YYSRTBZZ": "-5.75",
    "YYSRKCJE": "",
    "KCHYYSR": "7025071350.26",
    "KCHYYSRTBZZ": "-5.53",
    "JLRHJ": "",
    "JLRHJTBZZ": "",
    "JLR": "-303664094.34",
    "JLRTBZZ": "-265.29",
    "FJCXSY": "-23820051.74",
    "KCFJYXSYHDJLR": "-279844042.60",
    "KCFJYXSYHDJLRTBZZ": "-647.90",
    "PTGJLR": "",
    "PTGJLRTBZZ": "",
    "KCFJCXSYHPTGJLR": "",
    "KCFJCXSYHPTGJLRTBZZ": "",
    "JYXJLLJE": "-312418334.21",
    "MGJYXJLLJE": "",
    "ZCZE": "11635375162.41",
    "GDQY": "4231920855.88",
    "MGJZCPL": "",
    "PTGMGJZC": "",
    "GJKJZEJLR": "",
    "GJKJZZJZC": ""
  },
  {
    "JZRQ": "2024-12-31",
    "JBMGSY": "0.10",
    "XSMGSY": "0.10",
    "JBMGSYKC": "0.03",
    "XSMGSYKC": "",
    "JLRJZCSYLJQ": "4.05",
    "KCHJLRJZCSYLJQ": "1.13",
    "PTGJZCSYLJQ": "",
    "KCPTGJZCSYLJQ": "",
    "YYZSR": "",
    "YYZSRTBZZ": "",
    "YYSR": "7588410655.21",
    "YYSRTBZZ": "",
    "YYSRKCJE": "",
    "KCHYYSR": "7435949845.39",
    "KCHYYSRTBZZ": "",
    "JLRHJ": "",
    "JLRHJTBZZ": "",
    "JLR": "183717103.52",
    "JLRTBZZ": "",
    "FJCXSY": "132641741.20",
    "KCFJYXSYHDJLR": "51075362.32",
    "KCFJYXSYHDJLRTBZZ": "",
    "PTGJLR": "",
    "PTGJLRTBZZ": "",
    "KCFJCXSYHPTGJLR": "",
    "KCFJCXSYHPTGJLRTBZZ": "",
    "JYXJLLJE": "293702098.84",
    "MGJYXJLLJE": "",
    "ZCZE": "11226689459.77",
    "GDQY": "4641488151.44",
    "MGJZCPL": "",
    "PTGMGJZC": "",
    "GJKJZEJLR": "",
    "GJKJZZJZC": ""
  },
  {
    "JZRQ": "2023-12-31",
    "JBMGSY": "-0.03",
    "XSMGSY": "-0.03",
    "JBMGSYKC": "-0.04",
    "XSMGSYKC": "",
    "JLRJZCSYLJQ": "-0.95",
    "KCHJLRJZCSYLJQ": "-1.37",
    "PTGJZCSYLJQ": "",
    "KCPTGJZCSYLJQ": "",
    "YYZSR": "",
    "YYZSRTBZZ": "",
    "YYSR": "7403369683.68",
    "YYSRTBZZ": "",
    "YYSRKCJE": "",
    "KCHYYSR": "7305099556.05",
    "KCHYYSRTBZZ": "",
    "JLRHJ": "",
    "JLRHJTBZZ": "",
    "JLR": "-46239663.16",
    "JLRTBZZ": "",
    "FJCXSY": "21653157.88",
    "KCFJYXSYHDJLR": "-67892821.04",
    "KCFJYXSYHDJLRTBZZ": "",
    "PTGJLR": "",
    "PTGJLRTBZZ": "",
    "KCFJCXSYHPTGJLR": "",
    "KCFJCXSYHPTGJLRTBZZ": "",
    "JYXJLLJE": "-263051466.86",
    "MGJYXJLLJE": "",
    "ZCZE": "10343480750.05",
    "GDQY": "4471797582.82",
    "MGJZCPL": "",
    "PTGMGJZC": "",
    "GJKJZEJLR": "",
    "GJKJZZJZC": ""
  }
]

【模块二】
[
  {
    "JZRQ": "2025-12-31",
    "JBMGSY": "-0.17",
    "XSMGSY": "-0.17",
    "JBMGSYKC": "-0.16",
    "XSMGSYKC": "-0.16",
    "PTGJZCSYLJQ": "-6.86",
    "KCPTGJZCSYLJQ": "-6.32"
  }
]

=== 920116-2026-03-20-星图测控-2025年年度报告.pdf ===
【模块一】
[
  {
    "JZRQ": "2025-12-31",
    "JBMGSY": "0.63",
    "XSMGSY": "",
    "JBMGSYKC": "",
    "XSMGSYKC": "",
    "JLRJZCSYLJQ": "18.77",
    "KCHJLRJZCSYLJQ": "11.89",
    "PTGJZCSYLJQ": "",
    "KCPTGJZCSYLJQ": "",
    "YYZSR": "",
    "YYZSRTBZZ": "",
    "YYSR": "321235941.89",
    "YYSRTBZZ": "11.41",
    "YYSRKCJE": "",
    "KCHYYSR": "",
    "KCHYYSRTBZZ": "",
    "JLRHJ": "",
    "JLRHJTBZZ": "",
    "JLR": "100831643.17",
    "JLRTBZZ": "18.66",
    "FJCXSY": "36949890.83",
    "KCFJYXSYHDJLR": "63881752.34",
    "KCFJYXSYHDJLRTBZZ": "5.92",
    "PTGJLR": "",
    "PTGJLRTBZZ": "",
    "KCFJCXSYHPTGJLR": "",
    "KCFJCXSYHPTGJLRTBZZ": "",
    "JYXJLLJE": "12250878.56",
    "MGJYXJLLJE": "",
    "ZCZE": "840473960.36",
    "GDQY": "587013713.05",
    "MGJZCPL": "3.67",
    "PTGMGJZC": "",
    "GJKJZEJLR": "",
    "GJKJZZJZC": ""
  },
  {
    "JZRQ": "2024-12-31",
    "JBMGSY": "0.74",
    "XSMGSY": "",
    "JBMGSYKC": "",
    "XSMGSYKC": "",
    "JLRJZCSYLJQ": "31.93",
    "KCHJLRJZCSYLJQ": "22.66",
    "PTGJZCSYLJQ": "",
    "KCPTGJZCSYLJQ": "",
    "YYZSR": "",
    "YYZSRTBZZ": "",
    "YYSR": "288346125.83",
    "YYSRTBZZ": "",
    "YYSRKCJE": "",
    "KCHYYSR": "",
    "KCHYYSRTBZZ": "",
    "JLRHJ": "",
    "JLRHJTBZZ": "",
    "JLR": "84974393.95",
    "JLRTBZZ": "",
    "FJCXSY": "24661863.58",
    "KCFJYXSYHDJLR": "60312530.37",
    "KCFJYXSYHDJLRTBZZ": "",
    "PTGJLR": "",
    "PTGJLRTBZZ": "",
    "KCFJCXSYHPTGJLR": "",
    "KCFJCXSYHPTGJLRTBZZ": "",
    "JYXJLLJE": "11648653.56",
    "MGJYXJLLJE": "",
    "ZCZE": "726730763.66",
    "GDQY": "475612132.85",
    "MGJZCPL": "4.32",
    "PTGMGJZC": "",
    "GJKJZEJLR": "",
    "GJKJZZJZC": ""
  },
  {
    "JZRQ": "2023-12-31",
    "JBMGSY": "0.56",
    "XSMGSY": "",
    "JBMGSYKC": "",
    "XSMGSYKC": "",
    "JLRJZCSYLJQ": "36.12",
    "KCHJLRJZCSYLJQ": "29.30",
    "PTGJZCSYLJQ": "",
    "KCPTGJZCSYLJQ": "",
    "YYZSR": "",
    "YYZSRTBZZ": "",
    "YYSR": "229035156.59",
    "YYSRTBZZ": "",
    "YYSRKCJE": "",
    "KCHYYSR": "",
    "KCHYYSRTBZZ": "",
    "JLRHJ": "",
    "JLRHJTBZZ": "",
    "JLR": "62627922.69",
    "JLRTBZZ": "",
    "FJCXSY": "11825524.17",
    "KCFJYXSYHDJLR": "50802398.51",
    "KCFJYXSYHDJLRTBZZ": "",
    "PTGJLR": "",
    "PTGJLRTBZZ": "",
    "KCFJCXSYHPTGJLR": "",
    "KCFJCXSYHPTGJLRTBZZ": "",
    "JYXJLLJE": "14844991.24",
    "MGJYXJLLJE": "",
    "ZCZE": "378651012.35",
    "GDQY": "223656017.26",
    "MGJZCPL": "2.71",
    "PTGMGJZC": "",
    "GJKJZEJLR": "",
    "GJKJZZJZC": ""
  }
]

【模块二】
[
  {
    "JZRQ": "2025-12-31",
    "JBMGSY": "0.63",
    "XSMGSY": "0.63",
    "JBMGSYKC": "0.40",
    "XSMGSYKC": "0.40",
    "PTGJZCSYLJQ": "18.77",
    "KCPTGJZCSYLJQ": "11.89"
  }
]

=== 600299-2026-03-07-安迪苏-安迪苏2025年年度报告.pdf ===
【模块一】
[
  {
    "JZRQ": "2025-12-31",
    "JBMGSY": "0.43",
    "XSMGSY": "0.43",
    "JBMGSYKC": "0.45",
    "XSMGSYKC": "",
    "JLRJZCSYLJQ": "7.14",
    "KCHJLRJZCSYLJQ": "7.54",
    "PTGJZCSYLJQ": "",
    "KCPTGJZCSYLJQ": "",
    "YYZSR": "",
    "YYZSRTBZZ": "",
    "YYSR": "17230692072",
    "YYSRTBZZ": "10.92",
    "YYSRKCJE": "",
    "KCHYYSR": "",
    "KCHYYSRTBZZ": "",
    "JLRHJ": "",
    "JLRHJTBZZ": "",
    "JLR": "1154532027",
    "JLRTBZZ": "-4.13",
    "FJCXSY": "-68086983",
    "KCFJYXSYHDJLR": "1222619010",
    "KCFJYXSYHDJLRTBZZ": "-9.18",
    "PTGJLR": "",
    "PTGJLRTBZZ": "",
    "KCFJCXSYHPTGJLR": "",
    "KCFJCXSYHPTGJLRTBZZ": "",
    "JYXJLLJE": "3330708477",
    "MGJYXJLLJE": "",
    "ZCZE": "27795789248",
    "GDQY": "19864062293",
    "MGJZCPL": "",
    "PTGMGJZC": "",
    "GJKJZEJLR": "",
    "GJKJZZJZC": ""
  },
  {
    "JZRQ": "2024-12-31",
    "JBMGSY": "0.45",
    "XSMGSY": "0.45",
    "JBMGSYKC": "0.50",
    "XSMGSYKC": "",
    "JLRJZCSYLJQ": "7.87",
    "KCHJLRJZCSYLJQ": "8.75",
    "PTGJZCSYLJQ": "",
    "KCPTGJZCSYLJQ": "",
    "YYZSR": "",
    "YYZSRTBZZ": "",
    "YYSR": "15534274997",
    "YYSRTBZZ": "",
    "YYSRKCJE": "",
    "KCHYYSR": "",
    "KCHYYSRTBZZ": "",
    "JLRHJ": "",
    "JLRHJTBZZ": "",
    "JLR": "1204325915",
    "JLRTBZZ": "",
    "FJCXSY": "-141894967",
    "KCFJYXSYHDJLR": "1346220882",
    "KCFJYXSYHDJLRTBZZ": "",
    "PTGJLR": "",
    "PTGJLRTBZZ": "",
    "KCFJCXSYHPTGJLR": "",
    "KCFJCXSYHPTGJLRTBZZ": "",
    "JYXJLLJE": "2944669481",
    "MGJYXJLLJE": "",
    "ZCZE": "22257398577",
    "GDQY": "15542390570",
    "MGJZCPL": "",
    "PTGMGJZC": "",
    "GJKJZEJLR": "",
    "GJKJZZJZC": ""
  },
  {
    "JZRQ": "2023-12-31",
    "JBMGSY": "0.02",
    "XSMGSY": "0.02",
    "JBMGSYKC": "0.0048",
    "XSMGSYKC": "",
    "JLRJZCSYLJQ": "0.35",
    "KCHJLRJZCSYLJQ": "0.09",
    "PTGJZCSYLJQ": "",
    "KCPTGJZCSYLJQ": "",
    "YYZSR": "",
    "YYZSRTBZZ": "",
    "YYSR": "13183748624",
    "YYSRTBZZ": "",
    "YYSRKCJE": "",
    "KCHYYSR": "",
    "KCHYYSRTBZZ": "",
    "JLRHJ": "",
    "JLRHJTBZZ": "",
    "JLR": "52165518",
    "JLRTBZZ": "",
    "FJCXSY": "39169353",
    "KCFJYXSYHDJLR": "12996165",
    "KCFJYXSYHDJLRTBZZ": "",
    "PTGJLR": "",
    "PTGJLRTBZZ": "",
    "KCFJCXSYHPTGJLR": "",
    "KCFJCXSYHPTGJLRTBZZ": "",
    "JYXJLLJE": "2764212304",
    "MGJYXJLLJE": "",
    "ZCZE": "21513367642",
    "GDQY": "15036928489",
    "MGJZCPL": "",
    "PTGMGJZC": "",
    "GJKJZEJLR": "",
    "GJKJZZJZC": ""
  }
]

【模块二】
[
  {
    "JZRQ": "2025-12-31",
    "JBMGSY": "0.43",
    "XSMGSY": "0.43",
    "JBMGSYKC": "0.45",
    "XSMGSYKC": "0.45",
    "PTGJZCSYLJQ": "7.14",
    "KCPTGJZCSYLJQ": "7.54"
  }
]
