2026-03-23 15:22:39,400 - __main__ - INFO - 程序开始执行 - 目录: C:\Users\chenkk\Desktop\2026-03-23\主要指标, 模块一文件数量: 8
2026-03-23 15:22:39,401 - __main__ - INFO - 文件配对完成: 模块一文件 8 个, 模块二文件 8 个, 配对结果 8 组
2026-03-23 15:22:41,154 - httpx - INFO - HTTP Request: POST https://dashscope.aliyuncs.com/compatible-mode/v1/files "HTTP/1.1 200 OK"
2026-03-23 15:22:41,156 - ai_service_enhanced - INFO - 文件上传成功: C:\Users\chenkk\Desktop\2026-03-23\主要指标\000014-2026-03-18-沙河股份-2025年年度报告.pdf (文件ID: file-fe-b3921de5eaa44cfcadd27084)
2026-03-23 15:22:41,156 - __main___file_only - INFO - 上传文件: 000014-2026-03-18-沙河股份-2025年年度报告.pdf (大小: 0.22 MB, ID: file-fe-b3921de5eaa44cfcadd27084)
2026-03-23 15:22:41,160 - httpx - INFO - HTTP Request: POST https://dashscope.aliyuncs.com/compatible-mode/v1/files "HTTP/1.1 200 OK"
2026-03-23 15:22:41,160 - ai_service_enhanced - INFO - 文件上传成功: C:\Users\chenkk\Desktop\2026-03-23\主要指标\净资产收益率和每股收益\000014-2026-03-18-沙河股份-2025年年度报告_mgsy.pdf (文件ID: file-fe-eec56a77f5a345c5bb5df15e)
2026-03-23 15:22:41,160 - __main___file_only - INFO - 上传文件: 000014-2026-03-18-沙河股份-2025年年度报告_mgsy.pdf (大小: 0.41 MB, ID: file-fe-eec56a77f5a345c5bb5df15e)
2026-03-23 15:22:41,161 - __main__ - INFO - 开始处理公司: 000014-2026-03-18
2026-03-23 15:22:41,161 - __main__ - ERROR - 加载提示词文件失败: name 'sys' is not defined
2026-03-23 15:22:41,161 - __main__ - ERROR - 加载提示词文件失败: name 'sys' is not defined
2026-03-23 15:22:41,161 - __main__ - ERROR - 加载模块一提示词失败: 000014-2026-03-18-沙河股份-2025年年度报告.pdf
2026-03-23 15:22:41,161 - __main__ - ERROR - 加载模块二提示词失败: 000014-2026-03-18-沙河股份-2025年年度报告_mgsy.pdf
2026-03-23 15:22:41,162 - __main__ - ERROR - 模块一数据提取失败: 000014-2026-03-18
2026-03-23 15:22:41,162 - __main__ - WARNING - 公司处理失败: 000014-2026-03-18 (耗时: 0.00秒)
2026-03-23 15:22:41,855 - httpx - INFO - HTTP Request: DELETE https://dashscope.aliyuncs.com/compatible-mode/v1/files/file-fe-b3921de5eaa44cfcadd27084 "HTTP/1.1 200 OK"
2026-03-23 15:22:42,147 - httpx - INFO - HTTP Request: POST https://dashscope.aliyuncs.com/compatible-mode/v1/files "HTTP/1.1 200 OK"
2026-03-23 15:22:42,148 - ai_service_enhanced - INFO - 文件上传成功: C:\Users\chenkk\Desktop\2026-03-23\主要指标\301536-2026-03-10-星宸科技-2025年年度报告.pdf (文件ID: file-fe-b440bfb0a8e84e8ca395e164)
2026-03-23 15:22:42,148 - __main___file_only - INFO - 上传文件: 301536-2026-03-10-星宸科技-2025年年度报告.pdf (大小: 0.37 MB, ID: file-fe-b440bfb0a8e84e8ca395e164)
2026-03-23 15:22:42,461 - httpx - INFO - HTTP Request: DELETE https://dashscope.aliyuncs.com/compatible-mode/v1/files/file-fe-eec56a77f5a345c5bb5df15e "HTTP/1.1 200 OK"
2026-03-23 15:22:42,616 - httpx - INFO - HTTP Request: POST https://dashscope.aliyuncs.com/compatible-mode/v1/files "HTTP/1.1 200 OK"
2026-03-23 15:22:42,616 - ai_service_enhanced - INFO - 文件上传成功: C:\Users\chenkk\Desktop\2026-03-23\主要指标\净资产收益率和每股收益\301536-2026-03-10-星宸科技-2025年年度报告_mgsy.pdf (文件ID: file-fe-88d3e11226034b23981e3ece)
2026-03-23 15:22:42,616 - __main___file_only - INFO - 上传文件: 301536-2026-03-10-星宸科技-2025年年度报告_mgsy.pdf (大小: 0.36 MB, ID: file-fe-88d3e11226034b23981e3ece)
2026-03-23 15:22:42,645 - __main__ - INFO - 开始处理公司: 301536-2026-03-10
2026-03-23 15:22:42,646 - __main__ - ERROR - 加载提示词文件失败: name 'sys' is not defined
2026-03-23 15:22:42,646 - __main__ - ERROR - 加载模块一提示词失败: 301536-2026-03-10-星宸科技-2025年年度报告.pdf
2026-03-23 15:22:42,646 - __main__ - ERROR - 加载提示词文件失败: name 'sys' is not defined
2026-03-23 15:22:42,646 - __main__ - ERROR - 加载模块二提示词失败: 301536-2026-03-10-星宸科技-2025年年度报告_mgsy.pdf
2026-03-23 15:22:42,646 - __main__ - ERROR - 模块一数据提取失败: 301536-2026-03-10
2026-03-23 15:22:42,647 - __main__ - WARNING - 公司处理失败: 301536-2026-03-10 (耗时: 0.00秒)
2026-03-23 15:22:43,096 - httpx - INFO - HTTP Request: POST https://dashscope.aliyuncs.com/compatible-mode/v1/files "HTTP/1.1 200 OK"
2026-03-23 15:22:43,097 - ai_service_enhanced - INFO - 文件上传成功: C:\Users\chenkk\Desktop\2026-03-23\主要指标\600282-2026-03-17-南钢股份-南京钢铁股份有限公司2025年年度报告.pdf (文件ID: file-fe-e961f37cb9b244a98940365f)
2026-03-23 15:22:43,097 - __main___file_only - INFO - 上传文件: 600282-2026-03-17-南钢股份-南京钢铁股份有限公司2025年年度报告.pdf (大小: 0.31 MB, ID: file-fe-e961f37cb9b244a98940365f)
2026-03-23 15:22:43,271 - httpx - INFO - HTTP Request: DELETE https://dashscope.aliyuncs.com/compatible-mode/v1/files/file-fe-b440bfb0a8e84e8ca395e164 "HTTP/1.1 200 OK"
2026-03-23 15:22:43,890 - httpx - INFO - HTTP Request: DELETE https://dashscope.aliyuncs.com/compatible-mode/v1/files/file-fe-88d3e11226034b23981e3ece "HTTP/1.1 200 OK"
2026-03-23 15:22:44,554 - httpx - INFO - HTTP Request: POST https://dashscope.aliyuncs.com/compatible-mode/v1/files "HTTP/1.1 200 OK"
2026-03-23 15:22:44,554 - ai_service_enhanced - INFO - 文件上传成功: C:\Users\chenkk\Desktop\2026-03-23\主要指标\600299-2026-03-07-安迪苏-安迪苏2025年年度报告.pdf (文件ID: file-fe-87622679f90341b288fc2c6f)
2026-03-23 15:22:44,554 - __main___file_only - INFO - 上传文件: 600299-2026-03-07-安迪苏-安迪苏2025年年度报告.pdf (大小: 0.36 MB, ID: file-fe-87622679f90341b288fc2c6f)
2026-03-23 15:22:44,704 - httpx - INFO - HTTP Request: POST https://dashscope.aliyuncs.com/compatible-mode/v1/files "HTTP/1.1 200 OK"
2026-03-23 15:22:44,705 - ai_service_enhanced - INFO - 文件上传成功: C:\Users\chenkk\Desktop\2026-03-23\主要指标\净资产收益率和每股收益\600282-2026-03-17-南钢股份-南京钢铁股份有限公司2025年年度报告_mgsy.pdf (文件ID: file-fe-11764cd9df824f17b9a37619)
2026-03-23 15:22:44,705 - __main___file_only - INFO - 上传文件: 600282-2026-03-17-南钢股份-南京钢铁股份有限公司2025年年度报告_mgsy.pdf (大小: 0.28 MB, ID: file-fe-11764cd9df824f17b9a37619)
2026-03-23 15:22:44,779 - __main__ - INFO - 开始处理公司: 600282-2026-03-17
2026-03-23 15:22:44,779 - __main__ - ERROR - 加载提示词文件失败: name 'sys' is not defined
2026-03-23 15:22:44,780 - __main__ - ERROR - 加载提示词文件失败: name 'sys' is not defined
2026-03-23 15:22:44,780 - __main__ - ERROR - 加载模块一提示词失败: 600282-2026-03-17-南钢股份-南京钢铁股份有限公司2025年年度报告.pdf
2026-03-23 15:22:44,780 - __main__ - ERROR - 加载模块二提示词失败: 600282-2026-03-17-南钢股份-南京钢铁股份有限公司2025年年度报告_mgsy.pdf
2026-03-23 15:22:44,780 - __main__ - ERROR - 模块一数据提取失败: 600282-2026-03-17
2026-03-23 15:22:44,780 - __main__ - WARNING - 公司处理失败: 600282-2026-03-17 (耗时: 0.00秒)
2026-03-23 15:22:45,386 - httpx - INFO - HTTP Request: DELETE https://dashscope.aliyuncs.com/compatible-mode/v1/files/file-fe-e961f37cb9b244a98940365f "HTTP/1.1 200 OK"
2026-03-23 15:22:45,699 - httpx - INFO - HTTP Request: POST https://dashscope.aliyuncs.com/compatible-mode/v1/files "HTTP/1.1 200 OK"
2026-03-23 15:22:45,700 - ai_service_enhanced - INFO - 文件上传成功: C:\Users\chenkk\Desktop\2026-03-23\主要指标\净资产收益率和每股收益\600299-2026-03-07-安迪苏-安迪苏2025年年度报告_mgsy.pdf (文件ID: file-fe-fbf09ff570b84b5698a79cbd)
2026-03-23 15:22:45,700 - __main___file_only - INFO - 上传文件: 600299-2026-03-07-安迪苏-安迪苏2025年年度报告_mgsy.pdf (大小: 0.34 MB, ID: file-fe-fbf09ff570b84b5698a79cbd)
2026-03-23 15:22:45,836 - __main__ - INFO - 开始处理公司: 600299-2026-03-07
2026-03-23 15:22:45,837 - __main__ - ERROR - 加载提示词文件失败: name 'sys' is not defined
2026-03-23 15:22:45,837 - __main__ - ERROR - 加载提示词文件失败: name 'sys' is not defined
2026-03-23 15:22:45,837 - __main__ - ERROR - 加载模块一提示词失败: 600299-2026-03-07-安迪苏-安迪苏2025年年度报告.pdf
2026-03-23 15:22:45,837 - __main__ - ERROR - 加载模块二提示词失败: 600299-2026-03-07-安迪苏-安迪苏2025年年度报告_mgsy.pdf
2026-03-23 15:22:45,838 - __main__ - ERROR - 模块一数据提取失败: 600299-2026-03-07
2026-03-23 15:22:45,838 - __main__ - WARNING - 公司处理失败: 600299-2026-03-07 (耗时: 0.00秒)
2026-03-23 15:22:45,870 - httpx - INFO - HTTP Request: POST https://dashscope.aliyuncs.com/compatible-mode/v1/files "HTTP/1.1 200 OK"
2026-03-23 15:22:45,871 - ai_service_enhanced - INFO - 文件上传成功: C:\Users\chenkk\Desktop\2026-03-23\主要指标\600388-2026-03-21-龙净环保-2025年年度报告.pdf (文件ID: file-fe-121255967a664cdea6e1016d)
2026-03-23 15:22:45,871 - __main___file_only - INFO - 上传文件: 600388-2026-03-21-龙净环保-2025年年度报告.pdf (大小: 0.34 MB, ID: file-fe-121255967a664cdea6e1016d)
2026-03-23 15:22:45,967 - httpx - INFO - HTTP Request: DELETE https://dashscope.aliyuncs.com/compatible-mode/v1/files/file-fe-11764cd9df824f17b9a37619 "HTTP/1.1 200 OK"
2026-03-23 15:22:46,284 - __main__ - INFO - 开始关闭线程池...
2026-03-23 15:22:46,608 - httpx - INFO - HTTP Request: DELETE https://dashscope.aliyuncs.com/compatible-mode/v1/files/file-fe-87622679f90341b288fc2c6f "HTTP/1.1 200 OK"
2026-03-23 15:22:46,900 - httpx - INFO - HTTP Request: POST https://dashscope.aliyuncs.com/compatible-mode/v1/files "HTTP/1.1 200 OK"
2026-03-23 15:22:46,901 - ai_service_enhanced - INFO - 文件上传成功: C:\Users\chenkk\Desktop\2026-03-23\主要指标\净资产收益率和每股收益\600388-2026-03-21-龙净环保-2025年年度报告_mgsy.pdf (文件ID: file-fe-b2a872692a14485a99a51128)
2026-03-23 15:22:46,901 - __main___file_only - INFO - 上传文件: 600388-2026-03-21-龙净环保-2025年年度报告_mgsy.pdf (大小: 0.30 MB, ID: file-fe-b2a872692a14485a99a51128)
2026-03-23 15:22:47,055 - httpx - INFO - HTTP Request: POST https://dashscope.aliyuncs.com/compatible-mode/v1/files "HTTP/1.1 200 OK"
2026-03-23 15:22:47,056 - ai_service_enhanced - INFO - 文件上传成功: C:\Users\chenkk\Desktop\2026-03-23\主要指标\600433-2026-03-11-冠豪高新-冠豪高新2025年年度报告.pdf (文件ID: file-fe-942ca8106b5747e6930b05d8)
2026-03-23 15:22:47,056 - __main___file_only - INFO - 上传文件: 600433-2026-03-11-冠豪高新-冠豪高新2025年年度报告.pdf (大小: 0.30 MB, ID: file-fe-942ca8106b5747e6930b05d8)
2026-03-23 15:22:47,303 - httpx - INFO - HTTP Request: DELETE https://dashscope.aliyuncs.com/compatible-mode/v1/files/file-fe-fbf09ff570b84b5698a79cbd "HTTP/1.1 200 OK"
2026-03-23 15:22:47,304 - __main__ - INFO - 所有线程池已关闭
