
=== 000026-2026-03-14-飞亚达-2025年年度报告.pdf ===
[
  {
    "JZRQ": "2025-12-31",
    "JBMGSY": "0.2153",
    "XSMGSY": "0.2152",
    "JBMGSYKC": "0.2051",
    "XSMGSYKC": "0.2050",
    "JLRJZCSYLJQ": "2.60",
    "KCHJLRJZCSYLJQ": "",
    "PTGJZCSYLJQ": "2.60",
    "KCPTGJZCSYLJQ": "2.48",
    "YYZSR": "",
    "YYZSRTBZZ": "",
    "YYSR": "3508487911.40",
    "YYSRTBZZ": "-10.96",
    "JLRHJ": "",
    "JLRHJTBZZ": "",
    "JLR": "87317829.63",
    "JLRTBZZ": "-60.37",
    "FJCXSY": "4137966.38",
    "KCFJYXSYHDJLR": "83179863.25",
    "KCFJYXSYHDJLRTBZZ": "-60.15",
    "PTGJLR": "",
    "PTGJLRTBZZ": "",
    "KCFJCXSYHPTGJLR": "",
    "KCFJCXSYHPTGJLRTBZZ": "",
    "JYXJLLJE": "541872287.53",
    "MGJYXJLLJE": "",
    "ZCZE": "3733401610.34",
    "GDQY": "3336540162.45",
    "MGJZCPL": "",
    "PTGMGJZC": "",
    "GJKJZEJLR": "",
    "GJKJZZJZC": ""
  },
  {
    "JZRQ": "2024-12-31",
    "JBMGSY": "0.5385",
    "XSMGSY": "0.5378",
    "JBMGSYKC": "",
    "XSMGSYKC": "",
    "JLRJZCSYLJQ": "6.55",
    "KCHJLRJZCSYLJQ": "",
    "PTGJZCSYLJQ": "",
    "KCPTGJZCSYLJQ": "",
    "YYZSR": "",
    "YYZSRTBZZ": "",
    "YYSR": "3940530934.07",
    "YYSRTBZZ": "",
    "JLRHJ": "",
    "JLRHJTBZZ": "",
    "JLR": "220350184.99",
    "JLRTBZZ": "",
    "FJCXSY": "11621896.31",
    "KCFJYXSYHDJLR": "208728288.68",
    "KCFJYXSYHDJLRTBZZ": "",
    "PTGJLR": "",
    "PTGJLRTBZZ": "",
    "KCFJCXSYHPTGJLR": "",
    "KCFJCXSYHPTGJLRTBZZ": "",
    "JYXJLLJE": "536730960.29",
    "MGJYXJLLJE": "",
    "ZCZE": "4007690717.02",
    "GDQY": "3391843200.61",
    "MGJZCPL": "",
    "PTGMGJZC": "",
    "GJKJZEJLR": "",
    "GJKJZZJZC": ""
  },
  {
    "JZRQ": "2023-12-31",
    "JBMGSY": "0.8082",
    "XSMGSY": "0.8075",
    "JBMGSYKC": "",
    "XSMGSYKC": "",
    "JLRJZCSYLJQ": "10.28",
    "KCHJLRJZCSYLJQ": "",
    "PTGJZCSYLJQ": "",
    "KCPTGJZCSYLJQ": "",
    "YYZSR": "",
    "YYZSRTBZZ": "",
    "YYSR": "4569690002.99",
    "YYSRTBZZ": "",
    "JLRHJ": "",
    "JLRHJTBZZ": "",
    "JLR": "333178102.37",
    "JLRTBZZ": "",
    "FJCXSY": "16371894.24",
    "KCFJYXSYHDJLR": "316806208.13",
    "KCFJYXSYHDJLRTBZZ": "",
    "PTGJLR": "",
    "PTGJLRTBZZ": "",
    "KCFJCXSYHPTGJLR": "",
    "KCFJCXSYHPTGJLRTBZZ": "",
    "JYXJLLJE": "632401487.98",
    "MGJYXJLLJE": "",
    "ZCZE": "4204260897.08",
    "GDQY": "3333805752.19",
    "MGJZCPL": "",
    "PTGMGJZC": "",
    "GJKJZEJLR": "",
    "GJKJZZJZC": ""
  }
]

=== 000063-2026-03-07-中兴通讯-2025年年度报告.pdf ===
[
  {
    "JZRQ": "2025-12-31",
    "JBMGSY": "1.17",
    "XSMGSY": "1.16",
    "JBMGSYKC": "0.70",
    "XSMGSYKC": "0.70",
    "JLRJZCSYLJQ": "7.58",
    "KCHJLRJZCSYLJQ": "4.55",
    "PTGJZCSYLJQ": "7.58",
    "KCPTGJZCSYLJQ": "4.55",
    "YYZSR": "",
    "YYZSRTBZZ": "",
    "YYSR": "133895500000",
    "YYSRTBZZ": "10.38",
    "JLRHJ": "",
    "JLRHJTBZZ": "",
    "JLR": "5617700000",
    "JLRTBZZ": "-33.32",
    "FJCXSY": "2247300000",
    "KCFJYXSYHDJLR": "3370400000",
    "KCFJYXSYHDJLRTBZZ": "-45.45",
    "PTGJLR": "",
    "PTGJLRTBZZ": "",
    "KCFJCXSYHPTGJLR": "",
    "KCFJCXSYHPTGJLRTBZZ": "",
    "JYXJLLJE": "3918700000",
    "MGJYXJLLJE": "0.82",
    "ZCZE": "217739400000",
    "GDQY": "75425600000",
    "MGJZCPL": "",
    "PTGMGJZC": "15.77",
    "GJKJZEJLR": "",
    "GJKJZZJZC": ""
  },
  {
    "JZRQ": "2024-12-31",
    "JBMGSY": "1.76",
    "XSMGSY": "1.76",
    "JBMGSYKC": "1.29",
    "XSMGSYKC": "",
    "JLRJZCSYLJQ": "11.97",
    "KCHJLRJZCSYLJQ": "8.78",
    "PTGJZCSYLJQ": "",
    "KCPTGJZCSYLJQ": "",
    "YYZSR": "",
    "YYZSRTBZZ": "",
    "YYSR": "121298800000",
    "YYSRTBZZ": "",
    "JLRHJ": "",
    "JLRHJTBZZ": "",
    "JLR": "8424800000",
    "JLRTBZZ": "",
    "FJCXSY": "2245700000",
    "KCFJYXSYHDJLR": "6179100000",
    "KCFJYXSYHDJLRTBZZ": "",
    "PTGJLR": "",
    "PTGJLRTBZZ": "",
    "KCFJCXSYHPTGJLR": "",
    "KCFJCXSYHPTGJLRTBZZ": "",
    "JYXJLLJE": "11479800000",
    "MGJYXJLLJE": "2.40",
    "ZCZE": "207323200000",
    "GDQY": "72808500000",
    "MGJZCPL": "",
    "PTGMGJZC": "15.22",
    "GJKJZEJLR": "",
    "GJKJZZJZC": ""
  },
  {
    "JZRQ": "2023-12-31",
    "JBMGSY": "1.96",
    "XSMGSY": "1.96",
    "JBMGSYKC": "1.55",
    "XSMGSYKC": "",
    "JLRJZCSYLJQ": "15.19",
    "KCHJLRJZCSYLJQ": "12.05",
    "PTGJZCSYLJQ": "",
    "KCPTGJZCSYLJQ": "",
    "YYZSR": "",
    "YYZSRTBZZ": "",
    "YYSR": "124250900000",
    "YYSRTBZZ": "",
    "JLRHJ": "",
    "JLRHJTBZZ": "",
    "JLR": "9325800000",
    "JLRTBZZ": "",
    "FJCXSY": "1926200000",
    "KCFJYXSYHDJLR": "7399600000",
    "KCFJYXSYHDJLRTBZZ": "",
    "PTGJLR": "",
    "PTGJLRTBZZ": "",
    "KCFJCXSYHPTGJLR": "",
    "KCFJCXSYHPTGJLRTBZZ": "",
    "JYXJLLJE": "17405700000",
    "MGJYXJLLJE": "3.64",
    "ZCZE": "200958300000",
    "GDQY": "68008300000",
    "MGJZCPL": "",
    "PTGMGJZC": "14.22",
    "GJKJZEJLR": "",
    "GJKJZZJZC": ""
  }
]

=== 000099-2026-03-17-中信海直-2025年年度报告.pdf ===
[
  {
    "JZRQ": "2025-12-31",
    "JBMGSY": "0.40",
    "XSMGSY": "0.40",
    "JBMGSYKC": "0.37",
    "XSMGSYKC": "0.37",
    "JLRJZCSYLJQ": "5.70",
    "KCHJLRJZCSYLJQ": "",
    "PTGJZCSYLJQ": "5.70",
    "KCPTGJZCSYLJQ": "5.24",
    "YYZSR": "",
    "YYZSRTBZZ": "",
    "YYSR": "2235378155.32",
    "YYSRTBZZ": "3.33",
    "JLRHJ": "",
    "JLRHJTBZZ": "",
    "JLR": "308669167.81",
    "JLRTBZZ": "1.79",
    "FJCXSY": "24983060.55",
    "KCFJYXSYHDJLR": "283686107.26",
    "KCFJYXSYHDJLRTBZZ": "-5.83",
    "PTGJLR": "",
    "PTGJLRTBZZ": "",
    "KCFJCXSYHPTGJLR": "",
    "KCFJCXSYHPTGJLRTBZZ": "",
    "JYXJLLJE": "988071142.74",
    "MGJYXJLLJE": "",
    "ZCZE": "7732997907.18",
    "GDQY": "5493419570.91",
    "MGJZCPL": "",
    "PTGMGJZC": "",
    "GJKJZEJLR": "",
    "GJKJZZJZC": ""
  },
  {
    "JZRQ": "2024-12-31",
    "JBMGSY": "0.39",
    "XSMGSY": "0.39",
    "JBMGSYKC": "0.39",
    "XSMGSYKC": "",
    "JLRJZCSYLJQ": "5.82",
    "KCHJLRJZCSYLJQ": "",
    "PTGJZCSYLJQ": "",
    "KCPTGJZCSYLJQ": "",
    "YYZSR": "",
    "YYZSRTBZZ": "",
    "YYSR": "2163321977.59",
    "YYSRTBZZ": "",
    "JLRHJ": "",
    "JLRHJTBZZ": "",
    "JLR": "303229956.33",
    "JLRTBZZ": "",
    "FJCXSY": "1972466.03",
    "KCFJYXSYHDJLR": "301257490.30",
    "KCFJYXSYHDJLRTBZZ": "",
    "PTGJLR": "",
    "PTGJLRTBZZ": "",
    "KCFJCXSYHPTGJLR": "",
    "KCFJCXSYHPTGJLRTBZZ": "",
    "JYXJLLJE": "612962070.26",
    "MGJYXJLLJE": "",
    "ZCZE": "7071877990.36",
    "GDQY": "5321563823.38",
    "MGJZCPL": "",
    "PTGMGJZC": "",
    "GJKJZEJLR": "",
    "GJKJZZJZC": ""
  },
  {
    "JZRQ": "2023-12-31",
    "JBMGSY": "0.31",
    "XSMGSY": "0.31",
    "JBMGSYKC": "0.31",
    "XSMGSYKC": "",
    "JLRJZCSYLJQ": "4.77",
    "KCHJLRJZCSYLJQ": "",
    "PTGJZCSYLJQ": "",
    "KCPTGJZCSYLJQ": "",
    "YYZSR": "",
    "YYZSRTBZZ": "",
    "YYSR": "1969711527.10",
    "YYSRTBZZ": "",
    "JLRHJ": "",
    "JLRHJTBZZ": "",
    "JLR": "239123149.46",
    "JLRTBZZ": "",
    "FJCXSY": "28589184.57",
    "KCFJYXSYHDJLR": "210533964.89",
    "KCFJYXSYHDJLRTBZZ": "",
    "PTGJLR": "",
    "PTGJLRTBZZ": "",
    "KCFJCXSYHPTGJLR": "",
    "KCFJCXSYHPTGJLRTBZZ": "",
    "JYXJLLJE": "583176759.44",
    "MGJYXJLLJE": "",
    "ZCZE": "6299436327.74",
    "GDQY": "5101849791.49",
    "MGJZCPL": "",
    "PTGMGJZC": "",
    "GJKJZEJLR": "",
    "GJKJZZJZC": ""
  }
]

=== 000050-2026-03-14-深天马A-2025年年度报告.pdf ===
[
  {
    "JZRQ": "2025-12-31",
    "JBMGSY": "0.0682",
    "XSMGSY": "0.0682",
    "JBMGSYKC": "-0.2340",
    "XSMGSYKC": "-0.2340",
    "JLRJZCSYLJQ": "0.61",
    "KCHJLRJZCSYLJQ": "",
    "PTGJZCSYLJQ": "0.61",
    "KCPTGJZCSYLJQ": "-2.10",
    "YYZSR": "",
    "YYZSRTBZZ": "",
    "YYSR": "36226540318.59",
    "YYSRTBZZ": "8.16",
    "JLRHJ": "",
    "JLRHJTBZZ": "",
    "JLR": "167375926.83",
    "JLRTBZZ": "",
    "FJCXSY": "741518495.67",
    "KCFJYXSYHDJLR": "-574142568.84",
    "KCFJYXSYHDJLRTBZZ": "1649971431.21",
    "PTGJLR": "",
    "PTGJLRTBZZ": "",
    "KCFJCXSYHPTGJLR": "",
    "KCFJCXSYHPTGJLRTBZZ": "",
    "JYXJLLJE": "6988145917.28",
    "MGJYXJLLJE": "",
    "ZCZE": "76793292181.51",
    "GDQY": "27247363035.51",
    "MGJZCPL": "",
    "PTGMGJZC": "",
    "GJKJZEJLR": "",
    "GJKJZZJZC": ""
  },
  {
    "JZRQ": "2024-12-31",
    "JBMGSY": "-0.2720",
    "XSMGSY": "-0.2720",
    "JBMGSYKC": "",
    "XSMGSYKC": "",
    "JLRJZCSYLJQ": "-2.42",
    "KCHJLRJZCSYLJQ": "",
    "PTGJZCSYLJQ": "",
    "KCPTGJZCSYLJQ": "",
    "YYZSR": "",
    "YYZSRTBZZ": "",
    "YYSR": "33494295787.75",
    "YYSRTBZZ": "",
    "JLRHJ": "",
    "JLRHJTBZZ": "",
    "JLR": "-668579178.38",
    "JLRTBZZ": "",
    "FJCXSY": "1555534821.67",
    "KCFJYXSYHDJLR": "-2224114000.05",
    "KCFJYXSYHDJLRTBZZ": "",
    "PTGJLR": "",
    "PTGJLRTBZZ": "",
    "KCFJCXSYHPTGJLR": "",
    "KCFJCXSYHPTGJLRTBZZ": "",
    "JYXJLLJE": "5751856931.54",
    "MGJYXJLLJE": "",
    "ZCZE": "81235165602.39",
    "GDQY": "27251327182.02",
    "MGJZCPL": "",
    "PTGMGJZC": "",
    "GJKJZEJLR": "",
    "GJKJZZJZC": ""
  },
  {
    "JZRQ": "2023-12-31",
    "JBMGSY": "-0.8535",
    "XSMGSY": "-0.8535",
    "JBMGSYKC": "",
    "XSMGSYKC": "",
    "JLRJZCSYLJQ": "-7.23",
    "KCHJLRJZCSYLJQ": "",
    "PTGJZCSYLJQ": "",
    "KCPTGJZCSYLJQ": "",
    "YYZSR": "",
    "YYZSRTBZZ": "",
    "YYSR": "32271305895.60",
    "YYSRTBZZ": "",
    "JLRHJ": "",
    "JLRHJTBZZ": "",
    "JLR": "-2097588448.58",
    "JLRTBZZ": "",
    "FJCXSY": "1733129846.18",
    "KCFJYXSYHDJLR": "-3830718294.76",
    "KCFJYXSYHDJLRTBZZ": "",
    "PTGJLR": "",
    "PTGJLRTBZZ": "",
    "KCFJCXSYHPTGJLR": "",
    "KCFJCXSYHPTGJLRTBZZ": "",
    "JYXJLLJE": "3957698255.93",
    "MGJYXJLLJE": "",
    "ZCZE": "81976317309.22",
    "GDQY": "27959556739.53",
    "MGJZCPL": "",
    "PTGMGJZC": "",
    "GJKJZEJLR": "",
    "GJKJZZJZC": ""
  }
]

=== 000408-2026-03-14-藏格矿业-2025年年度报告.pdf ===
[
  {
    "JZRQ": "2025-12-31",
    "JBMGSY": "2.46",
    "XSMGSY": "2.46",
    "JBMGSYKC": "2.58",
    "XSMGSYKC": "2.58",
    "JLRJZCSYLJQ": "24.71",
    "KCHJLRJZCSYLJQ": "",
    "PTGJZCSYLJQ": "24.71",
    "KCPTGJZCSYLJQ": "25.58",
    "YYZSR": "",
    "YYZSRTBZZ": "",
    "YYSR": "3576752605.97",
    "YYSRTBZZ": "10.03",
    "JLRHJ": "",
    "JLRHJTBZZ": "",
    "JLR": "3852353240.98",
    "JLRTBZZ": "49.32",
    "FJCXSY": "-178853607.16",
    "KCFJYXSYHDJLR": "4031206848.14",
    "KCFJYXSYHDJLRTBZZ": "58.28",
    "PTGJLR": "",
    "PTGJLRTBZZ": "",
    "KCFJCXSYHPTGJLR": "",
    "KCFJCXSYHPTGJLRTBZZ": "",
    "JYXJLLJE": "2100261818.88",
    "MGJYXJLLJE": "",
    "ZCZE": "17692154203.25",
    "GDQY": "16243552634.19",
    "MGJZCPL": "",
    "PTGMGJZC": "",
    "GJKJZEJLR": "",
    "GJKJZZJZC": ""
  },
  {
    "JZRQ": "2024-12-31",
    "JBMGSY": "",
    "XSMGSY": "",
    "JBMGSYKC": "",
    "XSMGSYKC": "",
    "JLRJZCSYLJQ": "19.40",
    "KCHJLRJZCSYLJQ": "",
    "PTGJZCSYLJQ": "",
    "KCPTGJZCSYLJQ": "",
    "YYZSR": "",
    "YYZSRTBZZ": "",
    "YYSR": "3250800389.88",
    "YYSRTBZZ": "",
    "JLRHJ": "",
    "JLRHJTBZZ": "",
    "JLR": "2579985938.80",
    "JLRTBZZ": "",
    "FJCXSY": "33057029.87",
    "KCFJYXSYHDJLR": "2546928908.93",
    "KCFJYXSYHDJLRTBZZ": "",
    "PTGJLR": "",
    "PTGJLRTBZZ": "",
    "KCFJCXSYHPTGJLR": "",
    "KCFJCXSYHPTGJLRTBZZ": "",
    "JYXJLLJE": "919201790.93",
    "MGJYXJLLJE": "",
    "ZCZE": "15083281912.76",
    "GDQY": "13865071905.51",
    "MGJZCPL": "",
    "PTGMGJZC": "",
    "GJKJZEJLR": "",
    "GJKJZZJZC": ""
  },
  {
    "JZRQ": "2023-12-31",
    "JBMGSY": "",
    "XSMGSY": "",
    "JBMGSYKC": "",
    "XSMGSYKC": "",
    "JLRJZCSYLJQ": "27.62",
    "KCHJLRJZCSYLJQ": "",
    "PTGJZCSYLJQ": "",
    "KCPTGJZCSYLJQ": "",
    "YYZSR": "",
    "YYZSRTBZZ": "",
    "YYSR": "5225721163.41",
    "YYSRTBZZ": "",
    "JLRHJ": "",
    "JLRHJTBZZ": "",
    "JLR": "3419880869.14",
    "JLRTBZZ": "",
    "FJCXSY": "-155231852.20",
    "KCFJYXSYHDJLR": "3575112721.34",
    "KCFJYXSYHDJLRTBZZ": "",
    "PTGJLR": "",
    "PTGJLRTBZZ": "",
    "KCFJCXSYHPTGJLR": "",
    "KCFJCXSYHPTGJLRTBZZ": "",
    "JYXJLLJE": "2984047979.57",
    "MGJYXJLLJE": "",
    "ZCZE": "14091584562.19",
    "GDQY": "13057776309.67",
    "MGJZCPL": "",
    "PTGMGJZC": "",
    "GJKJZEJLR": "",
    "GJKJZZJZC": ""
  }
]

=== 000708-2026-03-17-中信特钢-2025年年度报告.pdf ===
[
  {
    "JZRQ": "2025-12-31",
    "JBMGSY": "1.17",
    "XSMGSY": "1.15",
    "JBMGSYKC": "1.16",
    "XSMGSYKC": "1.13",
    "JLRJZCSYLJQ": "14.08",
    "KCHJLRJZCSYLJQ": "",
    "PTGJZCSYLJQ": "14.08",
    "KCPTGJZCSYLJQ": "13.88",
    "YYZSR": "",
    "YYZSRTBZZ": "",
    "YYSR": "107373484700.24",
    "YYSRTBZZ": "-1.68",
    "JLRHJ": "",
    "JLRHJTBZZ": "",
    "JLR": "5928668055.97",
    "JLRTBZZ": "15.67",
    "FJCXSY": "87540144.88",
    "KCFJYXSYHDJLR": "5841127911.09",
    "KCFJYXSYHDJLRTBZZ": "17.41",
    "PTGJLR": "",
    "PTGJLRTBZZ": "",
    "KCFJCXSYHPTGJLR": "",
    "KCFJCXSYHPTGJLRTBZZ": "",
    "JYXJLLJE": "14635590727.17",
    "MGJYXJLLJE": "",
    "ZCZE": "110322568610.71",
    "GDQY": "43588001722.22",
    "MGJZCPL": "",
    "PTGMGJZC": "",
    "GJKJZEJLR": "",
    "GJKJZZJZC": ""
  },
  {
    "JZRQ": "2024-12-31",
    "JBMGSY": "1.02",
    "XSMGSY": "1.00",
    "JBMGSYKC": "0.99",
    "XSMGSYKC": "0.97",
    "JLRJZCSYLJQ": "13.05",
    "KCHJLRJZCSYLJQ": "",
    "PTGJZCSYLJQ": "",
    "KCPTGJZCSYLJQ": "",
    "YYZSR": "",
    "YYZSRTBZZ": "",
    "YYSR": "109202941453.90",
    "YYSRTBZZ": "",
    "JLRHJ": "",
    "JLRHJTBZZ": "",
    "JLR": "5125627037.63",
    "JLRTBZZ": "",
    "FJCXSY": "150824526.73",
    "KCFJYXSYHDJLR": "4974802510.90",
    "KCFJYXSYHDJLRTBZZ": "",
    "PTGJLR": "",
    "PTGJLRTBZZ": "",
    "KCFJCXSYHPTGJLR": "",
    "KCFJCXSYHPTGJLRTBZZ": "",
    "JYXJLLJE": "10741487220.01",
    "MGJYXJLLJE": "",
    "ZCZE": "111043379345.44",
    "GDQY": "40930430985.00",
    "MGJZCPL": "",
    "PTGMGJZC": "",
    "GJKJZEJLR": "",
    "GJKJZZJZC": ""
  },
  {
    "JZRQ": "2023-12-31",
    "JBMGSY": "1.13",
    "XSMGSY": "1.11",
    "JBMGSYKC": "",
    "XSMGSYKC": "",
    "JLRJZCSYLJQ": "15.54",
    "KCHJLRJZCSYLJQ": "",
    "PTGJZCSYLJQ": "",
    "KCPTGJZCSYLJQ": "",
    "YYZSR": "",
    "YYZSRTBZZ": "",
    "YYSR": "114018799187.96",
    "YYSRTBZZ": "",
    "JLRHJ": "",
    "JLRHJTBZZ": "",
    "JLR": "5721189483.50",
    "JLRTBZZ": "",
    "FJCXSY": "457773999.60",
    "KCFJYXSYHDJLR": "5263415483.90",
    "KCFJYXSYHDJLRTBZZ": "",
    "PTGJLR": "",
    "PTGJLRTBZZ": "",
    "KCFJCXSYHPTGJLR": "",
    "KCFJCXSYHPTGJLRTBZZ": "",
    "JYXJLLJE": "10658114222.55",
    "MGJYXJLLJE": "",
    "ZCZE": "116506605547.44",
    "GDQY": "38609126148.91",
    "MGJZCPL": "",
    "PTGMGJZC": "",
    "GJKJZEJLR": "",
    "GJKJZZJZC": ""
  }
]

=== 000563-2026-02-10-陕国投A-2025年年度报告.pdf ===
[
  {
    "JZRQ": "2025-12-31",
    "JBMGSY": "0.2801",
    "XSMGSY": "0.2801",
    "JBMGSYKC": "0.2795",
    "XSMGSYKC": "0.2795",
    "JLRJZCSYLJQ": "7.79",
    "KCHJLRJZCSYLJQ": "",
    "PTGJZCSYLJQ": "7.79",
    "KCPTGJZCSYLJQ": "7.77",
    "YYZSR": "",
    "YYZSRTBZZ": "",
    "YYSR": "2952464974.09",
    "YYSRTBZZ": "0.85",
    "JLRHJ": "",
    "JLRHJTBZZ": "",
    "JLR": "1432568054.95",
    "JLRTBZZ": "5.25",
    "FJCXSY": "3040412.89",
    "KCFJYXSYHDJLR": "1429527642.06",
    "KCFJYXSYHDJLRTBZZ": "14.79",
    "PTGJLR": "",
    "PTGJLRTBZZ": "",
    "KCFJCXSYHPTGJLR": "",
    "KCFJCXSYHPTGJLRTBZZ": "",
    "JYXJLLJE": "-879487928.37",
    "MGJYXJLLJE": "",
    "ZCZE": "29451008031.13",
    "GDQY": "18943523320.21",
    "MGJZCPL": "",
    "PTGMGJZC": "",
    "GJKJZEJLR": "",
    "GJKJZZJZC": ""
  },
  {
    "JZRQ": "2024-12-31",
    "JBMGSY": "",
    "XSMGSY": "",
    "JBMGSYKC": "",
    "XSMGSYKC": "",
    "JLRJZCSYLJQ": "7.77",
    "KCHJLRJZCSYLJQ": "",
    "PTGJZCSYLJQ": "",
    "KCPTGJZCSYLJQ": "",
    "YYZSR": "",
    "YYZSRTBZZ": "",
    "YYSR": "2927639556.38",
    "YYSRTBZZ": "",
    "JLRHJ": "",
    "JLRHJTBZZ": "",
    "JLR": "1361053904.36",
    "JLRTBZZ": "",
    "FJCXSY": "115688678.79",
    "KCFJYXSYHDJLR": "1245365225.57",
    "KCFJYXSYHDJLRTBZZ": "",
    "PTGJLR": "",
    "PTGJLRTBZZ": "",
    "KCFJCXSYHPTGJLR": "",
    "KCFJCXSYHPTGJLRTBZZ": "",
    "JYXJLLJE": "1849778406.51",
    "MGJYXJLLJE": "",
    "ZCZE": "25451475840.16",
    "GDQY": "17887512126.31",
    "MGJZCPL": "",
    "PTGMGJZC": "",
    "GJKJZEJLR": "",
    "GJKJZZJZC": ""
  },
  {
    "JZRQ": "2023-12-31",
    "JBMGSY": "",
    "XSMGSY": "",
    "JBMGSYKC": "",
    "XSMGSYKC": "",
    "JLRJZCSYLJQ": "6.51",
    "KCHJLRJZCSYLJQ": "",
    "PTGJZCSYLJQ": "",
    "KCPTGJZCSYLJQ": "",
    "YYZSR": "",
    "YYZSRTBZZ": "",
    "YYSR": "2812799741.80",
    "YYSRTBZZ": "",
    "JLRHJ": "",
    "JLRHJTBZZ": "",
    "JLR": "1082484801.86",
    "JLRTBZZ": "",
    "FJCXSY": "43613822.59",
    "KCFJYXSYHDJLR": "1038870979.27",
    "KCFJYXSYHDJLRTBZZ": "",
    "PTGJLR": "",
    "PTGJLRTBZZ": "",
    "KCFJCXSYHPTGJLR": "",
    "KCFJCXSYHPTGJLRTBZZ": "",
    "JYXJLLJE": "593224353.20",
    "MGJYXJLLJE": "",
    "ZCZE": "24034170948.98",
    "GDQY": "17088994961.33",
    "MGJZCPL": "",
    "PTGMGJZC": "",
    "GJKJZEJLR": "",
    "GJKJZZJZC": ""
  }
]

=== 000429-2026-03-14-粤高速A-2025年年度报告.pdf ===
[
  {
    "JZRQ": "2025-12-31",
    "JBMGSY": "0.86",
    "XSMGSY": "0.86",
    "JBMGSYKC": "0.73",
    "XSMGSYKC": "0.73",
    "JLRJZCSYLJQ": "16.83",
    "KCHJLRJZCSYLJQ": "",
    "PTGJZCSYLJQ": "16.83",
    "KCPTGJZCSYLJQ": "14.23",
    "YYZSR": "",
    "YYZSRTBZZ": "",
    "YYSR": "4469738160.51",
    "YYSRTBZZ": "-2.19",
    "JLRHJ": "",
    "JLRHJTBZZ": "",
    "JLR": "1801337614.93",
    "JLRTBZZ": "15.31",
    "FJCXSY": "278333925.72",
    "KCFJYXSYHDJLR": "1523003689.21",
    "KCFJYXSYHDJLRTBZZ": "-7.39",
    "PTGJLR": "",
    "PTGJLRTBZZ": "",
    "KCFJCXSYHPTGJLR": "",
    "KCFJCXSYHPTGJLRTBZZ": "",
    "JYXJLLJE": "3559494395.28",
    "MGJYXJLLJE": "",
    "ZCZE": "26790914410.82",
    "GDQY": "11116100975.79",
    "MGJZCPL": "",
    "PTGMGJZC": "",
    "GJKJZEJLR": "",
    "GJKJZZJZC": ""
  },
  {
    "JZRQ": "2024-12-31",
    "JBMGSY": "",
    "XSMGSY": "",
    "JBMGSYKC": "",
    "XSMGSYKC": "",
    "JLRJZCSYLJQ": "15.52",
    "KCHJLRJZCSYLJQ": "",
    "PTGJZCSYLJQ": "",
    "KCPTGJZCSYLJQ": "",
    "YYZSR": "",
    "YYZSRTBZZ": "",
    "YYSR": "4569903078.72",
    "YYSRTBZZ": "",
    "JLRHJ": "",
    "JLRHJTBZZ": "",
    "JLR": "1562122219.95",
    "JLRTBZZ": "",
    "FJCXSY": "-82456495.09",
    "KCFJYXSYHDJLR": "1644578715.04",
    "KCFJYXSYHDJLRTBZZ": "",
    "PTGJLR": "",
    "PTGJLRTBZZ": "",
    "KCFJCXSYHPTGJLR": "",
    "KCFJCXSYHPTGJLRTBZZ": "",
    "JYXJLLJE": "3256363593.91",
    "MGJYXJLLJE": "",
    "ZCZE": "22441664114.93",
    "GDQY": "10468100319.53",
    "MGJZCPL": "",
    "PTGMGJZC": "",
    "GJKJZEJLR": "",
    "GJKJZZJZC": ""
  },
  {
    "JZRQ": "2023-12-31",
    "JBMGSY": "",
    "XSMGSY": "",
    "JBMGSYKC": "",
    "XSMGSYKC": "",
    "JLRJZCSYLJQ": "17.30",
    "KCHJLRJZCSYLJQ": "",
    "PTGJZCSYLJQ": "",
    "KCPTGJZCSYLJQ": "",
    "YYZSR": "",
    "YYZSRTBZZ": "",
    "YYSR": "4879066948.19",
    "YYSRTBZZ": "",
    "JLRHJ": "",
    "JLRHJTBZZ": "",
    "JLR": "1633811033.68",
    "JLRTBZZ": "",
    "FJCXSY": "-71288767.37",
    "KCFJYXSYHDJLR": "1705099801.05",
    "KCFJYXSYHDJLRTBZZ": "",
    "PTGJLR": "",
    "PTGJLRTBZZ": "",
    "KCFJCXSYHPTGJLR": "",
    "KCFJCXSYHPTGJLRTBZZ": "",
    "JYXJLLJE": "3831785563.47",
    "MGJYXJLLJE": "",
    "ZCZE": "21368963167.41",
    "GDQY": "9847531855.89",
    "MGJZCPL": "",
    "PTGMGJZC": "",
    "GJKJZEJLR": "",
    "GJKJZZJZC": ""
  }
]

=== 000014-2026-03-18-沙河股份-2025年年度报告.pdf ===
[
  {
    "JZRQ": "2025-12-31",
    "JBMGSY": "-0.62",
    "XSMGSY": "-0.62",
    "JBMGSYKC": "-0.62",
    "XSMGSYKC": "-0.62",
    "JLRJZCSYLJQ": "-9.71",
    "KCHJLRJZCSYLJQ": "-9.71",
    "PTGJZCSYLJQ": "-9.71",
    "KCPTGJZCSYLJQ": "-9.71",
    "YYZSR": "",
    "YYZSRTBZZ": "",
    "YYSR": 310141261.81,
    "YYSRTBZZ": "-13.35",
    "JLRHJ": "",
    "JLRHJTBZZ": "",
    "JLR": -150357687.09,
    "JLRTBZZ": "-1014.24",
    "FJCXSY": 62304.4,
    "KCFJYXSYHDJLR": -150419991.49,
    "KCFJYXSYHDJLRTBZZ": "-992.10",
    "PTGJLR": "",
    "PTGJLRTBZZ": "",
    "KCFJCXSYHPTGJLR": "",
    "KCFJCXSYHPTGJLRTBZZ": "",
    "JYXJLLJE": 75769644.97,
    "MGJYXJLLJE": "",
    "ZCZE": 2034048323.46,
    "GDQY": 1473189480.92,
    "MGJZCPL": "",
    "PTGMGJZC": "",
    "GJKJZEJLR": "",
    "GJKJZZJZC": ""
  },
  {
    "JZRQ": "2024-12-31",
    "JBMGSY": "0.07",
    "XSMGSY": "0.07",
    "JBMGSYKC": "0.07",
    "XSMGSYKC": "",
    "JLRJZCSYLJQ": "1.00",
    "KCHJLRJZCSYLJQ": "1.00",
    "PTGJZCSYLJQ": "",
    "KCPTGJZCSYLJQ": "",
    "YYZSR": "",
    "YYZSRTBZZ": "",
    "YYSR": 357907444.53,
    "YYSRTBZZ": "",
    "JLRHJ": "",
    "JLRHJTBZZ": "",
    "JLR": 16446210.84,
    "JLRTBZZ": "",
    "FJCXSY": -415139.26,
    "KCFJYXSYHDJLR": 16861350.1,
    "KCFJYXSYHDJLRTBZZ": "",
    "PTGJLR": "",
    "PTGJLRTBZZ": "",
    "KCFJCXSYHPTGJLR": "",
    "KCFJCXSYHPTGJLRTBZZ": "",
    "JYXJLLJE": -141734897.42,
    "MGJYXJLLJE": "",
    "ZCZE": 2191149488.72,
    "GDQY": 1623547168.01,
    "MGJZCPL": "",
    "PTGMGJZC": "",
    "GJKJZEJLR": "",
    "GJKJZZJZC": ""
  },
  {
    "JZRQ": "2023-12-31",
    "JBMGSY": "2.16",
    "XSMGSY": "2.16",
    "JBMGSYKC": "2.16",
    "XSMGSYKC": "",
    "JLRJZCSYLJQ": "36.93",
    "KCHJLRJZCSYLJQ": "36.93",
    "PTGJZCSYLJQ": "",
    "KCPTGJZCSYLJQ": "",
    "YYZSR": "",
    "YYZSRTBZZ": "",
    "YYSR": 1389212866.56,
    "YYSRTBZZ": "",
    "JLRHJ": "",
    "JLRHJTBZZ": "",
    "JLR": 521765764.33,
    "JLRTBZZ": "",
    "FJCXSY": 69091.24,
    "KCFJYXSYHDJLR": 521696673.09,
    "KCFJYXSYHDJLRTBZZ": "",
    "PTGJLR": "",
    "PTGJLRTBZZ": "",
    "KCFJCXSYHPTGJLR": "",
    "KCFJCXSYHPTGJLRTBZZ": "",
    "JYXJLLJE": 479912014.13,
    "MGJYXJLLJE": "",
    "ZCZE": 2512359371.41,
    "GDQY": 1659382932.73,
    "MGJZCPL": "",
    "PTGMGJZC": "",
    "GJKJZEJLR": "",
    "GJKJZZJZC": ""
  }
]

=== 000612-2026-03-14-焦作万方-2025年年度报告.pdf ===
[
  {
    "JZRQ": "2025-12-31",
    "JBMGSY": "0.898",
    "XSMGSY": "0.898",
    "JBMGSYKC": "0.907",
    "XSMGSYKC": "0.907",
    "JLRJZCSYLJQ": "16.00",
    "KCHJLRJZCSYLJQ": "",
    "PTGJZCSYLJQ": "16.00",
    "KCPTGJZCSYLJQ": "16.14",
    "YYZSR": "",
    "YYZSRTBZZ": "",
    "YYSR": "6494970140.46",
    "YYSRTBZZ": "0.46",
    "JLRHJ": "",
    "JLRHJTBZZ": "",
    "JLR": "1071123219.17",
    "JLRTBZZ": "81.95",
    "FJCXSY": "-9920685.45",
    "KCFJYXSYHDJLR": "1081043904.62",
    "KCFJYXSYHDJLRTBZZ": "74.88",
    "PTGJLR": "",
    "PTGJLRTBZZ": "",
    "KCFJCXSYHPTGJLR": "",
    "KCFJCXSYHPTGJLRTBZZ": "",
    "JYXJLLJE": "1005955555.71",
    "MGJYXJLLJE": "",
    "ZCZE": "8725053934.07",
    "GDQY": "7190688642.22",
    "MGJZCPL": "",
    "PTGMGJZC": "",
    "GJKJZEJLR": "",
    "GJKJZZJZC": ""
  },
  {
    "JZRQ": "2024-12-31",
    "JBMGSY": "",
    "XSMGSY": "",
    "JBMGSYKC": "",
    "XSMGSYKC": "",
    "JLRJZCSYLJQ": "9.79",
    "KCHJLRJZCSYLJQ": "",
    "PTGJZCSYLJQ": "",
    "KCPTGJZCSYLJQ": "",
    "YYZSR": "",
    "YYZSRTBZZ": "",
    "YYSR": "6465185298.11",
    "YYSRTBZZ": "",
    "JLRHJ": "",
    "JLRHJTBZZ": "",
    "JLR": "588697754.52",
    "JLRTBZZ": "",
    "FJCXSY": "-29450659.48",
    "KCFJYXSYHDJLR": "618148414.00",
    "KCFJYXSYHDJLRTBZZ": "",
    "PTGJLR": "",
    "PTGJLRTBZZ": "",
    "KCFJCXSYHPTGJLR": "",
    "KCFJCXSYHPTGJLRTBZZ": "",
    "JYXJLLJE": "955926832.14",
    "MGJYXJLLJE": "",
    "ZCZE": "8059594320.47",
    "GDQY": "6234751349.49",
    "MGJZCPL": "",
    "PTGMGJZC": "",
    "GJKJZEJLR": "",
    "GJKJZZJZC": ""
  },
  {
    "JZRQ": "2023-12-31",
    "JBMGSY": "",
    "XSMGSY": "",
    "JBMGSYKC": "",
    "XSMGSYKC": "",
    "JLRJZCSYLJQ": "10.69",
    "KCHJLRJZCSYLJQ": "",
    "PTGJZCSYLJQ": "",
    "KCPTGJZCSYLJQ": "",
    "YYZSR": "",
    "YYZSRTBZZ": "",
    "YYSR": "6186553848.06",
    "YYSRTBZZ": "",
    "JLRHJ": "",
    "JLRHJTBZZ": "",
    "JLR": "593046799.96",
    "JLRTBZZ": "",
    "FJCXSY": "2210530.36",
    "KCFJYXSYHDJLR": "590836269.60",
    "KCFJYXSYHDJLRTBZZ": "",
    "PTGJLR": "",
    "PTGJLRTBZZ": "",
    "KCFJCXSYHPTGJLR": "",
    "KCFJCXSYHPTGJLRTBZZ": "",
    "JYXJLLJE": "851744290.52",
    "MGJYXJLLJE": "",
    "ZCZE": "7898215755.99",
    "GDQY": "5801650707.26",
    "MGJZCPL": "",
    "PTGMGJZC": "",
    "GJKJZEJLR": "",
    "GJKJZZJZC": ""
  }
]

=== 000608-2026-02-12-ST阳光-2025年年度报告.pdf ===
[
  {
    "JZRQ": "2025-12-31",
    "JBMGSY": "-0.2910",
    "XSMGSY": "-0.2910",
    "JBMGSYKC": "-0.3005",
    "XSMGSYKC": "-0.3005",
    "JLRJZCSYLJQ": "-9.91",
    "KCHJLRJZCSYLJQ": "",
    "PTGJZCSYLJQ": "-9.9149",
    "KCPTGJZCSYLJQ": "-10.2382",
    "YYZSR": "",
    "YYZSRTBZZ": "",
    "YYSR": "341537865.04",
    "YYSRTBZZ": "-7.11",
    "JLRHJ": "",
    "JLRHJTBZZ": "",
    "JLR": "-218209909.77",
    "JLRTBZZ": "-69.01",
    "FJCXSY": "7115732.10",
    "KCFJYXSYHDJLR": "-225325641.87",
    "KCFJYXSYHDJLRTBZZ": "-55.38",
    "PTGJLR": "",
    "PTGJLRTBZZ": "",
    "KCFJCXSYHPTGJLR": "",
    "KCFJCXSYHPTGJLRTBZZ": "",
    "JYXJLLJE": "164844344.85",
    "MGJYXJLLJE": "",
    "ZCZE": "4477352462.74",
    "GDQY": "2077354571.35",
    "MGJZCPL": "",
    "PTGMGJZC": "",
    "GJKJZEJLR": "",
    "GJKJZZJZC": ""
  },
  {
    "JZRQ": "2024-12-31",
    "JBMGSY": "-0.1638",
    "XSMGSY": "-0.1638",
    "JBMGSYKC": "",
    "XSMGSYKC": "",
    "JLRJZCSYLJQ": "-5.10",
    "KCHJLRJZCSYLJQ": "",
    "PTGJZCSYLJQ": "",
    "KCPTGJZCSYLJQ": "",
    "YYZSR": "",
    "YYZSRTBZZ": "",
    "YYSR": "367674846.02",
    "YYSRTBZZ": "",
    "JLRHJ": "",
    "JLRHJTBZZ": "",
    "JLR": "-129108292.45",
    "JLRTBZZ": "",
    "FJCXSY": "15906006.23",
    "KCFJYXSYHDJLR": "-145014298.68",
    "KCFJYXSYHDJLRTBZZ": "",
    "PTGJLR": "",
    "PTGJLRTBZZ": "",
    "KCFJCXSYHPTGJLR": "",
    "KCFJCXSYHPTGJLRTBZZ": "",
    "JYXJLLJE": "193295517.63",
    "MGJYXJLLJE": "",
    "ZCZE": "4844850833.98",
    "GDQY": "2309929040.59",
    "MGJZCPL": "",
    "PTGMGJZC": "",
    "GJKJZEJLR": "",
    "GJKJZZJZC": ""
  },
  {
    "JZRQ": "2023-12-31",
    "JBMGSY": "-0.31",
    "XSMGSY": "-0.31",
    "JBMGSYKC": "",
    "XSMGSYKC": "",
    "JLRJZCSYLJQ": "-9.00",
    "KCHJLRJZCSYLJQ": "",
    "PTGJZCSYLJQ": "",
    "KCPTGJZCSYLJQ": "",
    "YYZSR": "",
    "YYZSRTBZZ": "",
    "YYSR": "444106110.98",
    "YYSRTBZZ": "",
    "JLRHJ": "",
    "JLRHJTBZZ": "",
    "JLR": "-227274087.86",
    "JLRTBZZ": "",
    "FJCXSY": "12939641.03",
    "KCFJYXSYHDJLR": "-240213728.89",
    "KCFJYXSYHDJLRTBZZ": "",
    "PTGJLR": "",
    "PTGJLRTBZZ": "",
    "KCFJCXSYHPTGJLR": "",
    "KCFJCXSYHPTGJLRTBZZ": "",
    "JYXJLLJE": "141583027.64",
    "MGJYXJLLJE": "",
    "ZCZE": "5171321830.88",
    "GDQY": "2467522352.14",
    "MGJZCPL": "",
    "PTGMGJZC": "",
    "GJKJZEJLR": "",
    "GJKJZZJZC": ""
  }
]

=== 000680-2026-03-16-山推股份-2025年年度报告.pdf ===
[
  {
    "JZRQ": "2025-12-31",
    "JBMGSY": "0.8094",
    "XSMGSY": "0.8094",
    "JBMGSYKC": "0.7933",
    "XSMGSYKC": "0.7933",
    "JLRJZCSYLJQ": "21.04",
    "KCHJLRJZCSYLJQ": "",
    "PTGJZCSYLJQ": "21.04",
    "KCPTGJZCSYLJQ": "20.62",
    "YYZSR": "",
    "YYZSRTBZZ": "",
    "YYSR": "14620170066.18",
    "YYSRTBZZ": "2.82",
    "JLRHJ": "",
    "JLRHJTBZZ": "",
    "JLR": "1210975183.61",
    "JLRTBZZ": "9.86",
    "FJCXSY": "24156754.89",
    "KCFJYXSYHDJLR": "1186818428.72",
    "KCFJYXSYHDJLRTBZZ": "20.28",
    "PTGJLR": "",
    "PTGJLRTBZZ": "",
    "KCFJCXSYHPTGJLR": "",
    "KCFJCXSYHPTGJLRTBZZ": "",
    "JYXJLLJE": "781122357.31",
    "MGJYXJLLJE": "",
    "ZCZE": "19056605127.05",
    "GDQY": "6172970237.97",
    "MGJZCPL": "",
    "PTGMGJZC": "",
    "GJKJZEJLR": "",
    "GJKJZZJZC": ""
  },
  {
    "JZRQ": "2024-12-31",
    "JBMGSY": "",
    "XSMGSY": "",
    "JBMGSYKC": "",
    "XSMGSYKC": "",
    "JLRJZCSYLJQ": "16.94",
    "KCHJLRJZCSYLJQ": "",
    "PTGJZCSYLJQ": "",
    "KCPTGJZCSYLJQ": "",
    "YYZSR": "",
    "YYZSRTBZZ": "",
    "YYSR": "14218639331.87",
    "YYSRTBZZ": "",
    "JLRHJ": "",
    "JLRHJTBZZ": "",
    "JLR": "1102261096.09",
    "JLRTBZZ": "",
    "FJCXSY": "115571248.83",
    "KCFJYXSYHDJLR": "986689847.26",
    "KCFJYXSYHDJLRTBZZ": "",
    "PTGJLR": "",
    "PTGJLRTBZZ": "",
    "KCFJCXSYHPTGJLR": "",
    "KCFJCXSYHPTGJLRTBZZ": "",
    "JYXJLLJE": "515125524.49",
    "MGJYXJLLJE": "",
    "ZCZE": "18288496908.44",
    "GDQY": "5240428819.40",
    "MGJZCPL": "",
    "PTGMGJZC": "",
    "GJKJZEJLR": "",
    "GJKJZZJZC": ""
  },
  {
    "JZRQ": "2023-12-31",
    "JBMGSY": "",
    "XSMGSY": "",
    "JBMGSYKC": "",
    "XSMGSYKC": "",
    "JLRJZCSYLJQ": "18.81",
    "KCHJLRJZCSYLJQ": "",
    "PTGJZCSYLJQ": "",
    "KCPTGJZCSYLJQ": "",
    "YYZSR": "",
    "YYZSRTBZZ": "",
    "YYSR": "11364391835.39",
    "YYSRTBZZ": "",
    "JLRHJ": "",
    "JLRHJTBZZ": "",
    "JLR": "783300095.39",
    "JLRTBZZ": "",
    "FJCXSY": "81236603.60",
    "KCFJYXSYHDJLR": "702063491.79",
    "KCFJYXSYHDJLRTBZZ": "",
    "PTGJLR": "",
    "PTGJLRTBZZ": "",
    "KCFJCXSYHPTGJLR": "",
    "KCFJCXSYHPTGJLRTBZZ": "",
    "JYXJLLJE": "376832201.43",
    "MGJYXJLLJE": "",
    "ZCZE": "15609442019.18",
    "GDQY": "6208151951.81",
    "MGJZCPL": "",
    "PTGMGJZC": "",
    "GJKJZEJLR": "",
    "GJKJZZJZC": ""
  }
]

=== 000912-2026-03-16-泸天化-2025年年度报告.pdf ===
[
  {
    "JZRQ": "2025-12-31",
    "JBMGSY": "0.02",
    "XSMGSY": "0.02",
    "JBMGSYKC": "-0.03",
    "XSMGSYKC": "-0.03",
    "JLRJZCSYLJQ": "0.50",
    "KCHJLRJZCSYLJQ": "-0.60",
    "PTGJZCSYLJQ": "0.50",
    "KCPTGJZCSYLJQ": "-0.60",
    "YYZSR": "",
    "YYZSRTBZZ": "",
    "YYSR": "4495014982.70",
    "YYSRTBZZ": "-11.34",
    "JLRHJ": "",
    "JLRHJTBZZ": "",
    "JLR": "31787194.58",
    "JLRTBZZ": "50.23",
    "FJCXSY": "70214571.99",
    "KCFJYXSYHDJLR": "-38427377.41",
    "KCFJYXSYHDJLRTBZZ": "-99.36",
    "PTGJLR": "",
    "PTGJLRTBZZ": "",
    "KCFJCXSYHPTGJLR": "",
    "KCFJCXSYHPTGJLRTBZZ": "",
    "JYXJLLJE": "231548889.20",
    "MGJYXJLLJE": "",
    "ZCZE": "9405983879.82",
    "GDQY": "6346071546.47",
    "MGJZCPL": "",
    "PTGMGJZC": "",
    "GJKJZEJLR": "",
    "GJKJZZJZC": ""
  },
  {
    "JZRQ": "2024-12-31",
    "JBMGSY": "0.01",
    "XSMGSY": "0.01",
    "JBMGSYKC": "",
    "XSMGSYKC": "",
    "JLRJZCSYLJQ": "0.33",
    "KCHJLRJZCSYLJQ": "",
    "PTGJZCSYLJQ": "",
    "KCPTGJZCSYLJQ": "",
    "YYZSR": "",
    "YYZSRTBZZ": "",
    "YYSR": "5069807068.71",
    "YYSRTBZZ": "",
    "JLRHJ": "",
    "JLRHJTBZZ": "",
    "JLR": "21159442.84",
    "JLRTBZZ": "",
    "FJCXSY": "40434713.36",
    "KCFJYXSYHDJLR": "-19275270.52",
    "KCFJYXSYHDJLRTBZZ": "",
    "PTGJLR": "",
    "PTGJLRTBZZ": "",
    "KCFJCXSYHPTGJLR": "",
    "KCFJCXSYHPTGJLRTBZZ": "",
    "JYXJLLJE": "339645265.53",
    "MGJYXJLLJE": "",
    "ZCZE": "10884577928.15",
    "GDQY": "6375646883.28",
    "MGJZCPL": "",
    "PTGMGJZC": "",
    "GJKJZEJLR": "",
    "GJKJZZJZC": ""
  },
  {
    "JZRQ": "2023-12-31",
    "JBMGSY": "0.10",
    "XSMGSY": "0.10",
    "JBMGSYKC": "",
    "XSMGSYKC": "",
    "JLRJZCSYLJQ": "2.36",
    "KCHJLRJZCSYLJQ": "",
    "PTGJZCSYLJQ": "",
    "KCPTGJZCSYLJQ": "",
    "YYZSR": "",
    "YYZSRTBZZ": "",
    "YYSR": "6418234611.65",
    "YYSRTBZZ": "",
    "JLRHJ": "",
    "JLRHJTBZZ": "",
    "JLR": "149866293.51",
    "JLRTBZZ": "",
    "FJCXSY": "98004838.32",
    "KCFJYXSYHDJLR": "51861455.19",
    "KCFJYXSYHDJLRTBZZ": "",
    "PTGJLR": "",
    "PTGJLRTBZZ": "",
    "KCFJCXSYHPTGJLR": "",
    "KCFJCXSYHPTGJLRTBZZ": "",
    "JYXJLLJE": "998252205.96",
    "MGJYXJLLJE": "",
    "ZCZE": "11245536614.35",
    "GDQY": "6456885948.77",
    "MGJZCPL": "",
    "PTGMGJZC": "",
    "GJKJZEJLR": "",
    "GJKJZZJZC": ""
  }
]

=== 001207-2026-03-07-联科科技-2025年年度报告.pdf ===
[
  {
    "JZRQ": "2025-12-31",
    "JBMGSY": "1.44",
    "XSMGSY": "1.44",
    "JBMGSYKC": "1.42",
    "XSMGSYKC": "1.42",
    "JLRJZCSYLJQ": "14.30",
    "KCHJLRJZCSYLJQ": "",
    "PTGJZCSYLJQ": "14.30",
    "KCPTGJZCSYLJQ": "14.09",
    "YYZSR": "",
    "YYZSRTBZZ": "",
    "YYSR": "2357133367.71",
    "YYSRTBZZ": "4.03",
    "JLRHJ": "",
    "JLRHJTBZZ": "",
    "JLR": "292689214.18",
    "JLRTBZZ": "7.55",
    "FJCXSY": "4308153.74",
    "KCFJYXSYHDJLR": "288381060.44",
    "KCFJYXSYHDJLRTBZZ": "6.86",
    "PTGJLR": "",
    "PTGJLRTBZZ": "",
    "KCFJCXSYHPTGJLR": "",
    "KCFJCXSYHPTGJLRTBZZ": "",
    "JYXJLLJE": "395123937.47",
    "MGJYXJLLJE": "",
    "ZCZE": "3221832716.71",
    "GDQY": "2353674097.70",
    "MGJZCPL": "",
    "PTGMGJZC": "",
    "GJKJZEJLR": "",
    "GJKJZZJZC": ""
  },
  {
    "JZRQ": "2024-12-31",
    "JBMGSY": "1.36",
    "XSMGSY": "1.36",
    "JBMGSYKC": "1.42",
    "XSMGSYKC": "",
    "JLRJZCSYLJQ": "15.15",
    "KCHJLRJZCSYLJQ": "",
    "PTGJZCSYLJQ": "",
    "KCPTGJZCSYLJQ": "",
    "YYZSR": "",
    "YYZSRTBZZ": "",
    "YYSR": "2265781875.07",
    "YYSRTBZZ": "",
    "JLRHJ": "",
    "JLRHJTBZZ": "",
    "JLR": "272150665.27",
    "JLRTBZZ": "",
    "FJCXSY": "2288695.36",
    "KCFJYXSYHDJLR": "269861969.91",
    "KCFJYXSYHDJLRTBZZ": "",
    "PTGJLR": "",
    "PTGJLRTBZZ": "",
    "KCFJCXSYHPTGJLR": "",
    "KCFJCXSYHPTGJLRTBZZ": "",
    "JYXJLLJE": "200333164.36",
    "MGJYXJLLJE": "",
    "ZCZE": "2769880939.74",
    "GDQY": "1879477699.72",
    "MGJZCPL": "",
    "PTGMGJZC": "",
    "GJKJZEJLR": "",
    "GJKJZZJZC": ""
  },
  {
    "JZRQ": "2023-12-31",
    "JBMGSY": "0.88",
    "XSMGSY": "0.88",
    "JBMGSYKC": "1.42",
    "XSMGSYKC": "",
    "JLRJZCSYLJQ": "10.96",
    "KCHJLRJZCSYLJQ": "",
    "PTGJZCSYLJQ": "",
    "KCPTGJZCSYLJQ": "",
    "YYZSR": "",
    "YYZSRTBZZ": "",
    "YYSR": "1916707681.89",
    "YYSRTBZZ": "",
    "JLRHJ": "",
    "JLRHJTBZZ": "",
    "JLR": "168552965.68",
    "JLRTBZZ": "",
    "FJCXSY": "3412414.23",
    "KCFJYXSYHDJLR": "165140551.45",
    "KCFJYXSYHDJLRTBZZ": "",
    "PTGJLR": "",
    "PTGJLRTBZZ": "",
    "KCFJCXSYHPTGJLR": "",
    "KCFJCXSYHPTGJLRTBZZ": "",
    "JYXJLLJE": "145268318.64",
    "MGJYXJLLJE": "",
    "ZCZE": "2353627314.38",
    "GDQY": "1745595257.55",
    "MGJZCPL": "",
    "PTGMGJZC": "",
    "GJKJZEJLR": "",
    "GJKJZZJZC": ""
  }
]

=== 000905-2026-03-14-厦门港务-2025年年度报告.pdf ===
[
  {
    "JZRQ": "2025-12-31",
    "JBMGSY": "0.2773",
    "XSMGSY": "0.2773",
    "JBMGSYKC": "0.2077",
    "XSMGSYKC": "0.2077",
    "JLRJZCSYLJQ": "4.10",
    "KCHJLRJZCSYLJQ": "",
    "PTGJZCSYLJQ": "4.10",
    "KCPTGJZCSYLJQ": "3.07",
    "YYZSR": "",
    "YYZSRTBZZ": "",
    "YYSR": "22128406550.96",
    "YYSRTBZZ": "-0.08",
    "JLRHJ": "",
    "JLRHJTBZZ": "",
    "JLR": "205732791.12",
    "JLRTBZZ": "3.02",
    "FJCXSY": "51694711.26",
    "KCFJYXSYHDJLR": "154038079.86",
    "KCFJYXSYHDJLRTBZZ": "661.57",
    "PTGJLR": "",
    "PTGJLRTBZZ": "",
    "KCFJCXSYHPTGJLR": "",
    "KCFJCXSYHPTGJLRTBZZ": "",
    "JYXJLLJE": "597094098.24",
    "MGJYXJLLJE": "",
    "ZCZE": "13248822962.08",
    "GDQY": "5078858010.63",
    "MGJZCPL": "",
    "PTGMGJZC": "",
    "GJKJZEJLR": "",
    "GJKJZZJZC": ""
  },
  {
    "JZRQ": "2024-12-31",
    "JBMGSY": "0.2692",
    "XSMGSY": "0.2692",
    "JBMGSYKC": "0.2077",
    "XSMGSYKC": "",
    "JLRJZCSYLJQ": "4.06",
    "KCHJLRJZCSYLJQ": "",
    "PTGJZCSYLJQ": "",
    "KCPTGJZCSYLJQ": "",
    "YYZSR": "",
    "YYZSRTBZZ": "",
    "YYSR": "22146864150.40",
    "YYSRTBZZ": "",
    "JLRHJ": "",
    "JLRHJTBZZ": "",
    "JLR": "199692437.85",
    "JLRTBZZ": "",
    "FJCXSY": "179465952.25",
    "KCFJYXSYHDJLR": "20226485.60",
    "KCFJYXSYHDJLRTBZZ": "",
    "PTGJLR": "",
    "PTGJLRTBZZ": "",
    "KCFJCXSYHPTGJLR": "",
    "KCFJCXSYHPTGJLRTBZZ": "",
    "JYXJLLJE": "1408313259.73",
    "MGJYXJLLJE": "",
    "ZCZE": "13039430227.06",
    "GDQY": "4959544794.71",
    "MGJZCPL": "",
    "PTGMGJZC": "",
    "GJKJZEJLR": "",
    "GJKJZZJZC": ""
  },
  {
    "JZRQ": "2023-12-31",
    "JBMGSY": "0.3124",
    "XSMGSY": "0.3124",
    "JBMGSYKC": "0.2077",
    "XSMGSYKC": "",
    "JLRJZCSYLJQ": "4.81",
    "KCHJLRJZCSYLJQ": "",
    "PTGJZCSYLJQ": "",
    "KCPTGJZCSYLJQ": "",
    "YYZSR": "",
    "YYZSRTBZZ": "",
    "YYSR": "22927421225.71",
    "YYSRTBZZ": "",
    "JLRHJ": "",
    "JLRHJTBZZ": "",
    "JLR": "231778181.46",
    "JLRTBZZ": "",
    "FJCXSY": "102441494.45",
    "KCFJYXSYHDJLR": "129336687.01",
    "KCFJYXSYHDJLRTBZZ": "",
    "PTGJLR": "",
    "PTGJLRTBZZ": "",
    "KCFJCXSYHPTGJLR": "",
    "KCFJCXSYHPTGJLRTBZZ": "",
    "JYXJLLJE": "239447979.54",
    "MGJYXJLLJE": "",
    "ZCZE": "13359372041.09",
    "GDQY": "4875980455.23",
    "MGJZCPL": "",
    "PTGMGJZC": "",
    "GJKJZEJLR": "",
    "GJKJZZJZC": ""
  }
]

=== 000975-2026-03-06-山金国际-2025年年度报告.pdf ===
[
  {
    "JZRQ": "2025-12-31",
    "JBMGSY": "1.0705",
    "XSMGSY": "1.0705",
    "JBMGSYKC": "1.0920",
    "XSMGSYKC": "1.0920",
    "JLRJZCSYLJQ": "21.56",
    "KCHJLRJZCSYLJQ": "",
    "PTGJZCSYLJQ": "21.56",
    "KCPTGJZCSYLJQ": "21.95",
    "YYZSR": "",
    "YYZSRTBZZ": "",
    "YYSR": "17098604999.31",
    "YYSRTBZZ": "25.86",
    "JLRHJ": "",
    "JLRHJTBZZ": "",
    "JLR": "2971658678.29",
    "JLRTBZZ": "36.75",
    "FJCXSY": "-59734174.43",
    "KCFJYXSYHDJLR": "3031392852.72",
    "KCFJYXSYHDJLRTBZZ": "37.02",
    "PTGJLR": "",
    "PTGJLRTBZZ": "",
    "KCFJCXSYHPTGJLR": "",
    "KCFJCXSYHPTGJLRTBZZ": "",
    "JYXJLLJE": "4680085595.12",
    "MGJYXJLLJE": "",
    "ZCZE": "20625468547.55",
    "GDQY": "14917963675.15",
    "MGJZCPL": "",
    "PTGMGJZC": "",
    "GJKJZEJLR": "",
    "GJKJZZJZC": ""
  },
  {
    "JZRQ": "2024-12-31",
    "JBMGSY": "",
    "XSMGSY": "",
    "JBMGSYKC": "",
    "XSMGSYKC": "",
    "JLRJZCSYLJQ": "17.90",
    "KCHJLRJZCSYLJQ": "",
    "PTGJZCSYLJQ": "",
    "KCPTGJZCSYLJQ": "",
    "YYZSR": "",
    "YYZSRTBZZ": "",
    "YYSR": "13585441104.66",
    "YYSRTBZZ": "",
    "JLRHJ": "",
    "JLRHJTBZZ": "",
    "JLR": "2173114887.58",
    "JLRTBZZ": "",
    "FJCXSY": "39201887.98",
    "KCFJYXSYHDJLR": "2212316775.56",
    "KCFJYXSYHDJLRTBZZ": "",
    "PTGJLR": "",
    "PTGJLRTBZZ": "",
    "KCFJCXSYHPTGJLR": "",
    "KCFJCXSYHPTGJLRTBZZ": "",
    "JYXJLLJE": "3871259213.23",
    "MGJYXJLLJE": "",
    "ZCZE": "18189088468.89",
    "GDQY": "12980993275.54",
    "MGJZCPL": "",
    "PTGMGJZC": "",
    "GJKJZEJLR": "",
    "GJKJZZJZC": ""
  },
  {
    "JZRQ": "2023-12-31",
    "JBMGSY": "",
    "XSMGSY": "",
    "JBMGSYKC": "",
    "XSMGSYKC": "",
    "JLRJZCSYLJQ": "12.90",
    "KCHJLRJZCSYLJQ": "",
    "PTGJZCSYLJQ": "",
    "KCPTGJZCSYLJQ": "",
    "YYZSR": "",
    "YYZSRTBZZ": "",
    "YYSR": "8105716063.78",
    "YYSRTBZZ": "",
    "JLRHJ": "",
    "JLRHJTBZZ": "",
    "JLR": "1424298787.71",
    "JLRTBZZ": "",
    "FJCXSY": "13792547.81",
    "KCFJYXSYHDJLR": "1410506239.90",
    "KCFJYXSYHDJLRTBZZ": "",
    "PTGJLR": "",
    "PTGJLRTBZZ": "",
    "KCFJCXSYHPTGJLR": "",
    "KCFJCXSYHPTGJLRTBZZ": "",
    "JYXJLLJE": "2179893423.56",
    "MGJYXJLLJE": "",
    "ZCZE": "16298948219.83",
    "GDQY": "11560664365.75",
    "MGJZCPL": "",
    "PTGMGJZC": "",
    "GJKJZEJLR": "",
    "GJKJZZJZC": ""
  }
]

=== 001210-2026-03-17-金房能源-2025年年度报告.pdf ===
[
  {
    "JZRQ": "2025-12-31",
    "JBMGSY": "0.8572",
    "XSMGSY": "0.8572",
    "JBMGSYKC": "0.8296",
    "XSMGSYKC": "0.8296",
    "JLRJZCSYLJQ": "10.31",
    "KCHJLRJZCSYLJQ": "",
    "PTGJZCSYLJQ": "10.31",
    "KCPTGJZCSYLJQ": "9.98",
    "YYZSR": "",
    "YYZSRTBZZ": "",
    "YYSR": "1199174166.64",
    "YYSRTBZZ": "11.81",
    "JLRHJ": "",
    "JLRHJTBZZ": "",
    "JLR": "134413221.62",
    "JLRTBZZ": "176.06",
    "FJCXSY": "4327484.70",
    "KCFJYXSYHDJLR": "130085736.92",
    "KCFJYXSYHDJLRTBZZ": "54.33",
    "PTGJLR": "",
    "PTGJLRTBZZ": "",
    "KCFJCXSYHPTGJLR": "",
    "KCFJCXSYHPTGJLRTBZZ": "",
    "JYXJLLJE": "341275899.04",
    "MGJYXJLLJE": "",
    "ZCZE": "2500611689.20",
    "GDQY": "1341618028.56",
    "MGJZCPL": "",
    "PTGMGJZC": "",
    "GJKJZEJLR": "",
    "GJKJZZJZC": ""
  },
  {
    "JZRQ": "2024-12-31",
    "JBMGSY": "",
    "XSMGSY": "",
    "JBMGSYKC": "",
    "XSMGSYKC": "",
    "JLRJZCSYLJQ": "3.94",
    "KCHJLRJZCSYLJQ": "",
    "PTGJZCSYLJQ": "",
    "KCPTGJZCSYLJQ": "",
    "YYZSR": "",
    "YYZSRTBZZ": "",
    "YYSR": "1072468715.99",
    "YYSRTBZZ": "",
    "JLRHJ": "",
    "JLRHJTBZZ": "",
    "JLR": "48689866.19",
    "JLRTBZZ": "",
    "FJCXSY": "-35600433.42",
    "KCFJYXSYHDJLR": "84290299.61",
    "KCFJYXSYHDJLRTBZZ": "",
    "PTGJLR": "",
    "PTGJLRTBZZ": "",
    "KCFJCXSYHPTGJLR": "",
    "KCFJCXSYHPTGJLRTBZZ": "",
    "JYXJLLJE": "233383024.43",
    "MGJYXJLLJE": "",
    "ZCZE": "2276249689.88",
    "GDQY": "1251635065.14",
    "MGJZCPL": "",
    "PTGMGJZC": "",
    "GJKJZEJLR": "",
    "GJKJZZJZC": ""
  },
  {
    "JZRQ": "2023-12-31",
    "JBMGSY": "",
    "XSMGSY": "",
    "JBMGSYKC": "",
    "XSMGSYKC": "",
    "JLRJZCSYLJQ": "0.98",
    "KCHJLRJZCSYLJQ": "",
    "PTGJZCSYLJQ": "",
    "KCPTGJZCSYLJQ": "",
    "YYZSR": "",
    "YYZSRTBZZ": "",
    "YYSR": "967724553.81",
    "YYSRTBZZ": "",
    "JLRHJ": "",
    "JLRHJTBZZ": "",
    "JLR": "12223045.74",
    "JLRTBZZ": "",
    "FJCXSY": "-84013051.95",
    "KCFJYXSYHDJLR": "96236097.69",
    "KCFJYXSYHDJLRTBZZ": "",
    "PTGJLR": "",
    "PTGJLRTBZZ": "",
    "KCFJCXSYHPTGJLR": "",
    "KCFJCXSYHPTGJLRTBZZ": "",
    "JYXJLLJE": "200653286.78",
    "MGJYXJLLJE": "",
    "ZCZE": "1970800125.42",
    "GDQY": "1220995746.55",
    "MGJZCPL": "",
    "PTGMGJZC": "",
    "GJKJZEJLR": "",
    "GJKJZZJZC": ""
  }
]

=== 001298-2026-03-13-好上好-2025年年度报告.pdf ===
[
  {
    "JZRQ": "2025-12-31",
    "JBMGSY": "0.26",
    "XSMGSY": "0.26",
    "JBMGSYKC": "0.25",
    "XSMGSYKC": "0.25",
    "JLRJZCSYLJQ": "4.76",
    "KCHJLRJZCSYLJQ": "",
    "PTGJZCSYLJQ": "4.76",
    "KCPTGJZCSYLJQ": "4.60",
    "YYZSR": "",
    "YYZSRTBZZ": "",
    "YYSR": "8370318215.37",
    "YYSRTBZZ": "15.72",
    "JLRHJ": "",
    "JLRHJTBZZ": "",
    "JLR": "76199701.21",
    "JLRTBZZ": "152.79",
    "FJCXSY": "2496789.44",
    "KCFJYXSYHDJLR": "73702911.77",
    "KCFJYXSYHDJLRTBZZ": "198.89",
    "PTGJLR": "",
    "PTGJLRTBZZ": "",
    "KCFJCXSYHPTGJLR": "",
    "KCFJCXSYHPTGJLRTBZZ": "",
    "JYXJLLJE": "-395902547.98",
    "MGJYXJLLJE": "",
    "ZCZE": "3983616055.44",
    "GDQY": "1637754375.88",
    "MGJZCPL": "",
    "PTGMGJZC": "",
    "GJKJZEJLR": "",
    "GJKJZZJZC": ""
  },
  {
    "JZRQ": "2024-12-31",
    "JBMGSY": "0.10",
    "XSMGSY": "0.10",
    "JBMGSYKC": "",
    "XSMGSYKC": "",
    "JLRJZCSYLJQ": "1.94",
    "KCHJLRJZCSYLJQ": "",
    "PTGJZCSYLJQ": "",
    "KCPTGJZCSYLJQ": "",
    "YYZSR": "",
    "YYZSRTBZZ": "",
    "YYSR": "7233459929.44",
    "YYSRTBZZ": "",
    "JLRHJ": "",
    "JLRHJTBZZ": "",
    "JLR": "30143274.30",
    "JLRTBZZ": "",
    "FJCXSY": "5484138.12",
    "KCFJYXSYHDJLR": "24659136.18",
    "KCFJYXSYHDJLRTBZZ": "",
    "PTGJLR": "",
    "PTGJLRTBZZ": "",
    "KCFJCXSYHPTGJLR": "",
    "KCFJCXSYHPTGJLRTBZZ": "",
    "JYXJLLJE": "-379790726.95",
    "MGJYXJLLJE": "",
    "ZCZE": "2794850245.29",
    "GDQY": "1575942144.99",
    "MGJZCPL": "",
    "PTGMGJZC": "",
    "GJKJZEJLR": "",
    "GJKJZZJZC": ""
  },
  {
    "JZRQ": "2023-12-31",
    "JBMGSY": "0.19",
    "XSMGSY": "0.19",
    "JBMGSYKC": "",
    "XSMGSYKC": "",
    "JLRJZCSYLJQ": "3.68",
    "KCHJLRJZCSYLJQ": "",
    "PTGJZCSYLJQ": "",
    "KCPTGJZCSYLJQ": "",
    "YYZSR": "",
    "YYZSRTBZZ": "",
    "YYSR": "5775688009.60",
    "YYSRTBZZ": "",
    "JLRHJ": "",
    "JLRHJTBZZ": "",
    "JLR": "55875416.24",
    "JLRTBZZ": "",
    "FJCXSY": "4823115.92",
    "KCFJYXSYHDJLR": "51052300.32",
    "KCFJYXSYHDJLRTBZZ": "",
    "PTGJLR": "",
    "PTGJLRTBZZ": "",
    "KCFJCXSYHPTGJLR": "",
    "KCFJCXSYHPTGJLRTBZZ": "",
    "JYXJLLJE": "-28159086.84",
    "MGJYXJLLJE": "",
    "ZCZE": "2659306717.51",
    "GDQY": "1540833524.83",
    "MGJZCPL": "",
    "PTGMGJZC": "",
    "GJKJZEJLR": "",
    "GJKJZZJZC": ""
  }
]

=== 001979-2026-03-17-招商蛇口-2025年年度报告.pdf ===
[
  {
    "JZRQ": "2025-12-31",
    "JBMGSY": "0.08",
    "XSMGSY": "0.08",
    "JBMGSYKC": "-0.01",
    "XSMGSYKC": "-0.01",
    "JLRJZCSYLJQ": "0.73",
    "KCHJLRJZCSYLJQ": "",
    "PTGJZCSYLJQ": "0.73",
    "KCPTGJZCSYLJQ": "-0.14",
    "YYZSR": "",
    "YYZSRTBZZ": "",
    "YYSR": "154727977005.92",
    "YYSRTBZZ": "-13.53",
    "JLRHJ": "",
    "JLRHJTBZZ": "",
    "JLR": "1023784320.62",
    "JLRTBZZ": "-74.65",
    "FJCXSY": "854706534.27",
    "KCFJYXSYHDJLR": "169077786.35",
    "KCFJYXSYHDJLRTBZZ": "-93.10",
    "PTGJLR": "",
    "PTGJLRTBZZ": "",
    "KCFJCXSYHPTGJLR": "",
    "KCFJCXSYHPTGJLRTBZZ": "",
    "JYXJLLJE": "9693099444.34",
    "MGJYXJLLJE": "",
    "ZCZE": "835411599109.07",
    "GDQY": "97652364027.90",
    "MGJZCPL": "",
    "PTGMGJZC": "",
    "GJKJZEJLR": "",
    "GJKJZZJZC": ""
  },
  {
    "JZRQ": "2024-12-31",
    "JBMGSY": "0.37",
    "XSMGSY": "0.37",
    "JBMGSYKC": "",
    "XSMGSYKC": "",
    "JLRJZCSYLJQ": "3.36",
    "KCHJLRJZCSYLJQ": "",
    "PTGJZCSYLJQ": "",
    "KCPTGJZCSYLJQ": "",
    "YYZSR": "",
    "YYZSRTBZZ": "",
    "YYSR": "178947546568.86",
    "YYSRTBZZ": "",
    "JLRHJ": "",
    "JLRHJTBZZ": "",
    "JLR": "4038571564.37",
    "JLRTBZZ": "",
    "FJCXSY": "1589319798.04",
    "KCFJYXSYHDJLR": "2449251766.33",
    "KCFJYXSYHDJLRTBZZ": "",
    "PTGJLR": "",
    "PTGJLRTBZZ": "",
    "KCFJCXSYHPTGJLR": "",
    "KCFJCXSYHPTGJLRTBZZ": "",
    "JYXJLLJE": "31963589494.90",
    "MGJYXJLLJE": "",
    "ZCZE": "860308816014.37",
    "GDQY": "111006837433.28",
    "MGJZCPL": "",
    "PTGMGJZC": "",
    "GJKJZEJLR": "",
    "GJKJZZJZC": ""
  },
  {
    "JZRQ": "2023-12-31",
    "JBMGSY": "0.65",
    "XSMGSY": "0.65",
    "JBMGSYKC": "",
    "XSMGSYKC": "",
    "JLRJZCSYLJQ": "6.04",
    "KCHJLRJZCSYLJQ": "",
    "PTGJZCSYLJQ": "",
    "KCPTGJZCSYLJQ": "",
    "YYZSR": "",
    "YYZSRTBZZ": "",
    "YYSR": "175007558097.22",
    "YYSRTBZZ": "",
    "JLRHJ": "",
    "JLRHJTBZZ": "",
    "JLR": "6319420453.25",
    "JLRTBZZ": "",
    "FJCXSY": "586898211.44",
    "KCFJYXSYHDJLR": "5732522241.81",
    "KCFJYXSYHDJLRTBZZ": "",
    "PTGJLR": "",
    "PTGJLRTBZZ": "",
    "KCFJCXSYHPTGJLR": "",
    "KCFJCXSYHPTGJLRTBZZ": "",
    "JYXJLLJE": "31430984938.66",
    "MGJYXJLLJE": "",
    "ZCZE": "908508499680.74",
    "GDQY": "119723389659.58",
    "MGJZCPL": "",
    "PTGMGJZC": "",
    "GJKJZEJLR": "",
    "GJKJZZJZC": ""
  }
]

=== 002190-2026-03-14-成飞集成-2025年年度报告.pdf ===
[
  {
    "JZRQ": "2025-12-31",
    "JBMGSY": "-0.1225",
    "XSMGSY": "-0.1225",
    "JBMGSYKC": "-0.1411",
    "XSMGSYKC": "-0.1411",
    "JLRJZCSYLJQ": "-1.35",
    "KCHJLRJZCSYLJQ": "-1.56",
    "PTGJZCSYLJQ": "-1.35",
    "KCPTGJZCSYLJQ": "-1.56",
    "YYZSR": "",
    "YYZSRTBZZ": "",
    "YYSR": "2308117338.51",
    "YYSRTBZZ": "-2.49",
    "JLRHJ": "",
    "JLRHJTBZZ": "",
    "JLR": "-43949168.25",
    "JLRTBZZ": "41.47",
    "FJCXSY": "6670223.36",
    "KCFJYXSYHDJLR": "-50619391.61",
    "KCFJYXSYHDJLRTBZZ": "26.33",
    "PTGJLR": "",
    "PTGJLRTBZZ": "",
    "KCFJCXSYHPTGJLR": "",
    "KCFJCXSYHPTGJLRTBZZ": "",
    "JYXJLLJE": "225097464.55",
    "MGJYXJLLJE": "",
    "ZCZE": "6444329574.90",
    "GDQY": "3855693096.58",
    "MGJZCPL": "",
    "PTGMGJZC": "",
    "GJKJZEJLR": "",
    "GJKJZZJZC": ""
  },
  {
    "JZRQ": "2024-12-31",
    "JBMGSY": "-0.2093",
    "XSMGSY": "-0.2093",
    "JBMGSYKC": "-0.1915",
    "XSMGSYKC": "",
    "JLRJZCSYLJQ": "-2.55",
    "KCHJLRJZCSYLJQ": "-2.34",
    "PTGJZCSYLJQ": "",
    "KCPTGJZCSYLJQ": "",
    "YYZSR": "",
    "YYZSRTBZZ": "",
    "YYSR": "2367002689.19",
    "YYSRTBZZ": "",
    "JLRHJ": "",
    "JLRHJTBZZ": "",
    "JLR": "-75089589.85",
    "JLRTBZZ": "",
    "FJCXSY": "-6382392.34",
    "KCFJYXSYHDJLR": "-68707197.51",
    "KCFJYXSYHDJLRTBZZ": "",
    "PTGJLR": "",
    "PTGJLRTBZZ": "",
    "KCFJCXSYHPTGJLR": "",
    "KCFJCXSYHPTGJLRTBZZ": "",
    "JYXJLLJE": "118682301.91",
    "MGJYXJLLJE": "",
    "ZCZE": "4908014624.36",
    "GDQY": "2646946408.18",
    "MGJZCPL": "",
    "PTGMGJZC": "",
    "GJKJZEJLR": "",
    "GJKJZZJZC": ""
  },
  {
    "JZRQ": "2023-12-31",
    "JBMGSY": "0.0377",
    "XSMGSY": "0.0377",
    "JBMGSYKC": "0.0014",
    "XSMGSYKC": "",
    "JLRJZCSYLJQ": "0.42",
    "KCHJLRJZCSYLJQ": "0.00",
    "PTGJZCSYLJQ": "",
    "KCPTGJZCSYLJQ": "",
    "YYZSR": "",
    "YYZSRTBZZ": "",
    "YYSR": "2080616514.19",
    "YYSRTBZZ": "",
    "JLRHJ": "",
    "JLRHJTBZZ": "",
    "JLR": "13528329.98",
    "JLRTBZZ": "",
    "FJCXSY": "14035926.53",
    "KCFJYXSYHDJLR": "-507596.55",
    "KCFJYXSYHDJLRTBZZ": "",
    "PTGJLR": "",
    "PTGJLRTBZZ": "",
    "KCFJCXSYHPTGJLR": "",
    "KCFJCXSYHPTGJLRTBZZ": "",
    "JYXJLLJE": "31679641.26",
    "MGJYXJLLJE": "",
    "ZCZE": "5346099000.15",
    "GDQY": "3248837218.82",
    "MGJZCPL": "",
    "PTGMGJZC": "",
    "GJKJZEJLR": "",
    "GJKJZZJZC": ""
  }
]

=== 002107-2026-01-20-沃华医药-2025年年度报告.pdf ===
[
  {
    "JZRQ": "2025-12-31",
    "JBMGSY": "0.17",
    "XSMGSY": "0.17",
    "JBMGSYKC": "0.16",
    "XSMGSYKC": "0.16",
    "JLRJZCSYLJQ": "13.15",
    "KCHJLRJZCSYLJQ": "",
    "PTGJZCSYLJQ": "13.15",
    "KCPTGJZCSYLJQ": "12.65",
    "YYZSR": "",
    "YYZSRTBZZ": "",
    "YYSR": "816952424.84",
    "YYSRTBZZ": "6.96",
    "JLRHJ": "",
    "JLRHJTBZZ": "",
    "JLR": "95715292.65",
    "JLRTBZZ": "162.93",
    "FJCXSY": "3608590.08",
    "KCFJYXSYHDJLR": "92106702.57",
    "KCFJYXSYHDJLRTBZZ": "168.20",
    "PTGJLR": "",
    "PTGJLRTBZZ": "",
    "KCFJCXSYHPTGJLR": "",
    "KCFJCXSYHPTGJLRTBZZ": "",
    "JYXJLLJE": "128525616.00",
    "MGJYXJLLJE": "",
    "ZCZE": "977369967.20",
    "GDQY": "723818446.05",
    "MGJZCPL": "",
    "PTGMGJZC": "",
    "GJKJZEJLR": "",
    "GJKJZZJZC": ""
  },
  {
    "JZRQ": "2024-12-31",
    "JBMGSY": "",
    "XSMGSY": "",
    "JBMGSYKC": "",
    "XSMGSYKC": "",
    "JLRJZCSYLJQ": "4.92",
    "KCHJLRJZCSYLJQ": "",
    "PTGJZCSYLJQ": "",
    "KCPTGJZCSYLJQ": "",
    "YYZSR": "",
    "YYZSRTBZZ": "",
    "YYSR": "763793394.09",
    "YYSRTBZZ": "",
    "JLRHJ": "",
    "JLRHJTBZZ": "",
    "JLR": "36403379.34",
    "JLRTBZZ": "",
    "FJCXSY": "2060233.23",
    "KCFJYXSYHDJLR": "34343146.11",
    "KCFJYXSYHDJLRTBZZ": "",
    "PTGJLR": "",
    "PTGJLRTBZZ": "",
    "KCFJCXSYHPTGJLR": "",
    "KCFJCXSYHPTGJLRTBZZ": "",
    "JYXJLLJE": "91509751.31",
    "MGJYXJLLJE": "",
    "ZCZE": "985730497.97",
    "GDQY": "697368305.40",
    "MGJZCPL": "",
    "PTGMGJZC": "",
    "GJKJZEJLR": "",
    "GJKJZZJZC": ""
  },
  {
    "JZRQ": "2023-12-31",
    "JBMGSY": "",
    "XSMGSY": "",
    "JBMGSYKC": "",
    "XSMGSYKC": "",
    "JLRJZCSYLJQ": "7.57",
    "KCHJLRJZCSYLJQ": "",
    "PTGJZCSYLJQ": "",
    "KCPTGJZCSYLJQ": "",
    "YYZSR": "",
    "YYZSRTBZZ": "",
    "YYSR": "909506771.72",
    "YYSRTBZZ": "",
    "JLRHJ": "",
    "JLRHJTBZZ": "",
    "JLR": "58767086.78",
    "JLRTBZZ": "",
    "FJCXSY": "1869569.97",
    "KCFJYXSYHDJLR": "56897516.81",
    "KCFJYXSYHDJLRTBZZ": "",
    "PTGJLR": "",
    "PTGJLRTBZZ": "",
    "KCFJCXSYHPTGJLR": "",
    "KCFJCXSYHPTGJLRTBZZ": "",
    "JYXJLLJE": "129246864.39",
    "MGJYXJLLJE": "",
    "ZCZE": "1144706388.58",
    "GDQY": "805267326.06",
    "MGJZCPL": "",
    "PTGMGJZC": "",
    "GJKJZEJLR": "",
    "GJKJZZJZC": ""
  }
]

=== 002072-2026-02-11-凯瑞德-2025年年度报告.pdf ===
[
  {
    "JZRQ": "2025-12-31",
    "JBMGSY": "-0.0603",
    "XSMGSY": "-0.0603",
    "JBMGSYKC": "-0.0384",
    "XSMGSYKC": "-0.0384",
    "JLRJZCSYLJQ": "-54.99",
    "KCHJLRJZCSYLJQ": "-34.98",
    "PTGJZCSYLJQ": "-54.99",
    "KCPTGJZCSYLJQ": "-34.98",
    "YYZSR": "",
    "YYZSRTBZZ": "",
    "YYSR": 464722321.09,
    "YYSRTBZZ": -25.89,
    "JLRHJ": "",
    "JLRHJTBZZ": "",
    "JLR": -22182599.11,
    "JLRTBZZ": -1142.61,
    "FJCXSY": -8070494.86,
    "KCFJYXSYHDJLR": -14112104.25,
    "KCFJYXSYHDJLRTBZZ": -552.07,
    "PTGJLR": "",
    "PTGJLRTBZZ": "",
    "KCFJCXSYHPTGJLR": "",
    "KCFJCXSYHPTGJLRTBZZ": "",
    "JYXJLLJE": 252159.35,
    "MGJYXJLLJE": "",
    "ZCZE": 258550409.51,
    "GDQY": 235580558.53,
    "MGJZCPL": "",
    "PTGMGJZC": "",
    "GJKJZEJLR": "",
    "GJKJZZJZC": ""
  },
  {
    "JZRQ": "2024-12-31",
    "JBMGSY": "-0.0049",
    "XSMGSY": "-0.0049",
    "JBMGSYKC": "",
    "XSMGSYKC": "",
    "JLRJZCSYLJQ": "-3.41",
    "KCHJLRJZCSYLJQ": "",
    "PTGJZCSYLJQ": "",
    "KCPTGJZCSYLJQ": "",
    "YYZSR": "",
    "YYZSRTBZZ": "",
    "YYSR": 627100954.85,
    "YYSRTBZZ": "",
    "JLRHJ": "",
    "JLRHJTBZZ": "",
    "JLR": -1785163.86,
    "JLRTBZZ": "",
    "FJCXSY": 379042.78,
    "KCFJYXSYHDJLR": -2164206.64,
    "KCFJYXSYHDJLRTBZZ": "",
    "PTGJLR": "",
    "PTGJLRTBZZ": "",
    "KCFJCXSYHPTGJLR": "",
    "KCFJCXSYHPTGJLRTBZZ": "",
    "JYXJLLJE": -495606.92,
    "MGJYXJLLJE": "",
    "ZCZE": 74214877.92,
    "GDQY": 51430621.64,
    "MGJZCPL": "",
    "PTGMGJZC": "",
    "GJKJZEJLR": "",
    "GJKJZZJZC": ""
  },
  {
    "JZRQ": "2023-12-31",
    "JBMGSY": "0.0051",
    "XSMGSY": "0.0051",
    "JBMGSYKC": "",
    "XSMGSYKC": "",
    "JLRJZCSYLJQ": "3.63",
    "KCHJLRJZCSYLJQ": "",
    "PTGJZCSYLJQ": "",
    "KCPTGJZCSYLJQ": "",
    "YYZSR": "",
    "YYZSRTBZZ": "",
    "YYSR": 336431196.2,
    "YYSRTBZZ": "",
    "JLRHJ": "",
    "JLRHJTBZZ": "",
    "JLR": 1880320.48,
    "JLRTBZZ": "",
    "FJCXSY": 930029.15,
    "KCFJYXSYHDJLR": 950291.33,
    "KCFJYXSYHDJLRTBZZ": "",
    "PTGJLR": "",
    "PTGJLRTBZZ": "",
    "KCFJCXSYHPTGJLR": "",
    "KCFJCXSYHPTGJLRTBZZ": "",
    "JYXJLLJE": 4862030.77,
    "MGJYXJLLJE": "",
    "ZCZE": 117128966.34,
    "GDQY": 53215527.9,
    "MGJZCPL": "",
    "PTGMGJZC": "",
    "GJKJZEJLR": "",
    "GJKJZZJZC": ""
  }
]

=== 001914-2026-03-14-招商积余-2025年年度报告.pdf ===
[
  {
    "JZRQ": "2025-12-31",
    "JBMGSY": "0.6185",
    "XSMGSY": "0.6185",
    "JBMGSYKC": "0.5707",
    "XSMGSYKC": "0.5707",
    "JLRJZCSYLJQ": "6.19",
    "KCHJLRJZCSYLJQ": "",
    "PTGJZCSYLJQ": "6.19",
    "KCPTGJZCSYLJQ": "5.72",
    "YYZSR": "",
    "YYZSRTBZZ": "",
    "YYSR": "19273211990.16",
    "YYSRTBZZ": "12.23",
    "JLRHJ": "",
    "JLRHJTBZZ": "",
    "JLR": "654579171.43",
    "JLRTBZZ": "-22.12",
    "FJCXSY": "50570660.78",
    "KCFJYXSYHDJLR": "604008510.65",
    "KCFJYXSYHDJLRTBZZ": "-24.39",
    "PTGJLR": "",
    "PTGJLRTBZZ": "",
    "KCFJCXSYHPTGJLR": "",
    "KCFJCXSYHPTGJLRTBZZ": "",
    "JYXJLLJE": "1640954562.03",
    "MGJYXJLLJE": "",
    "ZCZE": "20071594046.56",
    "GDQY": "10724320895.04",
    "MGJZCPL": "",
    "PTGMGJZC": "",
    "GJKJZEJLR": "",
    "GJKJZZJZC": ""
  },
  {
    "JZRQ": "2024-12-31",
    "JBMGSY": "",
    "XSMGSY": "",
    "JBMGSYKC": "",
    "XSMGSYKC": "",
    "JLRJZCSYLJQ": "8.33",
    "KCHJLRJZCSYLJQ": "",
    "PTGJZCSYLJQ": "",
    "KCPTGJZCSYLJQ": "",
    "YYZSR": "",
    "YYZSRTBZZ": "",
    "YYSR": "17172299022.77",
    "YYSRTBZZ": "",
    "JLRHJ": "",
    "JLRHJTBZZ": "",
    "JLR": "840498226.18",
    "JLRTBZZ": "",
    "FJCXSY": "41661833.07",
    "KCFJYXSYHDJLR": "798836393.11",
    "KCFJYXSYHDJLRTBZZ": "",
    "PTGJLR": "",
    "PTGJLRTBZZ": "",
    "KCFJCXSYHPTGJLR": "",
    "KCFJCXSYHPTGJLRTBZZ": "",
    "JYXJLLJE": "1834409890.80",
    "MGJYXJLLJE": "",
    "ZCZE": "19160836979.00",
    "GDQY": "10449068102.64",
    "MGJZCPL": "",
    "PTGMGJZC": "",
    "GJKJZEJLR": "",
    "GJKJZZJZC": ""
  },
  {
    "JZRQ": "2023-12-31",
    "JBMGSY": "",
    "XSMGSY": "",
    "JBMGSYKC": "",
    "XSMGSYKC": "",
    "JLRJZCSYLJQ": "7.77",
    "KCHJLRJZCSYLJQ": "",
    "PTGJZCSYLJQ": "",
    "KCPTGJZCSYLJQ": "",
    "YYZSR": "",
    "YYZSRTBZZ": "",
    "YYSR": "15626679038.60",
    "YYSRTBZZ": "",
    "JLRHJ": "",
    "JLRHJTBZZ": "",
    "JLR": "735762082.76",
    "JLRTBZZ": "",
    "FJCXSY": "76222004.51",
    "KCFJYXSYHDJLR": "659540078.25",
    "KCFJYXSYHDJLRTBZZ": "",
    "PTGJLR": "",
    "PTGJLRTBZZ": "",
    "KCFJCXSYHPTGJLR": "",
    "KCFJCXSYHPTGJLRTBZZ": "",
    "JYXJLLJE": "1850463043.96",
    "MGJYXJLLJE": "",
    "ZCZE": "18670157519.95",
    "GDQY": "9759458733.32",
    "MGJZCPL": "",
    "PTGMGJZC": "",
    "GJKJZEJLR": "",
    "GJKJZZJZC": ""
  }
]

=== 002138-2026-02-28-顺络电子-2025年年度报告.pdf ===
[
  {
    "JZRQ": "2025-12-31",
    "JBMGSY": "1.30",
    "XSMGSY": "1.30",
    "JBMGSYKC": "1.25",
    "XSMGSYKC": "1.24",
    "JLRJZCSYLJQ": "16.06",
    "KCHJLRJZCSYLJQ": "",
    "PTGJZCSYLJQ": "16.06",
    "KCPTGJZCSYLJQ": "15.39",
    "YYZSR": "",
    "YYZSRTBZZ": "",
    "YYSR": "6745291381.99",
    "YYSRTBZZ": "14.39",
    "JLRHJ": "",
    "JLRHJTBZZ": "",
    "JLR": "1021016292.98",
    "JLRTBZZ": "22.71",
    "FJCXSY": "42806694.48",
    "KCFJYXSYHDJLR": "978209598.50",
    "KCFJYXSYHDJLRTBZZ": "25.23",
    "PTGJLR": "",
    "PTGJLRTBZZ": "",
    "KCFJCXSYHPTGJLR": "",
    "KCFJCXSYHPTGJLRTBZZ": "",
    "JYXJLLJE": "1698999817.55",
    "MGJYXJLLJE": "",
    "ZCZE": "13293509297.53",
    "GDQY": "6779735641.03",
    "MGJZCPL": "",
    "PTGMGJZC": "",
    "GJKJZEJLR": "",
    "GJKJZZJZC": ""
  },
  {
    "JZRQ": "2024-12-31",
    "JBMGSY": "1.05",
    "XSMGSY": "1.05",
    "JBMGSYKC": "1.05",
    "XSMGSYKC": "",
    "JLRJZCSYLJQ": "13.69",
    "KCHJLRJZCSYLJQ": "",
    "PTGJZCSYLJQ": "",
    "KCPTGJZCSYLJQ": "",
    "YYZSR": "",
    "YYZSRTBZZ": "",
    "YYSR": "5896910162.54",
    "YYSRTBZZ": "",
    "JLRHJ": "",
    "JLRHJTBZZ": "",
    "JLR": "832084151.71",
    "JLRTBZZ": "",
    "FJCXSY": "50971169.10",
    "KCFJYXSYHDJLR": "781112982.61",
    "KCFJYXSYHDJLRTBZZ": "",
    "PTGJLR": "",
    "PTGJLRTBZZ": "",
    "KCFJCXSYHPTGJLR": "",
    "KCFJCXSYHPTGJLRTBZZ": "",
    "JYXJLLJE": "1431186229.04",
    "MGJYXJLLJE": "",
    "ZCZE": "12706076693.57",
    "GDQY": "6262764093.65",
    "MGJZCPL": "",
    "PTGMGJZC": "",
    "GJKJZEJLR": "",
    "GJKJZZJZC": ""
  },
  {
    "JZRQ": "2023-12-31",
    "JBMGSY": "0.81",
    "XSMGSY": "0.81",
    "JBMGSYKC": "0.81",
    "XSMGSYKC": "",
    "JLRJZCSYLJQ": "11.22",
    "KCHJLRJZCSYLJQ": "",
    "PTGJZCSYLJQ": "",
    "KCPTGJZCSYLJQ": "",
    "YYZSR": "",
    "YYZSRTBZZ": "",
    "YYSR": "5040423672.03",
    "YYSRTBZZ": "",
    "JLRHJ": "",
    "JLRHJTBZZ": "",
    "JLR": "640529897.50",
    "JLRTBZZ": "",
    "FJCXSY": "48609688.82",
    "KCFJYXSYHDJLR": "591920208.68",
    "KCFJYXSYHDJLRTBZZ": "",
    "PTGJLR": "",
    "PTGJLRTBZZ": "",
    "KCFJCXSYHPTGJLR": "",
    "KCFJCXSYHPTGJLRTBZZ": "",
    "JYXJLLJE": "1144486373.45",
    "MGJYXJLLJE": "",
    "ZCZE": "12568392287.29",
    "GDQY": "5963696315.20",
    "MGJZCPL": "",
    "PTGMGJZC": "",
    "GJKJZEJLR": "",
    "GJKJZZJZC": ""
  }
]

=== 002213-2026-03-06-大为股份-2025年年度报告.pdf ===
[
  {
    "JZRQ": "2025-12-31",
    "JBMGSY": "-0.0660",
    "XSMGSY": "-0.0660",
    "JBMGSYKC": "-0.0396",
    "XSMGSYKC": "-0.0396",
    "JLRJZCSYLJQ": "-2.80",
    "KCHJLRJZCSYLJQ": "-1.68",
    "PTGJZCSYLJQ": "-2.80",
    "KCPTGJZCSYLJQ": "-1.68",
    "YYZSR": "",
    "YYZSRTBZZ": "",
    "YYSR": 1222356156.91,
    "YYSRTBZZ": "16.74",
    "JLRHJ": "",
    "JLRHJTBZZ": "",
    "JLR": -15621781.98,
    "JLRTBZZ": "67.73",
    "FJCXSY": -6251044.92,
    "KCFJYXSYHDJLR": -9370737.06,
    "KCFJYXSYHDJLRTBZZ": "83.09",
    "PTGJLR": "",
    "PTGJLRTBZZ": "",
    "KCFJCXSYHPTGJLR": "",
    "KCFJCXSYHPTGJLRTBZZ": "",
    "JYXJLLJE": -179865451.64,
    "MGJYXJLLJE": "",
    "ZCZE": 706989629.39,
    "GDQY": 544530224.02,
    "MGJZCPL": "",
    "PTGMGJZC": "",
    "GJKJZEJLR": "",
    "GJKJZZJZC": ""
  },
  {
    "JZRQ": "2024-12-31",
    "JBMGSY": "-0.2051",
    "XSMGSY": "-0.2051",
    "JBMGSYKC": "-0.2261",
    "XSMGSYKC": "",
    "JLRJZCSYLJQ": "-8.30",
    "KCHJLRJZCSYLJQ": "-9.49",
    "PTGJZCSYLJQ": "",
    "KCPTGJZCSYLJQ": "",
    "YYZSR": "",
    "YYZSRTBZZ": "",
    "YYSR": 1047049947.63,
    "YYSRTBZZ": "43.00",
    "JLRHJ": "",
    "JLRHJTBZZ": "",
    "JLR": -48407047.08,
    "JLRTBZZ": "27.31",
    "FJCXSY": 6998581.6,
    "KCFJYXSYHDJLR": -55405628.68,
    "KCFJYXSYHDJLRTBZZ": "17.88",
    "PTGJLR": "",
    "PTGJLRTBZZ": "",
    "KCFJCXSYHPTGJLR": "",
    "KCFJCXSYHPTGJLRTBZZ": "",
    "JYXJLLJE": 61663514.65,
    "MGJYXJLLJE": "",
    "ZCZE": 780366526.01,
    "GDQY": 565185541.0,
    "MGJZCPL": "",
    "PTGMGJZC": "",
    "GJKJZEJLR": "",
    "GJKJZZJZC": ""
  },
  {
    "JZRQ": "2023-12-31",
    "JBMGSY": "-0.2823",
    "XSMGSY": "-0.2823",
    "JBMGSYKC": "-0.2865",
    "XSMGSYKC": "",
    "JLRJZCSYLJQ": "-10.42",
    "KCHJLRJZCSYLJQ": "-10.78",
    "PTGJZCSYLJQ": "",
    "KCPTGJZCSYLJQ": "",
    "YYZSR": "",
    "YYZSRTBZZ": "",
    "YYSR": 732681202.61,
    "YYSRTBZZ": "",
    "JLRHJ": "",
    "JLRHJTBZZ": "",
    "JLR": -66626052.31,
    "JLRTBZZ": "",
    "FJCXSY": 1001649.55,
    "KCFJYXSYHDJLR": -67627701.86,
    "KCFJYXSYHDJLRTBZZ": "",
    "PTGJLR": "",
    "PTGJLRTBZZ": "",
    "KCFJCXSYHPTGJLR": "",
    "KCFJCXSYHPTGJLRTBZZ": "",
    "JYXJLLJE": -40176500.0,
    "MGJYXJLLJE": "",
    "ZCZE": 730504660.44,
    "GDQY": 607355562.79,
    "MGJZCPL": "",
    "PTGMGJZC": "",
    "GJKJZEJLR": "",
    "GJKJZZJZC": ""
  }
]

=== 001309-2026-02-28-德明利-2025年年度报告.pdf ===
[
  {
    "JZRQ": "2025-12-31",
    "JBMGSY": "3.08",
    "XSMGSY": "3.03",
    "JBMGSYKC": "2.99",
    "XSMGSYKC": "2.94",
    "JLRJZCSYLJQ": "24.21",
    "KCHJLRJZCSYLJQ": "",
    "PTGJZCSYLJQ": "24.21",
    "KCPTGJZCSYLJQ": "23.50",
    "YYZSR": "",
    "YYZSRTBZZ": "",
    "YYSR": "10789100246.68",
    "YYSRTBZZ": "126.07",
    "JLRHJ": "",
    "JLRHJTBZZ": "",
    "JLR": "688329031.23",
    "JLRTBZZ": "96.35",
    "FJCXSY": "20077003.34",
    "KCFJYXSYHDJLR": "668252027.89",
    "KCFJYXSYHDJLRTBZZ": "120.77",
    "PTGJLR": "",
    "PTGJLRTBZZ": "",
    "KCFJCXSYHPTGJLR": "",
    "KCFJCXSYHPTGJLRTBZZ": "",
    "JYXJLLJE": "-2240893168.11",
    "MGJYXJLLJE": "",
    "ZCZE": "10850236045.46",
    "GDQY": "3269412791.23",
    "MGJZCPL": "",
    "PTGMGJZC": "",
    "GJKJZEJLR": "",
    "GJKJZZJZC": ""
  },
  {
    "JZRQ": "2024-12-31",
    "JBMGSY": "1.70",
    "XSMGSY": "1.69",
    "JBMGSYKC": "",
    "XSMGSYKC": "",
    "JLRJZCSYLJQ": "26.83",
    "KCHJLRJZCSYLJQ": "",
    "PTGJZCSYLJQ": "",
    "KCPTGJZCSYLJQ": "",
    "YYZSR": "",
    "YYZSRTBZZ": "",
    "YYSR": "4772546275.05",
    "YYSRTBZZ": "",
    "JLRHJ": "",
    "JLRHJTBZZ": "",
    "JLR": "350553740.48",
    "JLRTBZZ": "",
    "FJCXSY": "47855628.39",
    "KCFJYXSYHDJLR": "302698112.09",
    "KCFJYXSYHDJLRTBZZ": "",
    "PTGJLR": "",
    "PTGJLRTBZZ": "",
    "KCFJCXSYHPTGJLR": "",
    "KCFJCXSYHPTGJLRTBZZ": "",
    "JYXJLLJE": "-1263366719.31",
    "MGJYXJLLJE": "",
    "ZCZE": "6568159107.56",
    "GDQY": "2480378428.99",
    "MGJZCPL": "",
    "PTGMGJZC": "",
    "GJKJZEJLR": "",
    "GJKJZZJZC": ""
  },
  {
    "JZRQ": "2023-12-31",
    "JBMGSY": "0.12",
    "XSMGSY": "0.12",
    "JBMGSYKC": "",
    "XSMGSYKC": "",
    "JLRJZCSYLJQ": "2.26",
    "KCHJLRJZCSYLJQ": "",
    "PTGJZCSYLJQ": "",
    "KCPTGJZCSYLJQ": "",
    "YYZSR": "",
    "YYZSRTBZZ": "",
    "YYSR": "1775912799.26",
    "YYSRTBZZ": "",
    "JLRHJ": "",
    "JLRHJTBZZ": "",
    "JLR": "24998465.34",
    "JLRTBZZ": "",
    "FJCXSY": "10061757.42",
    "KCFJYXSYHDJLR": "14936707.92",
    "KCFJYXSYHDJLRTBZZ": "",
    "PTGJLR": "",
    "PTGJLRTBZZ": "",
    "KCFJCXSYHPTGJLR": "",
    "KCFJCXSYHPTGJLRTBZZ": "",
    "JYXJLLJE": "-1015413532.56",
    "MGJYXJLLJE": "",
    "ZCZE": "3288196110.77",
    "GDQY": "1122034573.15",
    "MGJZCPL": "",
    "PTGMGJZC": "",
    "GJKJZEJLR": "",
    "GJKJZZJZC": ""
  }
]

=== 002282-2026-03-17-博深股份-2025年年度报告.pdf ===
[
  {
    "JZRQ": "2025-12-31",
    "JBMGSY": "0.29",
    "XSMGSY": "0.29",
    "JBMGSYKC": "0.28",
    "XSMGSYKC": "0.28",
    "JLRJZCSYLJQ": "4.33",
    "KCHJLRJZCSYLJQ": "",
    "PTGJZCSYLJQ": "4.33",
    "KCPTGJZCSYLJQ": "4.11",
    "YYZSR": "",
    "YYZSRTBZZ": "",
    "YYSR": "1693453211.31",
    "YYSRTBZZ": "0.72",
    "JLRHJ": "",
    "JLRHJTBZZ": "",
    "JLR": "154674352.94",
    "JLRTBZZ": "-19.33",
    "FJCXSY": "8051112.28",
    "KCFJYXSYHDJLR": "146623240.66",
    "KCFJYXSYHDJLRTBZZ": "-17.43",
    "PTGJLR": "",
    "PTGJLRTBZZ": "",
    "KCFJCXSYHPTGJLR": "",
    "KCFJCXSYHPTGJLRTBZZ": "",
    "JYXJLLJE": "206164431.34",
    "MGJYXJLLJE": "",
    "ZCZE": "3998155271.56",
    "GDQY": "3618681486.69",
    "MGJZCPL": "",
    "PTGMGJZC": "",
    "GJKJZEJLR": "",
    "GJKJZZJZC": ""
  },
  {
    "JZRQ": "2024-12-31",
    "JBMGSY": "0.36",
    "XSMGSY": "0.36",
    "JBMGSYKC": "0.34",
    "XSMGSYKC": "",
    "JLRJZCSYLJQ": "5.62",
    "KCHJLRJZCSYLJQ": "",
    "PTGJZCSYLJQ": "",
    "KCPTGJZCSYLJQ": "",
    "YYZSR": "",
    "YYZSRTBZZ": "",
    "YYSR": "1681392127.67",
    "YYSRTBZZ": "",
    "JLRHJ": "",
    "JLRHJTBZZ": "",
    "JLR": "191745949.58",
    "JLRTBZZ": "",
    "FJCXSY": "14176228.42",
    "KCFJYXSYHDJLR": "177569721.16",
    "KCFJYXSYHDJLRTBZZ": "",
    "PTGJLR": "",
    "PTGJLRTBZZ": "",
    "KCFJCXSYHPTGJLR": "",
    "KCFJCXSYHPTGJLRTBZZ": "",
    "JYXJLLJE": "167325783.65",
    "MGJYXJLLJE": "",
    "ZCZE": "3986185015.72",
    "GDQY": "3559090095.56",
    "MGJZCPL": "",
    "PTGMGJZC": "",
    "GJKJZEJLR": "",
    "GJKJZZJZC": ""
  },
  {
    "JZRQ": "2023-12-31",
    "JBMGSY": "0.24",
    "XSMGSY": "0.24",
    "JBMGSYKC": "0.23",
    "XSMGSYKC": "",
    "JLRJZCSYLJQ": "3.67",
    "KCHJLRJZCSYLJQ": "",
    "PTGJZCSYLJQ": "",
    "KCPTGJZCSYLJQ": "",
    "YYZSR": "",
    "YYZSRTBZZ": "",
    "YYSR": "1606684215.25",
    "YYSRTBZZ": "",
    "JLRHJ": "",
    "JLRHJTBZZ": "",
    "JLR": "128774943.25",
    "JLRTBZZ": "",
    "FJCXSY": "-37888191.24",
    "KCFJYXSYHDJLR": "166663134.49",
    "KCFJYXSYHDJLRTBZZ": "",
    "PTGJLR": "",
    "PTGJLRTBZZ": "",
    "KCFJCXSYHPTGJLR": "",
    "KCFJCXSYHPTGJLRTBZZ": "",
    "JYXJLLJE": "162532123.57",
    "MGJYXJLLJE": "",
    "ZCZE": "3917005376.54",
    "GDQY": "3439000949.64",
    "MGJZCPL": "",
    "PTGMGJZC": "",
    "GJKJZEJLR": "",
    "GJKJZZJZC": ""
  }
]

=== 002419-2026-03-13-天虹股份-2025年年度报告.pdf ===
[
  {
    "JZRQ": "2025-12-31",
    "JBMGSY": "0.0712",
    "XSMGSY": "0.0712",
    "JBMGSYKC": "0.0085",
    "XSMGSYKC": "0.0085",
    "JLRJZCSYLJQ": "2.03",
    "KCHJLRJZCSYLJQ": "",
    "PTGJZCSYLJQ": "2.03",
    "KCPTGJZCSYLJQ": "0.24",
    "YYZSR": "",
    "YYZSRTBZZ": "",
    "YYSR": "11559200729.94",
    "YYSRTBZZ": "-1.92",
    "JLRHJ": "",
    "JLRHJTBZZ": "",
    "JLR": "83187111.38",
    "JLRTBZZ": "8.43",
    "FJCXSY": "73296757.82",
    "KCFJYXSYHDJLR": "9890353.56",
    "KCFJYXSYHDJLRTBZZ": "-29.00",
    "PTGJLR": "",
    "PTGJLRTBZZ": "",
    "KCFJCXSYHPTGJLR": "",
    "KCFJCXSYHPTGJLRTBZZ": "",
    "JYXJLLJE": "1635303196.10",
    "MGJYXJLLJE": "",
    "ZCZE": "25771478496.60",
    "GDQY": "4070709883.63",
    "MGJZCPL": "",
    "PTGMGJZC": "",
    "GJKJZEJLR": "",
    "GJKJZZJZC": ""
  },
  {
    "JZRQ": "2024-12-31",
    "JBMGSY": "0.0656",
    "XSMGSY": "0.0656",
    "JBMGSYKC": "0.0119",
    "XSMGSYKC": "",
    "JLRJZCSYLJQ": "1.86",
    "KCHJLRJZCSYLJQ": "",
    "PTGJZCSYLJQ": "",
    "KCPTGJZCSYLJQ": "",
    "YYZSR": "",
    "YYZSRTBZZ": "",
    "YYSR": "11786061908.57",
    "YYSRTBZZ": "",
    "JLRHJ": "",
    "JLRHJTBZZ": "",
    "JLR": "76717389.27",
    "JLRTBZZ": "",
    "FJCXSY": "62787193.24",
    "KCFJYXSYHDJLR": "13930196.03",
    "KCFJYXSYHDJLRTBZZ": "",
    "PTGJLR": "",
    "PTGJLRTBZZ": "",
    "KCFJCXSYHPTGJLR": "",
    "KCFJCXSYHPTGJLRTBZZ": "",
    "JYXJLLJE": "1973066353.58",
    "MGJYXJLLJE": "",
    "ZCZE": "28304086062.17",
    "GDQY": "4098327920.28",
    "MGJZCPL": "",
    "PTGMGJZC": "",
    "GJKJZEJLR": "",
    "GJKJZZJZC": ""
  },
  {
    "JZRQ": "2023-12-31",
    "JBMGSY": "0.1939",
    "XSMGSY": "0.1939",
    "JBMGSYKC": "",
    "XSMGSYKC": "",
    "JLRJZCSYLJQ": "5.51",
    "KCHJLRJZCSYLJQ": "",
    "PTGJZCSYLJQ": "",
    "KCPTGJZCSYLJQ": "",
    "YYZSR": "",
    "YYZSRTBZZ": "",
    "YYSR": "12086467638.90",
    "YYSRTBZZ": "",
    "JLRHJ": "",
    "JLRHJTBZZ": "",
    "JLR": "226677586.81",
    "JLRTBZZ": "",
    "FJCXSY": "98488198.93",
    "KCFJYXSYHDJLR": "128189387.88",
    "KCFJYXSYHDJLRTBZZ": "",
    "PTGJLR": "",
    "PTGJLRTBZZ": "",
    "KCFJCXSYHPTGJLR": "",
    "KCFJCXSYHPTGJLRTBZZ": "",
    "JYXJLLJE": "2746436020.34",
    "MGJYXJLLJE": "",
    "ZCZE": "28497099631.74",
    "GDQY": "4208470205.40",
    "MGJZCPL": "",
    "PTGMGJZC": "",
    "GJKJZEJLR": "",
    "GJKJZZJZC": ""
  }
]

=== 002462-2026-03-14-嘉事堂-2025年年度报告.pdf ===
[
  {
    "JZRQ": "2025-12-31",
    "JBMGSY": "0.38",
    "XSMGSY": "0.38",
    "JBMGSYKC": "0.31",
    "XSMGSYKC": "0.31",
    "JLRJZCSYLJQ": "2.58",
    "KCHJLRJZCSYLJQ": "",
    "PTGJZCSYLJQ": "2.58",
    "KCPTGJZCSYLJQ": "2.12",
    "YYZSR": "",
    "YYZSRTBZZ": "",
    "YYSR": 19525150161.97,
    "YYSRTBZZ": "-18.71",
    "JLRHJ": "",
    "JLRHJTBZZ": "",
    "JLR": 111378719.41,
    "JLRTBZZ": "-29.57",
    "FJCXSY": 19501397.78,
    "KCFJYXSYHDJLR": 91877321.63,
    "KCFJYXSYHDJLRTBZZ": "14.55",
    "PTGJLR": "",
    "PTGJLRTBZZ": "",
    "KCFJCXSYHPTGJLR": "",
    "KCFJCXSYHPTGJLRTBZZ": "",
    "JYXJLLJE": 1392196485.5,
    "MGJYXJLLJE": "",
    "ZCZE": 12748351508.29,
    "GDQY": 4351804983.35,
    "MGJZCPL": "",
    "PTGMGJZC": "",
    "GJKJZEJLR": "",
    "GJKJZZJZC": ""
  },
  {
    "JZRQ": "2024-12-31",
    "JBMGSY": "",
    "XSMGSY": "",
    "JBMGSYKC": "",
    "XSMGSYKC": "",
    "JLRJZCSYLJQ": "3.72",
    "KCHJLRJZCSYLJQ": "",
    "PTGJZCSYLJQ": "",
    "KCPTGJZCSYLJQ": "",
    "YYZSR": "",
    "YYZSRTBZZ": "",
    "YYSR": 24018607695.13,
    "YYSRTBZZ": "",
    "JLRHJ": "",
    "JLRHJTBZZ": "",
    "JLR": 158137566.4,
    "JLRTBZZ": "",
    "FJCXSY": 77933678.67,
    "KCFJYXSYHDJLR": 80203887.73,
    "KCFJYXSYHDJLRTBZZ": "",
    "PTGJLR": "",
    "PTGJLRTBZZ": "",
    "KCFJCXSYHPTGJLR": "",
    "KCFJCXSYHPTGJLRTBZZ": "",
    "JYXJLLJE": 180355187.36,
    "MGJYXJLLJE": "",
    "ZCZE": 14037951940.3,
    "GDQY": 4290016474.34,
    "MGJZCPL": "",
    "PTGMGJZC": "",
    "GJKJZEJLR": "",
    "GJKJZZJZC": ""
  },
  {
    "JZRQ": "2023-12-31",
    "JBMGSY": "",
    "XSMGSY": "",
    "JBMGSYKC": "",
    "XSMGSYKC": "",
    "JLRJZCSYLJQ": "6.00",
    "KCHJLRJZCSYLJQ": "",
    "PTGJZCSYLJQ": "",
    "KCPTGJZCSYLJQ": "",
    "YYZSR": "",
    "YYZSRTBZZ": "",
    "YYSR": 29996240361.78,
    "YYSRTBZZ": "",
    "JLRHJ": "",
    "JLRHJTBZZ": "",
    "JLR": 247536159.88,
    "JLRTBZZ": "",
    "FJCXSY": 8060371.39,
    "KCFJYXSYHDJLR": 239475788.49,
    "KCFJYXSYHDJLRTBZZ": "",
    "PTGJLR": "",
    "PTGJLRTBZZ": "",
    "KCFJCXSYHPTGJLR": "",
    "KCFJCXSYHPTGJLRTBZZ": "",
    "JYXJLLJE": 1595439529.42,
    "MGJYXJLLJE": "",
    "ZCZE": 17120851592.41,
    "GDQY": 4206434867.91,
    "MGJZCPL": "",
    "PTGMGJZC": "",
    "GJKJZEJLR": "",
    "GJKJZZJZC": ""
  }
]

=== 002316-2026-03-11-亚联发展-2025年年度报告.pdf ===
[
  {
    "JZRQ": "2025-12-31",
    "JBMGSY": "0.0157",
    "XSMGSY": "0.0157",
    "JBMGSYKC": "0.0060",
    "XSMGSYKC": "0.0060",
    "JLRJZCSYLJQ": "8.38",
    "KCHJLRJZCSYLJQ": "",
    "PTGJZCSYLJQ": "8.38",
    "KCPTGJZCSYLJQ": "3.18",
    "YYZSR": "",
    "YYZSRTBZZ": "",
    "YYSR": 586442724.54,
    "YYSRTBZZ": "-3.45",
    "JLRHJ": "",
    "JLRHJTBZZ": "",
    "JLR": 6166423.3,
    "JLRTBZZ": "-38.06",
    "FJCXSY": 3824159.74,
    "KCFJYXSYHDJLR": 2342263.56,
    "KCFJYXSYHDJLRTBZZ": "-56.58",
    "PTGJLR": "",
    "PTGJLRTBZZ": "",
    "KCFJCXSYHPTGJLR": "",
    "KCFJCXSYHPTGJLRTBZZ": "",
    "JYXJLLJE": 67347144.84,
    "MGJYXJLLJE": "",
    "ZCZE": 708214553.29,
    "GDQY": 76873325.6,
    "MGJZCPL": "",
    "PTGMGJZC": "",
    "GJKJZEJLR": "",
    "GJKJZZJZC": ""
  },
  {
    "JZRQ": "2024-12-31",
    "JBMGSY": "0.0253",
    "XSMGSY": "0.0253",
    "JBMGSYKC": "0.0137",
    "XSMGSYKC": "",
    "JLRJZCSYLJQ": "14.97",
    "KCHJLRJZCSYLJQ": "",
    "PTGJZCSYLJQ": "",
    "KCPTGJZCSYLJQ": "",
    "YYZSR": "",
    "YYZSRTBZZ": "",
    "YYSR": 607428715.28,
    "YYSRTBZZ": "",
    "JLRHJ": "",
    "JLRHJTBZZ": "",
    "JLR": 9955517.1,
    "JLRTBZZ": "",
    "FJCXSY": 4561294.4,
    "KCFJYXSYHDJLR": 5394222.7,
    "KCFJYXSYHDJLRTBZZ": "",
    "PTGJLR": "",
    "PTGJLRTBZZ": "",
    "KCFJCXSYHPTGJLR": "",
    "KCFJCXSYHPTGJLRTBZZ": "",
    "JYXJLLJE": -5043796.47,
    "MGJYXJLLJE": "",
    "ZCZE": 813109225.42,
    "GDQY": 70046596.74,
    "MGJZCPL": "",
    "PTGMGJZC": "",
    "GJKJZEJLR": "",
    "GJKJZZJZC": ""
  },
  {
    "JZRQ": "2023-12-31",
    "JBMGSY": "-0.0509",
    "XSMGSY": "-0.0509",
    "JBMGSYKC": "-0.0724",
    "XSMGSYKC": "",
    "JLRJZCSYLJQ": "-40.03",
    "KCHJLRJZCSYLJQ": "",
    "PTGJZCSYLJQ": "",
    "KCPTGJZCSYLJQ": "",
    "YYZSR": "",
    "YYZSRTBZZ": "",
    "YYSR": 603482324.26,
    "YYSRTBZZ": "",
    "JLRHJ": "",
    "JLRHJTBZZ": "",
    "JLR": -20005848.52,
    "JLRTBZZ": "",
    "FJCXSY": 8432374.61,
    "KCFJYXSYHDJLR": -28438223.13,
    "KCFJYXSYHDJLRTBZZ": "",
    "PTGJLR": "",
    "PTGJLRTBZZ": "",
    "KCFJCXSYHPTGJLR": "",
    "KCFJCXSYHPTGJLRTBZZ": "",
    "JYXJLLJE": 17574983.04,
    "MGJYXJLLJE": "",
    "ZCZE": 780617924.39,
    "GDQY": 61841859.24,
    "MGJZCPL": "",
    "PTGMGJZC": "",
    "GJKJZEJLR": "",
    "GJKJZZJZC": ""
  }
]

=== 002487-2026-03-06-大金重工-2025年年度报告.pdf ===
[
  {
    "JZRQ": "2025-12-31",
    "JBMGSY": "1.73",
    "XSMGSY": "1.73",
    "JBMGSYKC": "1.69",
    "XSMGSYKC": "1.69",
    "JLRJZCSYLJQ": "14.18",
    "KCHJLRJZCSYLJQ": "",
    "PTGJZCSYLJQ": "14.18",
    "KCPTGJZCSYLJQ": "13.84",
    "YYZSR": "",
    "YYZSRTBZZ": "",
    "YYSR": "6173550246.46",
    "YYSRTBZZ": "63.34",
    "JLRHJ": "",
    "JLRHJTBZZ": "",
    "JLR": "1103297424.75",
    "JLRTBZZ": "132.82",
    "FJCXSY": "26623276.04",
    "KCFJYXSYHDJLR": "1076674148.71",
    "KCFJYXSYHDJLRTBZZ": "148.68",
    "PTGJLR": "",
    "PTGJLRTBZZ": "",
    "KCFJCXSYHPTGJLR": "",
    "KCFJCXSYHPTGJLRTBZZ": "",
    "JYXJLLJE": "1227072296.33",
    "MGJYXJLLJE": "",
    "ZCZE": "14490551847.73",
    "GDQY": "8280290189.48",
    "MGJZCPL": "",
    "PTGMGJZC": "",
    "GJKJZEJLR": "",
    "GJKJZZJZC": ""
  },
  {
    "JZRQ": "2024-12-31",
    "JBMGSY": "",
    "XSMGSY": "",
    "JBMGSYKC": "",
    "XSMGSYKC": "",
    "JLRJZCSYLJQ": "6.68",
    "KCHJLRJZCSYLJQ": "",
    "PTGJZCSYLJQ": "",
    "KCPTGJZCSYLJQ": "",
    "YYZSR": "",
    "YYZSRTBZZ": "",
    "YYSR": "3779650570.21",
    "YYSRTBZZ": "",
    "JLRHJ": "",
    "JLRHJTBZZ": "",
    "JLR": "473874867.06",
    "JLRTBZZ": "",
    "FJCXSY": "40927725.82",
    "KCFJYXSYHDJLR": "432947141.24",
    "KCFJYXSYHDJLRTBZZ": "",
    "PTGJLR": "",
    "PTGJLRTBZZ": "",
    "KCFJCXSYHPTGJLR": "",
    "KCFJCXSYHPTGJLRTBZZ": "",
    "JYXJLLJE": "1083450989.85",
    "MGJYXJLLJE": "",
    "ZCZE": "11561949391.14",
    "GDQY": "7272009260.74",
    "MGJZCPL": "",
    "PTGMGJZC": "",
    "GJKJZEJLR": "",
    "GJKJZZJZC": ""
  },
  {
    "JZRQ": "2023-12-31",
    "JBMGSY": "",
    "XSMGSY": "",
    "JBMGSYKC": "",
    "XSMGSYKC": "",
    "JLRJZCSYLJQ": "6.32",
    "KCHJLRJZCSYLJQ": "",
    "PTGJZCSYLJQ": "",
    "KCPTGJZCSYLJQ": "",
    "YYZSR": "",
    "YYZSRTBZZ": "",
    "YYSR": "4325081969.61",
    "YYSRTBZZ": "",
    "JLRHJ": "",
    "JLRHJTBZZ": "",
    "JLR": "425157196.53",
    "JLRTBZZ": "",
    "FJCXSY": "57317190.38",
    "KCFJYXSYHDJLR": "367840006.15",
    "KCFJYXSYHDJLRTBZZ": "",
    "PTGJLR": "",
    "PTGJLRTBZZ": "",
    "KCFJCXSYHPTGJLR": "",
    "KCFJCXSYHPTGJLRTBZZ": "",
    "JYXJLLJE": "808698823.80",
    "MGJYXJLLJE": "",
    "ZCZE": "10224813274.51",
    "GDQY": "6914166614.83",
    "MGJZCPL": "",
    "PTGMGJZC": "",
    "GJKJZEJLR": "",
    "GJKJZZJZC": ""
  }
]

=== 002270-2026-02-27-华明装备-2025年年度报告.pdf ===
[
  {
    "JZRQ": "2025-12-31",
    "JBMGSY": "0.79",
    "XSMGSY": "0.79",
    "JBMGSYKC": "0.74",
    "XSMGSYKC": "0.74",
    "JLRJZCSYLJQ": "22.04",
    "KCHJLRJZCSYLJQ": "",
    "PTGJZCSYLJQ": "22.04",
    "KCPTGJZCSYLJQ": "20.84",
    "YYZSR": "",
    "YYZSRTBZZ": "",
    "YYSR": "2426794600.12",
    "YYSRTBZZ": "4.50",
    "JLRHJ": "",
    "JLRHJTBZZ": "",
    "JLR": "709737360.27",
    "JLRTBZZ": "15.54",
    "FJCXSY": "39091439.53",
    "KCFJYXSYHDJLR": "670645920.74",
    "KCFJYXSYHDJLRTBZZ": "15.27",
    "PTGJLR": "",
    "PTGJLRTBZZ": "",
    "KCFJCXSYHPTGJLR": "",
    "KCFJCXSYHPTGJLRTBZZ": "",
    "JYXJLLJE": "604031442.90",
    "MGJYXJLLJE": "",
    "ZCZE": "5208442684.19",
    "GDQY": "3142189795.97",
    "MGJZCPL": "",
    "PTGMGJZC": "",
    "GJKJZEJLR": "",
    "GJKJZZJZC": ""
  },
  {
    "JZRQ": "2024-12-31",
    "JBMGSY": "0.69",
    "XSMGSY": "0.69",
    "JBMGSYKC": "",
    "XSMGSYKC": "",
    "JLRJZCSYLJQ": "18.74",
    "KCHJLRJZCSYLJQ": "",
    "PTGJZCSYLJQ": "",
    "KCPTGJZCSYLJQ": "",
    "YYZSR": "",
    "YYZSRTBZZ": "",
    "YYSR": "2322202947.07",
    "YYSRTBZZ": "",
    "JLRHJ": "",
    "JLRHJTBZZ": "",
    "JLR": "614298729.87",
    "JLRTBZZ": "",
    "FJCXSY": "32474901.75",
    "KCFJYXSYHDJLR": "581823828.12",
    "KCFJYXSYHDJLRTBZZ": "",
    "PTGJLR": "",
    "PTGJLRTBZZ": "",
    "KCFJCXSYHPTGJLR": "",
    "KCFJCXSYHPTGJLRTBZZ": "",
    "JYXJLLJE": "889356091.31",
    "MGJYXJLLJE": "",
    "ZCZE": "4457694231.04",
    "GDQY": "3165709972.69",
    "MGJZCPL": "",
    "PTGMGJZC": "",
    "GJKJZEJLR": "",
    "GJKJZZJZC": ""
  },
  {
    "JZRQ": "2023-12-31",
    "JBMGSY": "0.61",
    "XSMGSY": "0.61",
    "JBMGSYKC": "",
    "XSMGSYKC": "",
    "JLRJZCSYLJQ": "16.05",
    "KCHJLRJZCSYLJQ": "",
    "PTGJZCSYLJQ": "",
    "KCPTGJZCSYLJQ": "",
    "YYZSR": "",
    "YYZSRTBZZ": "",
    "YYSR": "1961135955.92",
    "YYSRTBZZ": "",
    "JLRHJ": "",
    "JLRHJTBZZ": "",
    "JLR": "542405245.44",
    "JLRTBZZ": "",
    "FJCXSY": "39931779.13",
    "KCFJYXSYHDJLR": "502473466.31",
    "KCFJYXSYHDJLRTBZZ": "",
    "PTGJLR": "",
    "PTGJLRTBZZ": "",
    "KCFJCXSYHPTGJLR": "",
    "KCFJCXSYHPTGJLRTBZZ": "",
    "JYXJLLJE": "621679795.55",
    "MGJYXJLLJE": "",
    "ZCZE": "4518148178.69",
    "GDQY": "3350005160.56",
    "MGJZCPL": "",
    "PTGMGJZC": "",
    "GJKJZEJLR": "",
    "GJKJZZJZC": ""
  }
]

=== 002668-2026-03-11-TCL智家-2025年年度报告.pdf ===
[
  {
    "JZRQ": "2025-12-31",
    "JBMGSY": "1.04",
    "XSMGSY": "1.04",
    "JBMGSYKC": "1.04",
    "XSMGSYKC": "1.04",
    "JLRJZCSYLJQ": "37.69",
    "KCHJLRJZCSYLJQ": "37.65",
    "PTGJZCSYLJQ": "37.69",
    "KCPTGJZCSYLJQ": "37.65",
    "YYZSR": "",
    "YYZSRTBZZ": "",
    "YYSR": "18530993941.45",
    "YYSRTBZZ": "0.93",
    "JLRHJ": "",
    "JLRHJTBZZ": "",
    "JLR": "1123381869.26",
    "JLRTBZZ": "10.22",
    "FJCXSY": "1323865.12",
    "KCFJYXSYHDJLR": "1122058004.14",
    "KCFJYXSYHDJLRTBZZ": "12.47",
    "PTGJLR": "",
    "PTGJLRTBZZ": "",
    "KCFJCXSYHPTGJLR": "",
    "KCFJCXSYHPTGJLRTBZZ": "",
    "JYXJLLJE": "2545097539.94",
    "MGJYXJLLJE": "",
    "ZCZE": "15616128553.09",
    "GDQY": "3544141384.68",
    "MGJZCPL": "",
    "PTGMGJZC": "",
    "GJKJZEJLR": "",
    "GJKJZZJZC": ""
  },
  {
    "JZRQ": "2024-12-31",
    "JBMGSY": "0.94",
    "XSMGSY": "0.94",
    "JBMGSYKC": "0.94",
    "XSMGSYKC": "",
    "JLRJZCSYLJQ": "53.22",
    "KCHJLRJZCSYLJQ": "53.22",
    "PTGJZCSYLJQ": "",
    "KCPTGJZCSYLJQ": "",
    "YYZSR": "",
    "YYZSRTBZZ": "",
    "YYSR": "18360802831.59",
    "YYSRTBZZ": "",
    "JLRHJ": "",
    "JLRHJTBZZ": "",
    "JLR": "1019246632.25",
    "JLRTBZZ": "",
    "FJCXSY": "21562150.42",
    "KCFJYXSYHDJLR": "997684481.83",
    "KCFJYXSYHDJLRTBZZ": "",
    "PTGJLR": "",
    "PTGJLRTBZZ": "",
    "KCFJCXSYHPTGJLR": "",
    "KCFJCXSYHPTGJLRTBZZ": "",
    "JYXJLLJE": "2246757061.70",
    "MGJYXJLLJE": "",
    "ZCZE": "14892298707.25",
    "GDQY": "2416485958.06",
    "MGJZCPL": "",
    "PTGMGJZC": "",
    "GJKJZEJLR": "",
    "GJKJZZJZC": ""
  },
  {
    "JZRQ": "2023-12-31",
    "JBMGSY": "0.73",
    "XSMGSY": "0.73",
    "JBMGSYKC": "0.73",
    "XSMGSYKC": "",
    "JLRJZCSYLJQ": "57.73",
    "KCHJLRJZCSYLJQ": "57.73",
    "PTGJZCSYLJQ": "",
    "KCPTGJZCSYLJQ": "",
    "YYZSR": "",
    "YYZSRTBZZ": "",
    "YYSR": "15179647834.74",
    "YYSRTBZZ": "",
    "JLRHJ": "",
    "JLRHJTBZZ": "",
    "JLR": "786593065.97",
    "JLRTBZZ": "",
    "FJCXSY": "72882929.81",
    "KCFJYXSYHDJLR": "713710136.16",
    "KCFJYXSYHDJLRTBZZ": "",
    "PTGJLR": "",
    "PTGJLRTBZZ": "",
    "KCFJCXSYHPTGJLR": "",
    "KCFJCXSYHPTGJLRTBZZ": "",
    "JYXJLLJE": "2797916970.28",
    "MGJYXJLLJE": "",
    "ZCZE": "12572194644.76",
    "GDQY": "1413930338.19",
    "MGJZCPL": "",
    "PTGMGJZC": "",
    "GJKJZEJLR": "",
    "GJKJZZJZC": ""
  }
]

=== 002647-2026-02-28-ST仁东-2025年年度报告.pdf ===
[
  {
    "JZRQ": "2025-12-31",
    "JBMGSY": "0.35",
    "XSMGSY": "0.35",
    "JBMGSYKC": "0.04",
    "XSMGSYKC": "0.04",
    "JLRJZCSYLJQ": "",
    "KCHJLRJZCSYLJQ": "",
    "PTGJZCSYLJQ": "不适用",
    "KCPTGJZCSYLJQ": "不适用",
    "YYZSR": "",
    "YYZSRTBZZ": "",
    "YYSR": 822820010.93,
    "YYSRTBZZ": "-29.01",
    "JLRHJ": "",
    "JLRHJTBZZ": "",
    "JLR": 359567236.23,
    "JLRTBZZ": "143.17",
    "FJCXSY": 316912757.11,
    "KCFJYXSYHDJLR": 42654479.12,
    "KCFJYXSYHDJLRTBZZ": "129.14",
    "PTGJLR": "",
    "PTGJLRTBZZ": "",
    "KCFJCXSYHPTGJLR": "",
    "KCFJCXSYHPTGJLRTBZZ": "",
    "JYXJLLJE": 60138295.92,
    "MGJYXJLLJE": "",
    "ZCZE": 5506159542.11,
    "GDQY": 561740584.42,
    "MGJZCPL": "",
    "PTGMGJZC": "",
    "GJKJZEJLR": "",
    "GJKJZZJZC": ""
  },
  {
    "JZRQ": "2024-12-31",
    "JBMGSY": "0.35",
    "XSMGSY": "0.35",
    "JBMGSYKC": "0.04",
    "XSMGSYKC": "0.04",
    "JLRJZCSYLJQ": "",
    "KCHJLRJZCSYLJQ": "",
    "PTGJZCSYLJQ": "不适用",
    "KCPTGJZCSYLJQ": "不适用",
    "YYZSR": "",
    "YYZSRTBZZ": "",
    "YYSR": 1159000575.65,
    "YYSRTBZZ": "",
    "JLRHJ": "",
    "JLRHJTBZZ": "",
    "JLR": -832988321.97,
    "JLRTBZZ": "",
    "FJCXSY": -686607127.32,
    "KCFJYXSYHDJLR": -146381194.65,
    "KCFJYXSYHDJLRTBZZ": "",
    "PTGJLR": "",
    "PTGJLRTBZZ": "",
    "KCFJCXSYHPTGJLR": "",
    "KCFJCXSYHPTGJLRTBZZ": "",
    "JYXJLLJE": 54818664.73,
    "MGJYXJLLJE": "",
    "ZCZE": 4583263172.42,
    "GDQY": -704843133.55,
    "MGJZCPL": "",
    "PTGMGJZC": "",
    "GJKJZEJLR": "",
    "GJKJZZJZC": ""
  },
  {
    "JZRQ": "2023-12-31",
    "JBMGSY": "0.35",
    "XSMGSY": "0.35",
    "JBMGSYKC": "0.04",
    "XSMGSYKC": "0.04",
    "JLRJZCSYLJQ": "",
    "KCHJLRJZCSYLJQ": "",
    "PTGJZCSYLJQ": "-173.91",
    "KCPTGJZCSYLJQ": "",
    "YYZSR": "",
    "YYZSRTBZZ": "",
    "YYSR": 1800346178.1,
    "YYSRTBZZ": "",
    "JLRHJ": "",
    "JLRHJTBZZ": "",
    "JLR": -215339863.71,
    "JLRTBZZ": "",
    "FJCXSY": -41431520.57,
    "KCFJYXSYHDJLR": -173908343.14,
    "KCFJYXSYHDJLRTBZZ": "",
    "PTGJLR": "",
    "PTGJLRTBZZ": "",
    "KCFJCXSYHPTGJLR": "",
    "KCFJCXSYHPTGJLRTBZZ": "",
    "JYXJLLJE": 162759166.43,
    "MGJYXJLLJE": "",
    "ZCZE": 4428185897.78,
    "GDQY": 60476978.48,
    "MGJZCPL": "",
    "PTGMGJZC": "",
    "GJKJZEJLR": "",
    "GJKJZZJZC": ""
  }
]
