2026-03-12 16:45:34,119 - __main__ - INFO - 程序开始执行 - 目录: \\10.3.2.15\权益部\2025年年报切片\主要指标, 文件数量: 59
2026-03-12 16:45:35,299 - httpx - INFO - HTTP Request: POST https://dashscope.aliyuncs.com/compatible-mode/v1/files "HTTP/1.1 200 OK"
2026-03-12 16:45:35,300 - ai_service_enhanced - INFO - 文件上传成功: \\10.3.2.15\权益部\2025年年报切片\主要指标\000063-2026-03-07-中兴通讯-2025年年度报告.pdf (文件ID: file-fe-fc3247f3c8a640518bbc71bf)
2026-03-12 16:45:35,312 - __main___file_only - INFO - 上传文件: 000063-2026-03-07-中兴通讯-2025年年度报告.pdf (大小: 0.49 MB, ID: file-fe-fc3247f3c8a640518bbc71bf)
2026-03-12 16:45:35,313 - __main__ - INFO - 开始处理文件: 000063-2026-03-07-中兴通讯-2025年年度报告.pdf (文件ID: file-fe-fc3247f3c8a640518bbc71bf)
2026-03-12 16:45:35,569 - httpx - INFO - HTTP Request: POST https://dashscope.aliyuncs.com/compatible-mode/v1/files "HTTP/1.1 200 OK"
2026-03-12 16:45:35,569 - ai_service_enhanced - INFO - 文件上传成功: \\10.3.2.15\权益部\2025年年报切片\主要指标\000563-2026-02-10-陕国投A-2025年年度报告.pdf (文件ID: file-fe-41ba93a82bd54e089eae4e0c)
2026-03-12 16:45:35,574 - __main___file_only - INFO - 上传文件: 000563-2026-02-10-陕国投A-2025年年度报告.pdf (大小: 0.41 MB, ID: file-fe-41ba93a82bd54e089eae4e0c)
2026-03-12 16:45:35,574 - __main__ - INFO - 开始处理文件: 000563-2026-02-10-陕国投A-2025年年度报告.pdf (文件ID: file-fe-41ba93a82bd54e089eae4e0c)
2026-03-12 16:45:36,773 - httpx - INFO - HTTP Request: POST https://dashscope.aliyuncs.com/compatible-mode/v1/files "HTTP/1.1 200 OK"
2026-03-12 16:45:36,774 - ai_service_enhanced - INFO - 文件上传成功: \\10.3.2.15\权益部\2025年年报切片\主要指标\000608-2026-02-12-ST阳光-2025年年度报告.pdf (文件ID: file-fe-6c819e0841e64da4ae597950)
2026-03-12 16:45:36,795 - __main___file_only - INFO - 上传文件: 000608-2026-02-12-ST阳光-2025年年度报告.pdf (大小: 0.33 MB, ID: file-fe-6c819e0841e64da4ae597950)
2026-03-12 16:45:36,850 - httpx - INFO - HTTP Request: POST https://dashscope.aliyuncs.com/compatible-mode/v1/files "HTTP/1.1 200 OK"
2026-03-12 16:45:36,851 - ai_service_enhanced - INFO - 文件上传成功: \\10.3.2.15\权益部\2025年年报切片\主要指标\000975-2026-03-06-山金国际-2025年年度报告.pdf (文件ID: file-fe-9a47bd4f069844cdb0f2612a)
2026-03-12 16:45:36,862 - __main___file_only - INFO - 上传文件: 000975-2026-03-06-山金国际-2025年年度报告.pdf (大小: 1.14 MB, ID: file-fe-9a47bd4f069844cdb0f2612a)
2026-03-12 16:45:36,862 - __main__ - INFO - 开始处理文件: 000608-2026-02-12-ST阳光-2025年年度报告.pdf (文件ID: file-fe-6c819e0841e64da4ae597950)
2026-03-12 16:45:36,862 - __main__ - INFO - 开始处理文件: 000975-2026-03-06-山金国际-2025年年度报告.pdf (文件ID: file-fe-9a47bd4f069844cdb0f2612a)
2026-03-12 16:45:38,348 - httpx - INFO - HTTP Request: POST https://dashscope.aliyuncs.com/compatible-mode/v1/files "HTTP/1.1 200 OK"
2026-03-12 16:45:38,349 - ai_service_enhanced - INFO - 文件上传成功: \\10.3.2.15\权益部\2025年年报切片\主要指标\001207-2026-03-07-联科科技-2025年年度报告.pdf (文件ID: file-fe-98a373efe1dc4f3fbb12e33a)
2026-03-12 16:45:38,361 - __main___file_only - INFO - 上传文件: 001207-2026-03-07-联科科技-2025年年度报告.pdf (大小: 0.30 MB, ID: file-fe-98a373efe1dc4f3fbb12e33a)
2026-03-12 16:45:38,453 - __main__ - INFO - 开始处理文件: 001207-2026-03-07-联科科技-2025年年度报告.pdf (文件ID: file-fe-98a373efe1dc4f3fbb12e33a)
2026-03-12 16:45:38,512 - httpx - INFO - HTTP Request: POST https://dashscope.aliyuncs.com/compatible-mode/v1/files "HTTP/1.1 200 OK"
2026-03-12 16:45:38,513 - ai_service_enhanced - INFO - 文件上传成功: \\10.3.2.15\权益部\2025年年报切片\主要指标\001309-2026-02-28-德明利-2025年年度报告.pdf (文件ID: file-fe-7cba23e2a2784f3ab13c0740)
2026-03-12 16:45:38,517 - __main___file_only - INFO - 上传文件: 001309-2026-02-28-德明利-2025年年度报告.pdf (大小: 0.39 MB, ID: file-fe-7cba23e2a2784f3ab13c0740)
2026-03-12 16:45:38,716 - __main__ - INFO - 开始处理文件: 001309-2026-02-28-德明利-2025年年度报告.pdf (文件ID: file-fe-7cba23e2a2784f3ab13c0740)
2026-03-12 16:45:40,354 - httpx - INFO - HTTP Request: POST https://dashscope.aliyuncs.com/compatible-mode/v1/files "HTTP/1.1 200 OK"
2026-03-12 16:45:40,355 - ai_service_enhanced - INFO - 文件上传成功: \\10.3.2.15\权益部\2025年年报切片\主要指标\002072-2026-02-11-凯瑞德-2025年年度报告.pdf (文件ID: file-fe-0a3e8ddc852a47328ad9ca8e)
2026-03-12 16:45:40,365 - __main___file_only - INFO - 上传文件: 002072-2026-02-11-凯瑞德-2025年年度报告.pdf (大小: 0.30 MB, ID: file-fe-0a3e8ddc852a47328ad9ca8e)
2026-03-12 16:45:40,554 - __main__ - INFO - 开始处理文件: 002072-2026-02-11-凯瑞德-2025年年度报告.pdf (文件ID: file-fe-0a3e8ddc852a47328ad9ca8e)
2026-03-12 16:45:40,557 - httpx - INFO - HTTP Request: POST https://dashscope.aliyuncs.com/compatible-mode/v1/files "HTTP/1.1 200 OK"
2026-03-12 16:45:40,558 - ai_service_enhanced - INFO - 文件上传成功: \\10.3.2.15\权益部\2025年年报切片\主要指标\002107-2026-01-20-沃华医药-2025年年度报告.pdf (文件ID: file-fe-41d98beeb1af430abed934fd)
2026-03-12 16:45:40,567 - __main___file_only - INFO - 上传文件: 002107-2026-01-20-沃华医药-2025年年度报告.pdf (大小: 0.39 MB, ID: file-fe-41d98beeb1af430abed934fd)
2026-03-12 16:45:40,818 - __main__ - INFO - 开始处理文件: 002107-2026-01-20-沃华医药-2025年年度报告.pdf (文件ID: file-fe-41d98beeb1af430abed934fd)
2026-03-12 16:45:41,733 - httpx - INFO - HTTP Request: POST https://dashscope.aliyuncs.com/compatible-mode/v1/files "HTTP/1.1 200 OK"
2026-03-12 16:45:41,734 - ai_service_enhanced - INFO - 文件上传成功: \\10.3.2.15\权益部\2025年年报切片\主要指标\002138-2026-02-28-顺络电子-2025年年度报告.pdf (文件ID: file-fe-328ee36b441f4b52a73b1696)
2026-03-12 16:45:41,788 - __main___file_only - INFO - 上传文件: 002138-2026-02-28-顺络电子-2025年年度报告.pdf (大小: 0.61 MB, ID: file-fe-328ee36b441f4b52a73b1696)
2026-03-12 16:45:41,874 - __main__ - INFO - 开始处理文件: 002138-2026-02-28-顺络电子-2025年年度报告.pdf (文件ID: file-fe-328ee36b441f4b52a73b1696)
2026-03-12 16:45:42,333 - httpx - INFO - HTTP Request: POST https://dashscope.aliyuncs.com/compatible-mode/v1/files "HTTP/1.1 200 OK"
2026-03-12 16:45:42,333 - ai_service_enhanced - INFO - 文件上传成功: \\10.3.2.15\权益部\2025年年报切片\主要指标\002213-2026-03-06-大为股份-2025年年度报告.pdf (文件ID: file-fe-dded68fc042c4c7e8115f5a6)
2026-03-12 16:45:42,348 - __main___file_only - INFO - 上传文件: 002213-2026-03-06-大为股份-2025年年度报告.pdf (大小: 0.36 MB, ID: file-fe-dded68fc042c4c7e8115f5a6)
2026-03-12 16:45:42,402 - __main__ - INFO - 开始处理文件: 002213-2026-03-06-大为股份-2025年年度报告.pdf (文件ID: file-fe-dded68fc042c4c7e8115f5a6)
2026-03-12 16:45:44,014 - httpx - INFO - HTTP Request: POST https://dashscope.aliyuncs.com/compatible-mode/v1/files "HTTP/1.1 200 OK"
2026-03-12 16:45:44,015 - ai_service_enhanced - INFO - 文件上传成功: \\10.3.2.15\权益部\2025年年报切片\主要指标\002270-2026-02-27-华明装备-2025年年度报告.pdf (文件ID: file-fe-3f100b505394455298187907)
2026-03-12 16:45:44,021 - __main___file_only - INFO - 上传文件: 002270-2026-02-27-华明装备-2025年年度报告.pdf (大小: 0.70 MB, ID: file-fe-3f100b505394455298187907)
2026-03-12 16:45:44,256 - __main__ - INFO - 开始处理文件: 002270-2026-02-27-华明装备-2025年年度报告.pdf (文件ID: file-fe-3f100b505394455298187907)
2026-03-12 16:45:44,302 - httpx - INFO - HTTP Request: POST https://dashscope.aliyuncs.com/compatible-mode/v1/files "HTTP/1.1 200 OK"
2026-03-12 16:45:44,302 - ai_service_enhanced - INFO - 文件上传成功: \\10.3.2.15\权益部\2025年年报切片\主要指标\002316-2026-03-11-亚联发展-2025年年度报告.pdf (文件ID: file-fe-3a26634ecec1410582c557e0)
2026-03-12 16:45:44,318 - __main___file_only - INFO - 上传文件: 002316-2026-03-11-亚联发展-2025年年度报告.pdf (大小: 0.25 MB, ID: file-fe-3a26634ecec1410582c557e0)
2026-03-12 16:45:44,551 - __main__ - INFO - 开始处理文件: 002316-2026-03-11-亚联发展-2025年年度报告.pdf (文件ID: file-fe-3a26634ecec1410582c557e0)
2026-03-12 16:45:46,559 - httpx - INFO - HTTP Request: POST https://dashscope.aliyuncs.com/compatible-mode/v1/files "HTTP/1.1 200 OK"
2026-03-12 16:45:46,560 - ai_service_enhanced - INFO - 文件上传成功: \\10.3.2.15\权益部\2025年年报切片\主要指标\002487-2026-03-06-大金重工-2025年年度报告.pdf (文件ID: file-fe-c6efb240aa1f4e5aac558394)
2026-03-12 16:45:46,563 - httpx - INFO - HTTP Request: POST https://dashscope.aliyuncs.com/compatible-mode/v1/files "HTTP/1.1 200 OK"
2026-03-12 16:45:46,564 - ai_service_enhanced - INFO - 文件上传成功: \\10.3.2.15\权益部\2025年年报切片\主要指标\002647-2026-02-28-ST仁东-2025年年度报告.pdf (文件ID: file-fe-ff2ded89c9ce414db9d2a18c)
2026-03-12 16:45:46,570 - __main___file_only - INFO - 上传文件: 002487-2026-03-06-大金重工-2025年年度报告.pdf (大小: 0.60 MB, ID: file-fe-c6efb240aa1f4e5aac558394)
2026-03-12 16:45:46,571 - __main___file_only - INFO - 上传文件: 002647-2026-02-28-ST仁东-2025年年度报告.pdf (大小: 0.33 MB, ID: file-fe-ff2ded89c9ce414db9d2a18c)
2026-03-12 16:45:46,601 - __main__ - INFO - 开始处理文件: 002647-2026-02-28-ST仁东-2025年年度报告.pdf (文件ID: file-fe-ff2ded89c9ce414db9d2a18c)
2026-03-12 16:45:46,602 - __main__ - INFO - 开始处理文件: 002487-2026-03-06-大金重工-2025年年度报告.pdf (文件ID: file-fe-c6efb240aa1f4e5aac558394)
2026-03-12 16:45:48,764 - httpx - INFO - HTTP Request: POST https://dashscope.aliyuncs.com/compatible-mode/v1/files "HTTP/1.1 200 OK"
2026-03-12 16:45:48,765 - ai_service_enhanced - INFO - 文件上传成功: \\10.3.2.15\权益部\2025年年报切片\主要指标\002668-2026-03-11-TCL智家-2025年年度报告.pdf (文件ID: file-fe-aa2a4d5bc1c249f3b1fbda17)
2026-03-12 16:45:48,774 - __main___file_only - INFO - 上传文件: 002668-2026-03-11-TCL智家-2025年年度报告.pdf (大小: 0.47 MB, ID: file-fe-aa2a4d5bc1c249f3b1fbda17)
2026-03-12 16:45:48,828 - httpx - INFO - HTTP Request: POST https://dashscope.aliyuncs.com/compatible-mode/v1/files "HTTP/1.1 200 OK"
2026-03-12 16:45:48,828 - ai_service_enhanced - INFO - 文件上传成功: \\10.3.2.15\权益部\2025年年报切片\主要指标\002709-2026-03-10-天赐材料-2025年年度报告.pdf (文件ID: file-fe-e86f62eb97f941c9a78c4d08)
2026-03-12 16:45:48,844 - __main___file_only - INFO - 上传文件: 002709-2026-03-10-天赐材料-2025年年度报告.pdf (大小: 0.68 MB, ID: file-fe-e86f62eb97f941c9a78c4d08)
2026-03-12 16:45:48,856 - __main__ - INFO - 开始处理文件: 002709-2026-03-10-天赐材料-2025年年度报告.pdf (文件ID: file-fe-e86f62eb97f941c9a78c4d08)
2026-03-12 16:45:48,856 - __main__ - INFO - 开始处理文件: 002668-2026-03-11-TCL智家-2025年年度报告.pdf (文件ID: file-fe-aa2a4d5bc1c249f3b1fbda17)
2026-03-12 16:45:50,600 - httpx - INFO - HTTP Request: POST https://dashscope.aliyuncs.com/compatible-mode/v1/files "HTTP/1.1 200 OK"
2026-03-12 16:45:50,601 - ai_service_enhanced - INFO - 文件上传成功: \\10.3.2.15\权益部\2025年年报切片\主要指标\002800-2026-02-28-天顺股份-2025年年度报告.pdf (文件ID: file-fe-4e898dfb7a034ce9bb9d933e)
2026-03-12 16:45:50,617 - __main___file_only - INFO - 上传文件: 002800-2026-02-28-天顺股份-2025年年度报告.pdf (大小: 0.28 MB, ID: file-fe-4e898dfb7a034ce9bb9d933e)
2026-03-12 16:45:50,716 - httpx - INFO - HTTP Request: POST https://dashscope.aliyuncs.com/compatible-mode/v1/files "HTTP/1.1 200 OK"
2026-03-12 16:45:50,717 - ai_service_enhanced - INFO - 文件上传成功: \\10.3.2.15\权益部\2025年年报切片\主要指标\002868-2026-03-10-ST绿康-2025年年度报告.pdf (文件ID: file-fe-e2ea7f95731a483dbf5b6ea5)
2026-03-12 16:45:50,729 - __main___file_only - INFO - 上传文件: 002868-2026-03-10-ST绿康-2025年年度报告.pdf (大小: 0.29 MB, ID: file-fe-e2ea7f95731a483dbf5b6ea5)
2026-03-12 16:45:52,255 - httpx - INFO - HTTP Request: POST https://dashscope.aliyuncs.com/compatible-mode/v1/chat/completions "HTTP/1.1 200 OK"
2026-03-12 16:45:52,644 - httpx - INFO - HTTP Request: POST https://dashscope.aliyuncs.com/compatible-mode/v1/files "HTTP/1.1 200 OK"
2026-03-12 16:45:52,645 - ai_service_enhanced - INFO - 文件上传成功: \\10.3.2.15\权益部\2025年年报切片\主要指标\002981-2026-03-10-朝阳科技-2025年年度报告.pdf (文件ID: file-fe-bfdc26bf3dda400cbf1567a5)
2026-03-12 16:45:52,658 - __main___file_only - INFO - 上传文件: 002981-2026-03-10-朝阳科技-2025年年度报告.pdf (大小: 0.34 MB, ID: file-fe-bfdc26bf3dda400cbf1567a5)
2026-03-12 16:45:52,712 - httpx - INFO - HTTP Request: POST https://dashscope.aliyuncs.com/compatible-mode/v1/files "HTTP/1.1 200 OK"
2026-03-12 16:45:52,713 - ai_service_enhanced - INFO - 文件上传成功: \\10.3.2.15\权益部\2025年年报切片\主要指标\002920-2026-03-06-德赛西威-2025年年度报告.pdf (文件ID: file-fe-286e94bf70864135ba3515dc)
2026-03-12 16:45:52,725 - __main___file_only - INFO - 上传文件: 002920-2026-03-06-德赛西威-2025年年度报告.pdf (大小: 0.70 MB, ID: file-fe-286e94bf70864135ba3515dc)
2026-03-12 16:45:52,887 - __main___file_only - INFO - 找到数据: 000063 2026-03-07 (3条)
2026-03-12 16:45:52,887 - __main__ - INFO - 处理成功: 000063-2026-03-07-中兴通讯-2025年年度报告.pdf
2026-03-12 16:45:52,887 - __main___file_only - INFO - 文件处理成功: 000063-2026-03-07-中兴通讯-2025年年度报告.pdf (耗时: 17.57秒)
2026-03-12 16:45:53,517 - httpx - INFO - HTTP Request: DELETE https://dashscope.aliyuncs.com/compatible-mode/v1/files/file-fe-fc3247f3c8a640518bbc71bf "HTTP/1.1 200 OK"
2026-03-12 16:45:53,517 - __main__ - INFO - 开始处理文件: 002800-2026-02-28-天顺股份-2025年年度报告.pdf (文件ID: file-fe-4e898dfb7a034ce9bb9d933e)
2026-03-12 16:45:54,699 - httpx - INFO - HTTP Request: POST https://dashscope.aliyuncs.com/compatible-mode/v1/files "HTTP/1.1 200 OK"
2026-03-12 16:45:54,699 - ai_service_enhanced - INFO - 文件上传成功: \\10.3.2.15\权益部\2025年年报切片\主要指标\200512-2026-03-10-闽灿坤B-2025年年度报告.pdf (文件ID: file-fe-34784989a65f43728843186d)
2026-03-12 16:45:54,712 - __main___file_only - INFO - 上传文件: 200512-2026-03-10-闽灿坤B-2025年年度报告.pdf (大小: 0.30 MB, ID: file-fe-34784989a65f43728843186d)
2026-03-12 16:45:54,784 - httpx - INFO - HTTP Request: POST https://dashscope.aliyuncs.com/compatible-mode/v1/chat/completions "HTTP/1.1 200 OK"
2026-03-12 16:45:54,841 - httpx - INFO - HTTP Request: POST https://dashscope.aliyuncs.com/compatible-mode/v1/files "HTTP/1.1 200 OK"
2026-03-12 16:45:54,841 - ai_service_enhanced - INFO - 文件上传成功: \\10.3.2.15\权益部\2025年年报切片\主要指标\003033-2026-03-10-征和工业-2025年年度报告.pdf (文件ID: file-fe-b00497fd135b45d4a23cc89b)
2026-03-12 16:45:54,852 - __main___file_only - INFO - 上传文件: 003033-2026-03-10-征和工业-2025年年度报告.pdf (大小: 0.35 MB, ID: file-fe-b00497fd135b45d4a23cc89b)
2026-03-12 16:45:54,866 - __main___file_only - INFO - 找到数据: 001207 2026-03-07 (3条)
2026-03-12 16:45:54,866 - __main__ - INFO - 处理成功: 001207-2026-03-07-联科科技-2025年年度报告.pdf
2026-03-12 16:45:54,866 - __main___file_only - INFO - 文件处理成功: 001207-2026-03-07-联科科技-2025年年度报告.pdf (耗时: 16.41秒)
2026-03-12 16:45:55,501 - httpx - INFO - HTTP Request: DELETE https://dashscope.aliyuncs.com/compatible-mode/v1/files/file-fe-98a373efe1dc4f3fbb12e33a "HTTP/1.1 200 OK"
2026-03-12 16:45:55,502 - __main__ - INFO - 开始处理文件: 002868-2026-03-10-ST绿康-2025年年度报告.pdf (文件ID: file-fe-e2ea7f95731a483dbf5b6ea5)
2026-03-12 16:45:56,520 - httpx - INFO - HTTP Request: POST https://dashscope.aliyuncs.com/compatible-mode/v1/chat/completions "HTTP/1.1 200 OK"
2026-03-12 16:45:56,604 - __main___file_only - INFO - 找到数据: 000563 2026-02-10 (3条)
2026-03-12 16:45:56,604 - __main__ - INFO - 处理成功: 000563-2026-02-10-陕国投A-2025年年度报告.pdf
2026-03-12 16:45:56,604 - __main___file_only - INFO - 文件处理成功: 000563-2026-02-10-陕国投A-2025年年度报告.pdf (耗时: 21.03秒)
2026-03-12 16:45:56,875 - httpx - INFO - HTTP Request: POST https://dashscope.aliyuncs.com/compatible-mode/v1/files "HTTP/1.1 200 OK"
2026-03-12 16:45:56,875 - ai_service_enhanced - INFO - 文件上传成功: \\10.3.2.15\权益部\2025年年报切片\主要指标\300033-2026-03-10-同花顺-2025年年度报告.pdf (文件ID: file-fe-01f852afa04444009ba6292b)
2026-03-12 16:45:56,884 - __main___file_only - INFO - 上传文件: 300033-2026-03-10-同花顺-2025年年度报告.pdf (大小: 0.30 MB, ID: file-fe-01f852afa04444009ba6292b)
2026-03-12 16:45:56,906 - httpx - INFO - HTTP Request: POST https://dashscope.aliyuncs.com/compatible-mode/v1/files "HTTP/1.1 200 OK"
2026-03-12 16:45:56,907 - ai_service_enhanced - INFO - 文件上传成功: \\10.3.2.15\权益部\2025年年报切片\主要指标\300750-2026-03-10-宁德时代-2025年年度报告.pdf (文件ID: file-fe-a734e857423140d099c7b8db)
2026-03-12 16:45:56,916 - __main___file_only - INFO - 上传文件: 300750-2026-03-10-宁德时代-2025年年度报告.pdf (大小: 0.60 MB, ID: file-fe-a734e857423140d099c7b8db)
2026-03-12 16:45:57,292 - httpx - INFO - HTTP Request: DELETE https://dashscope.aliyuncs.com/compatible-mode/v1/files/file-fe-41ba93a82bd54e089eae4e0c "HTTP/1.1 200 OK"
2026-03-12 16:45:57,292 - __main__ - INFO - 开始处理文件: 002981-2026-03-10-朝阳科技-2025年年度报告.pdf (文件ID: file-fe-bfdc26bf3dda400cbf1567a5)
2026-03-12 16:45:58,190 - httpx - INFO - HTTP Request: POST https://dashscope.aliyuncs.com/compatible-mode/v1/chat/completions "HTTP/1.1 200 OK"
2026-03-12 16:45:58,275 - __main___file_only - INFO - 找到数据: 001309 2026-02-28 (3条)
2026-03-12 16:45:58,276 - __main__ - INFO - 处理成功: 001309-2026-02-28-德明利-2025年年度报告.pdf
2026-03-12 16:45:58,276 - __main___file_only - INFO - 文件处理成功: 001309-2026-02-28-德明利-2025年年度报告.pdf (耗时: 19.56秒)
2026-03-12 16:45:58,925 - httpx - INFO - HTTP Request: DELETE https://dashscope.aliyuncs.com/compatible-mode/v1/files/file-fe-7cba23e2a2784f3ab13c0740 "HTTP/1.1 200 OK"
2026-03-12 16:45:58,925 - __main__ - INFO - 开始处理文件: 002920-2026-03-06-德赛西威-2025年年度报告.pdf (文件ID: file-fe-286e94bf70864135ba3515dc)
2026-03-12 16:45:59,030 - httpx - INFO - HTTP Request: POST https://dashscope.aliyuncs.com/compatible-mode/v1/files "HTTP/1.1 200 OK"
2026-03-12 16:45:59,031 - ai_service_enhanced - INFO - 文件上传成功: \\10.3.2.15\权益部\2025年年报切片\主要指标\300889-2026-03-07-爱克股份-2025年年度报告.pdf (文件ID: file-fe-c8fcb04a8d8e4f938435f0af)
2026-03-12 16:45:59,036 - httpx - INFO - HTTP Request: POST https://dashscope.aliyuncs.com/compatible-mode/v1/files "HTTP/1.1 200 OK"
2026-03-12 16:45:59,037 - ai_service_enhanced - INFO - 文件上传成功: \\10.3.2.15\权益部\2025年年报切片\主要指标\300803-2026-01-31-指南针-2025年年度报告.pdf (文件ID: file-fe-eb4dd80b251e4eaa92f093bc)
2026-03-12 16:45:59,039 - __main___file_only - INFO - 上传文件: 300889-2026-03-07-爱克股份-2025年年度报告.pdf (大小: 0.37 MB, ID: file-fe-c8fcb04a8d8e4f938435f0af)
2026-03-12 16:45:59,045 - __main___file_only - INFO - 上传文件: 300803-2026-01-31-指南针-2025年年度报告.pdf (大小: 0.34 MB, ID: file-fe-eb4dd80b251e4eaa92f093bc)
2026-03-12 16:45:59,815 - httpx - INFO - HTTP Request: POST https://dashscope.aliyuncs.com/compatible-mode/v1/chat/completions "HTTP/1.1 200 OK"
2026-03-12 16:45:59,910 - __main___file_only - INFO - 找到数据: 000608 2026-02-12 (3条)
2026-03-12 16:45:59,911 - __main__ - INFO - 处理成功: 000608-2026-02-12-ST阳光-2025年年度报告.pdf
2026-03-12 16:45:59,911 - __main___file_only - INFO - 文件处理成功: 000608-2026-02-12-ST阳光-2025年年度报告.pdf (耗时: 23.05秒)
2026-03-12 16:46:00,216 - httpx - INFO - HTTP Request: POST https://dashscope.aliyuncs.com/compatible-mode/v1/chat/completions "HTTP/1.1 200 OK"
2026-03-12 16:46:00,297 - __main___file_only - INFO - 找到数据: 000975 2026-03-06 (3条)
2026-03-12 16:46:00,297 - __main__ - INFO - 处理成功: 000975-2026-03-06-山金国际-2025年年度报告.pdf
2026-03-12 16:46:00,297 - __main___file_only - INFO - 文件处理成功: 000975-2026-03-06-山金国际-2025年年度报告.pdf (耗时: 23.43秒)
2026-03-12 16:46:00,626 - httpx - INFO - HTTP Request: DELETE https://dashscope.aliyuncs.com/compatible-mode/v1/files/file-fe-6c819e0841e64da4ae597950 "HTTP/1.1 200 OK"
2026-03-12 16:46:00,627 - __main__ - INFO - 开始处理文件: 200512-2026-03-10-闽灿坤B-2025年年度报告.pdf (文件ID: file-fe-34784989a65f43728843186d)
2026-03-12 16:46:00,849 - httpx - INFO - HTTP Request: POST https://dashscope.aliyuncs.com/compatible-mode/v1/chat/completions "HTTP/1.1 200 OK"
2026-03-12 16:46:00,932 - __main___file_only - INFO - 找到数据: 002072 2026-02-11 (3条)
2026-03-12 16:46:00,932 - __main__ - INFO - 处理成功: 002072-2026-02-11-凯瑞德-2025年年度报告.pdf
2026-03-12 16:46:00,932 - __main___file_only - INFO - 文件处理成功: 002072-2026-02-11-凯瑞德-2025年年度报告.pdf (耗时: 20.38秒)
2026-03-12 16:46:00,952 - httpx - INFO - HTTP Request: DELETE https://dashscope.aliyuncs.com/compatible-mode/v1/files/file-fe-9a47bd4f069844cdb0f2612a "HTTP/1.1 200 OK"
2026-03-12 16:46:00,952 - __main__ - INFO - 开始处理文件: 003033-2026-03-10-征和工业-2025年年度报告.pdf (文件ID: file-fe-b00497fd135b45d4a23cc89b)
2026-03-12 16:46:01,127 - httpx - INFO - HTTP Request: POST https://dashscope.aliyuncs.com/compatible-mode/v1/files "HTTP/1.1 200 OK"
2026-03-12 16:46:01,128 - ai_service_enhanced - INFO - 文件上传成功: \\10.3.2.15\权益部\2025年年报切片\主要指标\300956-2026-03-05-英力股份-2025年年度报告.pdf (文件ID: file-fe-71d3001a525a43ce90bdc217)
2026-03-12 16:46:01,135 - __main___file_only - INFO - 上传文件: 300956-2026-03-05-英力股份-2025年年度报告.pdf (大小: 0.39 MB, ID: file-fe-71d3001a525a43ce90bdc217)
2026-03-12 16:46:01,147 - httpx - INFO - HTTP Request: POST https://dashscope.aliyuncs.com/compatible-mode/v1/files "HTTP/1.1 200 OK"
2026-03-12 16:46:01,148 - ai_service_enhanced - INFO - 文件上传成功: \\10.3.2.15\权益部\2025年年报切片\主要指标\300995-2026-03-12-奇德新材-2025年年度报告.pdf (文件ID: file-fe-79e568afe54f44c1a5bd1438)
2026-03-12 16:46:01,158 - __main___file_only - INFO - 上传文件: 300995-2026-03-12-奇德新材-2025年年度报告.pdf (大小: 0.44 MB, ID: file-fe-79e568afe54f44c1a5bd1438)
2026-03-12 16:46:01,524 - httpx - INFO - HTTP Request: POST https://dashscope.aliyuncs.com/compatible-mode/v1/chat/completions "HTTP/1.1 200 OK"
2026-03-12 16:46:01,545 - httpx - INFO - HTTP Request: DELETE https://dashscope.aliyuncs.com/compatible-mode/v1/files/file-fe-0a3e8ddc852a47328ad9ca8e "HTTP/1.1 200 OK"
2026-03-12 16:46:01,546 - __main__ - INFO - 开始处理文件: 300033-2026-03-10-同花顺-2025年年度报告.pdf (文件ID: file-fe-01f852afa04444009ba6292b)
2026-03-12 16:46:01,602 - __main___file_only - INFO - 找到数据: 002107 2026-01-20 (3条)
2026-03-12 16:46:01,602 - __main__ - INFO - 处理成功: 002107-2026-01-20-沃华医药-2025年年度报告.pdf
2026-03-12 16:46:01,602 - __main___file_only - INFO - 文件处理成功: 002107-2026-01-20-沃华医药-2025年年度报告.pdf (耗时: 20.78秒)
2026-03-12 16:46:01,833 - httpx - INFO - HTTP Request: POST https://dashscope.aliyuncs.com/compatible-mode/v1/chat/completions "HTTP/1.1 200 OK"
2026-03-12 16:46:01,914 - __main___file_only - INFO - 找到数据: 002213 2026-03-06 (3条)
2026-03-12 16:46:01,915 - __main__ - INFO - 处理成功: 002213-2026-03-06-大为股份-2025年年度报告.pdf
2026-03-12 16:46:01,915 - __main___file_only - INFO - 文件处理成功: 002213-2026-03-06-大为股份-2025年年度报告.pdf (耗时: 19.51秒)
2026-03-12 16:46:02,315 - httpx - INFO - HTTP Request: DELETE https://dashscope.aliyuncs.com/compatible-mode/v1/files/file-fe-41d98beeb1af430abed934fd "HTTP/1.1 200 OK"
2026-03-12 16:46:02,316 - __main__ - INFO - 开始处理文件: 300750-2026-03-10-宁德时代-2025年年度报告.pdf (文件ID: file-fe-a734e857423140d099c7b8db)
2026-03-12 16:46:02,585 - httpx - INFO - HTTP Request: DELETE https://dashscope.aliyuncs.com/compatible-mode/v1/files/file-fe-dded68fc042c4c7e8115f5a6 "HTTP/1.1 200 OK"
2026-03-12 16:46:02,586 - __main__ - INFO - 开始处理文件: 300889-2026-03-07-爱克股份-2025年年度报告.pdf (文件ID: file-fe-c8fcb04a8d8e4f938435f0af)
2026-03-12 16:46:03,237 - httpx - INFO - HTTP Request: POST https://dashscope.aliyuncs.com/compatible-mode/v1/files "HTTP/1.1 200 OK"
2026-03-12 16:46:03,239 - ai_service_enhanced - INFO - 文件上传成功: \\10.3.2.15\权益部\2025年年报切片\主要指标\301536-2026-03-10-星宸科技-2025年年度报告.pdf (文件ID: file-fe-e064b62507f04c0b85bc5d7c)
2026-03-12 16:46:03,249 - __main___file_only - INFO - 上传文件: 301536-2026-03-10-星宸科技-2025年年度报告.pdf (大小: 0.37 MB, ID: file-fe-e064b62507f04c0b85bc5d7c)
2026-03-12 16:46:03,291 - httpx - INFO - HTTP Request: POST https://dashscope.aliyuncs.com/compatible-mode/v1/files "HTTP/1.1 200 OK"
2026-03-12 16:46:03,292 - ai_service_enhanced - INFO - 文件上传成功: \\10.3.2.15\权益部\2025年年报切片\主要指标\301087-2026-03-10-可孚医疗-2025年年度报告.pdf (文件ID: file-fe-27033d25397449ed96da5d1b)
2026-03-12 16:46:03,300 - __main___file_only - INFO - 上传文件: 301087-2026-03-10-可孚医疗-2025年年度报告.pdf (大小: 0.49 MB, ID: file-fe-27033d25397449ed96da5d1b)
2026-03-12 16:46:04,478 - httpx - INFO - HTTP Request: POST https://dashscope.aliyuncs.com/compatible-mode/v1/chat/completions "HTTP/1.1 200 OK"
2026-03-12 16:46:04,573 - __main___file_only - INFO - 找到数据: 002270 2026-02-27 (3条)
2026-03-12 16:46:04,573 - __main__ - INFO - 处理成功: 002270-2026-02-27-华明装备-2025年年度报告.pdf
2026-03-12 16:46:04,573 - __main___file_only - INFO - 文件处理成功: 002270-2026-02-27-华明装备-2025年年度报告.pdf (耗时: 20.32秒)
2026-03-12 16:46:05,058 - httpx - INFO - HTTP Request: POST https://dashscope.aliyuncs.com/compatible-mode/v1/chat/completions "HTTP/1.1 200 OK"
2026-03-12 16:46:05,143 - __main___file_only - INFO - 找到数据: 002316 2026-03-11 (3条)
2026-03-12 16:46:05,143 - __main__ - INFO - 处理成功: 002316-2026-03-11-亚联发展-2025年年度报告.pdf
2026-03-12 16:46:05,143 - __main___file_only - INFO - 文件处理成功: 002316-2026-03-11-亚联发展-2025年年度报告.pdf (耗时: 20.59秒)
2026-03-12 16:46:05,319 - httpx - INFO - HTTP Request: DELETE https://dashscope.aliyuncs.com/compatible-mode/v1/files/file-fe-3f100b505394455298187907 "HTTP/1.1 200 OK"
2026-03-12 16:46:05,320 - __main__ - INFO - 开始处理文件: 300803-2026-01-31-指南针-2025年年度报告.pdf (文件ID: file-fe-eb4dd80b251e4eaa92f093bc)
2026-03-12 16:46:05,337 - httpx - INFO - HTTP Request: POST https://dashscope.aliyuncs.com/compatible-mode/v1/files "HTTP/1.1 200 OK"
2026-03-12 16:46:05,338 - ai_service_enhanced - INFO - 文件上传成功: \\10.3.2.15\权益部\2025年年报切片\主要指标\600113-2026-03-07-浙江东日-浙江东日股份有限公司2025年年度报告（全文）.pdf (文件ID: file-fe-016885b471644f8197f2b4b5)
2026-03-12 16:46:05,350 - __main___file_only - INFO - 上传文件: 600113-2026-03-07-浙江东日-浙江东日股份有限公司2025年年度报告（全文）.pdf (大小: 0.28 MB, ID: file-fe-016885b471644f8197f2b4b5)
2026-03-12 16:46:05,419 - httpx - INFO - HTTP Request: POST https://dashscope.aliyuncs.com/compatible-mode/v1/chat/completions "HTTP/1.1 200 OK"
2026-03-12 16:46:05,476 - httpx - INFO - HTTP Request: POST https://dashscope.aliyuncs.com/compatible-mode/v1/files "HTTP/1.1 200 OK"
2026-03-12 16:46:05,476 - ai_service_enhanced - INFO - 文件上传成功: \\10.3.2.15\权益部\2025年年报切片\主要指标\600132-2026-03-11-重庆啤酒-重庆啤酒股份有限公司2025年年度报告.pdf (文件ID: file-fe-147e7c8bea1f4aa3bed954af)
2026-03-12 16:46:05,483 - __main___file_only - INFO - 上传文件: 600132-2026-03-11-重庆啤酒-重庆啤酒股份有限公司2025年年度报告.pdf (大小: 0.47 MB, ID: file-fe-147e7c8bea1f4aa3bed954af)
2026-03-12 16:46:05,509 - __main___file_only - INFO - 找到数据: 002138 2026-02-28 (3条)
2026-03-12 16:46:05,509 - __main__ - INFO - 处理成功: 002138-2026-02-28-顺络电子-2025年年度报告.pdf
2026-03-12 16:46:05,509 - __main___file_only - INFO - 文件处理成功: 002138-2026-02-28-顺络电子-2025年年度报告.pdf (耗时: 23.63秒)
2026-03-12 16:46:05,899 - httpx - INFO - HTTP Request: DELETE https://dashscope.aliyuncs.com/compatible-mode/v1/files/file-fe-3a26634ecec1410582c557e0 "HTTP/1.1 200 OK"
2026-03-12 16:46:05,899 - __main__ - INFO - 开始处理文件: 300995-2026-03-12-奇德新材-2025年年度报告.pdf (文件ID: file-fe-79e568afe54f44c1a5bd1438)
2026-03-12 16:46:06,159 - httpx - INFO - HTTP Request: DELETE https://dashscope.aliyuncs.com/compatible-mode/v1/files/file-fe-328ee36b441f4b52a73b1696 "HTTP/1.1 200 OK"
2026-03-12 16:46:06,159 - __main__ - INFO - 开始处理文件: 300956-2026-03-05-英力股份-2025年年度报告.pdf (文件ID: file-fe-71d3001a525a43ce90bdc217)
2026-03-12 16:46:06,828 - httpx - INFO - HTTP Request: POST https://dashscope.aliyuncs.com/compatible-mode/v1/chat/completions "HTTP/1.1 200 OK"
2026-03-12 16:46:06,906 - __main___file_only - INFO - 找到数据: 002487 2026-03-06 (3条)
2026-03-12 16:46:06,907 - __main__ - INFO - 处理成功: 002487-2026-03-06-大金重工-2025年年度报告.pdf
2026-03-12 16:46:06,907 - __main___file_only - INFO - 文件处理成功: 002487-2026-03-06-大金重工-2025年年度报告.pdf (耗时: 20.31秒)
2026-03-12 16:46:07,484 - httpx - INFO - HTTP Request: POST https://dashscope.aliyuncs.com/compatible-mode/v1/chat/completions "HTTP/1.1 200 OK"
2026-03-12 16:46:07,497 - httpx - INFO - HTTP Request: POST https://dashscope.aliyuncs.com/compatible-mode/v1/files "HTTP/1.1 200 OK"
2026-03-12 16:46:07,497 - ai_service_enhanced - INFO - 文件上传成功: \\10.3.2.15\权益部\2025年年报切片\主要指标\600299-2026-03-07-安迪苏-安迪苏2025年年度报告.pdf (文件ID: file-fe-176dcb9a9c444289931ddcd8)
2026-03-12 16:46:07,506 - __main___file_only - INFO - 上传文件: 600299-2026-03-07-安迪苏-安迪苏2025年年度报告.pdf (大小: 0.36 MB, ID: file-fe-176dcb9a9c444289931ddcd8)
2026-03-12 16:46:07,532 - httpx - INFO - HTTP Request: POST https://dashscope.aliyuncs.com/compatible-mode/v1/files "HTTP/1.1 200 OK"
2026-03-12 16:46:07,532 - ai_service_enhanced - INFO - 文件上传成功: \\10.3.2.15\权益部\2025年年报切片\主要指标\600433-2026-03-11-冠豪高新-冠豪高新2025年年度报告.pdf (文件ID: file-fe-253a8673c711465fbcbe4afa)
2026-03-12 16:46:07,544 - __main___file_only - INFO - 上传文件: 600433-2026-03-11-冠豪高新-冠豪高新2025年年度报告.pdf (大小: 0.34 MB, ID: file-fe-253a8673c711465fbcbe4afa)
2026-03-12 16:46:07,564 - __main___file_only - INFO - 找到数据: 002647 2026-02-28 (3条)
2026-03-12 16:46:07,564 - __main__ - INFO - 处理成功: 002647-2026-02-28-ST仁东-2025年年度报告.pdf
2026-03-12 16:46:07,564 - __main___file_only - INFO - 文件处理成功: 002647-2026-02-28-ST仁东-2025年年度报告.pdf (耗时: 20.96秒)
2026-03-12 16:46:07,694 - httpx - INFO - HTTP Request: DELETE https://dashscope.aliyuncs.com/compatible-mode/v1/files/file-fe-c6efb240aa1f4e5aac558394 "HTTP/1.1 200 OK"
2026-03-12 16:46:07,694 - __main__ - INFO - 开始处理文件: 301536-2026-03-10-星宸科技-2025年年度报告.pdf (文件ID: file-fe-e064b62507f04c0b85bc5d7c)
2026-03-12 16:46:08,116 - httpx - INFO - HTTP Request: DELETE https://dashscope.aliyuncs.com/compatible-mode/v1/files/file-fe-ff2ded89c9ce414db9d2a18c "HTTP/1.1 200 OK"
2026-03-12 16:46:08,117 - __main__ - INFO - 开始处理文件: 301087-2026-03-10-可孚医疗-2025年年度报告.pdf (文件ID: file-fe-27033d25397449ed96da5d1b)
2026-03-12 16:46:09,598 - httpx - INFO - HTTP Request: POST https://dashscope.aliyuncs.com/compatible-mode/v1/files "HTTP/1.1 200 OK"
2026-03-12 16:46:09,599 - ai_service_enhanced - INFO - 文件上传成功: \\10.3.2.15\权益部\2025年年报切片\主要指标\600529-2026-03-07-山东药玻-山东省药用玻璃股份有限公司2025年年度报告.pdf (文件ID: file-fe-41e862c390074e8690032fe3)
2026-03-12 16:46:09,606 - httpx - INFO - HTTP Request: POST https://dashscope.aliyuncs.com/compatible-mode/v1/files "HTTP/1.1 200 OK"
2026-03-12 16:46:09,607 - ai_service_enhanced - INFO - 文件上传成功: \\10.3.2.15\权益部\2025年年报切片\主要指标\600539-2026-02-28-狮头股份-2025年年度报告.pdf (文件ID: file-fe-3674d920cdf646c1a4bc1321)
2026-03-12 16:46:09,609 - __main___file_only - INFO - 上传文件: 600529-2026-03-07-山东药玻-山东省药用玻璃股份有限公司2025年年度报告.pdf (大小: 0.29 MB, ID: file-fe-41e862c390074e8690032fe3)
2026-03-12 16:46:09,615 - __main___file_only - INFO - 上传文件: 600539-2026-02-28-狮头股份-2025年年度报告.pdf (大小: 0.32 MB, ID: file-fe-3674d920cdf646c1a4bc1321)
2026-03-12 16:46:09,743 - httpx - INFO - HTTP Request: POST https://dashscope.aliyuncs.com/compatible-mode/v1/chat/completions "HTTP/1.1 200 OK"
2026-03-12 16:46:09,826 - __main___file_only - INFO - 找到数据: 002709 2026-03-10 (3条)
2026-03-12 16:46:09,827 - __main__ - INFO - 处理成功: 002709-2026-03-10-天赐材料-2025年年度报告.pdf
2026-03-12 16:46:09,827 - __main___file_only - INFO - 文件处理成功: 002709-2026-03-10-天赐材料-2025年年度报告.pdf (耗时: 20.97秒)
2026-03-12 16:46:10,419 - httpx - INFO - HTTP Request: DELETE https://dashscope.aliyuncs.com/compatible-mode/v1/files/file-fe-e86f62eb97f941c9a78c4d08 "HTTP/1.1 200 OK"
2026-03-12 16:46:10,419 - __main__ - INFO - 开始处理文件: 600113-2026-03-07-浙江东日-浙江东日股份有限公司2025年年度报告（全文）.pdf (文件ID: file-fe-016885b471644f8197f2b4b5)
2026-03-12 16:46:10,686 - httpx - INFO - HTTP Request: POST https://dashscope.aliyuncs.com/compatible-mode/v1/chat/completions "HTTP/1.1 200 OK"
2026-03-12 16:46:10,768 - __main___file_only - INFO - 找到数据: 002668 2026-03-11 (3条)
2026-03-12 16:46:10,768 - __main__ - INFO - 处理成功: 002668-2026-03-11-TCL智家-2025年年度报告.pdf
2026-03-12 16:46:10,769 - __main___file_only - INFO - 文件处理成功: 002668-2026-03-11-TCL智家-2025年年度报告.pdf (耗时: 21.91秒)
2026-03-12 16:46:11,543 - httpx - INFO - HTTP Request: DELETE https://dashscope.aliyuncs.com/compatible-mode/v1/files/file-fe-aa2a4d5bc1c249f3b1fbda17 "HTTP/1.1 200 OK"
2026-03-12 16:46:11,544 - __main__ - INFO - 开始处理文件: 600132-2026-03-11-重庆啤酒-重庆啤酒股份有限公司2025年年度报告.pdf (文件ID: file-fe-147e7c8bea1f4aa3bed954af)
2026-03-12 16:46:11,739 - httpx - INFO - HTTP Request: POST https://dashscope.aliyuncs.com/compatible-mode/v1/files "HTTP/1.1 200 OK"
2026-03-12 16:46:11,739 - ai_service_enhanced - INFO - 文件上传成功: \\10.3.2.15\权益部\2025年年报切片\主要指标\600830-2026-03-07-香溢融通-香溢融通控股集团股份有限公司2025年年度报告.pdf (文件ID: file-fe-0e8fe25f29304eecaad1c84b)
2026-03-12 16:46:11,750 - __main___file_only - INFO - 上传文件: 600830-2026-03-07-香溢融通-香溢融通控股集团股份有限公司2025年年度报告.pdf (大小: 0.32 MB, ID: file-fe-0e8fe25f29304eecaad1c84b)
2026-03-12 16:46:11,804 - httpx - INFO - HTTP Request: POST https://dashscope.aliyuncs.com/compatible-mode/v1/files "HTTP/1.1 200 OK"
2026-03-12 16:46:11,805 - ai_service_enhanced - INFO - 文件上传成功: \\10.3.2.15\权益部\2025年年报切片\主要指标\600605-2026-03-11-汇通能源-上海汇通能源股份有限公司2025年年度报告.pdf (文件ID: file-fe-f9f5f2be78b942b785e64d9e)
2026-03-12 16:46:11,817 - __main___file_only - INFO - 上传文件: 600605-2026-03-11-汇通能源-上海汇通能源股份有限公司2025年年度报告.pdf (大小: 0.25 MB, ID: file-fe-f9f5f2be78b942b785e64d9e)
2026-03-12 16:46:12,329 - httpx - INFO - HTTP Request: POST https://dashscope.aliyuncs.com/compatible-mode/v1/chat/completions "HTTP/1.1 200 OK"
2026-03-12 16:46:12,421 - __main___file_only - INFO - 找到数据: 002868 2026-03-10 (3条)
2026-03-12 16:46:12,421 - __main__ - INFO - 处理成功: 002868-2026-03-10-ST绿康-2025年年度报告.pdf
2026-03-12 16:46:12,422 - __main___file_only - INFO - 文件处理成功: 002868-2026-03-10-ST绿康-2025年年度报告.pdf (耗时: 16.92秒)
2026-03-12 16:46:12,776 - httpx - INFO - HTTP Request: POST https://dashscope.aliyuncs.com/compatible-mode/v1/chat/completions "HTTP/1.1 200 OK"
2026-03-12 16:46:12,857 - __main___file_only - INFO - 找到数据: 002800 2026-02-28 (3条)
2026-03-12 16:46:12,857 - __main__ - INFO - 处理成功: 002800-2026-02-28-天顺股份-2025年年度报告.pdf
2026-03-12 16:46:12,857 - __main___file_only - INFO - 文件处理成功: 002800-2026-02-28-天顺股份-2025年年度报告.pdf (耗时: 19.34秒)
2026-03-12 16:46:13,074 - httpx - INFO - HTTP Request: DELETE https://dashscope.aliyuncs.com/compatible-mode/v1/files/file-fe-e2ea7f95731a483dbf5b6ea5 "HTTP/1.1 200 OK"
2026-03-12 16:46:13,074 - __main__ - INFO - 开始处理文件: 600433-2026-03-11-冠豪高新-冠豪高新2025年年度报告.pdf (文件ID: file-fe-253a8673c711465fbcbe4afa)
2026-03-12 16:46:13,475 - httpx - INFO - HTTP Request: DELETE https://dashscope.aliyuncs.com/compatible-mode/v1/files/file-fe-4e898dfb7a034ce9bb9d933e "HTTP/1.1 200 OK"
2026-03-12 16:46:13,475 - __main__ - INFO - 开始处理文件: 600299-2026-03-07-安迪苏-安迪苏2025年年度报告.pdf (文件ID: file-fe-176dcb9a9c444289931ddcd8)
2026-03-12 16:46:13,863 - httpx - INFO - HTTP Request: POST https://dashscope.aliyuncs.com/compatible-mode/v1/files "HTTP/1.1 200 OK"
2026-03-12 16:46:13,864 - ai_service_enhanced - INFO - 文件上传成功: \\10.3.2.15\权益部\2025年年报切片\主要指标\600963-2026-03-11-岳阳林纸-岳阳林纸股份有限公司2025年年度报告.pdf (文件ID: file-fe-73342996bb0b43a2a5c3163a)
2026-03-12 16:46:13,884 - __main___file_only - INFO - 上传文件: 600963-2026-03-11-岳阳林纸-岳阳林纸股份有限公司2025年年度报告.pdf (大小: 0.37 MB, ID: file-fe-73342996bb0b43a2a5c3163a)
2026-03-12 16:46:13,991 - httpx - INFO - HTTP Request: POST https://dashscope.aliyuncs.com/compatible-mode/v1/files "HTTP/1.1 200 OK"
2026-03-12 16:46:13,992 - ai_service_enhanced - INFO - 文件上传成功: \\10.3.2.15\权益部\2025年年报切片\主要指标\601138-2026-03-11-工业富联-富士康工业互联网股份有限公司2025年年度报告.pdf (文件ID: file-fe-5f6cedc0c59742479f68d5fc)
2026-03-12 16:46:14,004 - __main___file_only - INFO - 上传文件: 601138-2026-03-11-工业富联-富士康工业互联网股份有限公司2025年年度报告.pdf (大小: 0.33 MB, ID: file-fe-5f6cedc0c59742479f68d5fc)
2026-03-12 16:46:14,744 - httpx - INFO - HTTP Request: POST https://dashscope.aliyuncs.com/compatible-mode/v1/chat/completions "HTTP/1.1 200 OK"
2026-03-12 16:46:14,827 - __main___file_only - INFO - 找到数据: 002981 2026-03-10 (3条)
2026-03-12 16:46:14,827 - __main__ - INFO - 处理成功: 002981-2026-03-10-朝阳科技-2025年年度报告.pdf
2026-03-12 16:46:14,827 - __main___file_only - INFO - 文件处理成功: 002981-2026-03-10-朝阳科技-2025年年度报告.pdf (耗时: 17.53秒)
2026-03-12 16:46:15,498 - httpx - INFO - HTTP Request: DELETE https://dashscope.aliyuncs.com/compatible-mode/v1/files/file-fe-bfdc26bf3dda400cbf1567a5 "HTTP/1.1 200 OK"
2026-03-12 16:46:15,498 - __main__ - INFO - 开始处理文件: 600539-2026-02-28-狮头股份-2025年年度报告.pdf (文件ID: file-fe-3674d920cdf646c1a4bc1321)
2026-03-12 16:46:15,904 - httpx - INFO - HTTP Request: POST https://dashscope.aliyuncs.com/compatible-mode/v1/files "HTTP/1.1 200 OK"
2026-03-12 16:46:15,904 - ai_service_enhanced - INFO - 文件上传成功: \\10.3.2.15\权益部\2025年年报切片\主要指标\603005-2026-02-28-晶方科技-晶方科技2025年年度报告.pdf (文件ID: file-fe-e0efd94186db4594b07d6558)
2026-03-12 16:46:15,918 - __main___file_only - INFO - 上传文件: 603005-2026-02-28-晶方科技-晶方科技2025年年度报告.pdf (大小: 0.31 MB, ID: file-fe-e0efd94186db4594b07d6558)
2026-03-12 16:46:16,047 - httpx - INFO - HTTP Request: POST https://dashscope.aliyuncs.com/compatible-mode/v1/files "HTTP/1.1 200 OK"
2026-03-12 16:46:16,048 - ai_service_enhanced - INFO - 文件上传成功: \\10.3.2.15\权益部\2025年年报切片\主要指标\603007-2026-03-06-ST花王-2025年年度报告.pdf (文件ID: file-fe-17163787a0d449f3a83de4bf)
2026-03-12 16:46:16,057 - __main___file_only - INFO - 上传文件: 603007-2026-03-06-ST花王-2025年年度报告.pdf (大小: 0.33 MB, ID: file-fe-17163787a0d449f3a83de4bf)
2026-03-12 16:46:16,950 - httpx - INFO - HTTP Request: POST https://dashscope.aliyuncs.com/compatible-mode/v1/chat/completions "HTTP/1.1 200 OK"
2026-03-12 16:46:17,035 - __main___file_only - INFO - 找到数据: 002920 2026-03-06 (3条)
2026-03-12 16:46:17,035 - __main__ - INFO - 处理成功: 002920-2026-03-06-德赛西威-2025年年度报告.pdf
2026-03-12 16:46:17,035 - __main___file_only - INFO - 文件处理成功: 002920-2026-03-06-德赛西威-2025年年度报告.pdf (耗时: 18.11秒)
2026-03-12 16:46:17,617 - httpx - INFO - HTTP Request: DELETE https://dashscope.aliyuncs.com/compatible-mode/v1/files/file-fe-286e94bf70864135ba3515dc "HTTP/1.1 200 OK"
2026-03-12 16:46:17,618 - __main__ - INFO - 开始处理文件: 600529-2026-03-07-山东药玻-山东省药用玻璃股份有限公司2025年年度报告.pdf (文件ID: file-fe-41e862c390074e8690032fe3)
2026-03-12 16:46:18,137 - httpx - INFO - HTTP Request: POST https://dashscope.aliyuncs.com/compatible-mode/v1/files "HTTP/1.1 200 OK"
2026-03-12 16:46:18,138 - ai_service_enhanced - INFO - 文件上传成功: \\10.3.2.15\权益部\2025年年报切片\主要指标\603031-2026-03-10-安孚科技-安徽安孚电池科技股份有限公司2025年年度报告.pdf (文件ID: file-fe-7826812778b34cb68120fcc7)
2026-03-12 16:46:18,141 - httpx - INFO - HTTP Request: POST https://dashscope.aliyuncs.com/compatible-mode/v1/files "HTTP/1.1 200 OK"
2026-03-12 16:46:18,142 - ai_service_enhanced - INFO - 文件上传成功: \\10.3.2.15\权益部\2025年年报切片\主要指标\603061-2026-03-11-金海通-2025年年度报告.pdf (文件ID: file-fe-eb43d0bed2fc455cba89d870)
2026-03-12 16:46:18,145 - __main___file_only - INFO - 上传文件: 603031-2026-03-10-安孚科技-安徽安孚电池科技股份有限公司2025年年度报告.pdf (大小: 0.36 MB, ID: file-fe-7826812778b34cb68120fcc7)
2026-03-12 16:46:18,153 - __main___file_only - INFO - 上传文件: 603061-2026-03-11-金海通-2025年年度报告.pdf (大小: 0.35 MB, ID: file-fe-eb43d0bed2fc455cba89d870)
2026-03-12 16:46:18,861 - httpx - INFO - HTTP Request: POST https://dashscope.aliyuncs.com/compatible-mode/v1/chat/completions "HTTP/1.1 200 OK"
2026-03-12 16:46:18,938 - __main___file_only - INFO - 找到数据: 300750 2026-03-10 (3条)
2026-03-12 16:46:18,939 - __main__ - INFO - 处理成功: 300750-2026-03-10-宁德时代-2025年年度报告.pdf
2026-03-12 16:46:18,939 - __main___file_only - INFO - 文件处理成功: 300750-2026-03-10-宁德时代-2025年年度报告.pdf (耗时: 16.62秒)
2026-03-12 16:46:19,109 - httpx - INFO - HTTP Request: POST https://dashscope.aliyuncs.com/compatible-mode/v1/chat/completions "HTTP/1.1 200 OK"
2026-03-12 16:46:19,142 - httpx - INFO - HTTP Request: POST https://dashscope.aliyuncs.com/compatible-mode/v1/chat/completions "HTTP/1.1 200 OK"
2026-03-12 16:46:19,251 - __main___file_only - INFO - 找到数据: 200512 2026-03-10 (3条)
2026-03-12 16:46:19,251 - __main__ - INFO - 处理成功: 200512-2026-03-10-闽灿坤B-2025年年度报告.pdf
2026-03-12 16:46:19,251 - __main___file_only - INFO - 文件处理成功: 200512-2026-03-10-闽灿坤B-2025年年度报告.pdf (耗时: 18.62秒)
2026-03-12 16:46:19,321 - __main___file_only - INFO - 找到数据: 300033 2026-03-10 (3条)
2026-03-12 16:46:19,321 - __main__ - INFO - 处理成功: 300033-2026-03-10-同花顺-2025年年度报告.pdf
2026-03-12 16:46:19,321 - __main___file_only - INFO - 文件处理成功: 300033-2026-03-10-同花顺-2025年年度报告.pdf (耗时: 17.78秒)
2026-03-12 16:46:19,494 - httpx - INFO - HTTP Request: DELETE https://dashscope.aliyuncs.com/compatible-mode/v1/files/file-fe-a734e857423140d099c7b8db "HTTP/1.1 200 OK"
2026-03-12 16:46:19,495 - __main__ - INFO - 开始处理文件: 600830-2026-03-07-香溢融通-香溢融通控股集团股份有限公司2025年年度报告.pdf (文件ID: file-fe-0e8fe25f29304eecaad1c84b)
2026-03-12 16:46:19,847 - httpx - INFO - HTTP Request: DELETE https://dashscope.aliyuncs.com/compatible-mode/v1/files/file-fe-01f852afa04444009ba6292b "HTTP/1.1 200 OK"
2026-03-12 16:46:19,848 - __main__ - INFO - 开始处理文件: 600605-2026-03-11-汇通能源-上海汇通能源股份有限公司2025年年度报告.pdf (文件ID: file-fe-f9f5f2be78b942b785e64d9e)
2026-03-12 16:46:19,930 - httpx - INFO - HTTP Request: POST https://dashscope.aliyuncs.com/compatible-mode/v1/chat/completions "HTTP/1.1 200 OK"
2026-03-12 16:46:19,931 - httpx - INFO - HTTP Request: DELETE https://dashscope.aliyuncs.com/compatible-mode/v1/files/file-fe-34784989a65f43728843186d "HTTP/1.1 200 OK"
2026-03-12 16:46:19,931 - __main__ - INFO - 开始处理文件: 600963-2026-03-11-岳阳林纸-岳阳林纸股份有限公司2025年年度报告.pdf (文件ID: file-fe-73342996bb0b43a2a5c3163a)
2026-03-12 16:46:20,011 - __main___file_only - INFO - 找到数据: 003033 2026-03-10 (3条)
2026-03-12 16:46:20,011 - __main__ - INFO - 处理成功: 003033-2026-03-10-征和工业-2025年年度报告.pdf
2026-03-12 16:46:20,011 - __main___file_only - INFO - 文件处理成功: 003033-2026-03-10-征和工业-2025年年度报告.pdf (耗时: 19.06秒)
2026-03-12 16:46:20,331 - httpx - INFO - HTTP Request: POST https://dashscope.aliyuncs.com/compatible-mode/v1/files "HTTP/1.1 200 OK"
2026-03-12 16:46:20,332 - ai_service_enhanced - INFO - 文件上传成功: \\10.3.2.15\权益部\2025年年报切片\主要指标\603268-2026-03-10-ST松发-2025年年度报告.pdf (文件ID: file-fe-082467e3eb734ece94ff140b)
2026-03-12 16:46:20,341 - __main___file_only - INFO - 上传文件: 603268-2026-03-10-ST松发-2025年年度报告.pdf (大小: 0.33 MB, ID: file-fe-082467e3eb734ece94ff140b)
2026-03-12 16:46:20,492 - httpx - INFO - HTTP Request: POST https://dashscope.aliyuncs.com/compatible-mode/v1/files "HTTP/1.1 200 OK"
2026-03-12 16:46:20,493 - ai_service_enhanced - INFO - 文件上传成功: \\10.3.2.15\权益部\2025年年报切片\主要指标\603103-2026-02-28-横店影视-横店影视股份有限公司2025年年度报告.pdf (文件ID: file-fe-8c07f4dadce34c039618ea44)
2026-03-12 16:46:20,503 - __main___file_only - INFO - 上传文件: 603103-2026-02-28-横店影视-横店影视股份有限公司2025年年度报告.pdf (大小: 0.31 MB, ID: file-fe-8c07f4dadce34c039618ea44)
2026-03-12 16:46:20,576 - httpx - INFO - HTTP Request: DELETE https://dashscope.aliyuncs.com/compatible-mode/v1/files/file-fe-b00497fd135b45d4a23cc89b "HTTP/1.1 200 OK"
2026-03-12 16:46:20,577 - __main__ - INFO - 开始处理文件: 601138-2026-03-11-工业富联-富士康工业互联网股份有限公司2025年年度报告.pdf (文件ID: file-fe-5f6cedc0c59742479f68d5fc)
2026-03-12 16:46:22,322 - httpx - INFO - HTTP Request: POST https://dashscope.aliyuncs.com/compatible-mode/v1/chat/completions "HTTP/1.1 200 OK"
2026-03-12 16:46:22,345 - httpx - INFO - HTTP Request: POST https://dashscope.aliyuncs.com/compatible-mode/v1/files "HTTP/1.1 200 OK"
2026-03-12 16:46:22,346 - ai_service_enhanced - INFO - 文件上传成功: \\10.3.2.15\权益部\2025年年报切片\主要指标\603316-2026-03-07-诚邦股份-诚邦生态环境股份有限公司2025年年度报告.pdf (文件ID: file-fe-a74f427b394944809db2f12b)
2026-03-12 16:46:22,356 - __main___file_only - INFO - 上传文件: 603316-2026-03-07-诚邦股份-诚邦生态环境股份有限公司2025年年度报告.pdf (大小: 0.32 MB, ID: file-fe-a74f427b394944809db2f12b)
2026-03-12 16:46:22,405 - __main___file_only - INFO - 找到数据: 300889 2026-03-07 (3条)
2026-03-12 16:46:22,405 - __main__ - INFO - 处理成功: 300889-2026-03-07-爱克股份-2025年年度报告.pdf
2026-03-12 16:46:22,405 - __main___file_only - INFO - 文件处理成功: 300889-2026-03-07-爱克股份-2025年年度报告.pdf (耗时: 19.82秒)
2026-03-12 16:46:22,464 - httpx - INFO - HTTP Request: POST https://dashscope.aliyuncs.com/compatible-mode/v1/files "HTTP/1.1 200 OK"
2026-03-12 16:46:22,464 - ai_service_enhanced - INFO - 文件上传成功: \\10.3.2.15\权益部\2025年年报切片\主要指标\603317-2026-03-12-天味食品-2025年年度报告.pdf (文件ID: file-fe-98b7ab9cb2d74135b56c027f)
2026-03-12 16:46:22,474 - __main___file_only - INFO - 上传文件: 603317-2026-03-12-天味食品-2025年年度报告.pdf (大小: 0.32 MB, ID: file-fe-98b7ab9cb2d74135b56c027f)
2026-03-12 16:46:22,811 - httpx - INFO - HTTP Request: POST https://dashscope.aliyuncs.com/compatible-mode/v1/chat/completions "HTTP/1.1 200 OK"
2026-03-12 16:46:22,889 - __main___file_only - INFO - 找到数据: 300956 2026-03-05 (3条)
2026-03-12 16:46:22,889 - __main__ - INFO - 处理成功: 300956-2026-03-05-英力股份-2025年年度报告.pdf
2026-03-12 16:46:22,889 - __main___file_only - INFO - 文件处理成功: 300956-2026-03-05-英力股份-2025年年度报告.pdf (耗时: 16.73秒)
2026-03-12 16:46:22,971 - httpx - INFO - HTTP Request: DELETE https://dashscope.aliyuncs.com/compatible-mode/v1/files/file-fe-c8fcb04a8d8e4f938435f0af "HTTP/1.1 200 OK"
2026-03-12 16:46:22,971 - __main__ - INFO - 开始处理文件: 603005-2026-02-28-晶方科技-晶方科技2025年年度报告.pdf (文件ID: file-fe-e0efd94186db4594b07d6558)
2026-03-12 16:46:22,991 - httpx - INFO - HTTP Request: POST https://dashscope.aliyuncs.com/compatible-mode/v1/chat/completions "HTTP/1.1 200 OK"
2026-03-12 16:46:23,069 - __main___file_only - INFO - 找到数据: 300995 2026-03-12 (3条)
2026-03-12 16:46:23,069 - __main__ - INFO - 处理成功: 300995-2026-03-12-奇德新材-2025年年度报告.pdf
2026-03-12 16:46:23,069 - __main___file_only - INFO - 文件处理成功: 300995-2026-03-12-奇德新材-2025年年度报告.pdf (耗时: 17.17秒)
2026-03-12 16:46:23,070 - httpx - INFO - HTTP Request: POST https://dashscope.aliyuncs.com/compatible-mode/v1/chat/completions "HTTP/1.1 200 OK"
2026-03-12 16:46:23,151 - __main___file_only - INFO - 找到数据: 300803 2026-01-31 (3条)
2026-03-12 16:46:23,151 - __main__ - INFO - 处理成功: 300803-2026-01-31-指南针-2025年年度报告.pdf
2026-03-12 16:46:23,151 - __main___file_only - INFO - 文件处理成功: 300803-2026-01-31-指南针-2025年年度报告.pdf (耗时: 17.83秒)
2026-03-12 16:46:23,536 - httpx - INFO - HTTP Request: DELETE https://dashscope.aliyuncs.com/compatible-mode/v1/files/file-fe-71d3001a525a43ce90bdc217 "HTTP/1.1 200 OK"
2026-03-12 16:46:23,537 - __main__ - INFO - 开始处理文件: 603007-2026-03-06-ST花王-2025年年度报告.pdf (文件ID: file-fe-17163787a0d449f3a83de4bf)
2026-03-12 16:46:23,661 - httpx - INFO - HTTP Request: DELETE https://dashscope.aliyuncs.com/compatible-mode/v1/files/file-fe-79e568afe54f44c1a5bd1438 "HTTP/1.1 200 OK"
2026-03-12 16:46:23,662 - __main__ - INFO - 开始处理文件: 603061-2026-03-11-金海通-2025年年度报告.pdf (文件ID: file-fe-eb43d0bed2fc455cba89d870)
2026-03-12 16:46:23,780 - httpx - INFO - HTTP Request: DELETE https://dashscope.aliyuncs.com/compatible-mode/v1/files/file-fe-eb4dd80b251e4eaa92f093bc "HTTP/1.1 200 OK"
2026-03-12 16:46:23,781 - __main__ - INFO - 开始处理文件: 603031-2026-03-10-安孚科技-安徽安孚电池科技股份有限公司2025年年度报告.pdf (文件ID: file-fe-7826812778b34cb68120fcc7)
2026-03-12 16:46:24,524 - httpx - INFO - HTTP Request: POST https://dashscope.aliyuncs.com/compatible-mode/v1/files "HTTP/1.1 200 OK"
2026-03-12 16:46:24,524 - ai_service_enhanced - INFO - 文件上传成功: \\10.3.2.15\权益部\2025年年报切片\主要指标\603659-2026-03-06-璞泰来-上海璞泰来新能源科技集团股份有限公司2025年年度报告.pdf (文件ID: file-fe-4fd36de5f80f44b2910a5f56)
2026-03-12 16:46:24,537 - __main___file_only - INFO - 上传文件: 603659-2026-03-06-璞泰来-上海璞泰来新能源科技集团股份有限公司2025年年度报告.pdf (大小: 0.30 MB, ID: file-fe-4fd36de5f80f44b2910a5f56)
2026-03-12 16:46:24,552 - httpx - INFO - HTTP Request: POST https://dashscope.aliyuncs.com/compatible-mode/v1/files "HTTP/1.1 200 OK"
2026-03-12 16:46:24,552 - ai_service_enhanced - INFO - 文件上传成功: \\10.3.2.15\权益部\2025年年报切片\主要指标\603682-2026-02-28-锦和商管-上海锦和商业经营管理（集团）股份有限公司2025年年度报告.pdf (文件ID: file-fe-bd1590d6a2d04b948332f0d8)
2026-03-12 16:46:24,559 - __main___file_only - INFO - 上传文件: 603682-2026-02-28-锦和商管-上海锦和商业经营管理（集团）股份有限公司2025年年度报告.pdf (大小: 0.36 MB, ID: file-fe-bd1590d6a2d04b948332f0d8)
2026-03-12 16:46:26,228 - httpx - INFO - HTTP Request: POST https://dashscope.aliyuncs.com/compatible-mode/v1/chat/completions "HTTP/1.1 200 OK"
2026-03-12 16:46:26,329 - __main___file_only - INFO - 找到数据: 301087 2026-03-10 (3条)
2026-03-12 16:46:26,330 - __main__ - INFO - 处理成功: 301087-2026-03-10-可孚医疗-2025年年度报告.pdf
2026-03-12 16:46:26,330 - __main___file_only - INFO - 文件处理成功: 301087-2026-03-10-可孚医疗-2025年年度报告.pdf (耗时: 18.21秒)
2026-03-12 16:46:26,619 - httpx - INFO - HTTP Request: POST https://dashscope.aliyuncs.com/compatible-mode/v1/chat/completions "HTTP/1.1 200 OK"
2026-03-12 16:46:26,626 - httpx - INFO - HTTP Request: POST https://dashscope.aliyuncs.com/compatible-mode/v1/files "HTTP/1.1 200 OK"
2026-03-12 16:46:26,627 - ai_service_enhanced - INFO - 文件上传成功: \\10.3.2.15\权益部\2025年年报切片\主要指标\605299-2026-03-11-舒华体育-舒华体育股份有限公司2025年年度报告.pdf (文件ID: file-fe-c3fa067907f044c0a4152e9d)
2026-03-12 16:46:26,636 - __main___file_only - INFO - 上传文件: 605299-2026-03-11-舒华体育-舒华体育股份有限公司2025年年度报告.pdf (大小: 0.30 MB, ID: file-fe-c3fa067907f044c0a4152e9d)
2026-03-12 16:46:26,704 - __main___file_only - INFO - 找到数据: 301536 2026-03-10 (3条)
2026-03-12 16:46:26,705 - __main__ - INFO - 处理成功: 301536-2026-03-10-星宸科技-2025年年度报告.pdf
2026-03-12 16:46:26,705 - __main___file_only - INFO - 文件处理成功: 301536-2026-03-10-星宸科技-2025年年度报告.pdf (耗时: 19.01秒)
2026-03-12 16:46:26,743 - httpx - INFO - HTTP Request: POST https://dashscope.aliyuncs.com/compatible-mode/v1/files "HTTP/1.1 200 OK"
2026-03-12 16:46:26,744 - ai_service_enhanced - INFO - 文件上传成功: \\10.3.2.15\权益部\2025年年报切片\主要指标\605339-2026-03-10-南侨食品-南侨食品集团（上海）股份有限公司2025年年度报告.pdf (文件ID: file-fe-00fb6609a2f5473ea2823dcb)
2026-03-12 16:46:26,750 - __main___file_only - INFO - 上传文件: 605339-2026-03-10-南侨食品-南侨食品集团（上海）股份有限公司2025年年度报告.pdf (大小: 0.26 MB, ID: file-fe-00fb6609a2f5473ea2823dcb)
2026-03-12 16:46:27,037 - httpx - INFO - HTTP Request: DELETE https://dashscope.aliyuncs.com/compatible-mode/v1/files/file-fe-27033d25397449ed96da5d1b "HTTP/1.1 200 OK"
2026-03-12 16:46:27,038 - __main__ - INFO - 开始处理文件: 603268-2026-03-10-ST松发-2025年年度报告.pdf (文件ID: file-fe-082467e3eb734ece94ff140b)
2026-03-12 16:46:27,352 - httpx - INFO - HTTP Request: DELETE https://dashscope.aliyuncs.com/compatible-mode/v1/files/file-fe-e064b62507f04c0b85bc5d7c "HTTP/1.1 200 OK"
2026-03-12 16:46:27,352 - __main__ - INFO - 开始处理文件: 603103-2026-02-28-横店影视-横店影视股份有限公司2025年年度报告.pdf (文件ID: file-fe-8c07f4dadce34c039618ea44)
2026-03-12 16:46:28,374 - httpx - INFO - HTTP Request: POST https://dashscope.aliyuncs.com/compatible-mode/v1/chat/completions "HTTP/1.1 200 OK"
2026-03-12 16:46:28,465 - __main___file_only - INFO - 找到数据: 600113 2026-03-07 (3条)
2026-03-12 16:46:28,466 - __main__ - INFO - 处理成功: 600113-2026-03-07-浙江东日-浙江东日股份有限公司2025年年度报告（全文）.pdf
2026-03-12 16:46:28,466 - __main___file_only - INFO - 文件处理成功: 600113-2026-03-07-浙江东日-浙江东日股份有限公司2025年年度报告（全文）.pdf (耗时: 18.05秒)
2026-03-12 16:46:28,865 - httpx - INFO - HTTP Request: POST https://dashscope.aliyuncs.com/compatible-mode/v1/files "HTTP/1.1 200 OK"
2026-03-12 16:46:28,866 - ai_service_enhanced - INFO - 文件上传成功: \\10.3.2.15\权益部\2025年年报切片\主要指标\688082-2026-02-27-盛美上海-2025年度报告全文.pdf (文件ID: file-fe-8ba31f4017294340951e9f16)
2026-03-12 16:46:28,875 - __main___file_only - INFO - 上传文件: 688082-2026-02-27-盛美上海-2025年度报告全文.pdf (大小: 0.34 MB, ID: file-fe-8ba31f4017294340951e9f16)
2026-03-12 16:46:28,901 - httpx - INFO - HTTP Request: POST https://dashscope.aliyuncs.com/compatible-mode/v1/files "HTTP/1.1 200 OK"
2026-03-12 16:46:28,902 - ai_service_enhanced - INFO - 文件上传成功: \\10.3.2.15\权益部\2025年年报切片\主要指标\688100-2026-02-28-威胜信息-威胜信息2025年年度报告.pdf (文件ID: file-fe-2a744b3805714387bba9ca79)
2026-03-12 16:46:28,911 - __main___file_only - INFO - 上传文件: 688100-2026-02-28-威胜信息-威胜信息2025年年度报告.pdf (大小: 0.29 MB, ID: file-fe-2a744b3805714387bba9ca79)
2026-03-12 16:46:29,140 - httpx - INFO - HTTP Request: DELETE https://dashscope.aliyuncs.com/compatible-mode/v1/files/file-fe-016885b471644f8197f2b4b5 "HTTP/1.1 200 OK"
2026-03-12 16:46:29,140 - __main__ - INFO - 开始处理文件: 603316-2026-03-07-诚邦股份-诚邦生态环境股份有限公司2025年年度报告.pdf (文件ID: file-fe-a74f427b394944809db2f12b)
2026-03-12 16:46:30,631 - httpx - INFO - HTTP Request: POST https://dashscope.aliyuncs.com/compatible-mode/v1/chat/completions "HTTP/1.1 200 OK"
2026-03-12 16:46:30,733 - __main___file_only - INFO - 找到数据: 600433 2026-03-11 (3条)
2026-03-12 16:46:30,734 - __main__ - INFO - 处理成功: 600433-2026-03-11-冠豪高新-冠豪高新2025年年度报告.pdf
2026-03-12 16:46:30,734 - __main___file_only - INFO - 文件处理成功: 600433-2026-03-11-冠豪高新-冠豪高新2025年年度报告.pdf (耗时: 17.66秒)
2026-03-12 16:46:30,994 - httpx - INFO - HTTP Request: POST https://dashscope.aliyuncs.com/compatible-mode/v1/files "HTTP/1.1 200 OK"
2026-03-12 16:46:30,995 - ai_service_enhanced - INFO - 文件上传成功: \\10.3.2.15\权益部\2025年年报切片\主要指标\688230-2026-02-03-芯导科技-2025年年度报告.pdf (文件ID: file-fe-c4537a1dcb4f43fe8bdf2e40)
2026-03-12 16:46:31,007 - __main___file_only - INFO - 上传文件: 688230-2026-02-03-芯导科技-2025年年度报告.pdf (大小: 0.30 MB, ID: file-fe-c4537a1dcb4f43fe8bdf2e40)
2026-03-12 16:46:31,066 - httpx - INFO - HTTP Request: POST https://dashscope.aliyuncs.com/compatible-mode/v1/files "HTTP/1.1 200 OK"
2026-03-12 16:46:31,067 - ai_service_enhanced - INFO - 文件上传成功: \\10.3.2.15\权益部\2025年年报切片\主要指标\688345-2026-03-10-博力威-广东博力威科技股份有限公司2025年年度报告.pdf (文件ID: file-fe-709e2054f91a4caf806e4653)
2026-03-12 16:46:31,083 - __main___file_only - INFO - 上传文件: 688345-2026-03-10-博力威-广东博力威科技股份有限公司2025年年度报告.pdf (大小: 0.33 MB, ID: file-fe-709e2054f91a4caf806e4653)
2026-03-12 16:46:31,386 - httpx - INFO - HTTP Request: DELETE https://dashscope.aliyuncs.com/compatible-mode/v1/files/file-fe-253a8673c711465fbcbe4afa "HTTP/1.1 200 OK"
2026-03-12 16:46:31,387 - __main__ - INFO - 开始处理文件: 603317-2026-03-12-天味食品-2025年年度报告.pdf (文件ID: file-fe-98b7ab9cb2d74135b56c027f)
2026-03-12 16:46:31,789 - httpx - INFO - HTTP Request: POST https://dashscope.aliyuncs.com/compatible-mode/v1/chat/completions "HTTP/1.1 200 OK"
2026-03-12 16:46:31,877 - __main___file_only - INFO - 找到数据: 600132 2026-03-11 (3条)
2026-03-12 16:46:31,878 - __main__ - INFO - 处理成功: 600132-2026-03-11-重庆啤酒-重庆啤酒股份有限公司2025年年度报告.pdf
2026-03-12 16:46:31,878 - __main___file_only - INFO - 文件处理成功: 600132-2026-03-11-重庆啤酒-重庆啤酒股份有限公司2025年年度报告.pdf (耗时: 20.33秒)
2026-03-12 16:46:32,116 - httpx - INFO - HTTP Request: POST https://dashscope.aliyuncs.com/compatible-mode/v1/chat/completions "HTTP/1.1 200 OK"
2026-03-12 16:46:32,192 - __main___file_only - INFO - 找到数据: 600299 2026-03-07 (3条)
2026-03-12 16:46:32,193 - __main__ - INFO - 处理成功: 600299-2026-03-07-安迪苏-安迪苏2025年年度报告.pdf
2026-03-12 16:46:32,193 - __main___file_only - INFO - 文件处理成功: 600299-2026-03-07-安迪苏-安迪苏2025年年度报告.pdf (耗时: 18.72秒)
2026-03-12 16:46:32,525 - httpx - INFO - HTTP Request: DELETE https://dashscope.aliyuncs.com/compatible-mode/v1/files/file-fe-147e7c8bea1f4aa3bed954af "HTTP/1.1 200 OK"
2026-03-12 16:46:32,525 - __main__ - INFO - 开始处理文件: 603659-2026-03-06-璞泰来-上海璞泰来新能源科技集团股份有限公司2025年年度报告.pdf (文件ID: file-fe-4fd36de5f80f44b2910a5f56)
2026-03-12 16:46:32,813 - httpx - INFO - HTTP Request: DELETE https://dashscope.aliyuncs.com/compatible-mode/v1/files/file-fe-176dcb9a9c444289931ddcd8 "HTTP/1.1 200 OK"
2026-03-12 16:46:32,813 - __main__ - INFO - 开始处理文件: 603682-2026-02-28-锦和商管-上海锦和商业经营管理（集团）股份有限公司2025年年度报告.pdf (文件ID: file-fe-bd1590d6a2d04b948332f0d8)
2026-03-12 16:46:33,089 - httpx - INFO - HTTP Request: POST https://dashscope.aliyuncs.com/compatible-mode/v1/files "HTTP/1.1 200 OK"
2026-03-12 16:46:33,090 - ai_service_enhanced - INFO - 文件上传成功: \\10.3.2.15\权益部\2025年年报切片\主要指标\920060-2026-03-09-万源通-2025年年度报告.pdf (文件ID: file-fe-2df67f4866824029a2a8d5aa)
2026-03-12 16:46:33,120 - __main___file_only - INFO - 上传文件: 920060-2026-03-09-万源通-2025年年度报告.pdf (大小: 0.41 MB, ID: file-fe-2df67f4866824029a2a8d5aa)
2026-03-12 16:46:33,150 - httpx - INFO - HTTP Request: POST https://dashscope.aliyuncs.com/compatible-mode/v1/files "HTTP/1.1 200 OK"
2026-03-12 16:46:33,151 - ai_service_enhanced - INFO - 文件上传成功: \\10.3.2.15\权益部\2025年年报切片\主要指标\688511-2026-02-28-ST天微-2025年年度报告.pdf (文件ID: file-fe-f72fe8cd152341f89024fe16)
2026-03-12 16:46:33,201 - __main___file_only - INFO - 上传文件: 688511-2026-02-28-ST天微-2025年年度报告.pdf (大小: 0.33 MB, ID: file-fe-f72fe8cd152341f89024fe16)
2026-03-12 16:46:34,783 - httpx - INFO - HTTP Request: POST https://dashscope.aliyuncs.com/compatible-mode/v1/chat/completions "HTTP/1.1 200 OK"
2026-03-12 16:46:34,917 - __main___file_only - INFO - 找到数据: 600539 2026-02-28 (3条)
2026-03-12 16:46:34,918 - __main__ - INFO - 处理成功: 600539-2026-02-28-狮头股份-2025年年度报告.pdf
2026-03-12 16:46:34,918 - __main___file_only - INFO - 文件处理成功: 600539-2026-02-28-狮头股份-2025年年度报告.pdf (耗时: 19.42秒)
2026-03-12 16:46:35,410 - httpx - INFO - HTTP Request: POST https://dashscope.aliyuncs.com/compatible-mode/v1/files "HTTP/1.1 200 OK"
2026-03-12 16:46:35,411 - ai_service_enhanced - INFO - 文件上传成功: \\10.3.2.15\权益部\2025年年报切片\主要指标\920735-2026-03-05-德源药业-2025年年度报告.pdf (文件ID: file-fe-94689a5c83444f9187aad2fe)
2026-03-12 16:46:35,432 - __main___file_only - INFO - 上传文件: 920735-2026-03-05-德源药业-2025年年度报告.pdf (大小: 1.06 MB, ID: file-fe-94689a5c83444f9187aad2fe)
2026-03-12 16:46:35,544 - httpx - INFO - HTTP Request: DELETE https://dashscope.aliyuncs.com/compatible-mode/v1/files/file-fe-3674d920cdf646c1a4bc1321 "HTTP/1.1 200 OK"
2026-03-12 16:46:35,544 - __main__ - INFO - 开始处理文件: 605299-2026-03-11-舒华体育-舒华体育股份有限公司2025年年度报告.pdf (文件ID: file-fe-c3fa067907f044c0a4152e9d)
2026-03-12 16:46:37,334 - httpx - INFO - HTTP Request: POST https://dashscope.aliyuncs.com/compatible-mode/v1/chat/completions "HTTP/1.1 200 OK"
2026-03-12 16:46:37,427 - __main___file_only - INFO - 找到数据: 600529 2026-03-07 (3条)
2026-03-12 16:46:37,427 - __main__ - INFO - 处理成功: 600529-2026-03-07-山东药玻-山东省药用玻璃股份有限公司2025年年度报告.pdf
2026-03-12 16:46:37,427 - __main___file_only - INFO - 文件处理成功: 600529-2026-03-07-山东药玻-山东省药用玻璃股份有限公司2025年年度报告.pdf (耗时: 19.81秒)
2026-03-12 16:46:38,153 - httpx - INFO - HTTP Request: DELETE https://dashscope.aliyuncs.com/compatible-mode/v1/files/file-fe-41e862c390074e8690032fe3 "HTTP/1.1 200 OK"
2026-03-12 16:46:38,153 - __main__ - INFO - 开始处理文件: 605339-2026-03-10-南侨食品-南侨食品集团（上海）股份有限公司2025年年度报告.pdf (文件ID: file-fe-00fb6609a2f5473ea2823dcb)
2026-03-12 16:46:38,175 - httpx - INFO - HTTP Request: POST https://dashscope.aliyuncs.com/compatible-mode/v1/chat/completions "HTTP/1.1 200 OK"
2026-03-12 16:46:38,281 - __main___file_only - INFO - 找到数据: 600605 2026-03-11 (3条)
2026-03-12 16:46:38,281 - __main__ - INFO - 处理成功: 600605-2026-03-11-汇通能源-上海汇通能源股份有限公司2025年年度报告.pdf
2026-03-12 16:46:38,281 - __main___file_only - INFO - 文件处理成功: 600605-2026-03-11-汇通能源-上海汇通能源股份有限公司2025年年度报告.pdf (耗时: 18.43秒)
2026-03-12 16:46:38,539 - httpx - INFO - HTTP Request: POST https://dashscope.aliyuncs.com/compatible-mode/v1/chat/completions "HTTP/1.1 200 OK"
2026-03-12 16:46:38,629 - __main___file_only - INFO - 找到数据: 601138 2026-03-11 (3条)
2026-03-12 16:46:38,630 - __main__ - INFO - 处理成功: 601138-2026-03-11-工业富联-富士康工业互联网股份有限公司2025年年度报告.pdf
2026-03-12 16:46:38,630 - __main___file_only - INFO - 文件处理成功: 601138-2026-03-11-工业富联-富士康工业互联网股份有限公司2025年年度报告.pdf (耗时: 18.05秒)
2026-03-12 16:46:38,914 - httpx - INFO - HTTP Request: POST https://dashscope.aliyuncs.com/compatible-mode/v1/chat/completions "HTTP/1.1 200 OK"
2026-03-12 16:46:38,915 - httpx - INFO - HTTP Request: DELETE https://dashscope.aliyuncs.com/compatible-mode/v1/files/file-fe-f9f5f2be78b942b785e64d9e "HTTP/1.1 200 OK"
2026-03-12 16:46:38,916 - __main__ - INFO - 开始处理文件: 688100-2026-02-28-威胜信息-威胜信息2025年年度报告.pdf (文件ID: file-fe-2a744b3805714387bba9ca79)
2026-03-12 16:46:38,997 - __main___file_only - INFO - 找到数据: 600830 2026-03-07 (3条)
2026-03-12 16:46:38,997 - __main__ - INFO - 处理成功: 600830-2026-03-07-香溢融通-香溢融通控股集团股份有限公司2025年年度报告.pdf
2026-03-12 16:46:38,997 - __main___file_only - INFO - 文件处理成功: 600830-2026-03-07-香溢融通-香溢融通控股集团股份有限公司2025年年度报告.pdf (耗时: 19.50秒)
2026-03-12 16:46:39,275 - httpx - INFO - HTTP Request: DELETE https://dashscope.aliyuncs.com/compatible-mode/v1/files/file-fe-5f6cedc0c59742479f68d5fc "HTTP/1.1 200 OK"
2026-03-12 16:46:39,275 - __main__ - INFO - 开始处理文件: 688082-2026-02-27-盛美上海-2025年度报告全文.pdf (文件ID: file-fe-8ba31f4017294340951e9f16)
2026-03-12 16:46:39,622 - httpx - INFO - HTTP Request: DELETE https://dashscope.aliyuncs.com/compatible-mode/v1/files/file-fe-0e8fe25f29304eecaad1c84b "HTTP/1.1 200 OK"
2026-03-12 16:46:39,623 - __main__ - INFO - 开始处理文件: 688230-2026-02-03-芯导科技-2025年年度报告.pdf (文件ID: file-fe-c4537a1dcb4f43fe8bdf2e40)
2026-03-12 16:46:40,630 - httpx - INFO - HTTP Request: POST https://dashscope.aliyuncs.com/compatible-mode/v1/chat/completions "HTTP/1.1 200 OK"
2026-03-12 16:46:40,718 - __main___file_only - INFO - 找到数据: 603061 2026-03-11 (3条)
2026-03-12 16:46:40,718 - __main__ - INFO - 处理成功: 603061-2026-03-11-金海通-2025年年度报告.pdf
2026-03-12 16:46:40,718 - __main___file_only - INFO - 文件处理成功: 603061-2026-03-11-金海通-2025年年度报告.pdf (耗时: 17.06秒)
2026-03-12 16:46:40,989 - httpx - INFO - HTTP Request: POST https://dashscope.aliyuncs.com/compatible-mode/v1/chat/completions "HTTP/1.1 200 OK"
2026-03-12 16:46:41,046 - httpx - INFO - HTTP Request: POST https://dashscope.aliyuncs.com/compatible-mode/v1/chat/completions "HTTP/1.1 200 OK"
2026-03-12 16:46:41,067 - __main___file_only - INFO - 找到数据: 603031 2026-03-10 (3条)
2026-03-12 16:46:41,067 - __main__ - INFO - 处理成功: 603031-2026-03-10-安孚科技-安徽安孚电池科技股份有限公司2025年年度报告.pdf
2026-03-12 16:46:41,067 - __main___file_only - INFO - 文件处理成功: 603031-2026-03-10-安孚科技-安徽安孚电池科技股份有限公司2025年年度报告.pdf (耗时: 17.29秒)
2026-03-12 16:46:41,131 - __main___file_only - INFO - 找到数据: 603007 2026-03-06 (3条)
2026-03-12 16:46:41,131 - __main__ - INFO - 处理成功: 603007-2026-03-06-ST花王-2025年年度报告.pdf
2026-03-12 16:46:41,131 - __main___file_only - INFO - 文件处理成功: 603007-2026-03-06-ST花王-2025年年度报告.pdf (耗时: 17.59秒)
2026-03-12 16:46:41,411 - httpx - INFO - HTTP Request: DELETE https://dashscope.aliyuncs.com/compatible-mode/v1/files/file-fe-eb43d0bed2fc455cba89d870 "HTTP/1.1 200 OK"
2026-03-12 16:46:41,411 - __main__ - INFO - 开始处理文件: 688345-2026-03-10-博力威-广东博力威科技股份有限公司2025年年度报告.pdf (文件ID: file-fe-709e2054f91a4caf806e4653)
2026-03-12 16:46:41,658 - httpx - INFO - HTTP Request: DELETE https://dashscope.aliyuncs.com/compatible-mode/v1/files/file-fe-7826812778b34cb68120fcc7 "HTTP/1.1 200 OK"
2026-03-12 16:46:41,659 - __main__ - INFO - 开始处理文件: 920060-2026-03-09-万源通-2025年年度报告.pdf (文件ID: file-fe-2df67f4866824029a2a8d5aa)
2026-03-12 16:46:41,828 - httpx - INFO - HTTP Request: DELETE https://dashscope.aliyuncs.com/compatible-mode/v1/files/file-fe-17163787a0d449f3a83de4bf "HTTP/1.1 200 OK"
2026-03-12 16:46:41,828 - __main__ - INFO - 开始处理文件: 688511-2026-02-28-ST天微-2025年年度报告.pdf (文件ID: file-fe-f72fe8cd152341f89024fe16)
2026-03-12 16:46:41,969 - httpx - INFO - HTTP Request: POST https://dashscope.aliyuncs.com/compatible-mode/v1/chat/completions "HTTP/1.1 200 OK"
2026-03-12 16:46:42,062 - __main___file_only - INFO - 找到数据: 603005 2026-02-28 (3条)
2026-03-12 16:46:42,063 - __main__ - INFO - 处理成功: 603005-2026-02-28-晶方科技-晶方科技2025年年度报告.pdf
2026-03-12 16:46:42,063 - __main___file_only - INFO - 文件处理成功: 603005-2026-02-28-晶方科技-晶方科技2025年年度报告.pdf (耗时: 19.09秒)
2026-03-12 16:46:42,787 - httpx - INFO - HTTP Request: DELETE https://dashscope.aliyuncs.com/compatible-mode/v1/files/file-fe-e0efd94186db4594b07d6558 "HTTP/1.1 200 OK"
2026-03-12 16:46:42,787 - __main__ - INFO - 开始处理文件: 920735-2026-03-05-德源药业-2025年年度报告.pdf (文件ID: file-fe-94689a5c83444f9187aad2fe)
2026-03-12 16:46:45,569 - httpx - INFO - HTTP Request: POST https://dashscope.aliyuncs.com/compatible-mode/v1/chat/completions "HTTP/1.1 200 OK"
2026-03-12 16:46:45,655 - __main___file_only - INFO - 找到数据: 603268 2026-03-10 (3条)
2026-03-12 16:46:45,655 - __main__ - INFO - 处理成功: 603268-2026-03-10-ST松发-2025年年度报告.pdf
2026-03-12 16:46:45,655 - __main___file_only - INFO - 文件处理成功: 603268-2026-03-10-ST松发-2025年年度报告.pdf (耗时: 18.62秒)
2026-03-12 16:46:45,802 - httpx - INFO - HTTP Request: POST https://dashscope.aliyuncs.com/compatible-mode/v1/chat/completions "HTTP/1.1 200 OK"
2026-03-12 16:46:45,888 - __main___file_only - INFO - 找到数据: 603103 2026-02-28 (3条)
2026-03-12 16:46:45,888 - __main__ - INFO - 处理成功: 603103-2026-02-28-横店影视-横店影视股份有限公司2025年年度报告.pdf
2026-03-12 16:46:45,888 - __main___file_only - INFO - 文件处理成功: 603103-2026-02-28-横店影视-横店影视股份有限公司2025年年度报告.pdf (耗时: 18.54秒)
2026-03-12 16:46:46,308 - httpx - INFO - HTTP Request: DELETE https://dashscope.aliyuncs.com/compatible-mode/v1/files/file-fe-082467e3eb734ece94ff140b "HTTP/1.1 200 OK"
2026-03-12 16:46:46,502 - httpx - INFO - HTTP Request: DELETE https://dashscope.aliyuncs.com/compatible-mode/v1/files/file-fe-8c07f4dadce34c039618ea44 "HTTP/1.1 200 OK"
2026-03-12 16:46:46,673 - httpx - INFO - HTTP Request: POST https://dashscope.aliyuncs.com/compatible-mode/v1/chat/completions "HTTP/1.1 200 OK"
2026-03-12 16:46:46,765 - __main___file_only - INFO - 找到数据: 603316 2026-03-07 (3条)
2026-03-12 16:46:46,765 - __main__ - INFO - 处理成功: 603316-2026-03-07-诚邦股份-诚邦生态环境股份有限公司2025年年度报告.pdf
2026-03-12 16:46:46,765 - __main___file_only - INFO - 文件处理成功: 603316-2026-03-07-诚邦股份-诚邦生态环境股份有限公司2025年年度报告.pdf (耗时: 17.62秒)
2026-03-12 16:46:47,468 - httpx - INFO - HTTP Request: DELETE https://dashscope.aliyuncs.com/compatible-mode/v1/files/file-fe-a74f427b394944809db2f12b "HTTP/1.1 200 OK"
2026-03-12 16:46:48,691 - httpx - INFO - HTTP Request: POST https://dashscope.aliyuncs.com/compatible-mode/v1/chat/completions "HTTP/1.1 200 OK"
2026-03-12 16:46:48,775 - __main___file_only - INFO - 找到数据: 600963 2026-03-11 (3条)
2026-03-12 16:46:48,775 - __main__ - INFO - 处理成功: 600963-2026-03-11-岳阳林纸-岳阳林纸股份有限公司2025年年度报告.pdf
2026-03-12 16:46:48,775 - __main___file_only - INFO - 文件处理成功: 600963-2026-03-11-岳阳林纸-岳阳林纸股份有限公司2025年年度报告.pdf (耗时: 28.84秒)
2026-03-12 16:46:49,070 - httpx - INFO - HTTP Request: POST https://dashscope.aliyuncs.com/compatible-mode/v1/chat/completions "HTTP/1.1 200 OK"
2026-03-12 16:46:49,163 - __main___file_only - INFO - 找到数据: 603317 2026-03-12 (3条)
2026-03-12 16:46:49,163 - __main__ - INFO - 处理成功: 603317-2026-03-12-天味食品-2025年年度报告.pdf
2026-03-12 16:46:49,163 - __main___file_only - INFO - 文件处理成功: 603317-2026-03-12-天味食品-2025年年度报告.pdf (耗时: 17.78秒)
2026-03-12 16:46:49,420 - httpx - INFO - HTTP Request: DELETE https://dashscope.aliyuncs.com/compatible-mode/v1/files/file-fe-73342996bb0b43a2a5c3163a "HTTP/1.1 200 OK"
2026-03-12 16:46:49,699 - httpx - INFO - HTTP Request: POST https://dashscope.aliyuncs.com/compatible-mode/v1/chat/completions "HTTP/1.1 200 OK"
2026-03-12 16:46:49,774 - httpx - INFO - HTTP Request: DELETE https://dashscope.aliyuncs.com/compatible-mode/v1/files/file-fe-98b7ab9cb2d74135b56c027f "HTTP/1.1 200 OK"
2026-03-12 16:46:49,776 - __main___file_only - INFO - 找到数据: 603659 2026-03-06 (3条)
2026-03-12 16:46:49,776 - __main__ - INFO - 处理成功: 603659-2026-03-06-璞泰来-上海璞泰来新能源科技集团股份有限公司2025年年度报告.pdf
2026-03-12 16:46:49,777 - __main___file_only - INFO - 文件处理成功: 603659-2026-03-06-璞泰来-上海璞泰来新能源科技集团股份有限公司2025年年度报告.pdf (耗时: 17.25秒)
2026-03-12 16:46:50,347 - httpx - INFO - HTTP Request: DELETE https://dashscope.aliyuncs.com/compatible-mode/v1/files/file-fe-4fd36de5f80f44b2910a5f56 "HTTP/1.1 200 OK"
2026-03-12 16:46:52,095 - httpx - INFO - HTTP Request: POST https://dashscope.aliyuncs.com/compatible-mode/v1/chat/completions "HTTP/1.1 200 OK"
2026-03-12 16:46:52,176 - __main___file_only - INFO - 找到数据: 603682 2026-02-28 (3条)
2026-03-12 16:46:52,177 - __main__ - INFO - 处理成功: 603682-2026-02-28-锦和商管-上海锦和商业经营管理（集团）股份有限公司2025年年度报告.pdf
2026-03-12 16:46:52,177 - __main___file_only - INFO - 文件处理成功: 603682-2026-02-28-锦和商管-上海锦和商业经营管理（集团）股份有限公司2025年年度报告.pdf (耗时: 19.36秒)
2026-03-12 16:46:52,807 - httpx - INFO - HTTP Request: DELETE https://dashscope.aliyuncs.com/compatible-mode/v1/files/file-fe-bd1590d6a2d04b948332f0d8 "HTTP/1.1 200 OK"
2026-03-12 16:46:54,511 - httpx - INFO - HTTP Request: POST https://dashscope.aliyuncs.com/compatible-mode/v1/chat/completions "HTTP/1.1 200 OK"
2026-03-12 16:46:54,589 - __main___file_only - INFO - 找到数据: 688100 2026-02-28 (3条)
2026-03-12 16:46:54,589 - __main__ - INFO - 处理成功: 688100-2026-02-28-威胜信息-威胜信息2025年年度报告.pdf
2026-03-12 16:46:54,589 - __main___file_only - INFO - 文件处理成功: 688100-2026-02-28-威胜信息-威胜信息2025年年度报告.pdf (耗时: 15.67秒)
2026-03-12 16:46:54,945 - httpx - INFO - HTTP Request: POST https://dashscope.aliyuncs.com/compatible-mode/v1/chat/completions "HTTP/1.1 200 OK"
2026-03-12 16:46:55,026 - __main___file_only - INFO - 找到数据: 605299 2026-03-11 (3条)
2026-03-12 16:46:55,027 - __main__ - INFO - 处理成功: 605299-2026-03-11-舒华体育-舒华体育股份有限公司2025年年度报告.pdf
2026-03-12 16:46:55,027 - __main___file_only - INFO - 文件处理成功: 605299-2026-03-11-舒华体育-舒华体育股份有限公司2025年年度报告.pdf (耗时: 19.48秒)
2026-03-12 16:46:55,271 - httpx - INFO - HTTP Request: DELETE https://dashscope.aliyuncs.com/compatible-mode/v1/files/file-fe-2a744b3805714387bba9ca79 "HTTP/1.1 200 OK"
2026-03-12 16:46:55,654 - httpx - INFO - HTTP Request: DELETE https://dashscope.aliyuncs.com/compatible-mode/v1/files/file-fe-c3fa067907f044c0a4152e9d "HTTP/1.1 200 OK"
2026-03-12 16:46:56,486 - httpx - INFO - HTTP Request: POST https://dashscope.aliyuncs.com/compatible-mode/v1/chat/completions "HTTP/1.1 200 OK"
2026-03-12 16:46:56,566 - __main___file_only - INFO - 找到数据: 605339 2026-03-10 (3条)
2026-03-12 16:46:56,566 - __main__ - INFO - 处理成功: 605339-2026-03-10-南侨食品-南侨食品集团（上海）股份有限公司2025年年度报告.pdf
2026-03-12 16:46:56,566 - __main___file_only - INFO - 文件处理成功: 605339-2026-03-10-南侨食品-南侨食品集团（上海）股份有限公司2025年年度报告.pdf (耗时: 18.41秒)
2026-03-12 16:46:57,245 - httpx - INFO - HTTP Request: DELETE https://dashscope.aliyuncs.com/compatible-mode/v1/files/file-fe-00fb6609a2f5473ea2823dcb "HTTP/1.1 200 OK"
2026-03-12 16:46:57,556 - httpx - INFO - HTTP Request: POST https://dashscope.aliyuncs.com/compatible-mode/v1/chat/completions "HTTP/1.1 200 OK"
2026-03-12 16:46:57,641 - __main___file_only - INFO - 找到数据: 688230 2026-02-03 (3条)
2026-03-12 16:46:57,642 - __main__ - INFO - 处理成功: 688230-2026-02-03-芯导科技-2025年年度报告.pdf
2026-03-12 16:46:57,642 - __main___file_only - INFO - 文件处理成功: 688230-2026-02-03-芯导科技-2025年年度报告.pdf (耗时: 18.02秒)
2026-03-12 16:46:58,289 - httpx - INFO - HTTP Request: DELETE https://dashscope.aliyuncs.com/compatible-mode/v1/files/file-fe-c4537a1dcb4f43fe8bdf2e40 "HTTP/1.1 200 OK"
2026-03-12 16:46:59,304 - httpx - INFO - HTTP Request: POST https://dashscope.aliyuncs.com/compatible-mode/v1/chat/completions "HTTP/1.1 200 OK"
2026-03-12 16:46:59,411 - __main___file_only - INFO - 找到数据: 688082 2026-02-27 (3条)
2026-03-12 16:46:59,412 - __main__ - INFO - 处理成功: 688082-2026-02-27-盛美上海-2025年度报告全文.pdf
2026-03-12 16:46:59,412 - __main___file_only - INFO - 文件处理成功: 688082-2026-02-27-盛美上海-2025年度报告全文.pdf (耗时: 20.14秒)
2026-03-12 16:47:00,158 - httpx - INFO - HTTP Request: DELETE https://dashscope.aliyuncs.com/compatible-mode/v1/files/file-fe-8ba31f4017294340951e9f16 "HTTP/1.1 200 OK"
2026-03-12 16:47:00,281 - httpx - INFO - HTTP Request: POST https://dashscope.aliyuncs.com/compatible-mode/v1/chat/completions "HTTP/1.1 200 OK"
2026-03-12 16:47:00,368 - __main___file_only - INFO - 找到数据: 688345 2026-03-10 (3条)
2026-03-12 16:47:00,368 - __main__ - INFO - 处理成功: 688345-2026-03-10-博力威-广东博力威科技股份有限公司2025年年度报告.pdf
2026-03-12 16:47:00,368 - __main___file_only - INFO - 文件处理成功: 688345-2026-03-10-博力威-广东博力威科技股份有限公司2025年年度报告.pdf (耗时: 18.96秒)
2026-03-12 16:47:00,773 - httpx - INFO - HTTP Request: POST https://dashscope.aliyuncs.com/compatible-mode/v1/chat/completions "HTTP/1.1 200 OK"
2026-03-12 16:47:00,857 - __main___file_only - INFO - 找到数据: 688511 2026-02-28 (3条)
2026-03-12 16:47:00,857 - __main__ - INFO - 处理成功: 688511-2026-02-28-ST天微-2025年年度报告.pdf
2026-03-12 16:47:00,858 - __main___file_only - INFO - 文件处理成功: 688511-2026-02-28-ST天微-2025年年度报告.pdf (耗时: 19.03秒)
2026-03-12 16:47:00,941 - httpx - INFO - HTTP Request: DELETE https://dashscope.aliyuncs.com/compatible-mode/v1/files/file-fe-709e2054f91a4caf806e4653 "HTTP/1.1 200 OK"
2026-03-12 16:47:01,231 - httpx - INFO - HTTP Request: POST https://dashscope.aliyuncs.com/compatible-mode/v1/chat/completions "HTTP/1.1 200 OK"
2026-03-12 16:47:01,269 - httpx - INFO - HTTP Request: POST https://dashscope.aliyuncs.com/compatible-mode/v1/chat/completions "HTTP/1.1 200 OK"
2026-03-12 16:47:01,316 - __main___file_only - INFO - 找到数据: 920060 2026-03-09 (3条)
2026-03-12 16:47:01,316 - __main__ - INFO - 处理成功: 920060-2026-03-09-万源通-2025年年度报告.pdf
2026-03-12 16:47:01,316 - __main___file_only - INFO - 文件处理成功: 920060-2026-03-09-万源通-2025年年度报告.pdf (耗时: 19.66秒)
2026-03-12 16:47:01,349 - __main___file_only - INFO - 找到数据: 920735 2026-03-05 (3条)
2026-03-12 16:47:01,349 - __main__ - INFO - 处理成功: 920735-2026-03-05-德源药业-2025年年度报告.pdf
2026-03-12 16:47:01,349 - __main___file_only - INFO - 文件处理成功: 920735-2026-03-05-德源药业-2025年年度报告.pdf (耗时: 18.56秒)
2026-03-12 16:47:01,467 - httpx - INFO - HTTP Request: DELETE https://dashscope.aliyuncs.com/compatible-mode/v1/files/file-fe-f72fe8cd152341f89024fe16 "HTTP/1.1 200 OK"
2026-03-12 16:47:01,882 - httpx - INFO - HTTP Request: DELETE https://dashscope.aliyuncs.com/compatible-mode/v1/files/file-fe-94689a5c83444f9187aad2fe "HTTP/1.1 200 OK"
2026-03-12 16:47:02,050 - httpx - INFO - HTTP Request: DELETE https://dashscope.aliyuncs.com/compatible-mode/v1/files/file-fe-2df67f4866824029a2a8d5aa "HTTP/1.1 200 OK"
2026-03-12 16:47:02,101 - __main__ - INFO - 开始关闭线程池...
2026-03-12 16:47:02,101 - __main__ - INFO - 等待 0 个上传任务完成...
2026-03-12 16:47:02,101 - __main__ - INFO - 等待 0 个处理任务完成...
2026-03-12 16:47:02,120 - __main__ - INFO - 所有线程池已关闭
2026-03-12 16:47:02,359 - __main__ - INFO - 程序执行完成 - 总耗时: 0:01:28.240225
