2026-03-17 10:34:34,264 - __main__ - INFO - 程序开始执行 - 目录: E:\Project\年报公告自动切片\年报自动处理系统\年度报告\主要指标, 文件数量: 71
2026-03-17 10:34:35,322 - httpx - INFO - HTTP Request: POST https://dashscope.aliyuncs.com/compatible-mode/v1/files "HTTP/1.1 200 OK"
2026-03-17 10:34:35,324 - ai_service_enhanced - INFO - 文件上传成功: E:\Project\年报公告自动切片\年报自动处理系统\年度报告\主要指标\000063-2026-03-07-中兴通讯-2025年年度报告.pdf (文件ID: file-fe-5eafb06d9f744af682eb2ffb)
2026-03-17 10:34:35,324 - __main___file_only - INFO - 上传文件: 000063-2026-03-07-中兴通讯-2025年年度报告.pdf (大小: 1.00 MB, ID: file-fe-5eafb06d9f744af682eb2ffb)
2026-03-17 10:34:35,459 - __main__ - INFO - 开始处理文件: 000063-2026-03-07-中兴通讯-2025年年度报告.pdf (文件ID: file-fe-5eafb06d9f744af682eb2ffb)
2026-03-17 10:34:35,980 - httpx - INFO - HTTP Request: POST https://dashscope.aliyuncs.com/compatible-mode/v1/files "HTTP/1.1 200 OK"
2026-03-17 10:34:35,981 - ai_service_enhanced - INFO - 文件上传成功: E:\Project\年报公告自动切片\年报自动处理系统\年度报告\主要指标\000563-2026-02-10-陕国投A-2025年年度报告.pdf (文件ID: file-fe-6fe6ab880c4b412c92d17286)
2026-03-17 10:34:35,981 - __main___file_only - INFO - 上传文件: 000563-2026-02-10-陕国投A-2025年年度报告.pdf (大小: 0.72 MB, ID: file-fe-6fe6ab880c4b412c92d17286)
2026-03-17 10:34:35,989 - __main__ - INFO - 开始处理文件: 000563-2026-02-10-陕国投A-2025年年度报告.pdf (文件ID: file-fe-6fe6ab880c4b412c92d17286)
2026-03-17 10:34:36,798 - httpx - INFO - HTTP Request: POST https://dashscope.aliyuncs.com/compatible-mode/v1/files "HTTP/1.1 200 OK"
2026-03-17 10:34:36,799 - ai_service_enhanced - INFO - 文件上传成功: E:\Project\年报公告自动切片\年报自动处理系统\年度报告\主要指标\000608-2026-02-12-ST阳光-2025年年度报告.pdf (文件ID: file-fe-e48d93f1bcfa42dfb2c62fa9)
2026-03-17 10:34:36,799 - __main___file_only - INFO - 上传文件: 000608-2026-02-12-ST阳光-2025年年度报告.pdf (大小: 0.64 MB, ID: file-fe-e48d93f1bcfa42dfb2c62fa9)
2026-03-17 10:34:37,047 - __main__ - INFO - 开始处理文件: 000608-2026-02-12-ST阳光-2025年年度报告.pdf (文件ID: file-fe-e48d93f1bcfa42dfb2c62fa9)
2026-03-17 10:34:37,336 - httpx - INFO - HTTP Request: POST https://dashscope.aliyuncs.com/compatible-mode/v1/files "HTTP/1.1 200 OK"
2026-03-17 10:34:37,336 - ai_service_enhanced - INFO - 文件上传成功: E:\Project\年报公告自动切片\年报自动处理系统\年度报告\主要指标\000975-2026-03-06-山金国际-2025年年度报告.pdf (文件ID: file-fe-3fcd851c60fa414abe5a3c10)
2026-03-17 10:34:37,336 - __main___file_only - INFO - 上传文件: 000975-2026-03-06-山金国际-2025年年度报告.pdf (大小: 0.98 MB, ID: file-fe-3fcd851c60fa414abe5a3c10)
2026-03-17 10:34:37,577 - __main__ - INFO - 开始处理文件: 000975-2026-03-06-山金国际-2025年年度报告.pdf (文件ID: file-fe-3fcd851c60fa414abe5a3c10)
2026-03-17 10:34:37,839 - httpx - INFO - HTTP Request: POST https://dashscope.aliyuncs.com/compatible-mode/v1/files "HTTP/1.1 200 OK"
2026-03-17 10:34:37,839 - ai_service_enhanced - INFO - 文件上传成功: E:\Project\年报公告自动切片\年报自动处理系统\年度报告\主要指标\001207-2026-03-07-联科科技-2025年年度报告.pdf (文件ID: file-fe-f3f1574a41224a9a95577f55)
2026-03-17 10:34:37,840 - __main___file_only - INFO - 上传文件: 001207-2026-03-07-联科科技-2025年年度报告.pdf (大小: 0.58 MB, ID: file-fe-f3f1574a41224a9a95577f55)
2026-03-17 10:34:37,840 - __main__ - INFO - 开始处理文件: 001207-2026-03-07-联科科技-2025年年度报告.pdf (文件ID: file-fe-f3f1574a41224a9a95577f55)
2026-03-17 10:34:38,916 - httpx - INFO - HTTP Request: POST https://dashscope.aliyuncs.com/compatible-mode/v1/files "HTTP/1.1 200 OK"
2026-03-17 10:34:38,916 - ai_service_enhanced - INFO - 文件上传成功: E:\Project\年报公告自动切片\年报自动处理系统\年度报告\主要指标\001298-2026-03-13-好上好-2025年年度报告.pdf (文件ID: file-fe-9c4124721d1445c68f889ed7)
2026-03-17 10:34:38,917 - __main___file_only - INFO - 上传文件: 001298-2026-03-13-好上好-2025年年度报告.pdf (大小: 0.59 MB, ID: file-fe-9c4124721d1445c68f889ed7)
2026-03-17 10:34:39,127 - httpx - INFO - HTTP Request: POST https://dashscope.aliyuncs.com/compatible-mode/v1/files "HTTP/1.1 200 OK"
2026-03-17 10:34:39,128 - ai_service_enhanced - INFO - 文件上传成功: E:\Project\年报公告自动切片\年报自动处理系统\年度报告\主要指标\001309-2026-02-28-德明利-2025年年度报告.pdf (文件ID: file-fe-7238836938584303947ccfce)
2026-03-17 10:34:39,128 - __main___file_only - INFO - 上传文件: 001309-2026-02-28-德明利-2025年年度报告.pdf (大小: 0.68 MB, ID: file-fe-7238836938584303947ccfce)
2026-03-17 10:34:39,129 - __main__ - INFO - 开始处理文件: 001298-2026-03-13-好上好-2025年年度报告.pdf (文件ID: file-fe-9c4124721d1445c68f889ed7)
2026-03-17 10:34:39,129 - __main__ - INFO - 开始处理文件: 001309-2026-02-28-德明利-2025年年度报告.pdf (文件ID: file-fe-7238836938584303947ccfce)
2026-03-17 10:34:40,302 - httpx - INFO - HTTP Request: POST https://dashscope.aliyuncs.com/compatible-mode/v1/files "HTTP/1.1 200 OK"
2026-03-17 10:34:40,303 - ai_service_enhanced - INFO - 文件上传成功: E:\Project\年报公告自动切片\年报自动处理系统\年度报告\主要指标\002072-2026-02-11-凯瑞德-2025年年度报告.pdf (文件ID: file-fe-716d56c7a3d54af489357a42)
2026-03-17 10:34:40,303 - __main___file_only - INFO - 上传文件: 002072-2026-02-11-凯瑞德-2025年年度报告.pdf (大小: 0.59 MB, ID: file-fe-716d56c7a3d54af489357a42)
2026-03-17 10:34:40,455 - __main__ - INFO - 开始处理文件: 002072-2026-02-11-凯瑞德-2025年年度报告.pdf (文件ID: file-fe-716d56c7a3d54af489357a42)
2026-03-17 10:34:40,536 - httpx - INFO - HTTP Request: POST https://dashscope.aliyuncs.com/compatible-mode/v1/files "HTTP/1.1 200 OK"
2026-03-17 10:34:40,537 - ai_service_enhanced - INFO - 文件上传成功: E:\Project\年报公告自动切片\年报自动处理系统\年度报告\主要指标\002107-2026-01-20-沃华医药-2025年年度报告.pdf (文件ID: file-fe-941b03df6c5e4fa2967dc6b3)
2026-03-17 10:34:40,537 - __main___file_only - INFO - 上传文件: 002107-2026-01-20-沃华医药-2025年年度报告.pdf (大小: 0.73 MB, ID: file-fe-941b03df6c5e4fa2967dc6b3)
2026-03-17 10:34:40,719 - __main__ - INFO - 开始处理文件: 002107-2026-01-20-沃华医药-2025年年度报告.pdf (文件ID: file-fe-941b03df6c5e4fa2967dc6b3)
2026-03-17 10:34:41,845 - httpx - INFO - HTTP Request: POST https://dashscope.aliyuncs.com/compatible-mode/v1/files "HTTP/1.1 200 OK"
2026-03-17 10:34:41,846 - ai_service_enhanced - INFO - 文件上传成功: E:\Project\年报公告自动切片\年报自动处理系统\年度报告\主要指标\002138-2026-02-28-顺络电子-2025年年度报告.pdf (文件ID: file-fe-40d289e5178c4faaacc8b7a8)
2026-03-17 10:34:41,846 - __main___file_only - INFO - 上传文件: 002138-2026-02-28-顺络电子-2025年年度报告.pdf (大小: 1.21 MB, ID: file-fe-40d289e5178c4faaacc8b7a8)
2026-03-17 10:34:42,041 - __main__ - INFO - 开始处理文件: 002138-2026-02-28-顺络电子-2025年年度报告.pdf (文件ID: file-fe-40d289e5178c4faaacc8b7a8)
2026-03-17 10:34:42,476 - httpx - INFO - HTTP Request: POST https://dashscope.aliyuncs.com/compatible-mode/v1/files "HTTP/1.1 200 OK"
2026-03-17 10:34:42,477 - ai_service_enhanced - INFO - 文件上传成功: E:\Project\年报公告自动切片\年报自动处理系统\年度报告\主要指标\002213-2026-03-06-大为股份-2025年年度报告.pdf (文件ID: file-fe-22eb7edb13ca4e539c5bab24)
2026-03-17 10:34:42,477 - __main___file_only - INFO - 上传文件: 002213-2026-03-06-大为股份-2025年年度报告.pdf (大小: 0.68 MB, ID: file-fe-22eb7edb13ca4e539c5bab24)
2026-03-17 10:34:42,570 - __main__ - INFO - 开始处理文件: 002213-2026-03-06-大为股份-2025年年度报告.pdf (文件ID: file-fe-22eb7edb13ca4e539c5bab24)
2026-03-17 10:34:44,248 - httpx - INFO - HTTP Request: POST https://dashscope.aliyuncs.com/compatible-mode/v1/files "HTTP/1.1 200 OK"
2026-03-17 10:34:44,249 - ai_service_enhanced - INFO - 文件上传成功: E:\Project\年报公告自动切片\年报自动处理系统\年度报告\主要指标\002316-2026-03-11-亚联发展-2025年年度报告.pdf (文件ID: file-fe-29deab95b77c4739b8977576)
2026-03-17 10:34:44,249 - __main___file_only - INFO - 上传文件: 002316-2026-03-11-亚联发展-2025年年度报告.pdf (大小: 0.48 MB, ID: file-fe-29deab95b77c4739b8977576)
2026-03-17 10:34:44,423 - __main__ - INFO - 开始处理文件: 002316-2026-03-11-亚联发展-2025年年度报告.pdf (文件ID: file-fe-29deab95b77c4739b8977576)
2026-03-17 10:34:44,695 - httpx - INFO - HTTP Request: POST https://dashscope.aliyuncs.com/compatible-mode/v1/files "HTTP/1.1 200 OK"
2026-03-17 10:34:44,695 - ai_service_enhanced - INFO - 文件上传成功: E:\Project\年报公告自动切片\年报自动处理系统\年度报告\主要指标\002270-2026-02-27-华明装备-2025年年度报告.pdf (文件ID: file-fe-08c7ccb560fb4b10831df243)
2026-03-17 10:34:44,695 - __main___file_only - INFO - 上传文件: 002270-2026-02-27-华明装备-2025年年度报告.pdf (大小: 1.07 MB, ID: file-fe-08c7ccb560fb4b10831df243)
2026-03-17 10:34:44,953 - __main__ - INFO - 开始处理文件: 002270-2026-02-27-华明装备-2025年年度报告.pdf (文件ID: file-fe-08c7ccb560fb4b10831df243)
2026-03-17 10:34:46,712 - httpx - INFO - HTTP Request: POST https://dashscope.aliyuncs.com/compatible-mode/v1/files "HTTP/1.1 200 OK"
2026-03-17 10:34:46,713 - ai_service_enhanced - INFO - 文件上传成功: E:\Project\年报公告自动切片\年报自动处理系统\年度报告\主要指标\002487-2026-03-06-大金重工-2025年年度报告.pdf (文件ID: file-fe-a6844e85f04644718d1dbc6a)
2026-03-17 10:34:46,713 - __main___file_only - INFO - 上传文件: 002487-2026-03-06-大金重工-2025年年度报告.pdf (大小: 1.04 MB, ID: file-fe-a6844e85f04644718d1dbc6a)
2026-03-17 10:34:46,736 - httpx - INFO - HTTP Request: POST https://dashscope.aliyuncs.com/compatible-mode/v1/files "HTTP/1.1 200 OK"
2026-03-17 10:34:46,736 - ai_service_enhanced - INFO - 文件上传成功: E:\Project\年报公告自动切片\年报自动处理系统\年度报告\主要指标\002419-2026-03-13-天虹股份-2025年年度报告.pdf (文件ID: file-fe-931266c0ea09468a821fd580)
2026-03-17 10:34:46,736 - __main___file_only - INFO - 上传文件: 002419-2026-03-13-天虹股份-2025年年度报告.pdf (大小: 0.64 MB, ID: file-fe-931266c0ea09468a821fd580)
2026-03-17 10:34:46,737 - __main__ - INFO - 开始处理文件: 002487-2026-03-06-大金重工-2025年年度报告.pdf (文件ID: file-fe-a6844e85f04644718d1dbc6a)
2026-03-17 10:34:46,737 - __main__ - INFO - 开始处理文件: 002419-2026-03-13-天虹股份-2025年年度报告.pdf (文件ID: file-fe-931266c0ea09468a821fd580)
2026-03-17 10:34:48,566 - httpx - INFO - HTTP Request: POST https://dashscope.aliyuncs.com/compatible-mode/v1/files "HTTP/1.1 200 OK"
2026-03-17 10:34:48,566 - ai_service_enhanced - INFO - 文件上传成功: E:\Project\年报公告自动切片\年报自动处理系统\年度报告\主要指标\002647-2026-02-28-ST仁东-2025年年度报告.pdf (文件ID: file-fe-d03a35b8c2614a4db8569fed)
2026-03-17 10:34:48,567 - __main___file_only - INFO - 上传文件: 002647-2026-02-28-ST仁东-2025年年度报告.pdf (大小: 0.61 MB, ID: file-fe-d03a35b8c2614a4db8569fed)
2026-03-17 10:34:48,591 - __main__ - INFO - 开始处理文件: 002647-2026-02-28-ST仁东-2025年年度报告.pdf (文件ID: file-fe-d03a35b8c2614a4db8569fed)
2026-03-17 10:34:48,600 - httpx - INFO - HTTP Request: POST https://dashscope.aliyuncs.com/compatible-mode/v1/files "HTTP/1.1 200 OK"
2026-03-17 10:34:48,601 - ai_service_enhanced - INFO - 文件上传成功: E:\Project\年报公告自动切片\年报自动处理系统\年度报告\主要指标\002668-2026-03-11-TCL智家-2025年年度报告.pdf (文件ID: file-fe-a6973c29fc174573a0d59f26)
2026-03-17 10:34:48,601 - __main___file_only - INFO - 上传文件: 002668-2026-03-11-TCL智家-2025年年度报告.pdf (大小: 0.82 MB, ID: file-fe-a6973c29fc174573a0d59f26)
2026-03-17 10:34:50,742 - httpx - INFO - HTTP Request: POST https://dashscope.aliyuncs.com/compatible-mode/v1/files "HTTP/1.1 200 OK"
2026-03-17 10:34:50,742 - ai_service_enhanced - INFO - 文件上传成功: E:\Project\年报公告自动切片\年报自动处理系统\年度报告\主要指标\002800-2026-02-28-天顺股份-2025年年度报告.pdf (文件ID: file-fe-61495d3da0104169add19780)
2026-03-17 10:34:50,742 - __main___file_only - INFO - 上传文件: 002800-2026-02-28-天顺股份-2025年年度报告.pdf (大小: 0.54 MB, ID: file-fe-61495d3da0104169add19780)
2026-03-17 10:34:51,163 - httpx - INFO - HTTP Request: POST https://dashscope.aliyuncs.com/compatible-mode/v1/files "HTTP/1.1 200 OK"
2026-03-17 10:34:51,164 - ai_service_enhanced - INFO - 文件上传成功: E:\Project\年报公告自动切片\年报自动处理系统\年度报告\主要指标\002709-2026-03-10-天赐材料-2025年年度报告.pdf (文件ID: file-fe-d7a2414b16524a9fbfffb8ab)
2026-03-17 10:34:51,164 - __main___file_only - INFO - 上传文件: 002709-2026-03-10-天赐材料-2025年年度报告.pdf (大小: 1.34 MB, ID: file-fe-d7a2414b16524a9fbfffb8ab)
2026-03-17 10:34:52,845 - httpx - INFO - HTTP Request: POST https://dashscope.aliyuncs.com/compatible-mode/v1/files "HTTP/1.1 200 OK"
2026-03-17 10:34:52,846 - ai_service_enhanced - INFO - 文件上传成功: E:\Project\年报公告自动切片\年报自动处理系统\年度报告\主要指标\002916-2026-03-13-深南电路-2025年年度报告.pdf (文件ID: file-fe-e64fe9a448dc45dc8834d72a)
2026-03-17 10:34:52,846 - __main___file_only - INFO - 上传文件: 002916-2026-03-13-深南电路-2025年年度报告.pdf (大小: 0.96 MB, ID: file-fe-e64fe9a448dc45dc8834d72a)
2026-03-17 10:34:52,967 - httpx - INFO - HTTP Request: POST https://dashscope.aliyuncs.com/compatible-mode/v1/files "HTTP/1.1 200 OK"
2026-03-17 10:34:52,968 - ai_service_enhanced - INFO - 文件上传成功: E:\Project\年报公告自动切片\年报自动处理系统\年度报告\主要指标\002868-2026-03-10-ST绿康-2025年年度报告.pdf (文件ID: file-fe-03217ec00c294a21a46de259)
2026-03-17 10:34:52,968 - __main___file_only - INFO - 上传文件: 002868-2026-03-10-ST绿康-2025年年度报告.pdf (大小: 0.56 MB, ID: file-fe-03217ec00c294a21a46de259)
2026-03-17 10:34:55,000 - httpx - INFO - HTTP Request: POST https://dashscope.aliyuncs.com/compatible-mode/v1/files "HTTP/1.1 200 OK"
2026-03-17 10:34:55,001 - ai_service_enhanced - INFO - 文件上传成功: E:\Project\年报公告自动切片\年报自动处理系统\年度报告\主要指标\002981-2026-03-10-朝阳科技-2025年年度报告.pdf (文件ID: file-fe-630d7e5ac5a24e48bec771bb)
2026-03-17 10:34:55,001 - __main___file_only - INFO - 上传文件: 002981-2026-03-10-朝阳科技-2025年年度报告.pdf (大小: 0.62 MB, ID: file-fe-630d7e5ac5a24e48bec771bb)
2026-03-17 10:34:55,107 - httpx - INFO - HTTP Request: POST https://dashscope.aliyuncs.com/compatible-mode/v1/files "HTTP/1.1 200 OK"
2026-03-17 10:34:55,107 - ai_service_enhanced - INFO - 文件上传成功: E:\Project\年报公告自动切片\年报自动处理系统\年度报告\主要指标\002920-2026-03-06-德赛西威-2025年年度报告.pdf (文件ID: file-fe-73e977d0814c42d5afa6de3e)
2026-03-17 10:34:55,107 - __main___file_only - INFO - 上传文件: 002920-2026-03-06-德赛西威-2025年年度报告.pdf (大小: 1.11 MB, ID: file-fe-73e977d0814c42d5afa6de3e)
2026-03-17 10:34:57,030 - httpx - INFO - HTTP Request: POST https://dashscope.aliyuncs.com/compatible-mode/v1/files "HTTP/1.1 200 OK"
2026-03-17 10:34:57,030 - ai_service_enhanced - INFO - 文件上传成功: E:\Project\年报公告自动切片\年报自动处理系统\年度报告\主要指标\200512-2026-03-10-闽灿坤B-2025年年度报告.pdf (文件ID: file-fe-92933faf83b24b63a4656f28)
2026-03-17 10:34:57,031 - __main___file_only - INFO - 上传文件: 200512-2026-03-10-闽灿坤B-2025年年度报告.pdf (大小: 0.61 MB, ID: file-fe-92933faf83b24b63a4656f28)
2026-03-17 10:34:57,190 - httpx - INFO - HTTP Request: POST https://dashscope.aliyuncs.com/compatible-mode/v1/files "HTTP/1.1 200 OK"
2026-03-17 10:34:57,191 - ai_service_enhanced - INFO - 文件上传成功: E:\Project\年报公告自动切片\年报自动处理系统\年度报告\主要指标\003033-2026-03-10-征和工业-2025年年度报告.pdf (文件ID: file-fe-ff3f917bfdfb4016bdf1fc8f)
2026-03-17 10:34:57,191 - __main___file_only - INFO - 上传文件: 003033-2026-03-10-征和工业-2025年年度报告.pdf (大小: 0.57 MB, ID: file-fe-ff3f917bfdfb4016bdf1fc8f)
2026-03-17 10:34:57,885 - httpx - INFO - HTTP Request: POST https://dashscope.aliyuncs.com/compatible-mode/v1/chat/completions "HTTP/1.1 200 OK"
2026-03-17 10:34:58,244 - __main___file_only - INFO - 找到数据: 001207 2026-03-07 (3条)
2026-03-17 10:34:58,244 - __main__ - INFO - 处理成功: 001207-2026-03-07-联科科技-2025年年度报告.pdf
2026-03-17 10:34:58,244 - __main___file_only - INFO - 文件处理成功: 001207-2026-03-07-联科科技-2025年年度报告.pdf (耗时: 20.40秒)
2026-03-17 10:34:58,893 - httpx - INFO - HTTP Request: DELETE https://dashscope.aliyuncs.com/compatible-mode/v1/files/file-fe-f3f1574a41224a9a95577f55 "HTTP/1.1 200 OK"
2026-03-17 10:34:58,894 - __main__ - INFO - 开始处理文件: 002668-2026-03-11-TCL智家-2025年年度报告.pdf (文件ID: file-fe-a6973c29fc174573a0d59f26)
2026-03-17 10:34:59,150 - httpx - INFO - HTTP Request: POST https://dashscope.aliyuncs.com/compatible-mode/v1/files "HTTP/1.1 200 OK"
2026-03-17 10:34:59,151 - ai_service_enhanced - INFO - 文件上传成功: E:\Project\年报公告自动切片\年报自动处理系统\年度报告\主要指标\300033-2026-03-10-同花顺-2025年年度报告.pdf (文件ID: file-fe-bf6c1752568343aabb023f01)
2026-03-17 10:34:59,151 - __main___file_only - INFO - 上传文件: 300033-2026-03-10-同花顺-2025年年度报告.pdf (大小: 0.58 MB, ID: file-fe-bf6c1752568343aabb023f01)
2026-03-17 10:34:59,350 - httpx - INFO - HTTP Request: POST https://dashscope.aliyuncs.com/compatible-mode/v1/files "HTTP/1.1 200 OK"
2026-03-17 10:34:59,350 - ai_service_enhanced - INFO - 文件上传成功: E:\Project\年报公告自动切片\年报自动处理系统\年度报告\主要指标\300236-2026-03-13-上海新阳-2025年年度报告.pdf (文件ID: file-fe-a87addae01a1400a893a0cd3)
2026-03-17 10:34:59,351 - __main___file_only - INFO - 上传文件: 300236-2026-03-13-上海新阳-2025年年度报告.pdf (大小: 1.06 MB, ID: file-fe-a87addae01a1400a893a0cd3)
2026-03-17 10:34:59,883 - httpx - INFO - HTTP Request: POST https://dashscope.aliyuncs.com/compatible-mode/v1/chat/completions "HTTP/1.1 200 OK"
2026-03-17 10:34:59,968 - __main___file_only - INFO - 找到数据: 000063 2026-03-07 (3条)
2026-03-17 10:34:59,968 - __main__ - INFO - 处理成功: 000063-2026-03-07-中兴通讯-2025年年度报告.pdf
2026-03-17 10:34:59,969 - __main___file_only - INFO - 文件处理成功: 000063-2026-03-07-中兴通讯-2025年年度报告.pdf (耗时: 24.51秒)
2026-03-17 10:35:00,355 - httpx - INFO - HTTP Request: POST https://dashscope.aliyuncs.com/compatible-mode/v1/chat/completions "HTTP/1.1 200 OK"
2026-03-17 10:35:00,372 - httpx - INFO - HTTP Request: POST https://dashscope.aliyuncs.com/compatible-mode/v1/chat/completions "HTTP/1.1 200 OK"
2026-03-17 10:35:00,494 - __main___file_only - INFO - 找到数据: 000608 2026-02-12 (3条)
2026-03-17 10:35:00,494 - __main__ - INFO - 处理成功: 000608-2026-02-12-ST阳光-2025年年度报告.pdf
2026-03-17 10:35:00,494 - __main___file_only - INFO - 文件处理成功: 000608-2026-02-12-ST阳光-2025年年度报告.pdf (耗时: 23.45秒)
2026-03-17 10:35:00,569 - __main___file_only - INFO - 找到数据: 000563 2026-02-10 (3条)
2026-03-17 10:35:00,570 - __main__ - INFO - 处理成功: 000563-2026-02-10-陕国投A-2025年年度报告.pdf
2026-03-17 10:35:00,570 - __main___file_only - INFO - 文件处理成功: 000563-2026-02-10-陕国投A-2025年年度报告.pdf (耗时: 24.58秒)
2026-03-17 10:35:00,825 - httpx - INFO - HTTP Request: DELETE https://dashscope.aliyuncs.com/compatible-mode/v1/files/file-fe-5eafb06d9f744af682eb2ffb "HTTP/1.1 200 OK"
2026-03-17 10:35:00,825 - __main__ - INFO - 开始处理文件: 002800-2026-02-28-天顺股份-2025年年度报告.pdf (文件ID: file-fe-61495d3da0104169add19780)
2026-03-17 10:35:01,053 - httpx - INFO - HTTP Request: DELETE https://dashscope.aliyuncs.com/compatible-mode/v1/files/file-fe-e48d93f1bcfa42dfb2c62fa9 "HTTP/1.1 200 OK"
2026-03-17 10:35:01,053 - __main__ - INFO - 开始处理文件: 002709-2026-03-10-天赐材料-2025年年度报告.pdf (文件ID: file-fe-d7a2414b16524a9fbfffb8ab)
2026-03-17 10:35:01,202 - httpx - INFO - HTTP Request: DELETE https://dashscope.aliyuncs.com/compatible-mode/v1/files/file-fe-6fe6ab880c4b412c92d17286 "HTTP/1.1 200 OK"
2026-03-17 10:35:01,202 - __main__ - INFO - 开始处理文件: 002916-2026-03-13-深南电路-2025年年度报告.pdf (文件ID: file-fe-e64fe9a448dc45dc8834d72a)
2026-03-17 10:35:01,324 - httpx - INFO - HTTP Request: POST https://dashscope.aliyuncs.com/compatible-mode/v1/files "HTTP/1.1 200 OK"
2026-03-17 10:35:01,325 - ai_service_enhanced - INFO - 文件上传成功: E:\Project\年报公告自动切片\年报自动处理系统\年度报告\主要指标\300476-2026-03-13-胜宏科技-2025年年度报告.pdf (文件ID: file-fe-392689ef2b5e42768e697282)
2026-03-17 10:35:01,325 - __main___file_only - INFO - 上传文件: 300476-2026-03-13-胜宏科技-2025年年度报告.pdf (大小: 0.71 MB, ID: file-fe-392689ef2b5e42768e697282)
2026-03-17 10:35:01,378 - httpx - INFO - HTTP Request: POST https://dashscope.aliyuncs.com/compatible-mode/v1/files "HTTP/1.1 200 OK"
2026-03-17 10:35:01,379 - ai_service_enhanced - INFO - 文件上传成功: E:\Project\年报公告自动切片\年报自动处理系统\年度报告\主要指标\300750-2026-03-10-宁德时代-2025年年度报告.pdf (文件ID: file-fe-3048ea35e88541a692e3c578)
2026-03-17 10:35:01,379 - __main___file_only - INFO - 上传文件: 300750-2026-03-10-宁德时代-2025年年度报告.pdf (大小: 1.15 MB, ID: file-fe-3048ea35e88541a692e3c578)
2026-03-17 10:35:01,546 - httpx - INFO - HTTP Request: POST https://dashscope.aliyuncs.com/compatible-mode/v1/chat/completions "HTTP/1.1 200 OK"
2026-03-17 10:35:01,640 - __main___file_only - INFO - 找到数据: 000975 2026-03-06 (3条)
2026-03-17 10:35:01,641 - __main__ - INFO - 处理成功: 000975-2026-03-06-山金国际-2025年年度报告.pdf
2026-03-17 10:35:01,641 - __main___file_only - INFO - 文件处理成功: 000975-2026-03-06-山金国际-2025年年度报告.pdf (耗时: 24.06秒)
2026-03-17 10:35:02,105 - httpx - INFO - HTTP Request: POST https://dashscope.aliyuncs.com/compatible-mode/v1/chat/completions "HTTP/1.1 200 OK"
2026-03-17 10:35:02,216 - __main___file_only - INFO - 找到数据: 001298 2026-03-13 (3条)
2026-03-17 10:35:02,216 - __main__ - INFO - 处理成功: 001298-2026-03-13-好上好-2025年年度报告.pdf
2026-03-17 10:35:02,216 - __main___file_only - INFO - 文件处理成功: 001298-2026-03-13-好上好-2025年年度报告.pdf (耗时: 23.09秒)
2026-03-17 10:35:02,252 - httpx - INFO - HTTP Request: DELETE https://dashscope.aliyuncs.com/compatible-mode/v1/files/file-fe-3fcd851c60fa414abe5a3c10 "HTTP/1.1 200 OK"
2026-03-17 10:35:02,253 - __main__ - INFO - 开始处理文件: 002868-2026-03-10-ST绿康-2025年年度报告.pdf (文件ID: file-fe-03217ec00c294a21a46de259)
2026-03-17 10:35:02,945 - httpx - INFO - HTTP Request: DELETE https://dashscope.aliyuncs.com/compatible-mode/v1/files/file-fe-9c4124721d1445c68f889ed7 "HTTP/1.1 200 OK"
2026-03-17 10:35:02,946 - __main__ - INFO - 开始处理文件: 002981-2026-03-10-朝阳科技-2025年年度报告.pdf (文件ID: file-fe-630d7e5ac5a24e48bec771bb)
2026-03-17 10:35:03,140 - httpx - INFO - HTTP Request: POST https://dashscope.aliyuncs.com/compatible-mode/v1/chat/completions "HTTP/1.1 200 OK"
2026-03-17 10:35:03,236 - __main___file_only - INFO - 找到数据: 002072 2026-02-11 (3条)
2026-03-17 10:35:03,236 - __main__ - INFO - 处理成功: 002072-2026-02-11-凯瑞德-2025年年度报告.pdf
2026-03-17 10:35:03,236 - __main___file_only - INFO - 文件处理成功: 002072-2026-02-11-凯瑞德-2025年年度报告.pdf (耗时: 22.78秒)
2026-03-17 10:35:03,523 - httpx - INFO - HTTP Request: POST https://dashscope.aliyuncs.com/compatible-mode/v1/files "HTTP/1.1 200 OK"
2026-03-17 10:35:03,524 - ai_service_enhanced - INFO - 文件上传成功: E:\Project\年报公告自动切片\年报自动处理系统\年度报告\主要指标\300803-2026-01-31-指南针-2025年年度报告.pdf (文件ID: file-fe-0ccabdcaad2b417c8b45000a)
2026-03-17 10:35:03,524 - __main___file_only - INFO - 上传文件: 300803-2026-01-31-指南针-2025年年度报告.pdf (大小: 0.66 MB, ID: file-fe-0ccabdcaad2b417c8b45000a)
2026-03-17 10:35:03,530 - httpx - INFO - HTTP Request: POST https://dashscope.aliyuncs.com/compatible-mode/v1/files "HTTP/1.1 200 OK"
2026-03-17 10:35:03,531 - ai_service_enhanced - INFO - 文件上传成功: E:\Project\年报公告自动切片\年报自动处理系统\年度报告\主要指标\300889-2026-03-07-爱克股份-2025年年度报告.pdf (文件ID: file-fe-5a6b4dc7edbe400598986d31)
2026-03-17 10:35:03,531 - __main___file_only - INFO - 上传文件: 300889-2026-03-07-爱克股份-2025年年度报告.pdf (大小: 0.69 MB, ID: file-fe-5a6b4dc7edbe400598986d31)
2026-03-17 10:35:03,957 - httpx - INFO - HTTP Request: DELETE https://dashscope.aliyuncs.com/compatible-mode/v1/files/file-fe-716d56c7a3d54af489357a42 "HTTP/1.1 200 OK"
2026-03-17 10:35:03,957 - __main__ - INFO - 开始处理文件: 002920-2026-03-06-德赛西威-2025年年度报告.pdf (文件ID: file-fe-73e977d0814c42d5afa6de3e)
2026-03-17 10:35:03,963 - httpx - INFO - HTTP Request: POST https://dashscope.aliyuncs.com/compatible-mode/v1/chat/completions "HTTP/1.1 200 OK"
2026-03-17 10:35:04,057 - __main___file_only - INFO - 找到数据: 001309 2026-02-28 (3条)
2026-03-17 10:35:04,057 - __main__ - INFO - 处理成功: 001309-2026-02-28-德明利-2025年年度报告.pdf
2026-03-17 10:35:04,057 - __main___file_only - INFO - 文件处理成功: 001309-2026-02-28-德明利-2025年年度报告.pdf (耗时: 24.93秒)
2026-03-17 10:35:04,098 - httpx - INFO - HTTP Request: POST https://dashscope.aliyuncs.com/compatible-mode/v1/chat/completions "HTTP/1.1 200 OK"
2026-03-17 10:35:04,195 - __main___file_only - INFO - 找到数据: 002107 2026-01-20 (3条)
2026-03-17 10:35:04,195 - __main__ - INFO - 处理成功: 002107-2026-01-20-沃华医药-2025年年度报告.pdf
2026-03-17 10:35:04,195 - __main___file_only - INFO - 文件处理成功: 002107-2026-01-20-沃华医药-2025年年度报告.pdf (耗时: 23.48秒)
2026-03-17 10:35:04,738 - httpx - INFO - HTTP Request: DELETE https://dashscope.aliyuncs.com/compatible-mode/v1/files/file-fe-7238836938584303947ccfce "HTTP/1.1 200 OK"
2026-03-17 10:35:04,739 - __main__ - INFO - 开始处理文件: 200512-2026-03-10-闽灿坤B-2025年年度报告.pdf (文件ID: file-fe-92933faf83b24b63a4656f28)
2026-03-17 10:35:04,885 - httpx - INFO - HTTP Request: DELETE https://dashscope.aliyuncs.com/compatible-mode/v1/files/file-fe-941b03df6c5e4fa2967dc6b3 "HTTP/1.1 200 OK"
2026-03-17 10:35:04,886 - __main__ - INFO - 开始处理文件: 003033-2026-03-10-征和工业-2025年年度报告.pdf (文件ID: file-fe-ff3f917bfdfb4016bdf1fc8f)
2026-03-17 10:35:05,037 - httpx - INFO - HTTP Request: POST https://dashscope.aliyuncs.com/compatible-mode/v1/chat/completions "HTTP/1.1 200 OK"
2026-03-17 10:35:05,131 - __main___file_only - INFO - 找到数据: 002138 2026-02-28 (3条)
2026-03-17 10:35:05,131 - __main__ - INFO - 处理成功: 002138-2026-02-28-顺络电子-2025年年度报告.pdf
2026-03-17 10:35:05,131 - __main___file_only - INFO - 文件处理成功: 002138-2026-02-28-顺络电子-2025年年度报告.pdf (耗时: 23.09秒)
2026-03-17 10:35:05,587 - httpx - INFO - HTTP Request: POST https://dashscope.aliyuncs.com/compatible-mode/v1/files "HTTP/1.1 200 OK"
2026-03-17 10:35:05,588 - ai_service_enhanced - INFO - 文件上传成功: E:\Project\年报公告自动切片\年报自动处理系统\年度报告\主要指标\300995-2026-03-12-奇德新材-2025年年度报告.pdf (文件ID: file-fe-15468d406abf4a448efaf49b)
2026-03-17 10:35:05,588 - __main___file_only - INFO - 上传文件: 300995-2026-03-12-奇德新材-2025年年度报告.pdf (大小: 0.84 MB, ID: file-fe-15468d406abf4a448efaf49b)
2026-03-17 10:35:05,631 - httpx - INFO - HTTP Request: POST https://dashscope.aliyuncs.com/compatible-mode/v1/files "HTTP/1.1 200 OK"
2026-03-17 10:35:05,631 - ai_service_enhanced - INFO - 文件上传成功: E:\Project\年报公告自动切片\年报自动处理系统\年度报告\主要指标\300956-2026-03-05-英力股份-2025年年度报告.pdf (文件ID: file-fe-c78aa59de527462eb2ad6659)
2026-03-17 10:35:05,632 - __main___file_only - INFO - 上传文件: 300956-2026-03-05-英力股份-2025年年度报告.pdf (大小: 0.72 MB, ID: file-fe-c78aa59de527462eb2ad6659)
2026-03-17 10:35:05,895 - httpx - INFO - HTTP Request: DELETE https://dashscope.aliyuncs.com/compatible-mode/v1/files/file-fe-40d289e5178c4faaacc8b7a8 "HTTP/1.1 200 OK"
2026-03-17 10:35:05,895 - __main__ - INFO - 开始处理文件: 300033-2026-03-10-同花顺-2025年年度报告.pdf (文件ID: file-fe-bf6c1752568343aabb023f01)
2026-03-17 10:35:07,078 - httpx - INFO - HTTP Request: POST https://dashscope.aliyuncs.com/compatible-mode/v1/chat/completions "HTTP/1.1 200 OK"
2026-03-17 10:35:07,165 - __main___file_only - INFO - 找到数据: 002213 2026-03-06 (3条)
2026-03-17 10:35:07,166 - __main__ - INFO - 处理成功: 002213-2026-03-06-大为股份-2025年年度报告.pdf
2026-03-17 10:35:07,166 - __main___file_only - INFO - 文件处理成功: 002213-2026-03-06-大为股份-2025年年度报告.pdf (耗时: 24.60秒)
2026-03-17 10:35:07,451 - httpx - INFO - HTTP Request: POST https://dashscope.aliyuncs.com/compatible-mode/v1/chat/completions "HTTP/1.1 200 OK"
2026-03-17 10:35:07,544 - __main___file_only - INFO - 找到数据: 002316 2026-03-11 (3条)
2026-03-17 10:35:07,544 - __main__ - INFO - 处理成功: 002316-2026-03-11-亚联发展-2025年年度报告.pdf
2026-03-17 10:35:07,545 - __main___file_only - INFO - 文件处理成功: 002316-2026-03-11-亚联发展-2025年年度报告.pdf (耗时: 23.12秒)
2026-03-17 10:35:07,811 - httpx - INFO - HTTP Request: POST https://dashscope.aliyuncs.com/compatible-mode/v1/files "HTTP/1.1 200 OK"
2026-03-17 10:35:07,812 - ai_service_enhanced - INFO - 文件上传成功: E:\Project\年报公告自动切片\年报自动处理系统\年度报告\主要指标\301536-2026-03-10-星宸科技-2025年年度报告.pdf (文件ID: file-fe-2bdd90c5eadd4324a12300db)
2026-03-17 10:35:07,812 - __main___file_only - INFO - 上传文件: 301536-2026-03-10-星宸科技-2025年年度报告.pdf (大小: 0.73 MB, ID: file-fe-2bdd90c5eadd4324a12300db)
2026-03-17 10:35:07,973 - httpx - INFO - HTTP Request: POST https://dashscope.aliyuncs.com/compatible-mode/v1/files "HTTP/1.1 200 OK"
2026-03-17 10:35:07,973 - httpx - INFO - HTTP Request: DELETE https://dashscope.aliyuncs.com/compatible-mode/v1/files/file-fe-22eb7edb13ca4e539c5bab24 "HTTP/1.1 200 OK"
2026-03-17 10:35:07,974 - ai_service_enhanced - INFO - 文件上传成功: E:\Project\年报公告自动切片\年报自动处理系统\年度报告\主要指标\301087-2026-03-10-可孚医疗-2025年年度报告.pdf (文件ID: file-fe-3244948d68c64373b356f5c1)
2026-03-17 10:35:07,974 - __main___file_only - INFO - 上传文件: 301087-2026-03-10-可孚医疗-2025年年度报告.pdf (大小: 0.73 MB, ID: file-fe-3244948d68c64373b356f5c1)
2026-03-17 10:35:07,975 - __main__ - INFO - 开始处理文件: 300236-2026-03-13-上海新阳-2025年年度报告.pdf (文件ID: file-fe-a87addae01a1400a893a0cd3)
2026-03-17 10:35:08,291 - httpx - INFO - HTTP Request: DELETE https://dashscope.aliyuncs.com/compatible-mode/v1/files/file-fe-29deab95b77c4739b8977576 "HTTP/1.1 200 OK"
2026-03-17 10:35:08,292 - __main__ - INFO - 开始处理文件: 300476-2026-03-13-胜宏科技-2025年年度报告.pdf (文件ID: file-fe-392689ef2b5e42768e697282)
2026-03-17 10:35:08,525 - httpx - INFO - HTTP Request: POST https://dashscope.aliyuncs.com/compatible-mode/v1/chat/completions "HTTP/1.1 200 OK"
2026-03-17 10:35:08,625 - __main___file_only - INFO - 找到数据: 002419 2026-03-13 (3条)
2026-03-17 10:35:08,625 - __main__ - INFO - 处理成功: 002419-2026-03-13-天虹股份-2025年年度报告.pdf
2026-03-17 10:35:08,625 - __main___file_only - INFO - 文件处理成功: 002419-2026-03-13-天虹股份-2025年年度报告.pdf (耗时: 21.89秒)
2026-03-17 10:35:09,202 - httpx - INFO - HTTP Request: POST https://dashscope.aliyuncs.com/compatible-mode/v1/chat/completions "HTTP/1.1 200 OK"
2026-03-17 10:35:09,228 - httpx - INFO - HTTP Request: DELETE https://dashscope.aliyuncs.com/compatible-mode/v1/files/file-fe-931266c0ea09468a821fd580 "HTTP/1.1 200 OK"
2026-03-17 10:35:09,229 - __main__ - INFO - 开始处理文件: 300750-2026-03-10-宁德时代-2025年年度报告.pdf (文件ID: file-fe-3048ea35e88541a692e3c578)
2026-03-17 10:35:09,345 - __main___file_only - INFO - 找到数据: 002270 2026-02-27 (3条)
2026-03-17 10:35:09,346 - __main__ - INFO - 处理成功: 002270-2026-02-27-华明装备-2025年年度报告.pdf
2026-03-17 10:35:09,346 - __main___file_only - INFO - 文件处理成功: 002270-2026-02-27-华明装备-2025年年度报告.pdf (耗时: 24.39秒)
2026-03-17 10:35:09,907 - httpx - INFO - HTTP Request: POST https://dashscope.aliyuncs.com/compatible-mode/v1/files "HTTP/1.1 200 OK"
2026-03-17 10:35:09,907 - ai_service_enhanced - INFO - 文件上传成功: E:\Project\年报公告自动切片\年报自动处理系统\年度报告\主要指标\600132-2026-03-11-重庆啤酒-重庆啤酒股份有限公司2025年年度报告.pdf (文件ID: file-fe-4460920de3164cdabc9abb4e)
2026-03-17 10:35:09,907 - __main___file_only - INFO - 上传文件: 600132-2026-03-11-重庆啤酒-重庆啤酒股份有限公司2025年年度报告.pdf (大小: 0.92 MB, ID: file-fe-4460920de3164cdabc9abb4e)
2026-03-17 10:35:09,945 - httpx - INFO - HTTP Request: DELETE https://dashscope.aliyuncs.com/compatible-mode/v1/files/file-fe-08c7ccb560fb4b10831df243 "HTTP/1.1 200 OK"
2026-03-17 10:35:09,946 - __main__ - INFO - 开始处理文件: 300889-2026-03-07-爱克股份-2025年年度报告.pdf (文件ID: file-fe-5a6b4dc7edbe400598986d31)
2026-03-17 10:35:10,082 - httpx - INFO - HTTP Request: POST https://dashscope.aliyuncs.com/compatible-mode/v1/files "HTTP/1.1 200 OK"
2026-03-17 10:35:10,083 - ai_service_enhanced - INFO - 文件上传成功: E:\Project\年报公告自动切片\年报自动处理系统\年度报告\主要指标\600113-2026-03-07-浙江东日-浙江东日股份有限公司2025年年度报告（全文）.pdf (文件ID: file-fe-442a142d3ced41d69811f892)
2026-03-17 10:35:10,083 - __main___file_only - INFO - 上传文件: 600113-2026-03-07-浙江东日-浙江东日股份有限公司2025年年度报告（全文）.pdf (大小: 0.54 MB, ID: file-fe-442a142d3ced41d69811f892)
2026-03-17 10:35:10,297 - httpx - INFO - HTTP Request: POST https://dashscope.aliyuncs.com/compatible-mode/v1/chat/completions "HTTP/1.1 200 OK"
2026-03-17 10:35:10,468 - __main___file_only - INFO - 找到数据: 002487 2026-03-06 (3条)
2026-03-17 10:35:10,468 - __main__ - INFO - 处理成功: 002487-2026-03-06-大金重工-2025年年度报告.pdf
2026-03-17 10:35:10,469 - __main___file_only - INFO - 文件处理成功: 002487-2026-03-06-大金重工-2025年年度报告.pdf (耗时: 23.73秒)
2026-03-17 10:35:11,229 - httpx - INFO - HTTP Request: DELETE https://dashscope.aliyuncs.com/compatible-mode/v1/files/file-fe-a6844e85f04644718d1dbc6a "HTTP/1.1 200 OK"
2026-03-17 10:35:11,229 - __main__ - INFO - 开始处理文件: 300803-2026-01-31-指南针-2025年年度报告.pdf (文件ID: file-fe-0ccabdcaad2b417c8b45000a)
2026-03-17 10:35:12,015 - httpx - INFO - HTTP Request: POST https://dashscope.aliyuncs.com/compatible-mode/v1/files "HTTP/1.1 200 OK"
2026-03-17 10:35:12,015 - ai_service_enhanced - INFO - 文件上传成功: E:\Project\年报公告自动切片\年报自动处理系统\年度报告\主要指标\600211-2026-03-13-西藏药业-西藏药业2025年年度报告.pdf (文件ID: file-fe-2610612516cd425f9acd1264)
2026-03-17 10:35:12,016 - __main___file_only - INFO - 上传文件: 600211-2026-03-13-西藏药业-西藏药业2025年年度报告.pdf (大小: 0.60 MB, ID: file-fe-2610612516cd425f9acd1264)
2026-03-17 10:35:12,118 - httpx - INFO - HTTP Request: POST https://dashscope.aliyuncs.com/compatible-mode/v1/files "HTTP/1.1 200 OK"
2026-03-17 10:35:12,119 - ai_service_enhanced - INFO - 文件上传成功: E:\Project\年报公告自动切片\年报自动处理系统\年度报告\主要指标\600299-2026-03-07-安迪苏-安迪苏2025年年度报告.pdf (文件ID: file-fe-3f60c8f7b740475f8d353f4d)
2026-03-17 10:35:12,119 - __main___file_only - INFO - 上传文件: 600299-2026-03-07-安迪苏-安迪苏2025年年度报告.pdf (大小: 0.70 MB, ID: file-fe-3f60c8f7b740475f8d353f4d)
2026-03-17 10:35:13,695 - httpx - INFO - HTTP Request: POST https://dashscope.aliyuncs.com/compatible-mode/v1/chat/completions "HTTP/1.1 200 OK"
2026-03-17 10:35:13,795 - __main___file_only - INFO - 找到数据: 002647 2026-02-28 (3条)
2026-03-17 10:35:13,795 - __main__ - INFO - 处理成功: 002647-2026-02-28-ST仁东-2025年年度报告.pdf
2026-03-17 10:35:13,795 - __main___file_only - INFO - 文件处理成功: 002647-2026-02-28-ST仁东-2025年年度报告.pdf (耗时: 25.20秒)
2026-03-17 10:35:14,041 - httpx - INFO - HTTP Request: POST https://dashscope.aliyuncs.com/compatible-mode/v1/files "HTTP/1.1 200 OK"
2026-03-17 10:35:14,042 - ai_service_enhanced - INFO - 文件上传成功: E:\Project\年报公告自动切片\年报自动处理系统\年度报告\主要指标\600433-2026-03-11-冠豪高新-冠豪高新2025年年度报告.pdf (文件ID: file-fe-6c0e8377604947acb4f4e42d)
2026-03-17 10:35:14,042 - __main___file_only - INFO - 上传文件: 600433-2026-03-11-冠豪高新-冠豪高新2025年年度报告.pdf (大小: 0.58 MB, ID: file-fe-6c0e8377604947acb4f4e42d)
2026-03-17 10:35:14,172 - httpx - INFO - HTTP Request: POST https://dashscope.aliyuncs.com/compatible-mode/v1/files "HTTP/1.1 200 OK"
2026-03-17 10:35:14,173 - ai_service_enhanced - INFO - 文件上传成功: E:\Project\年报公告自动切片\年报自动处理系统\年度报告\主要指标\600529-2026-03-07-山东药玻-山东省药用玻璃股份有限公司2025年年度报告.pdf (文件ID: file-fe-eb23eb4a66c24e9a9885463d)
2026-03-17 10:35:14,174 - __main___file_only - INFO - 上传文件: 600529-2026-03-07-山东药玻-山东省药用玻璃股份有限公司2025年年度报告.pdf (大小: 0.56 MB, ID: file-fe-eb23eb4a66c24e9a9885463d)
2026-03-17 10:35:14,539 - httpx - INFO - HTTP Request: DELETE https://dashscope.aliyuncs.com/compatible-mode/v1/files/file-fe-d03a35b8c2614a4db8569fed "HTTP/1.1 200 OK"
2026-03-17 10:35:14,540 - __main__ - INFO - 开始处理文件: 300995-2026-03-12-奇德新材-2025年年度报告.pdf (文件ID: file-fe-15468d406abf4a448efaf49b)
2026-03-17 10:35:16,170 - httpx - INFO - HTTP Request: POST https://dashscope.aliyuncs.com/compatible-mode/v1/files "HTTP/1.1 200 OK"
2026-03-17 10:35:16,171 - ai_service_enhanced - INFO - 文件上传成功: E:\Project\年报公告自动切片\年报自动处理系统\年度报告\主要指标\600539-2026-02-28-狮头股份-2025年年度报告.pdf (文件ID: file-fe-3f97e52b678c4379bc1a9c10)
2026-03-17 10:35:16,171 - __main___file_only - INFO - 上传文件: 600539-2026-02-28-狮头股份-2025年年度报告.pdf (大小: 0.53 MB, ID: file-fe-3f97e52b678c4379bc1a9c10)
2026-03-17 10:35:16,173 - httpx - INFO - HTTP Request: POST https://dashscope.aliyuncs.com/compatible-mode/v1/files "HTTP/1.1 200 OK"
2026-03-17 10:35:16,174 - ai_service_enhanced - INFO - 文件上传成功: E:\Project\年报公告自动切片\年报自动处理系统\年度报告\主要指标\600605-2026-03-11-汇通能源-上海汇通能源股份有限公司2025年年度报告.pdf (文件ID: file-fe-48d1433570a34b65abf958c3)
2026-03-17 10:35:16,174 - __main___file_only - INFO - 上传文件: 600605-2026-03-11-汇通能源-上海汇通能源股份有限公司2025年年度报告.pdf (大小: 0.50 MB, ID: file-fe-48d1433570a34b65abf958c3)
2026-03-17 10:35:18,280 - httpx - INFO - HTTP Request: POST https://dashscope.aliyuncs.com/compatible-mode/v1/files "HTTP/1.1 200 OK"
2026-03-17 10:35:18,281 - ai_service_enhanced - INFO - 文件上传成功: E:\Project\年报公告自动切片\年报自动处理系统\年度报告\主要指标\600830-2026-03-07-香溢融通-香溢融通控股集团股份有限公司2025年年度报告.pdf (文件ID: file-fe-8a13deb14ea043e581e65173)
2026-03-17 10:35:18,281 - __main___file_only - INFO - 上传文件: 600830-2026-03-07-香溢融通-香溢融通控股集团股份有限公司2025年年度报告.pdf (大小: 0.60 MB, ID: file-fe-8a13deb14ea043e581e65173)
2026-03-17 10:35:18,368 - httpx - INFO - HTTP Request: POST https://dashscope.aliyuncs.com/compatible-mode/v1/files "HTTP/1.1 200 OK"
2026-03-17 10:35:18,368 - ai_service_enhanced - INFO - 文件上传成功: E:\Project\年报公告自动切片\年报自动处理系统\年度报告\主要指标\600765-2026-03-13-中航重机-中航重机2025年年度报告.pdf (文件ID: file-fe-d9961379c1914c4e9c879dcb)
2026-03-17 10:35:18,369 - __main___file_only - INFO - 上传文件: 600765-2026-03-13-中航重机-中航重机2025年年度报告.pdf (大小: 0.55 MB, ID: file-fe-d9961379c1914c4e9c879dcb)
2026-03-17 10:35:20,416 - httpx - INFO - HTTP Request: POST https://dashscope.aliyuncs.com/compatible-mode/v1/files "HTTP/1.1 200 OK"
2026-03-17 10:35:20,417 - ai_service_enhanced - INFO - 文件上传成功: E:\Project\年报公告自动切片\年报自动处理系统\年度报告\主要指标\600989-2026-03-13-宝丰能源-宁夏宝丰能源集团股份有限公司2025年年度报告.pdf (文件ID: file-fe-3b7fd3a7899443dc91983088)
2026-03-17 10:35:20,417 - __main___file_only - INFO - 上传文件: 600989-2026-03-13-宝丰能源-宁夏宝丰能源集团股份有限公司2025年年度报告.pdf (大小: 0.57 MB, ID: file-fe-3b7fd3a7899443dc91983088)
2026-03-17 10:35:20,426 - httpx - INFO - HTTP Request: POST https://dashscope.aliyuncs.com/compatible-mode/v1/files "HTTP/1.1 200 OK"
2026-03-17 10:35:20,427 - ai_service_enhanced - INFO - 文件上传成功: E:\Project\年报公告自动切片\年报自动处理系统\年度报告\主要指标\600963-2026-03-11-岳阳林纸-岳阳林纸股份有限公司2025年年度报告.pdf (文件ID: file-fe-5c8fc1e6b0e247e48e4f8fa0)
2026-03-17 10:35:20,427 - __main___file_only - INFO - 上传文件: 600963-2026-03-11-岳阳林纸-岳阳林纸股份有限公司2025年年度报告.pdf (大小: 0.60 MB, ID: file-fe-5c8fc1e6b0e247e48e4f8fa0)
2026-03-17 10:35:20,827 - httpx - INFO - HTTP Request: POST https://dashscope.aliyuncs.com/compatible-mode/v1/chat/completions "HTTP/1.1 200 OK"
2026-03-17 10:35:20,916 - __main___file_only - INFO - 找到数据: 002800 2026-02-28 (3条)
2026-03-17 10:35:20,916 - __main__ - INFO - 处理成功: 002800-2026-02-28-天顺股份-2025年年度报告.pdf
2026-03-17 10:35:20,916 - __main___file_only - INFO - 文件处理成功: 002800-2026-02-28-天顺股份-2025年年度报告.pdf (耗时: 20.09秒)
2026-03-17 10:35:21,378 - httpx - INFO - HTTP Request: POST https://dashscope.aliyuncs.com/compatible-mode/v1/chat/completions "HTTP/1.1 200 OK"
2026-03-17 10:35:21,531 - __main___file_only - INFO - 找到数据: 002668 2026-03-11 (3条)
2026-03-17 10:35:21,531 - __main__ - INFO - 处理成功: 002668-2026-03-11-TCL智家-2025年年度报告.pdf
2026-03-17 10:35:21,531 - __main___file_only - INFO - 文件处理成功: 002668-2026-03-11-TCL智家-2025年年度报告.pdf (耗时: 22.64秒)
2026-03-17 10:35:21,544 - httpx - INFO - HTTP Request: DELETE https://dashscope.aliyuncs.com/compatible-mode/v1/files/file-fe-61495d3da0104169add19780 "HTTP/1.1 200 OK"
2026-03-17 10:35:21,545 - __main__ - INFO - 开始处理文件: 300956-2026-03-05-英力股份-2025年年度报告.pdf (文件ID: file-fe-c78aa59de527462eb2ad6659)
2026-03-17 10:35:22,168 - httpx - INFO - HTTP Request: DELETE https://dashscope.aliyuncs.com/compatible-mode/v1/files/file-fe-a6973c29fc174573a0d59f26 "HTTP/1.1 200 OK"
2026-03-17 10:35:22,169 - __main__ - INFO - 开始处理文件: 301536-2026-03-10-星宸科技-2025年年度报告.pdf (文件ID: file-fe-2bdd90c5eadd4324a12300db)
2026-03-17 10:35:22,545 - httpx - INFO - HTTP Request: POST https://dashscope.aliyuncs.com/compatible-mode/v1/files "HTTP/1.1 200 OK"
2026-03-17 10:35:22,546 - ai_service_enhanced - INFO - 文件上传成功: E:\Project\年报公告自动切片\年报自动处理系统\年度报告\主要指标\603005-2026-02-28-晶方科技-晶方科技2025年年度报告.pdf (文件ID: file-fe-53013e60232b486980f8a6b0)
2026-03-17 10:35:22,546 - __main___file_only - INFO - 上传文件: 603005-2026-02-28-晶方科技-晶方科技2025年年度报告.pdf (大小: 0.56 MB, ID: file-fe-53013e60232b486980f8a6b0)
2026-03-17 10:35:22,570 - httpx - INFO - HTTP Request: POST https://dashscope.aliyuncs.com/compatible-mode/v1/chat/completions "HTTP/1.1 200 OK"
2026-03-17 10:35:22,618 - httpx - INFO - HTTP Request: POST https://dashscope.aliyuncs.com/compatible-mode/v1/files "HTTP/1.1 200 OK"
2026-03-17 10:35:22,619 - ai_service_enhanced - INFO - 文件上传成功: E:\Project\年报公告自动切片\年报自动处理系统\年度报告\主要指标\601138-2026-03-11-工业富联-富士康工业互联网股份有限公司2025年年度报告.pdf (文件ID: file-fe-030d2509eee14b8d892834f4)
2026-03-17 10:35:22,619 - __main___file_only - INFO - 上传文件: 601138-2026-03-11-工业富联-富士康工业互联网股份有限公司2025年年度报告.pdf (大小: 0.62 MB, ID: file-fe-030d2509eee14b8d892834f4)
2026-03-17 10:35:22,651 - __main___file_only - INFO - 找到数据: 002981 2026-03-10 (3条)
2026-03-17 10:35:22,651 - __main__ - INFO - 处理成功: 002981-2026-03-10-朝阳科技-2025年年度报告.pdf
2026-03-17 10:35:22,652 - __main___file_only - INFO - 文件处理成功: 002981-2026-03-10-朝阳科技-2025年年度报告.pdf (耗时: 19.71秒)
2026-03-17 10:35:22,890 - httpx - INFO - HTTP Request: POST https://dashscope.aliyuncs.com/compatible-mode/v1/chat/completions "HTTP/1.1 200 OK"
2026-03-17 10:35:22,969 - __main___file_only - INFO - 找到数据: 002868 2026-03-10 (3条)
2026-03-17 10:35:22,969 - __main__ - INFO - 处理成功: 002868-2026-03-10-ST绿康-2025年年度报告.pdf
2026-03-17 10:35:22,969 - __main___file_only - INFO - 文件处理成功: 002868-2026-03-10-ST绿康-2025年年度报告.pdf (耗时: 20.72秒)
2026-03-17 10:35:23,398 - httpx - INFO - HTTP Request: DELETE https://dashscope.aliyuncs.com/compatible-mode/v1/files/file-fe-630d7e5ac5a24e48bec771bb "HTTP/1.1 200 OK"
2026-03-17 10:35:23,398 - __main__ - INFO - 开始处理文件: 301087-2026-03-10-可孚医疗-2025年年度报告.pdf (文件ID: file-fe-3244948d68c64373b356f5c1)
2026-03-17 10:35:23,573 - httpx - INFO - HTTP Request: POST https://dashscope.aliyuncs.com/compatible-mode/v1/chat/completions "HTTP/1.1 200 OK"
2026-03-17 10:35:23,600 - httpx - INFO - HTTP Request: DELETE https://dashscope.aliyuncs.com/compatible-mode/v1/files/file-fe-03217ec00c294a21a46de259 "HTTP/1.1 200 OK"
2026-03-17 10:35:23,600 - __main__ - INFO - 开始处理文件: 600132-2026-03-11-重庆啤酒-重庆啤酒股份有限公司2025年年度报告.pdf (文件ID: file-fe-4460920de3164cdabc9abb4e)
2026-03-17 10:35:23,658 - __main___file_only - INFO - 找到数据: 002709 2026-03-10 (3条)
2026-03-17 10:35:23,659 - __main__ - INFO - 处理成功: 002709-2026-03-10-天赐材料-2025年年度报告.pdf
2026-03-17 10:35:23,659 - __main___file_only - INFO - 文件处理成功: 002709-2026-03-10-天赐材料-2025年年度报告.pdf (耗时: 22.61秒)
2026-03-17 10:35:23,703 - httpx - INFO - HTTP Request: POST https://dashscope.aliyuncs.com/compatible-mode/v1/chat/completions "HTTP/1.1 200 OK"
2026-03-17 10:35:23,784 - __main___file_only - INFO - 找到数据: 002916 2026-03-13 (3条)
2026-03-17 10:35:23,784 - __main__ - INFO - 处理成功: 002916-2026-03-13-深南电路-2025年年度报告.pdf
2026-03-17 10:35:23,784 - __main___file_only - INFO - 文件处理成功: 002916-2026-03-13-深南电路-2025年年度报告.pdf (耗时: 22.58秒)
2026-03-17 10:35:24,169 - httpx - INFO - HTTP Request: POST https://dashscope.aliyuncs.com/compatible-mode/v1/chat/completions "HTTP/1.1 200 OK"
2026-03-17 10:35:24,248 - __main___file_only - INFO - 找到数据: 200512 2026-03-10 (3条)
2026-03-17 10:35:24,249 - __main__ - INFO - 处理成功: 200512-2026-03-10-闽灿坤B-2025年年度报告.pdf
2026-03-17 10:35:24,249 - __main___file_only - INFO - 文件处理成功: 200512-2026-03-10-闽灿坤B-2025年年度报告.pdf (耗时: 19.51秒)
2026-03-17 10:35:24,343 - httpx - INFO - HTTP Request: DELETE https://dashscope.aliyuncs.com/compatible-mode/v1/files/file-fe-e64fe9a448dc45dc8834d72a "HTTP/1.1 200 OK"
2026-03-17 10:35:24,344 - __main__ - INFO - 开始处理文件: 600113-2026-03-07-浙江东日-浙江东日股份有限公司2025年年度报告（全文）.pdf (文件ID: file-fe-442a142d3ced41d69811f892)
2026-03-17 10:35:24,380 - httpx - INFO - HTTP Request: DELETE https://dashscope.aliyuncs.com/compatible-mode/v1/files/file-fe-d7a2414b16524a9fbfffb8ab "HTTP/1.1 200 OK"
2026-03-17 10:35:24,380 - __main__ - INFO - 开始处理文件: 600211-2026-03-13-西藏药业-西藏药业2025年年度报告.pdf (文件ID: file-fe-2610612516cd425f9acd1264)
2026-03-17 10:35:24,703 - httpx - INFO - HTTP Request: POST https://dashscope.aliyuncs.com/compatible-mode/v1/files "HTTP/1.1 200 OK"
2026-03-17 10:35:24,704 - ai_service_enhanced - INFO - 文件上传成功: E:\Project\年报公告自动切片\年报自动处理系统\年度报告\主要指标\603031-2026-03-10-安孚科技-安徽安孚电池科技股份有限公司2025年年度报告.pdf (文件ID: file-fe-e2660c30b2ca4e57b8246ace)
2026-03-17 10:35:24,704 - __main___file_only - INFO - 上传文件: 603031-2026-03-10-安孚科技-安徽安孚电池科技股份有限公司2025年年度报告.pdf (大小: 0.66 MB, ID: file-fe-e2660c30b2ca4e57b8246ace)
2026-03-17 10:35:24,772 - httpx - INFO - HTTP Request: POST https://dashscope.aliyuncs.com/compatible-mode/v1/chat/completions "HTTP/1.1 200 OK"
2026-03-17 10:35:24,852 - __main___file_only - INFO - 找到数据: 003033 2026-03-10 (3条)
2026-03-17 10:35:24,852 - __main__ - INFO - 处理成功: 003033-2026-03-10-征和工业-2025年年度报告.pdf
2026-03-17 10:35:24,852 - __main___file_only - INFO - 文件处理成功: 003033-2026-03-10-征和工业-2025年年度报告.pdf (耗时: 19.97秒)
2026-03-17 10:35:24,985 - httpx - INFO - HTTP Request: POST https://dashscope.aliyuncs.com/compatible-mode/v1/files "HTTP/1.1 200 OK"
2026-03-17 10:35:24,985 - ai_service_enhanced - INFO - 文件上传成功: E:\Project\年报公告自动切片\年报自动处理系统\年度报告\主要指标\603007-2026-03-06-ST花王-2025年年度报告.pdf (文件ID: file-fe-5d6979c966db42429a8bf856)
2026-03-17 10:35:24,986 - __main___file_only - INFO - 上传文件: 603007-2026-03-06-ST花王-2025年年度报告.pdf (大小: 0.57 MB, ID: file-fe-5d6979c966db42429a8bf856)
2026-03-17 10:35:25,047 - httpx - INFO - HTTP Request: DELETE https://dashscope.aliyuncs.com/compatible-mode/v1/files/file-fe-92933faf83b24b63a4656f28 "HTTP/1.1 200 OK"
2026-03-17 10:35:25,047 - __main__ - INFO - 开始处理文件: 600299-2026-03-07-安迪苏-安迪苏2025年年度报告.pdf (文件ID: file-fe-3f60c8f7b740475f8d353f4d)
2026-03-17 10:35:25,481 - httpx - INFO - HTTP Request: DELETE https://dashscope.aliyuncs.com/compatible-mode/v1/files/file-fe-ff3f917bfdfb4016bdf1fc8f "HTTP/1.1 200 OK"
2026-03-17 10:35:25,482 - __main__ - INFO - 开始处理文件: 600433-2026-03-11-冠豪高新-冠豪高新2025年年度报告.pdf (文件ID: file-fe-6c0e8377604947acb4f4e42d)
2026-03-17 10:35:26,747 - httpx - INFO - HTTP Request: POST https://dashscope.aliyuncs.com/compatible-mode/v1/chat/completions "HTTP/1.1 200 OK"
2026-03-17 10:35:26,781 - httpx - INFO - HTTP Request: POST https://dashscope.aliyuncs.com/compatible-mode/v1/files "HTTP/1.1 200 OK"
2026-03-17 10:35:26,782 - ai_service_enhanced - INFO - 文件上传成功: E:\Project\年报公告自动切片\年报自动处理系统\年度报告\主要指标\603103-2026-02-28-横店影视-横店影视股份有限公司2025年年度报告.pdf (文件ID: file-fe-ef9fe50bc1f24b9d95132451)
2026-03-17 10:35:26,782 - __main___file_only - INFO - 上传文件: 603103-2026-02-28-横店影视-横店影视股份有限公司2025年年度报告.pdf (大小: 0.60 MB, ID: file-fe-ef9fe50bc1f24b9d95132451)
2026-03-17 10:35:26,840 - httpx - INFO - HTTP Request: POST https://dashscope.aliyuncs.com/compatible-mode/v1/files "HTTP/1.1 200 OK"
2026-03-17 10:35:26,841 - ai_service_enhanced - INFO - 文件上传成功: E:\Project\年报公告自动切片\年报自动处理系统\年度报告\主要指标\603061-2026-03-11-金海通-2025年年度报告.pdf (文件ID: file-fe-60bd39a4c709447398ef8d8c)
2026-03-17 10:35:26,841 - __main___file_only - INFO - 上传文件: 603061-2026-03-11-金海通-2025年年度报告.pdf (大小: 0.56 MB, ID: file-fe-60bd39a4c709447398ef8d8c)
2026-03-17 10:35:26,861 - __main___file_only - INFO - 找到数据: 300033 2026-03-10 (3条)
2026-03-17 10:35:26,861 - __main__ - INFO - 处理成功: 300033-2026-03-10-同花顺-2025年年度报告.pdf
2026-03-17 10:35:26,861 - __main___file_only - INFO - 文件处理成功: 300033-2026-03-10-同花顺-2025年年度报告.pdf (耗时: 20.97秒)
2026-03-17 10:35:27,509 - httpx - INFO - HTTP Request: DELETE https://dashscope.aliyuncs.com/compatible-mode/v1/files/file-fe-bf6c1752568343aabb023f01 "HTTP/1.1 200 OK"
2026-03-17 10:35:27,510 - __main__ - INFO - 开始处理文件: 600529-2026-03-07-山东药玻-山东省药用玻璃股份有限公司2025年年度报告.pdf (文件ID: file-fe-eb23eb4a66c24e9a9885463d)
2026-03-17 10:35:27,549 - httpx - INFO - HTTP Request: POST https://dashscope.aliyuncs.com/compatible-mode/v1/chat/completions "HTTP/1.1 200 OK"
2026-03-17 10:35:27,629 - __main___file_only - INFO - 找到数据: 002920 2026-03-06 (3条)
2026-03-17 10:35:27,629 - __main__ - INFO - 处理成功: 002920-2026-03-06-德赛西威-2025年年度报告.pdf
2026-03-17 10:35:27,629 - __main___file_only - INFO - 文件处理成功: 002920-2026-03-06-德赛西威-2025年年度报告.pdf (耗时: 23.67秒)
2026-03-17 10:35:28,380 - httpx - INFO - HTTP Request: DELETE https://dashscope.aliyuncs.com/compatible-mode/v1/files/file-fe-73e977d0814c42d5afa6de3e "HTTP/1.1 200 OK"
2026-03-17 10:35:28,381 - __main__ - INFO - 开始处理文件: 600539-2026-02-28-狮头股份-2025年年度报告.pdf (文件ID: file-fe-3f97e52b678c4379bc1a9c10)
2026-03-17 10:35:28,409 - httpx - INFO - HTTP Request: POST https://dashscope.aliyuncs.com/compatible-mode/v1/chat/completions "HTTP/1.1 200 OK"
2026-03-17 10:35:28,490 - __main___file_only - INFO - 找到数据: 300750 2026-03-10 (3条)
2026-03-17 10:35:28,490 - __main__ - INFO - 处理成功: 300750-2026-03-10-宁德时代-2025年年度报告.pdf
2026-03-17 10:35:28,490 - __main___file_only - INFO - 文件处理成功: 300750-2026-03-10-宁德时代-2025年年度报告.pdf (耗时: 19.26秒)
2026-03-17 10:35:28,911 - httpx - INFO - HTTP Request: POST https://dashscope.aliyuncs.com/compatible-mode/v1/files "HTTP/1.1 200 OK"
2026-03-17 10:35:28,912 - ai_service_enhanced - INFO - 文件上传成功: E:\Project\年报公告自动切片\年报自动处理系统\年度报告\主要指标\603316-2026-03-07-诚邦股份-诚邦生态环境股份有限公司2025年年度报告.pdf (文件ID: file-fe-36d2daea795c4c26a605347b)
2026-03-17 10:35:28,912 - __main___file_only - INFO - 上传文件: 603316-2026-03-07-诚邦股份-诚邦生态环境股份有限公司2025年年度报告.pdf (大小: 0.58 MB, ID: file-fe-36d2daea795c4c26a605347b)
2026-03-17 10:35:29,076 - httpx - INFO - HTTP Request: POST https://dashscope.aliyuncs.com/compatible-mode/v1/files "HTTP/1.1 200 OK"
2026-03-17 10:35:29,077 - ai_service_enhanced - INFO - 文件上传成功: E:\Project\年报公告自动切片\年报自动处理系统\年度报告\主要指标\603268-2026-03-10-ST松发-2025年年度报告.pdf (文件ID: file-fe-c655d26f0b754ba39dc6dc83)
2026-03-17 10:35:29,077 - __main___file_only - INFO - 上传文件: 603268-2026-03-10-ST松发-2025年年度报告.pdf (大小: 0.61 MB, ID: file-fe-c655d26f0b754ba39dc6dc83)
2026-03-17 10:35:29,126 - httpx - INFO - HTTP Request: DELETE https://dashscope.aliyuncs.com/compatible-mode/v1/files/file-fe-3048ea35e88541a692e3c578 "HTTP/1.1 200 OK"
2026-03-17 10:35:29,126 - __main__ - INFO - 开始处理文件: 600605-2026-03-11-汇通能源-上海汇通能源股份有限公司2025年年度报告.pdf (文件ID: file-fe-48d1433570a34b65abf958c3)
2026-03-17 10:35:29,800 - httpx - INFO - HTTP Request: POST https://dashscope.aliyuncs.com/compatible-mode/v1/chat/completions "HTTP/1.1 200 OK"
2026-03-17 10:35:29,891 - __main___file_only - INFO - 找到数据: 300236 2026-03-13 (3条)
2026-03-17 10:35:29,892 - __main__ - INFO - 处理成功: 300236-2026-03-13-上海新阳-2025年年度报告.pdf
2026-03-17 10:35:29,892 - __main___file_only - INFO - 文件处理成功: 300236-2026-03-13-上海新阳-2025年年度报告.pdf (耗时: 21.92秒)
2026-03-17 10:35:29,920 - httpx - INFO - HTTP Request: POST https://dashscope.aliyuncs.com/compatible-mode/v1/chat/completions "HTTP/1.1 200 OK"
2026-03-17 10:35:30,019 - __main___file_only - INFO - 找到数据: 300476 2026-03-13 (3条)
2026-03-17 10:35:30,020 - __main__ - INFO - 处理成功: 300476-2026-03-13-胜宏科技-2025年年度报告.pdf
2026-03-17 10:35:30,020 - __main___file_only - INFO - 文件处理成功: 300476-2026-03-13-胜宏科技-2025年年度报告.pdf (耗时: 21.73秒)
2026-03-17 10:35:30,571 - httpx - INFO - HTTP Request: POST https://dashscope.aliyuncs.com/compatible-mode/v1/chat/completions "HTTP/1.1 200 OK"
2026-03-17 10:35:30,627 - httpx - INFO - HTTP Request: DELETE https://dashscope.aliyuncs.com/compatible-mode/v1/files/file-fe-a87addae01a1400a893a0cd3 "HTTP/1.1 200 OK"
2026-03-17 10:35:30,628 - __main__ - INFO - 开始处理文件: 600830-2026-03-07-香溢融通-香溢融通控股集团股份有限公司2025年年度报告.pdf (文件ID: file-fe-8a13deb14ea043e581e65173)
2026-03-17 10:35:30,658 - __main___file_only - INFO - 找到数据: 300803 2026-01-31 (3条)
2026-03-17 10:35:30,659 - __main__ - INFO - 处理成功: 300803-2026-01-31-指南针-2025年年度报告.pdf
2026-03-17 10:35:30,659 - __main___file_only - INFO - 文件处理成功: 300803-2026-01-31-指南针-2025年年度报告.pdf (耗时: 19.43秒)
2026-03-17 10:35:30,782 - httpx - INFO - HTTP Request: DELETE https://dashscope.aliyuncs.com/compatible-mode/v1/files/file-fe-392689ef2b5e42768e697282 "HTTP/1.1 200 OK"
2026-03-17 10:35:30,783 - __main__ - INFO - 开始处理文件: 600765-2026-03-13-中航重机-中航重机2025年年度报告.pdf (文件ID: file-fe-d9961379c1914c4e9c879dcb)
2026-03-17 10:35:31,122 - httpx - INFO - HTTP Request: POST https://dashscope.aliyuncs.com/compatible-mode/v1/files "HTTP/1.1 200 OK"
2026-03-17 10:35:31,123 - ai_service_enhanced - INFO - 文件上传成功: E:\Project\年报公告自动切片\年报自动处理系统\年度报告\主要指标\603317-2026-03-12-天味食品-2025年年度报告.pdf (文件ID: file-fe-d86abb1ed3a24dd58e991ebd)
2026-03-17 10:35:31,123 - __main___file_only - INFO - 上传文件: 603317-2026-03-12-天味食品-2025年年度报告.pdf (大小: 0.59 MB, ID: file-fe-d86abb1ed3a24dd58e991ebd)
2026-03-17 10:35:31,417 - httpx - INFO - HTTP Request: POST https://dashscope.aliyuncs.com/compatible-mode/v1/files "HTTP/1.1 200 OK"
2026-03-17 10:35:31,417 - ai_service_enhanced - INFO - 文件上传成功: E:\Project\年报公告自动切片\年报自动处理系统\年度报告\主要指标\603558-2026-03-13-健盛集团-健盛集团2025年度报告.pdf (文件ID: file-fe-5873afbf74634b00bf116218)
2026-03-17 10:35:31,418 - __main___file_only - INFO - 上传文件: 603558-2026-03-13-健盛集团-健盛集团2025年度报告.pdf (大小: 1.37 MB, ID: file-fe-5873afbf74634b00bf116218)
2026-03-17 10:35:31,428 - httpx - INFO - HTTP Request: DELETE https://dashscope.aliyuncs.com/compatible-mode/v1/files/file-fe-0ccabdcaad2b417c8b45000a "HTTP/1.1 200 OK"
2026-03-17 10:35:31,429 - __main__ - INFO - 开始处理文件: 600989-2026-03-13-宝丰能源-宁夏宝丰能源集团股份有限公司2025年年度报告.pdf (文件ID: file-fe-3b7fd3a7899443dc91983088)
2026-03-17 10:35:31,503 - httpx - INFO - HTTP Request: POST https://dashscope.aliyuncs.com/compatible-mode/v1/chat/completions "HTTP/1.1 200 OK"
2026-03-17 10:35:31,608 - __main___file_only - INFO - 找到数据: 300889 2026-03-07 (3条)
2026-03-17 10:35:31,609 - __main__ - INFO - 处理成功: 300889-2026-03-07-爱克股份-2025年年度报告.pdf
2026-03-17 10:35:31,609 - __main___file_only - INFO - 文件处理成功: 300889-2026-03-07-爱克股份-2025年年度报告.pdf (耗时: 21.66秒)
2026-03-17 10:35:32,323 - httpx - INFO - HTTP Request: DELETE https://dashscope.aliyuncs.com/compatible-mode/v1/files/file-fe-5a6b4dc7edbe400598986d31 "HTTP/1.1 200 OK"
2026-03-17 10:35:32,323 - __main__ - INFO - 开始处理文件: 600963-2026-03-11-岳阳林纸-岳阳林纸股份有限公司2025年年度报告.pdf (文件ID: file-fe-5c8fc1e6b0e247e48e4f8fa0)
2026-03-17 10:35:33,278 - httpx - INFO - HTTP Request: POST https://dashscope.aliyuncs.com/compatible-mode/v1/files "HTTP/1.1 200 OK"
2026-03-17 10:35:33,278 - ai_service_enhanced - INFO - 文件上传成功: E:\Project\年报公告自动切片\年报自动处理系统\年度报告\主要指标\603659-2026-03-06-璞泰来-上海璞泰来新能源科技集团股份有限公司2025年年度报告.pdf (文件ID: file-fe-82ad05c7a2324b9bb214a10b)
2026-03-17 10:35:33,279 - __main___file_only - INFO - 上传文件: 603659-2026-03-06-璞泰来-上海璞泰来新能源科技集团股份有限公司2025年年度报告.pdf (大小: 0.59 MB, ID: file-fe-82ad05c7a2324b9bb214a10b)
2026-03-17 10:35:33,352 - httpx - INFO - HTTP Request: POST https://dashscope.aliyuncs.com/compatible-mode/v1/files "HTTP/1.1 200 OK"
2026-03-17 10:35:33,352 - ai_service_enhanced - INFO - 文件上传成功: E:\Project\年报公告自动切片\年报自动处理系统\年度报告\主要指标\603588-2026-03-13-高能环境-高能环境2025年年度报告.pdf (文件ID: file-fe-b2a604b6ec2340f78d116d57)
2026-03-17 10:35:33,353 - __main___file_only - INFO - 上传文件: 603588-2026-03-13-高能环境-高能环境2025年年度报告.pdf (大小: 0.58 MB, ID: file-fe-b2a604b6ec2340f78d116d57)
2026-03-17 10:35:34,893 - httpx - INFO - HTTP Request: POST https://dashscope.aliyuncs.com/compatible-mode/v1/chat/completions "HTTP/1.1 200 OK"
2026-03-17 10:35:35,011 - __main___file_only - INFO - 找到数据: 300995 2026-03-12 (3条)
2026-03-17 10:35:35,011 - __main__ - INFO - 处理成功: 300995-2026-03-12-奇德新材-2025年年度报告.pdf
2026-03-17 10:35:35,012 - __main___file_only - INFO - 文件处理成功: 300995-2026-03-12-奇德新材-2025年年度报告.pdf (耗时: 20.47秒)
2026-03-17 10:35:35,374 - httpx - INFO - HTTP Request: POST https://dashscope.aliyuncs.com/compatible-mode/v1/files "HTTP/1.1 200 OK"
2026-03-17 10:35:35,374 - ai_service_enhanced - INFO - 文件上传成功: E:\Project\年报公告自动切片\年报自动处理系统\年度报告\主要指标\603929-2026-03-13-亚翔集成-公司2025年年度报告全文.pdf (文件ID: file-fe-41bcc29fbcb3469b92914302)
2026-03-17 10:35:35,375 - __main___file_only - INFO - 上传文件: 603929-2026-03-13-亚翔集成-公司2025年年度报告全文.pdf (大小: 0.63 MB, ID: file-fe-41bcc29fbcb3469b92914302)
2026-03-17 10:35:35,379 - httpx - INFO - HTTP Request: POST https://dashscope.aliyuncs.com/compatible-mode/v1/files "HTTP/1.1 200 OK"
2026-03-17 10:35:35,380 - ai_service_enhanced - INFO - 文件上传成功: E:\Project\年报公告自动切片\年报自动处理系统\年度报告\主要指标\603682-2026-02-28-锦和商管-上海锦和商业经营管理（集团）股份有限公司2025年年度报告.pdf (文件ID: file-fe-62ebf97feb704ecf867c7ce0)
2026-03-17 10:35:35,380 - __main___file_only - INFO - 上传文件: 603682-2026-02-28-锦和商管-上海锦和商业经营管理（集团）股份有限公司2025年年度报告.pdf (大小: 0.56 MB, ID: file-fe-62ebf97feb704ecf867c7ce0)
2026-03-17 10:35:35,757 - httpx - INFO - HTTP Request: DELETE https://dashscope.aliyuncs.com/compatible-mode/v1/files/file-fe-15468d406abf4a448efaf49b "HTTP/1.1 200 OK"
2026-03-17 10:35:35,758 - __main__ - INFO - 开始处理文件: 603005-2026-02-28-晶方科技-晶方科技2025年年度报告.pdf (文件ID: file-fe-53013e60232b486980f8a6b0)
2026-03-17 10:35:37,592 - httpx - INFO - HTTP Request: POST https://dashscope.aliyuncs.com/compatible-mode/v1/files "HTTP/1.1 200 OK"
2026-03-17 10:35:37,593 - ai_service_enhanced - INFO - 文件上传成功: E:\Project\年报公告自动切片\年报自动处理系统\年度报告\主要指标\605339-2026-03-10-南侨食品-南侨食品集团（上海）股份有限公司2025年年度报告.pdf (文件ID: file-fe-cd303cd2860a432591d136d7)
2026-03-17 10:35:37,593 - __main___file_only - INFO - 上传文件: 605339-2026-03-10-南侨食品-南侨食品集团（上海）股份有限公司2025年年度报告.pdf (大小: 0.51 MB, ID: file-fe-cd303cd2860a432591d136d7)
2026-03-17 10:35:37,608 - httpx - INFO - HTTP Request: POST https://dashscope.aliyuncs.com/compatible-mode/v1/files "HTTP/1.1 200 OK"
2026-03-17 10:35:37,609 - ai_service_enhanced - INFO - 文件上传成功: E:\Project\年报公告自动切片\年报自动处理系统\年度报告\主要指标\605299-2026-03-11-舒华体育-舒华体育股份有限公司2025年年度报告.pdf (文件ID: file-fe-76a459e8024a4ddbbcb01ace)
2026-03-17 10:35:37,609 - __main___file_only - INFO - 上传文件: 605299-2026-03-11-舒华体育-舒华体育股份有限公司2025年年度报告.pdf (大小: 0.58 MB, ID: file-fe-76a459e8024a4ddbbcb01ace)
2026-03-17 10:35:39,614 - httpx - INFO - HTTP Request: POST https://dashscope.aliyuncs.com/compatible-mode/v1/files "HTTP/1.1 200 OK"
2026-03-17 10:35:39,615 - ai_service_enhanced - INFO - 文件上传成功: E:\Project\年报公告自动切片\年报自动处理系统\年度报告\主要指标\688100-2026-02-28-威胜信息-威胜信息2025年年度报告.pdf (文件ID: file-fe-85f6ac2891e04f6895f1ce04)
2026-03-17 10:35:39,615 - __main___file_only - INFO - 上传文件: 688100-2026-02-28-威胜信息-威胜信息2025年年度报告.pdf (大小: 0.57 MB, ID: file-fe-85f6ac2891e04f6895f1ce04)
2026-03-17 10:35:39,705 - httpx - INFO - HTTP Request: POST https://dashscope.aliyuncs.com/compatible-mode/v1/files "HTTP/1.1 200 OK"
2026-03-17 10:35:39,706 - ai_service_enhanced - INFO - 文件上传成功: E:\Project\年报公告自动切片\年报自动处理系统\年度报告\主要指标\688082-2026-02-27-盛美上海-2025年度报告全文.pdf (文件ID: file-fe-bcf1ac76d2614059ab3508aa)
2026-03-17 10:35:39,706 - __main___file_only - INFO - 上传文件: 688082-2026-02-27-盛美上海-2025年度报告全文.pdf (大小: 0.64 MB, ID: file-fe-bcf1ac76d2614059ab3508aa)
2026-03-17 10:35:41,611 - httpx - INFO - HTTP Request: POST https://dashscope.aliyuncs.com/compatible-mode/v1/chat/completions "HTTP/1.1 200 OK"
2026-03-17 10:35:41,697 - __main___file_only - INFO - 找到数据: 300956 2026-03-05 (3条)
2026-03-17 10:35:41,698 - __main__ - INFO - 处理成功: 300956-2026-03-05-英力股份-2025年年度报告.pdf
2026-03-17 10:35:41,698 - __main___file_only - INFO - 文件处理成功: 300956-2026-03-05-英力股份-2025年年度报告.pdf (耗时: 20.15秒)
2026-03-17 10:35:41,825 - httpx - INFO - HTTP Request: POST https://dashscope.aliyuncs.com/compatible-mode/v1/files "HTTP/1.1 200 OK"
2026-03-17 10:35:41,825 - ai_service_enhanced - INFO - 文件上传成功: E:\Project\年报公告自动切片\年报自动处理系统\年度报告\主要指标\688256-2026-03-13-寒武纪-2025年年度报告.pdf (文件ID: file-fe-925b1bd613934fa09c37b7a9)
2026-03-17 10:35:41,826 - __main___file_only - INFO - 上传文件: 688256-2026-03-13-寒武纪-2025年年度报告.pdf (大小: 0.51 MB, ID: file-fe-925b1bd613934fa09c37b7a9)
2026-03-17 10:35:41,911 - httpx - INFO - HTTP Request: POST https://dashscope.aliyuncs.com/compatible-mode/v1/files "HTTP/1.1 200 OK"
2026-03-17 10:35:41,912 - ai_service_enhanced - INFO - 文件上传成功: E:\Project\年报公告自动切片\年报自动处理系统\年度报告\主要指标\688230-2026-02-03-芯导科技-2025年年度报告.pdf (文件ID: file-fe-f0a07dab5a79467d9f6fa58f)
2026-03-17 10:35:41,912 - __main___file_only - INFO - 上传文件: 688230-2026-02-03-芯导科技-2025年年度报告.pdf (大小: 0.58 MB, ID: file-fe-f0a07dab5a79467d9f6fa58f)
2026-03-17 10:35:42,311 - httpx - INFO - HTTP Request: DELETE https://dashscope.aliyuncs.com/compatible-mode/v1/files/file-fe-c78aa59de527462eb2ad6659 "HTTP/1.1 200 OK"
2026-03-17 10:35:42,312 - __main__ - INFO - 开始处理文件: 601138-2026-03-11-工业富联-富士康工业互联网股份有限公司2025年年度报告.pdf (文件ID: file-fe-030d2509eee14b8d892834f4)
2026-03-17 10:35:43,938 - httpx - INFO - HTTP Request: POST https://dashscope.aliyuncs.com/compatible-mode/v1/files "HTTP/1.1 200 OK"
2026-03-17 10:35:43,938 - ai_service_enhanced - INFO - 文件上传成功: E:\Project\年报公告自动切片\年报自动处理系统\年度报告\主要指标\688345-2026-03-10-博力威-广东博力威科技股份有限公司2025年年度报告.pdf (文件ID: file-fe-122835c1b6484da189373529)
2026-03-17 10:35:43,939 - __main___file_only - INFO - 上传文件: 688345-2026-03-10-博力威-广东博力威科技股份有限公司2025年年度报告.pdf (大小: 0.59 MB, ID: file-fe-122835c1b6484da189373529)
2026-03-17 10:35:44,014 - httpx - INFO - HTTP Request: POST https://dashscope.aliyuncs.com/compatible-mode/v1/files "HTTP/1.1 200 OK"
2026-03-17 10:35:44,015 - ai_service_enhanced - INFO - 文件上传成功: E:\Project\年报公告自动切片\年报自动处理系统\年度报告\主要指标\688511-2026-02-28-ST天微-2025年年度报告.pdf (文件ID: file-fe-575bfdaac5bd45e9a8d7cbbf)
2026-03-17 10:35:44,015 - __main___file_only - INFO - 上传文件: 688511-2026-02-28-ST天微-2025年年度报告.pdf (大小: 0.57 MB, ID: file-fe-575bfdaac5bd45e9a8d7cbbf)
2026-03-17 10:35:44,177 - httpx - INFO - HTTP Request: POST https://dashscope.aliyuncs.com/compatible-mode/v1/chat/completions "HTTP/1.1 200 OK"
2026-03-17 10:35:44,262 - __main___file_only - INFO - 找到数据: 600132 2026-03-11 (3条)
2026-03-17 10:35:44,262 - __main__ - INFO - 处理成功: 600132-2026-03-11-重庆啤酒-重庆啤酒股份有限公司2025年年度报告.pdf
2026-03-17 10:35:44,262 - __main___file_only - INFO - 文件处理成功: 600132-2026-03-11-重庆啤酒-重庆啤酒股份有限公司2025年年度报告.pdf (耗时: 20.66秒)
2026-03-17 10:35:44,316 - httpx - INFO - HTTP Request: POST https://dashscope.aliyuncs.com/compatible-mode/v1/chat/completions "HTTP/1.1 200 OK"
2026-03-17 10:35:44,400 - __main___file_only - INFO - 找到数据: 301087 2026-03-10 (3条)
2026-03-17 10:35:44,401 - __main__ - INFO - 处理成功: 301087-2026-03-10-可孚医疗-2025年年度报告.pdf
2026-03-17 10:35:44,401 - __main___file_only - INFO - 文件处理成功: 301087-2026-03-10-可孚医疗-2025年年度报告.pdf (耗时: 21.00秒)
2026-03-17 10:35:45,005 - httpx - INFO - HTTP Request: DELETE https://dashscope.aliyuncs.com/compatible-mode/v1/files/file-fe-4460920de3164cdabc9abb4e "HTTP/1.1 200 OK"
2026-03-17 10:35:45,005 - __main__ - INFO - 开始处理文件: 603031-2026-03-10-安孚科技-安徽安孚电池科技股份有限公司2025年年度报告.pdf (文件ID: file-fe-e2660c30b2ca4e57b8246ace)
2026-03-17 10:35:45,136 - httpx - INFO - HTTP Request: DELETE https://dashscope.aliyuncs.com/compatible-mode/v1/files/file-fe-3244948d68c64373b356f5c1 "HTTP/1.1 200 OK"
2026-03-17 10:35:45,136 - __main__ - INFO - 开始处理文件: 603007-2026-03-06-ST花王-2025年年度报告.pdf (文件ID: file-fe-5d6979c966db42429a8bf856)
2026-03-17 10:35:46,025 - httpx - INFO - HTTP Request: POST https://dashscope.aliyuncs.com/compatible-mode/v1/chat/completions "HTTP/1.1 200 OK"
2026-03-17 10:35:46,079 - httpx - INFO - HTTP Request: POST https://dashscope.aliyuncs.com/compatible-mode/v1/chat/completions "HTTP/1.1 200 OK"
2026-03-17 10:35:46,102 - __main___file_only - INFO - 找到数据: 600299 2026-03-07 (3条)
2026-03-17 10:35:46,102 - __main__ - INFO - 处理成功: 600299-2026-03-07-安迪苏-安迪苏2025年年度报告.pdf
2026-03-17 10:35:46,102 - __main___file_only - INFO - 文件处理成功: 600299-2026-03-07-安迪苏-安迪苏2025年年度报告.pdf (耗时: 21.05秒)
2026-03-17 10:35:46,106 - httpx - INFO - HTTP Request: POST https://dashscope.aliyuncs.com/compatible-mode/v1/chat/completions "HTTP/1.1 200 OK"
2026-03-17 10:35:46,158 - __main___file_only - INFO - 找到数据: 600113 2026-03-07 (3条)
2026-03-17 10:35:46,159 - __main__ - INFO - 处理成功: 600113-2026-03-07-浙江东日-浙江东日股份有限公司2025年年度报告（全文）.pdf
2026-03-17 10:35:46,159 - __main___file_only - INFO - 文件处理成功: 600113-2026-03-07-浙江东日-浙江东日股份有限公司2025年年度报告（全文）.pdf (耗时: 21.81秒)
2026-03-17 10:35:46,168 - httpx - INFO - HTTP Request: POST https://dashscope.aliyuncs.com/compatible-mode/v1/files "HTTP/1.1 200 OK"
2026-03-17 10:35:46,169 - ai_service_enhanced - INFO - 文件上传成功: E:\Project\年报公告自动切片\年报自动处理系统\年度报告\主要指标\920060-2026-03-09-万源通-2025年年度报告.pdf (文件ID: file-fe-9a7c118cf1974139ae741983)
2026-03-17 10:35:46,169 - __main___file_only - INFO - 上传文件: 920060-2026-03-09-万源通-2025年年度报告.pdf (大小: 0.78 MB, ID: file-fe-9a7c118cf1974139ae741983)
2026-03-17 10:35:46,182 - __main___file_only - INFO - 找到数据: 600211 2026-03-13 (3条)
2026-03-17 10:35:46,182 - __main__ - INFO - 处理成功: 600211-2026-03-13-西藏药业-西藏药业2025年年度报告.pdf
2026-03-17 10:35:46,182 - __main___file_only - INFO - 文件处理成功: 600211-2026-03-13-西藏药业-西藏药业2025年年度报告.pdf (耗时: 21.80秒)
2026-03-17 10:35:46,538 - httpx - INFO - HTTP Request: POST https://dashscope.aliyuncs.com/compatible-mode/v1/files "HTTP/1.1 200 OK"
2026-03-17 10:35:46,539 - ai_service_enhanced - INFO - 文件上传成功: E:\Project\年报公告自动切片\年报自动处理系统\年度报告\主要指标\920735-2026-03-05-德源药业-2025年年度报告.pdf (文件ID: file-fe-23eeb8d87c0449bb853a9f60)
2026-03-17 10:35:46,539 - __main___file_only - INFO - 上传文件: 920735-2026-03-05-德源药业-2025年年度报告.pdf (大小: 1.67 MB, ID: file-fe-23eeb8d87c0449bb853a9f60)
2026-03-17 10:35:46,636 - httpx - INFO - HTTP Request: POST https://dashscope.aliyuncs.com/compatible-mode/v1/chat/completions "HTTP/1.1 200 OK"
2026-03-17 10:35:46,719 - __main___file_only - INFO - 找到数据: 600433 2026-03-11 (3条)
2026-03-17 10:35:46,719 - __main__ - INFO - 处理成功: 600433-2026-03-11-冠豪高新-冠豪高新2025年年度报告.pdf
2026-03-17 10:35:46,719 - __main___file_only - INFO - 文件处理成功: 600433-2026-03-11-冠豪高新-冠豪高新2025年年度报告.pdf (耗时: 21.24秒)
2026-03-17 10:35:46,748 - httpx - INFO - HTTP Request: DELETE https://dashscope.aliyuncs.com/compatible-mode/v1/files/file-fe-3f60c8f7b740475f8d353f4d "HTTP/1.1 200 OK"
2026-03-17 10:35:46,749 - __main__ - INFO - 开始处理文件: 603103-2026-02-28-横店影视-横店影视股份有限公司2025年年度报告.pdf (文件ID: file-fe-ef9fe50bc1f24b9d95132451)
2026-03-17 10:35:46,843 - httpx - INFO - HTTP Request: DELETE https://dashscope.aliyuncs.com/compatible-mode/v1/files/file-fe-442a142d3ced41d69811f892 "HTTP/1.1 200 OK"
2026-03-17 10:35:46,843 - __main__ - INFO - 开始处理文件: 603061-2026-03-11-金海通-2025年年度报告.pdf (文件ID: file-fe-60bd39a4c709447398ef8d8c)
2026-03-17 10:35:46,916 - httpx - INFO - HTTP Request: DELETE https://dashscope.aliyuncs.com/compatible-mode/v1/files/file-fe-2610612516cd425f9acd1264 "HTTP/1.1 200 OK"
2026-03-17 10:35:46,917 - __main__ - INFO - 开始处理文件: 603316-2026-03-07-诚邦股份-诚邦生态环境股份有限公司2025年年度报告.pdf (文件ID: file-fe-36d2daea795c4c26a605347b)
2026-03-17 10:35:47,303 - httpx - INFO - HTTP Request: POST https://dashscope.aliyuncs.com/compatible-mode/v1/chat/completions "HTTP/1.1 200 OK"
2026-03-17 10:35:47,346 - httpx - INFO - HTTP Request: DELETE https://dashscope.aliyuncs.com/compatible-mode/v1/files/file-fe-6c0e8377604947acb4f4e42d "HTTP/1.1 200 OK"
2026-03-17 10:35:47,347 - __main__ - INFO - 开始处理文件: 603268-2026-03-10-ST松发-2025年年度报告.pdf (文件ID: file-fe-c655d26f0b754ba39dc6dc83)
2026-03-17 10:35:47,410 - __main___file_only - INFO - 找到数据: 600539 2026-02-28 (3条)
2026-03-17 10:35:47,411 - __main__ - INFO - 处理成功: 600539-2026-02-28-狮头股份-2025年年度报告.pdf
2026-03-17 10:35:47,411 - __main___file_only - INFO - 文件处理成功: 600539-2026-02-28-狮头股份-2025年年度报告.pdf (耗时: 19.03秒)
2026-03-17 10:35:47,995 - httpx - INFO - HTTP Request: DELETE https://dashscope.aliyuncs.com/compatible-mode/v1/files/file-fe-3f97e52b678c4379bc1a9c10 "HTTP/1.1 200 OK"
2026-03-17 10:35:47,995 - __main__ - INFO - 开始处理文件: 603317-2026-03-12-天味食品-2025年年度报告.pdf (文件ID: file-fe-d86abb1ed3a24dd58e991ebd)
2026-03-17 10:35:48,101 - httpx - INFO - HTTP Request: POST https://dashscope.aliyuncs.com/compatible-mode/v1/chat/completions "HTTP/1.1 200 OK"
2026-03-17 10:35:48,179 - __main___file_only - INFO - 找到数据: 600529 2026-03-07 (3条)
2026-03-17 10:35:48,179 - __main__ - INFO - 处理成功: 600529-2026-03-07-山东药玻-山东省药用玻璃股份有限公司2025年年度报告.pdf
2026-03-17 10:35:48,179 - __main___file_only - INFO - 文件处理成功: 600529-2026-03-07-山东药玻-山东省药用玻璃股份有限公司2025年年度报告.pdf (耗时: 20.67秒)
2026-03-17 10:35:48,748 - httpx - INFO - HTTP Request: DELETE https://dashscope.aliyuncs.com/compatible-mode/v1/files/file-fe-eb23eb4a66c24e9a9885463d "HTTP/1.1 200 OK"
2026-03-17 10:35:48,749 - __main__ - INFO - 开始处理文件: 603558-2026-03-13-健盛集团-健盛集团2025年度报告.pdf (文件ID: file-fe-5873afbf74634b00bf116218)
2026-03-17 10:35:50,132 - httpx - INFO - HTTP Request: POST https://dashscope.aliyuncs.com/compatible-mode/v1/chat/completions "HTTP/1.1 200 OK"
2026-03-17 10:35:50,271 - __main___file_only - INFO - 找到数据: 600605 2026-03-11 (3条)
2026-03-17 10:35:50,271 - __main__ - INFO - 处理成功: 600605-2026-03-11-汇通能源-上海汇通能源股份有限公司2025年年度报告.pdf
2026-03-17 10:35:50,271 - __main___file_only - INFO - 文件处理成功: 600605-2026-03-11-汇通能源-上海汇通能源股份有限公司2025年年度报告.pdf (耗时: 21.15秒)
2026-03-17 10:35:50,740 - httpx - INFO - HTTP Request: POST https://dashscope.aliyuncs.com/compatible-mode/v1/chat/completions "HTTP/1.1 200 OK"
2026-03-17 10:35:50,834 - __main___file_only - INFO - 找到数据: 301536 2026-03-10 (3条)
2026-03-17 10:35:50,835 - __main__ - INFO - 处理成功: 301536-2026-03-10-星宸科技-2025年年度报告.pdf
2026-03-17 10:35:50,835 - __main___file_only - INFO - 文件处理成功: 301536-2026-03-10-星宸科技-2025年年度报告.pdf (耗时: 28.67秒)
2026-03-17 10:35:50,842 - httpx - INFO - HTTP Request: POST https://dashscope.aliyuncs.com/compatible-mode/v1/chat/completions "HTTP/1.1 200 OK"
2026-03-17 10:35:50,850 - httpx - INFO - HTTP Request: DELETE https://dashscope.aliyuncs.com/compatible-mode/v1/files/file-fe-48d1433570a34b65abf958c3 "HTTP/1.1 200 OK"
2026-03-17 10:35:50,851 - __main__ - INFO - 开始处理文件: 603659-2026-03-06-璞泰来-上海璞泰来新能源科技集团股份有限公司2025年年度报告.pdf (文件ID: file-fe-82ad05c7a2324b9bb214a10b)
2026-03-17 10:35:50,928 - __main___file_only - INFO - 找到数据: 600830 2026-03-07 (3条)
2026-03-17 10:35:50,928 - __main__ - INFO - 处理成功: 600830-2026-03-07-香溢融通-香溢融通控股集团股份有限公司2025年年度报告.pdf
2026-03-17 10:35:50,928 - __main___file_only - INFO - 文件处理成功: 600830-2026-03-07-香溢融通-香溢融通控股集团股份有限公司2025年年度报告.pdf (耗时: 20.30秒)
2026-03-17 10:35:51,427 - httpx - INFO - HTTP Request: DELETE https://dashscope.aliyuncs.com/compatible-mode/v1/files/file-fe-2bdd90c5eadd4324a12300db "HTTP/1.1 200 OK"
2026-03-17 10:35:51,428 - __main__ - INFO - 开始处理文件: 603588-2026-03-13-高能环境-高能环境2025年年度报告.pdf (文件ID: file-fe-b2a604b6ec2340f78d116d57)
2026-03-17 10:35:51,648 - httpx - INFO - HTTP Request: DELETE https://dashscope.aliyuncs.com/compatible-mode/v1/files/file-fe-8a13deb14ea043e581e65173 "HTTP/1.1 200 OK"
2026-03-17 10:35:51,648 - __main__ - INFO - 开始处理文件: 603929-2026-03-13-亚翔集成-公司2025年年度报告全文.pdf (文件ID: file-fe-41bcc29fbcb3469b92914302)
2026-03-17 10:35:53,208 - httpx - INFO - HTTP Request: POST https://dashscope.aliyuncs.com/compatible-mode/v1/chat/completions "HTTP/1.1 200 OK"
2026-03-17 10:35:53,291 - __main___file_only - INFO - 找到数据: 600765 2026-03-13 (3条)
2026-03-17 10:35:53,292 - __main__ - INFO - 处理成功: 600765-2026-03-13-中航重机-中航重机2025年年度报告.pdf
2026-03-17 10:35:53,292 - __main___file_only - INFO - 文件处理成功: 600765-2026-03-13-中航重机-中航重机2025年年度报告.pdf (耗时: 22.51秒)
2026-03-17 10:35:53,442 - httpx - INFO - HTTP Request: POST https://dashscope.aliyuncs.com/compatible-mode/v1/chat/completions "HTTP/1.1 200 OK"
2026-03-17 10:35:53,529 - __main___file_only - INFO - 找到数据: 600989 2026-03-13 (3条)
2026-03-17 10:35:53,529 - __main__ - INFO - 处理成功: 600989-2026-03-13-宝丰能源-宁夏宝丰能源集团股份有限公司2025年年度报告.pdf
2026-03-17 10:35:53,529 - __main___file_only - INFO - 文件处理成功: 600989-2026-03-13-宝丰能源-宁夏宝丰能源集团股份有限公司2025年年度报告.pdf (耗时: 22.10秒)
2026-03-17 10:35:53,931 - httpx - INFO - HTTP Request: DELETE https://dashscope.aliyuncs.com/compatible-mode/v1/files/file-fe-d9961379c1914c4e9c879dcb "HTTP/1.1 200 OK"
2026-03-17 10:35:53,931 - __main__ - INFO - 开始处理文件: 603682-2026-02-28-锦和商管-上海锦和商业经营管理（集团）股份有限公司2025年年度报告.pdf (文件ID: file-fe-62ebf97feb704ecf867c7ce0)
2026-03-17 10:35:54,288 - httpx - INFO - HTTP Request: DELETE https://dashscope.aliyuncs.com/compatible-mode/v1/files/file-fe-3b7fd3a7899443dc91983088 "HTTP/1.1 200 OK"
2026-03-17 10:35:54,289 - __main__ - INFO - 开始处理文件: 605339-2026-03-10-南侨食品-南侨食品集团（上海）股份有限公司2025年年度报告.pdf (文件ID: file-fe-cd303cd2860a432591d136d7)
2026-03-17 10:35:55,916 - httpx - INFO - HTTP Request: POST https://dashscope.aliyuncs.com/compatible-mode/v1/chat/completions "HTTP/1.1 200 OK"
2026-03-17 10:35:56,009 - __main___file_only - INFO - 找到数据: 600963 2026-03-11 (3条)
2026-03-17 10:35:56,009 - __main__ - INFO - 处理成功: 600963-2026-03-11-岳阳林纸-岳阳林纸股份有限公司2025年年度报告.pdf
2026-03-17 10:35:56,009 - __main___file_only - INFO - 文件处理成功: 600963-2026-03-11-岳阳林纸-岳阳林纸股份有限公司2025年年度报告.pdf (耗时: 23.69秒)
2026-03-17 10:35:56,726 - httpx - INFO - HTTP Request: DELETE https://dashscope.aliyuncs.com/compatible-mode/v1/files/file-fe-5c8fc1e6b0e247e48e4f8fa0 "HTTP/1.1 200 OK"
2026-03-17 10:35:56,726 - __main__ - INFO - 开始处理文件: 605299-2026-03-11-舒华体育-舒华体育股份有限公司2025年年度报告.pdf (文件ID: file-fe-76a459e8024a4ddbbcb01ace)
2026-03-17 10:35:56,771 - httpx - INFO - HTTP Request: POST https://dashscope.aliyuncs.com/compatible-mode/v1/chat/completions "HTTP/1.1 200 OK"
2026-03-17 10:35:56,866 - __main___file_only - INFO - 找到数据: 603005 2026-02-28 (3条)
2026-03-17 10:35:56,866 - __main__ - INFO - 处理成功: 603005-2026-02-28-晶方科技-晶方科技2025年年度报告.pdf
2026-03-17 10:35:56,866 - __main___file_only - INFO - 文件处理成功: 603005-2026-02-28-晶方科技-晶方科技2025年年度报告.pdf (耗时: 21.11秒)
2026-03-17 10:35:57,482 - httpx - INFO - HTTP Request: DELETE https://dashscope.aliyuncs.com/compatible-mode/v1/files/file-fe-53013e60232b486980f8a6b0 "HTTP/1.1 200 OK"
2026-03-17 10:35:57,482 - __main__ - INFO - 开始处理文件: 688100-2026-02-28-威胜信息-威胜信息2025年年度报告.pdf (文件ID: file-fe-85f6ac2891e04f6895f1ce04)
2026-03-17 10:36:02,066 - httpx - INFO - HTTP Request: POST https://dashscope.aliyuncs.com/compatible-mode/v1/chat/completions "HTTP/1.1 200 OK"
2026-03-17 10:36:02,262 - __main___file_only - INFO - 找到数据: 601138 2026-03-11 (3条)
2026-03-17 10:36:02,263 - __main__ - INFO - 处理成功: 601138-2026-03-11-工业富联-富士康工业互联网股份有限公司2025年年度报告.pdf
2026-03-17 10:36:02,263 - __main___file_only - INFO - 文件处理成功: 601138-2026-03-11-工业富联-富士康工业互联网股份有限公司2025年年度报告.pdf (耗时: 19.95秒)
2026-03-17 10:36:02,999 - httpx - INFO - HTTP Request: DELETE https://dashscope.aliyuncs.com/compatible-mode/v1/files/file-fe-030d2509eee14b8d892834f4 "HTTP/1.1 200 OK"
2026-03-17 10:36:02,999 - __main__ - INFO - 开始处理文件: 688082-2026-02-27-盛美上海-2025年度报告全文.pdf (文件ID: file-fe-bcf1ac76d2614059ab3508aa)
2026-03-17 10:36:05,160 - httpx - INFO - HTTP Request: POST https://dashscope.aliyuncs.com/compatible-mode/v1/chat/completions "HTTP/1.1 200 OK"
2026-03-17 10:36:05,362 - __main___file_only - INFO - 找到数据: 603031 2026-03-10 (3条)
2026-03-17 10:36:05,362 - __main__ - INFO - 处理成功: 603031-2026-03-10-安孚科技-安徽安孚电池科技股份有限公司2025年年度报告.pdf
2026-03-17 10:36:05,362 - __main___file_only - INFO - 文件处理成功: 603031-2026-03-10-安孚科技-安徽安孚电池科技股份有限公司2025年年度报告.pdf (耗时: 20.36秒)
2026-03-17 10:36:05,422 - httpx - INFO - HTTP Request: POST https://dashscope.aliyuncs.com/compatible-mode/v1/chat/completions "HTTP/1.1 200 OK"
2026-03-17 10:36:05,555 - __main___file_only - INFO - 找到数据: 603007 2026-03-06 (3条)
2026-03-17 10:36:05,555 - __main__ - INFO - 处理成功: 603007-2026-03-06-ST花王-2025年年度报告.pdf
2026-03-17 10:36:05,556 - __main___file_only - INFO - 文件处理成功: 603007-2026-03-06-ST花王-2025年年度报告.pdf (耗时: 20.42秒)
2026-03-17 10:36:06,013 - httpx - INFO - HTTP Request: DELETE https://dashscope.aliyuncs.com/compatible-mode/v1/files/file-fe-e2660c30b2ca4e57b8246ace "HTTP/1.1 200 OK"
2026-03-17 10:36:06,013 - __main__ - INFO - 开始处理文件: 688256-2026-03-13-寒武纪-2025年年度报告.pdf (文件ID: file-fe-925b1bd613934fa09c37b7a9)
2026-03-17 10:36:06,159 - httpx - INFO - HTTP Request: DELETE https://dashscope.aliyuncs.com/compatible-mode/v1/files/file-fe-5d6979c966db42429a8bf856 "HTTP/1.1 200 OK"
2026-03-17 10:36:06,160 - __main__ - INFO - 开始处理文件: 688230-2026-02-03-芯导科技-2025年年度报告.pdf (文件ID: file-fe-f0a07dab5a79467d9f6fa58f)
2026-03-17 10:36:06,692 - httpx - INFO - HTTP Request: POST https://dashscope.aliyuncs.com/compatible-mode/v1/chat/completions "HTTP/1.1 200 OK"
2026-03-17 10:36:06,796 - __main___file_only - INFO - 找到数据: 603103 2026-02-28 (3条)
2026-03-17 10:36:06,797 - __main__ - INFO - 处理成功: 603103-2026-02-28-横店影视-横店影视股份有限公司2025年年度报告.pdf
2026-03-17 10:36:06,797 - __main___file_only - INFO - 文件处理成功: 603103-2026-02-28-横店影视-横店影视股份有限公司2025年年度报告.pdf (耗时: 20.05秒)
2026-03-17 10:36:06,902 - httpx - INFO - HTTP Request: POST https://dashscope.aliyuncs.com/compatible-mode/v1/chat/completions "HTTP/1.1 200 OK"
2026-03-17 10:36:06,983 - __main___file_only - INFO - 找到数据: 603061 2026-03-11 (3条)
2026-03-17 10:36:06,984 - __main__ - INFO - 处理成功: 603061-2026-03-11-金海通-2025年年度报告.pdf
2026-03-17 10:36:06,984 - __main___file_only - INFO - 文件处理成功: 603061-2026-03-11-金海通-2025年年度报告.pdf (耗时: 20.14秒)
2026-03-17 10:36:07,347 - httpx - INFO - HTTP Request: POST https://dashscope.aliyuncs.com/compatible-mode/v1/chat/completions "HTTP/1.1 200 OK"
2026-03-17 10:36:07,429 - __main___file_only - INFO - 找到数据: 603268 2026-03-10 (3条)
2026-03-17 10:36:07,429 - __main__ - INFO - 处理成功: 603268-2026-03-10-ST松发-2025年年度报告.pdf
2026-03-17 10:36:07,429 - __main___file_only - INFO - 文件处理成功: 603268-2026-03-10-ST松发-2025年年度报告.pdf (耗时: 20.08秒)
2026-03-17 10:36:07,435 - httpx - INFO - HTTP Request: DELETE https://dashscope.aliyuncs.com/compatible-mode/v1/files/file-fe-ef9fe50bc1f24b9d95132451 "HTTP/1.1 200 OK"
2026-03-17 10:36:07,435 - __main__ - INFO - 开始处理文件: 688511-2026-02-28-ST天微-2025年年度报告.pdf (文件ID: file-fe-575bfdaac5bd45e9a8d7cbbf)
2026-03-17 10:36:07,683 - httpx - INFO - HTTP Request: DELETE https://dashscope.aliyuncs.com/compatible-mode/v1/files/file-fe-60bd39a4c709447398ef8d8c "HTTP/1.1 200 OK"
2026-03-17 10:36:07,684 - __main__ - INFO - 开始处理文件: 688345-2026-03-10-博力威-广东博力威科技股份有限公司2025年年度报告.pdf (文件ID: file-fe-122835c1b6484da189373529)
2026-03-17 10:36:07,771 - httpx - INFO - HTTP Request: POST https://dashscope.aliyuncs.com/compatible-mode/v1/chat/completions "HTTP/1.1 200 OK"
2026-03-17 10:36:07,852 - __main___file_only - INFO - 找到数据: 603316 2026-03-07 (3条)
2026-03-17 10:36:07,852 - __main__ - INFO - 处理成功: 603316-2026-03-07-诚邦股份-诚邦生态环境股份有限公司2025年年度报告.pdf
2026-03-17 10:36:07,852 - __main___file_only - INFO - 文件处理成功: 603316-2026-03-07-诚邦股份-诚邦生态环境股份有限公司2025年年度报告.pdf (耗时: 20.94秒)
2026-03-17 10:36:08,052 - httpx - INFO - HTTP Request: DELETE https://dashscope.aliyuncs.com/compatible-mode/v1/files/file-fe-c655d26f0b754ba39dc6dc83 "HTTP/1.1 200 OK"
2026-03-17 10:36:08,053 - __main__ - INFO - 开始处理文件: 920060-2026-03-09-万源通-2025年年度报告.pdf (文件ID: file-fe-9a7c118cf1974139ae741983)
2026-03-17 10:36:08,526 - httpx - INFO - HTTP Request: DELETE https://dashscope.aliyuncs.com/compatible-mode/v1/files/file-fe-36d2daea795c4c26a605347b "HTTP/1.1 200 OK"
2026-03-17 10:36:08,526 - __main__ - INFO - 开始处理文件: 920735-2026-03-05-德源药业-2025年年度报告.pdf (文件ID: file-fe-23eeb8d87c0449bb853a9f60)
2026-03-17 10:36:09,835 - httpx - INFO - HTTP Request: POST https://dashscope.aliyuncs.com/compatible-mode/v1/chat/completions "HTTP/1.1 200 OK"
2026-03-17 10:36:09,864 - httpx - INFO - HTTP Request: POST https://dashscope.aliyuncs.com/compatible-mode/v1/chat/completions "HTTP/1.1 200 OK"
2026-03-17 10:36:09,944 - __main___file_only - INFO - 找到数据: 603317 2026-03-12 (3条)
2026-03-17 10:36:09,944 - __main__ - INFO - 处理成功: 603317-2026-03-12-天味食品-2025年年度报告.pdf
2026-03-17 10:36:09,944 - __main___file_only - INFO - 文件处理成功: 603317-2026-03-12-天味食品-2025年年度报告.pdf (耗时: 21.95秒)
2026-03-17 10:36:10,102 - __main___file_only - INFO - 找到数据: 603558 2026-03-13 (3条)
2026-03-17 10:36:10,102 - __main__ - INFO - 处理成功: 603558-2026-03-13-健盛集团-健盛集团2025年度报告.pdf
2026-03-17 10:36:10,102 - __main___file_only - INFO - 文件处理成功: 603558-2026-03-13-健盛集团-健盛集团2025年度报告.pdf (耗时: 21.35秒)
2026-03-17 10:36:10,715 - httpx - INFO - HTTP Request: DELETE https://dashscope.aliyuncs.com/compatible-mode/v1/files/file-fe-d86abb1ed3a24dd58e991ebd "HTTP/1.1 200 OK"
2026-03-17 10:36:10,840 - httpx - INFO - HTTP Request: DELETE https://dashscope.aliyuncs.com/compatible-mode/v1/files/file-fe-5873afbf74634b00bf116218 "HTTP/1.1 200 OK"
2026-03-17 10:36:11,240 - httpx - INFO - HTTP Request: POST https://dashscope.aliyuncs.com/compatible-mode/v1/chat/completions "HTTP/1.1 200 OK"
2026-03-17 10:36:11,323 - __main___file_only - INFO - 找到数据: 603929 2026-03-13 (3条)
2026-03-17 10:36:11,323 - __main__ - INFO - 处理成功: 603929-2026-03-13-亚翔集成-公司2025年年度报告全文.pdf
2026-03-17 10:36:11,323 - __main___file_only - INFO - 文件处理成功: 603929-2026-03-13-亚翔集成-公司2025年年度报告全文.pdf (耗时: 19.67秒)
2026-03-17 10:36:11,556 - httpx - INFO - HTTP Request: POST https://dashscope.aliyuncs.com/compatible-mode/v1/chat/completions "HTTP/1.1 200 OK"
2026-03-17 10:36:11,637 - __main___file_only - INFO - 找到数据: 603659 2026-03-06 (3条)
2026-03-17 10:36:11,638 - __main__ - INFO - 处理成功: 603659-2026-03-06-璞泰来-上海璞泰来新能源科技集团股份有限公司2025年年度报告.pdf
2026-03-17 10:36:11,638 - __main___file_only - INFO - 文件处理成功: 603659-2026-03-06-璞泰来-上海璞泰来新能源科技集团股份有限公司2025年年度报告.pdf (耗时: 20.79秒)
2026-03-17 10:36:11,892 - httpx - INFO - HTTP Request: DELETE https://dashscope.aliyuncs.com/compatible-mode/v1/files/file-fe-41bcc29fbcb3469b92914302 "HTTP/1.1 200 OK"
2026-03-17 10:36:12,318 - httpx - INFO - HTTP Request: DELETE https://dashscope.aliyuncs.com/compatible-mode/v1/files/file-fe-82ad05c7a2324b9bb214a10b "HTTP/1.1 200 OK"
2026-03-17 10:36:13,444 - httpx - INFO - HTTP Request: POST https://dashscope.aliyuncs.com/compatible-mode/v1/chat/completions "HTTP/1.1 200 OK"
2026-03-17 10:36:13,528 - __main___file_only - INFO - 找到数据: 603682 2026-02-28 (3条)
2026-03-17 10:36:13,528 - __main__ - INFO - 处理成功: 603682-2026-02-28-锦和商管-上海锦和商业经营管理（集团）股份有限公司2025年年度报告.pdf
2026-03-17 10:36:13,528 - __main___file_only - INFO - 文件处理成功: 603682-2026-02-28-锦和商管-上海锦和商业经营管理（集团）股份有限公司2025年年度报告.pdf (耗时: 19.60秒)
2026-03-17 10:36:14,187 - httpx - INFO - HTTP Request: DELETE https://dashscope.aliyuncs.com/compatible-mode/v1/files/file-fe-62ebf97feb704ecf867c7ce0 "HTTP/1.1 200 OK"
2026-03-17 10:36:15,803 - httpx - INFO - HTTP Request: POST https://dashscope.aliyuncs.com/compatible-mode/v1/chat/completions "HTTP/1.1 200 OK"
2026-03-17 10:36:15,884 - __main___file_only - INFO - 找到数据: 605339 2026-03-10 (3条)
2026-03-17 10:36:15,884 - __main__ - INFO - 处理成功: 605339-2026-03-10-南侨食品-南侨食品集团（上海）股份有限公司2025年年度报告.pdf
2026-03-17 10:36:15,884 - __main___file_only - INFO - 文件处理成功: 605339-2026-03-10-南侨食品-南侨食品集团（上海）股份有限公司2025年年度报告.pdf (耗时: 21.60秒)
2026-03-17 10:36:16,556 - httpx - INFO - HTTP Request: DELETE https://dashscope.aliyuncs.com/compatible-mode/v1/files/file-fe-cd303cd2860a432591d136d7 "HTTP/1.1 200 OK"
2026-03-17 10:36:16,624 - httpx - INFO - HTTP Request: POST https://dashscope.aliyuncs.com/compatible-mode/v1/chat/completions "HTTP/1.1 200 OK"
2026-03-17 10:36:16,749 - __main___file_only - INFO - 找到数据: 603588 2026-03-13 (3条)
2026-03-17 10:36:16,749 - __main__ - INFO - 处理成功: 603588-2026-03-13-高能环境-高能环境2025年年度报告.pdf
2026-03-17 10:36:16,749 - __main___file_only - INFO - 文件处理成功: 603588-2026-03-13-高能环境-高能环境2025年年度报告.pdf (耗时: 25.32秒)
2026-03-17 10:36:17,402 - httpx - INFO - HTTP Request: DELETE https://dashscope.aliyuncs.com/compatible-mode/v1/files/file-fe-b2a604b6ec2340f78d116d57 "HTTP/1.1 200 OK"
2026-03-17 10:36:17,540 - httpx - INFO - HTTP Request: POST https://dashscope.aliyuncs.com/compatible-mode/v1/chat/completions "HTTP/1.1 200 OK"
2026-03-17 10:36:17,620 - __main___file_only - INFO - 找到数据: 605299 2026-03-11 (3条)
2026-03-17 10:36:17,620 - __main__ - INFO - 处理成功: 605299-2026-03-11-舒华体育-舒华体育股份有限公司2025年年度报告.pdf
2026-03-17 10:36:17,620 - __main___file_only - INFO - 文件处理成功: 605299-2026-03-11-舒华体育-舒华体育股份有限公司2025年年度报告.pdf (耗时: 20.89秒)
2026-03-17 10:36:18,300 - httpx - INFO - HTTP Request: POST https://dashscope.aliyuncs.com/compatible-mode/v1/chat/completions "HTTP/1.1 200 OK"
2026-03-17 10:36:18,342 - httpx - INFO - HTTP Request: DELETE https://dashscope.aliyuncs.com/compatible-mode/v1/files/file-fe-76a459e8024a4ddbbcb01ace "HTTP/1.1 200 OK"
2026-03-17 10:36:18,384 - __main___file_only - INFO - 找到数据: 688100 2026-02-28 (3条)
2026-03-17 10:36:18,384 - __main__ - INFO - 处理成功: 688100-2026-02-28-威胜信息-威胜信息2025年年度报告.pdf
2026-03-17 10:36:18,384 - __main___file_only - INFO - 文件处理成功: 688100-2026-02-28-威胜信息-威胜信息2025年年度报告.pdf (耗时: 20.90秒)
2026-03-17 10:36:18,949 - httpx - INFO - HTTP Request: DELETE https://dashscope.aliyuncs.com/compatible-mode/v1/files/file-fe-85f6ac2891e04f6895f1ce04 "HTTP/1.1 200 OK"
2026-03-17 10:36:23,448 - httpx - INFO - HTTP Request: POST https://dashscope.aliyuncs.com/compatible-mode/v1/chat/completions "HTTP/1.1 200 OK"
2026-03-17 10:36:23,534 - __main___file_only - INFO - 找到数据: 688082 2026-02-27 (3条)
2026-03-17 10:36:23,534 - __main__ - INFO - 处理成功: 688082-2026-02-27-盛美上海-2025年度报告全文.pdf
2026-03-17 10:36:23,535 - __main___file_only - INFO - 文件处理成功: 688082-2026-02-27-盛美上海-2025年度报告全文.pdf (耗时: 20.54秒)
2026-03-17 10:36:24,174 - httpx - INFO - HTTP Request: DELETE https://dashscope.aliyuncs.com/compatible-mode/v1/files/file-fe-bcf1ac76d2614059ab3508aa "HTTP/1.1 200 OK"
2026-03-17 10:36:26,518 - httpx - INFO - HTTP Request: POST https://dashscope.aliyuncs.com/compatible-mode/v1/chat/completions "HTTP/1.1 200 OK"
2026-03-17 10:36:26,598 - __main___file_only - INFO - 找到数据: 688256 2026-03-13 (3条)
2026-03-17 10:36:26,599 - __main__ - INFO - 处理成功: 688256-2026-03-13-寒武纪-2025年年度报告.pdf
2026-03-17 10:36:26,599 - __main___file_only - INFO - 文件处理成功: 688256-2026-03-13-寒武纪-2025年年度报告.pdf (耗时: 20.59秒)
2026-03-17 10:36:27,250 - httpx - INFO - HTTP Request: DELETE https://dashscope.aliyuncs.com/compatible-mode/v1/files/file-fe-925b1bd613934fa09c37b7a9 "HTTP/1.1 200 OK"
2026-03-17 10:36:27,640 - httpx - INFO - HTTP Request: POST https://dashscope.aliyuncs.com/compatible-mode/v1/chat/completions "HTTP/1.1 200 OK"
2026-03-17 10:36:27,720 - __main___file_only - INFO - 找到数据: 688230 2026-02-03 (3条)
2026-03-17 10:36:27,720 - __main__ - INFO - 处理成功: 688230-2026-02-03-芯导科技-2025年年度报告.pdf
2026-03-17 10:36:27,720 - __main___file_only - INFO - 文件处理成功: 688230-2026-02-03-芯导科技-2025年年度报告.pdf (耗时: 21.56秒)
2026-03-17 10:36:27,756 - httpx - INFO - HTTP Request: POST https://dashscope.aliyuncs.com/compatible-mode/v1/chat/completions "HTTP/1.1 200 OK"
2026-03-17 10:36:27,837 - __main___file_only - INFO - 找到数据: 688511 2026-02-28 (3条)
2026-03-17 10:36:27,837 - __main__ - INFO - 处理成功: 688511-2026-02-28-ST天微-2025年年度报告.pdf
2026-03-17 10:36:27,837 - __main___file_only - INFO - 文件处理成功: 688511-2026-02-28-ST天微-2025年年度报告.pdf (耗时: 20.40秒)
2026-03-17 10:36:28,082 - httpx - INFO - HTTP Request: POST https://dashscope.aliyuncs.com/compatible-mode/v1/chat/completions "HTTP/1.1 200 OK"
2026-03-17 10:36:28,159 - __main___file_only - INFO - 找到数据: 688345 2026-03-10 (3条)
2026-03-17 10:36:28,159 - __main__ - INFO - 处理成功: 688345-2026-03-10-博力威-广东博力威科技股份有限公司2025年年度报告.pdf
2026-03-17 10:36:28,160 - __main___file_only - INFO - 文件处理成功: 688345-2026-03-10-博力威-广东博力威科技股份有限公司2025年年度报告.pdf (耗时: 20.48秒)
2026-03-17 10:36:28,456 - httpx - INFO - HTTP Request: DELETE https://dashscope.aliyuncs.com/compatible-mode/v1/files/file-fe-f0a07dab5a79467d9f6fa58f "HTTP/1.1 200 OK"
2026-03-17 10:36:28,462 - httpx - INFO - HTTP Request: DELETE https://dashscope.aliyuncs.com/compatible-mode/v1/files/file-fe-575bfdaac5bd45e9a8d7cbbf "HTTP/1.1 200 OK"
2026-03-17 10:36:28,879 - httpx - INFO - HTTP Request: DELETE https://dashscope.aliyuncs.com/compatible-mode/v1/files/file-fe-122835c1b6484da189373529 "HTTP/1.1 200 OK"
2026-03-17 10:36:29,097 - httpx - INFO - HTTP Request: POST https://dashscope.aliyuncs.com/compatible-mode/v1/chat/completions "HTTP/1.1 200 OK"
2026-03-17 10:36:29,173 - __main___file_only - INFO - 找到数据: 920060 2026-03-09 (3条)
2026-03-17 10:36:29,174 - __main__ - INFO - 处理成功: 920060-2026-03-09-万源通-2025年年度报告.pdf
2026-03-17 10:36:29,174 - __main___file_only - INFO - 文件处理成功: 920060-2026-03-09-万源通-2025年年度报告.pdf (耗时: 21.12秒)
2026-03-17 10:36:29,983 - httpx - INFO - HTTP Request: DELETE https://dashscope.aliyuncs.com/compatible-mode/v1/files/file-fe-9a7c118cf1974139ae741983 "HTTP/1.1 200 OK"
2026-03-17 10:36:30,601 - httpx - INFO - HTTP Request: POST https://dashscope.aliyuncs.com/compatible-mode/v1/chat/completions "HTTP/1.1 200 OK"
2026-03-17 10:36:30,681 - __main___file_only - INFO - 找到数据: 920735 2026-03-05 (3条)
2026-03-17 10:36:30,681 - __main__ - INFO - 处理成功: 920735-2026-03-05-德源药业-2025年年度报告.pdf
2026-03-17 10:36:30,681 - __main___file_only - INFO - 文件处理成功: 920735-2026-03-05-德源药业-2025年年度报告.pdf (耗时: 22.16秒)
2026-03-17 10:36:31,463 - httpx - INFO - HTTP Request: DELETE https://dashscope.aliyuncs.com/compatible-mode/v1/files/file-fe-23eeb8d87c0449bb853a9f60 "HTTP/1.1 200 OK"
2026-03-17 10:36:31,530 - __main__ - INFO - 开始关闭线程池...
2026-03-17 10:36:31,530 - __main__ - INFO - 等待 0 个上传任务完成...
2026-03-17 10:36:31,530 - __main__ - INFO - 等待 0 个处理任务完成...
2026-03-17 10:36:31,553 - __main__ - INFO - 所有线程池已关闭
2026-03-17 10:36:31,715 - __main__ - INFO - 程序执行完成 - 总耗时: 0:01:57.451362
