2026-03-17 11:35:43,859 - __main__ - INFO - 程序开始执行 - 目录: E:\Project\年报公告自动切片\年报自动处理系统\年度报告\主要指标, 文件数量: 71
2026-03-17 11:35:45,282 - httpx - INFO - HTTP Request: POST https://dashscope.aliyuncs.com/compatible-mode/v1/files "HTTP/1.1 200 OK"
2026-03-17 11:35:45,283 - ai_service_enhanced - INFO - 文件上传成功: E:\Project\年报公告自动切片\年报自动处理系统\年度报告\主要指标\000063-2026-03-07-中兴通讯-2025年年度报告.pdf (文件ID: file-fe-901b494a6f9e4e66a660cfc9)
2026-03-17 11:35:45,283 - __main___file_only - INFO - 上传文件: 000063-2026-03-07-中兴通讯-2025年年度报告.pdf (大小: 1.00 MB, ID: file-fe-901b494a6f9e4e66a660cfc9)
2026-03-17 11:35:45,304 - httpx - INFO - HTTP Request: POST https://dashscope.aliyuncs.com/compatible-mode/v1/files "HTTP/1.1 200 OK"
2026-03-17 11:35:45,304 - ai_service_enhanced - INFO - 文件上传成功: E:\Project\年报公告自动切片\年报自动处理系统\年度报告\主要指标\000563-2026-02-10-陕国投A-2025年年度报告.pdf (文件ID: file-fe-8ed1fb0c2913443882223042)
2026-03-17 11:35:45,304 - __main___file_only - INFO - 上传文件: 000563-2026-02-10-陕国投A-2025年年度报告.pdf (大小: 0.72 MB, ID: file-fe-8ed1fb0c2913443882223042)
2026-03-17 11:35:45,305 - __main__ - INFO - 开始处理文件: 000063-2026-03-07-中兴通讯-2025年年度报告.pdf (文件ID: file-fe-901b494a6f9e4e66a660cfc9)
2026-03-17 11:35:45,305 - __main__ - INFO - 开始处理文件: 000563-2026-02-10-陕国投A-2025年年度报告.pdf (文件ID: file-fe-8ed1fb0c2913443882223042)
2026-03-17 11:35:46,314 - httpx - INFO - HTTP Request: POST https://dashscope.aliyuncs.com/compatible-mode/v1/files "HTTP/1.1 200 OK"
2026-03-17 11:35:46,314 - ai_service_enhanced - INFO - 文件上传成功: E:\Project\年报公告自动切片\年报自动处理系统\年度报告\主要指标\000608-2026-02-12-ST阳光-2025年年度报告.pdf (文件ID: file-fe-55f29f73c851405e9793d94a)
2026-03-17 11:35:46,315 - __main___file_only - INFO - 上传文件: 000608-2026-02-12-ST阳光-2025年年度报告.pdf (大小: 0.64 MB, ID: file-fe-55f29f73c851405e9793d94a)
2026-03-17 11:35:46,369 - __main__ - INFO - 开始处理文件: 000608-2026-02-12-ST阳光-2025年年度报告.pdf (文件ID: file-fe-55f29f73c851405e9793d94a)
2026-03-17 11:35:46,726 - httpx - INFO - HTTP Request: POST https://dashscope.aliyuncs.com/compatible-mode/v1/files "HTTP/1.1 200 OK"
2026-03-17 11:35:46,727 - ai_service_enhanced - INFO - 文件上传成功: E:\Project\年报公告自动切片\年报自动处理系统\年度报告\主要指标\000975-2026-03-06-山金国际-2025年年度报告.pdf (文件ID: file-fe-16ab3ca0edb14765ba7f1ead)
2026-03-17 11:35:46,727 - __main___file_only - INFO - 上传文件: 000975-2026-03-06-山金国际-2025年年度报告.pdf (大小: 0.98 MB, ID: file-fe-16ab3ca0edb14765ba7f1ead)
2026-03-17 11:35:46,899 - __main__ - INFO - 开始处理文件: 000975-2026-03-06-山金国际-2025年年度报告.pdf (文件ID: file-fe-16ab3ca0edb14765ba7f1ead)
2026-03-17 11:35:47,150 - httpx - INFO - HTTP Request: POST https://dashscope.aliyuncs.com/compatible-mode/v1/files "HTTP/1.1 200 OK"
2026-03-17 11:35:47,151 - ai_service_enhanced - INFO - 文件上传成功: E:\Project\年报公告自动切片\年报自动处理系统\年度报告\主要指标\001207-2026-03-07-联科科技-2025年年度报告.pdf (文件ID: file-fe-287985bc6152423d963e8191)
2026-03-17 11:35:47,151 - __main___file_only - INFO - 上传文件: 001207-2026-03-07-联科科技-2025年年度报告.pdf (大小: 0.58 MB, ID: file-fe-287985bc6152423d963e8191)
2026-03-17 11:35:47,165 - __main__ - INFO - 开始处理文件: 001207-2026-03-07-联科科技-2025年年度报告.pdf (文件ID: file-fe-287985bc6152423d963e8191)
2026-03-17 11:35:47,883 - httpx - INFO - HTTP Request: POST https://dashscope.aliyuncs.com/compatible-mode/v1/files "HTTP/1.1 200 OK"
2026-03-17 11:35:47,884 - ai_service_enhanced - INFO - 文件上传成功: E:\Project\年报公告自动切片\年报自动处理系统\年度报告\主要指标\001298-2026-03-13-好上好-2025年年度报告.pdf (文件ID: file-fe-bb19c3518196458e95fa5b71)
2026-03-17 11:35:47,885 - __main___file_only - INFO - 上传文件: 001298-2026-03-13-好上好-2025年年度报告.pdf (大小: 0.59 MB, ID: file-fe-bb19c3518196458e95fa5b71)
2026-03-17 11:35:47,962 - __main__ - INFO - 开始处理文件: 001298-2026-03-13-好上好-2025年年度报告.pdf (文件ID: file-fe-bb19c3518196458e95fa5b71)
2026-03-17 11:35:48,513 - httpx - INFO - HTTP Request: POST https://dashscope.aliyuncs.com/compatible-mode/v1/files "HTTP/1.1 200 OK"
2026-03-17 11:35:48,513 - ai_service_enhanced - INFO - 文件上传成功: E:\Project\年报公告自动切片\年报自动处理系统\年度报告\主要指标\001309-2026-02-28-德明利-2025年年度报告.pdf (文件ID: file-fe-9bc3850000d4458499988996)
2026-03-17 11:35:48,514 - __main___file_only - INFO - 上传文件: 001309-2026-02-28-德明利-2025年年度报告.pdf (大小: 0.68 MB, ID: file-fe-9bc3850000d4458499988996)
2026-03-17 11:35:48,754 - __main__ - INFO - 开始处理文件: 001309-2026-02-28-德明利-2025年年度报告.pdf (文件ID: file-fe-9bc3850000d4458499988996)
2026-03-17 11:35:49,199 - httpx - INFO - HTTP Request: POST https://dashscope.aliyuncs.com/compatible-mode/v1/files "HTTP/1.1 200 OK"
2026-03-17 11:35:49,199 - ai_service_enhanced - INFO - 文件上传成功: E:\Project\年报公告自动切片\年报自动处理系统\年度报告\主要指标\002072-2026-02-11-凯瑞德-2025年年度报告.pdf (文件ID: file-fe-5004414839754bad9600f382)
2026-03-17 11:35:49,199 - __main___file_only - INFO - 上传文件: 002072-2026-02-11-凯瑞德-2025年年度报告.pdf (大小: 0.59 MB, ID: file-fe-5004414839754bad9600f382)
2026-03-17 11:35:49,286 - __main__ - INFO - 开始处理文件: 002072-2026-02-11-凯瑞德-2025年年度报告.pdf (文件ID: file-fe-5004414839754bad9600f382)
2026-03-17 11:35:50,922 - httpx - INFO - HTTP Request: POST https://dashscope.aliyuncs.com/compatible-mode/v1/files "HTTP/1.1 200 OK"
2026-03-17 11:35:50,923 - ai_service_enhanced - INFO - 文件上传成功: E:\Project\年报公告自动切片\年报自动处理系统\年度报告\主要指标\002107-2026-01-20-沃华医药-2025年年度报告.pdf (文件ID: file-fe-38d619ea8ffd4ed4a4ffff70)
2026-03-17 11:35:50,923 - __main___file_only - INFO - 上传文件: 002107-2026-01-20-沃华医药-2025年年度报告.pdf (大小: 0.73 MB, ID: file-fe-38d619ea8ffd4ed4a4ffff70)
2026-03-17 11:35:51,143 - __main__ - INFO - 开始处理文件: 002107-2026-01-20-沃华医药-2025年年度报告.pdf (文件ID: file-fe-38d619ea8ffd4ed4a4ffff70)
2026-03-17 11:35:51,303 - httpx - INFO - HTTP Request: POST https://dashscope.aliyuncs.com/compatible-mode/v1/files "HTTP/1.1 200 OK"
2026-03-17 11:35:51,304 - ai_service_enhanced - INFO - 文件上传成功: E:\Project\年报公告自动切片\年报自动处理系统\年度报告\主要指标\002138-2026-02-28-顺络电子-2025年年度报告.pdf (文件ID: file-fe-10345267a1bb4c0f858301ae)
2026-03-17 11:35:51,304 - __main___file_only - INFO - 上传文件: 002138-2026-02-28-顺络电子-2025年年度报告.pdf (大小: 1.21 MB, ID: file-fe-10345267a1bb4c0f858301ae)
2026-03-17 11:35:51,408 - __main__ - INFO - 开始处理文件: 002138-2026-02-28-顺络电子-2025年年度报告.pdf (文件ID: file-fe-10345267a1bb4c0f858301ae)
2026-03-17 11:35:52,916 - httpx - INFO - HTTP Request: POST https://dashscope.aliyuncs.com/compatible-mode/v1/files "HTTP/1.1 200 OK"
2026-03-17 11:35:52,917 - ai_service_enhanced - INFO - 文件上传成功: E:\Project\年报公告自动切片\年报自动处理系统\年度报告\主要指标\002213-2026-03-06-大为股份-2025年年度报告.pdf (文件ID: file-fe-e05602315a844f75b26c6dd6)
2026-03-17 11:35:52,917 - __main___file_only - INFO - 上传文件: 002213-2026-03-06-大为股份-2025年年度报告.pdf (大小: 0.68 MB, ID: file-fe-e05602315a844f75b26c6dd6)
2026-03-17 11:35:52,998 - __main__ - INFO - 开始处理文件: 002213-2026-03-06-大为股份-2025年年度报告.pdf (文件ID: file-fe-e05602315a844f75b26c6dd6)
2026-03-17 11:35:53,251 - httpx - INFO - HTTP Request: POST https://dashscope.aliyuncs.com/compatible-mode/v1/files "HTTP/1.1 200 OK"
2026-03-17 11:35:53,251 - ai_service_enhanced - INFO - 文件上传成功: E:\Project\年报公告自动切片\年报自动处理系统\年度报告\主要指标\002270-2026-02-27-华明装备-2025年年度报告.pdf (文件ID: file-fe-84d176220f684721b8ede52f)
2026-03-17 11:35:53,252 - __main___file_only - INFO - 上传文件: 002270-2026-02-27-华明装备-2025年年度报告.pdf (大小: 1.07 MB, ID: file-fe-84d176220f684721b8ede52f)
2026-03-17 11:35:53,265 - __main__ - INFO - 开始处理文件: 002270-2026-02-27-华明装备-2025年年度报告.pdf (文件ID: file-fe-84d176220f684721b8ede52f)
2026-03-17 11:35:55,105 - httpx - INFO - HTTP Request: POST https://dashscope.aliyuncs.com/compatible-mode/v1/files "HTTP/1.1 200 OK"
2026-03-17 11:35:55,106 - ai_service_enhanced - INFO - 文件上传成功: E:\Project\年报公告自动切片\年报自动处理系统\年度报告\主要指标\002419-2026-03-13-天虹股份-2025年年度报告.pdf (文件ID: file-fe-5a181c7797774540b5751d63)
2026-03-17 11:35:55,106 - __main___file_only - INFO - 上传文件: 002419-2026-03-13-天虹股份-2025年年度报告.pdf (大小: 0.64 MB, ID: file-fe-5a181c7797774540b5751d63)
2026-03-17 11:35:55,117 - __main__ - INFO - 开始处理文件: 002419-2026-03-13-天虹股份-2025年年度报告.pdf (文件ID: file-fe-5a181c7797774540b5751d63)
2026-03-17 11:35:55,566 - httpx - INFO - HTTP Request: POST https://dashscope.aliyuncs.com/compatible-mode/v1/files "HTTP/1.1 200 OK"
2026-03-17 11:35:55,566 - ai_service_enhanced - INFO - 文件上传成功: E:\Project\年报公告自动切片\年报自动处理系统\年度报告\主要指标\002316-2026-03-11-亚联发展-2025年年度报告.pdf (文件ID: file-fe-1936acc3b5034142bbd54c5c)
2026-03-17 11:35:55,566 - __main___file_only - INFO - 上传文件: 002316-2026-03-11-亚联发展-2025年年度报告.pdf (大小: 0.48 MB, ID: file-fe-1936acc3b5034142bbd54c5c)
2026-03-17 11:35:55,649 - __main__ - INFO - 开始处理文件: 002316-2026-03-11-亚联发展-2025年年度报告.pdf (文件ID: file-fe-1936acc3b5034142bbd54c5c)
2026-03-17 11:35:57,358 - httpx - INFO - HTTP Request: POST https://dashscope.aliyuncs.com/compatible-mode/v1/files "HTTP/1.1 200 OK"
2026-03-17 11:35:57,359 - ai_service_enhanced - INFO - 文件上传成功: E:\Project\年报公告自动切片\年报自动处理系统\年度报告\主要指标\002647-2026-02-28-ST仁东-2025年年度报告.pdf (文件ID: file-fe-7c6762fd651d4f9ba07b3067)
2026-03-17 11:35:57,359 - __main___file_only - INFO - 上传文件: 002647-2026-02-28-ST仁东-2025年年度报告.pdf (大小: 0.61 MB, ID: file-fe-7c6762fd651d4f9ba07b3067)
2026-03-17 11:35:57,504 - __main__ - INFO - 开始处理文件: 002647-2026-02-28-ST仁东-2025年年度报告.pdf (文件ID: file-fe-7c6762fd651d4f9ba07b3067)
2026-03-17 11:35:57,712 - httpx - INFO - HTTP Request: POST https://dashscope.aliyuncs.com/compatible-mode/v1/files "HTTP/1.1 200 OK"
2026-03-17 11:35:57,713 - ai_service_enhanced - INFO - 文件上传成功: E:\Project\年报公告自动切片\年报自动处理系统\年度报告\主要指标\002487-2026-03-06-大金重工-2025年年度报告.pdf (文件ID: file-fe-8788307dfc174f239174bf56)
2026-03-17 11:35:57,713 - __main___file_only - INFO - 上传文件: 002487-2026-03-06-大金重工-2025年年度报告.pdf (大小: 1.04 MB, ID: file-fe-8788307dfc174f239174bf56)
2026-03-17 11:35:57,771 - __main__ - INFO - 开始处理文件: 002487-2026-03-06-大金重工-2025年年度报告.pdf (文件ID: file-fe-8788307dfc174f239174bf56)
2026-03-17 11:35:59,804 - httpx - INFO - HTTP Request: POST https://dashscope.aliyuncs.com/compatible-mode/v1/files "HTTP/1.1 200 OK"
2026-03-17 11:35:59,805 - ai_service_enhanced - INFO - 文件上传成功: E:\Project\年报公告自动切片\年报自动处理系统\年度报告\主要指标\002709-2026-03-10-天赐材料-2025年年度报告.pdf (文件ID: file-fe-9afa3eca3e064377a2dabcda)
2026-03-17 11:35:59,805 - __main___file_only - INFO - 上传文件: 002709-2026-03-10-天赐材料-2025年年度报告.pdf (大小: 1.34 MB, ID: file-fe-9afa3eca3e064377a2dabcda)
2026-03-17 11:35:59,933 - httpx - INFO - HTTP Request: POST https://dashscope.aliyuncs.com/compatible-mode/v1/files "HTTP/1.1 200 OK"
2026-03-17 11:35:59,934 - ai_service_enhanced - INFO - 文件上传成功: E:\Project\年报公告自动切片\年报自动处理系统\年度报告\主要指标\002668-2026-03-11-TCL智家-2025年年度报告.pdf (文件ID: file-fe-e63772ab35cc4898b6aa6b0a)
2026-03-17 11:35:59,934 - __main___file_only - INFO - 上传文件: 002668-2026-03-11-TCL智家-2025年年度报告.pdf (大小: 0.82 MB, ID: file-fe-e63772ab35cc4898b6aa6b0a)
2026-03-17 11:36:01,460 - httpx - INFO - HTTP Request: POST https://dashscope.aliyuncs.com/compatible-mode/v1/files "HTTP/1.1 200 OK"
2026-03-17 11:36:01,460 - ai_service_enhanced - INFO - 文件上传成功: E:\Project\年报公告自动切片\年报自动处理系统\年度报告\主要指标\002800-2026-02-28-天顺股份-2025年年度报告.pdf (文件ID: file-fe-41eea7a4528641efa4e211d5)
2026-03-17 11:36:01,461 - __main___file_only - INFO - 上传文件: 002800-2026-02-28-天顺股份-2025年年度报告.pdf (大小: 0.54 MB, ID: file-fe-41eea7a4528641efa4e211d5)
2026-03-17 11:36:01,587 - httpx - INFO - HTTP Request: POST https://dashscope.aliyuncs.com/compatible-mode/v1/files "HTTP/1.1 200 OK"
2026-03-17 11:36:01,588 - ai_service_enhanced - INFO - 文件上传成功: E:\Project\年报公告自动切片\年报自动处理系统\年度报告\主要指标\002868-2026-03-10-ST绿康-2025年年度报告.pdf (文件ID: file-fe-5d0031f9bfcf4ef9b22c955f)
2026-03-17 11:36:01,588 - __main___file_only - INFO - 上传文件: 002868-2026-03-10-ST绿康-2025年年度报告.pdf (大小: 0.56 MB, ID: file-fe-5d0031f9bfcf4ef9b22c955f)
2026-03-17 11:36:03,640 - httpx - INFO - HTTP Request: POST https://dashscope.aliyuncs.com/compatible-mode/v1/files "HTTP/1.1 200 OK"
2026-03-17 11:36:03,641 - ai_service_enhanced - INFO - 文件上传成功: E:\Project\年报公告自动切片\年报自动处理系统\年度报告\主要指标\002916-2026-03-13-深南电路-2025年年度报告.pdf (文件ID: file-fe-6104fbf3435a404bbb2c1b28)
2026-03-17 11:36:03,641 - __main___file_only - INFO - 上传文件: 002916-2026-03-13-深南电路-2025年年度报告.pdf (大小: 0.96 MB, ID: file-fe-6104fbf3435a404bbb2c1b28)
2026-03-17 11:36:03,720 - httpx - INFO - HTTP Request: POST https://dashscope.aliyuncs.com/compatible-mode/v1/files "HTTP/1.1 200 OK"
2026-03-17 11:36:03,721 - ai_service_enhanced - INFO - 文件上传成功: E:\Project\年报公告自动切片\年报自动处理系统\年度报告\主要指标\002920-2026-03-06-德赛西威-2025年年度报告.pdf (文件ID: file-fe-83bcbf408e8e474c9124777a)
2026-03-17 11:36:03,721 - __main___file_only - INFO - 上传文件: 002920-2026-03-06-德赛西威-2025年年度报告.pdf (大小: 1.11 MB, ID: file-fe-83bcbf408e8e474c9124777a)
2026-03-17 11:36:05,707 - httpx - INFO - HTTP Request: POST https://dashscope.aliyuncs.com/compatible-mode/v1/files "HTTP/1.1 200 OK"
2026-03-17 11:36:05,707 - ai_service_enhanced - INFO - 文件上传成功: E:\Project\年报公告自动切片\年报自动处理系统\年度报告\主要指标\003033-2026-03-10-征和工业-2025年年度报告.pdf (文件ID: file-fe-d6ad0617f275407c8fc8edb5)
2026-03-17 11:36:05,708 - __main___file_only - INFO - 上传文件: 003033-2026-03-10-征和工业-2025年年度报告.pdf (大小: 0.57 MB, ID: file-fe-d6ad0617f275407c8fc8edb5)
2026-03-17 11:36:05,814 - httpx - INFO - HTTP Request: POST https://dashscope.aliyuncs.com/compatible-mode/v1/files "HTTP/1.1 200 OK"
2026-03-17 11:36:05,814 - ai_service_enhanced - INFO - 文件上传成功: E:\Project\年报公告自动切片\年报自动处理系统\年度报告\主要指标\002981-2026-03-10-朝阳科技-2025年年度报告.pdf (文件ID: file-fe-d7fd929df55b4af7b64be2d2)
2026-03-17 11:36:05,814 - __main___file_only - INFO - 上传文件: 002981-2026-03-10-朝阳科技-2025年年度报告.pdf (大小: 0.62 MB, ID: file-fe-d7fd929df55b4af7b64be2d2)
2026-03-17 11:36:07,269 - httpx - INFO - HTTP Request: POST https://dashscope.aliyuncs.com/compatible-mode/v1/chat/completions "HTTP/1.1 200 OK"
2026-03-17 11:36:07,597 - __main___file_only - INFO - 找到数据: 001207 2026-03-07 (3条)
2026-03-17 11:36:07,597 - __main__ - INFO - 处理成功: 001207-2026-03-07-联科科技-2025年年度报告.pdf
2026-03-17 11:36:07,597 - __main___file_only - INFO - 文件处理成功: 001207-2026-03-07-联科科技-2025年年度报告.pdf (耗时: 20.43秒)
2026-03-17 11:36:07,881 - httpx - INFO - HTTP Request: POST https://dashscope.aliyuncs.com/compatible-mode/v1/files "HTTP/1.1 200 OK"
2026-03-17 11:36:07,881 - ai_service_enhanced - INFO - 文件上传成功: E:\Project\年报公告自动切片\年报自动处理系统\年度报告\主要指标\300033-2026-03-10-同花顺-2025年年度报告.pdf (文件ID: file-fe-e794dc91799442eaab56b680)
2026-03-17 11:36:07,882 - __main___file_only - INFO - 上传文件: 300033-2026-03-10-同花顺-2025年年度报告.pdf (大小: 0.58 MB, ID: file-fe-e794dc91799442eaab56b680)
2026-03-17 11:36:08,007 - httpx - INFO - HTTP Request: POST https://dashscope.aliyuncs.com/compatible-mode/v1/files "HTTP/1.1 200 OK"
2026-03-17 11:36:08,008 - ai_service_enhanced - INFO - 文件上传成功: E:\Project\年报公告自动切片\年报自动处理系统\年度报告\主要指标\200512-2026-03-10-闽灿坤B-2025年年度报告.pdf (文件ID: file-fe-88e600477eae45d78fbb3cba)
2026-03-17 11:36:08,008 - __main___file_only - INFO - 上传文件: 200512-2026-03-10-闽灿坤B-2025年年度报告.pdf (大小: 0.61 MB, ID: file-fe-88e600477eae45d78fbb3cba)
2026-03-17 11:36:08,322 - httpx - INFO - HTTP Request: DELETE https://dashscope.aliyuncs.com/compatible-mode/v1/files/file-fe-287985bc6152423d963e8191 "HTTP/1.1 200 OK"
2026-03-17 11:36:08,323 - __main__ - INFO - 开始处理文件: 002709-2026-03-10-天赐材料-2025年年度报告.pdf (文件ID: file-fe-9afa3eca3e064377a2dabcda)
2026-03-17 11:36:08,882 - httpx - INFO - HTTP Request: POST https://dashscope.aliyuncs.com/compatible-mode/v1/chat/completions "HTTP/1.1 200 OK"
2026-03-17 11:36:08,975 - __main___file_only - INFO - 找到数据: 000063 2026-03-07 (3条)
2026-03-17 11:36:08,975 - __main__ - INFO - 处理成功: 000063-2026-03-07-中兴通讯-2025年年度报告.pdf
2026-03-17 11:36:08,975 - __main___file_only - INFO - 文件处理成功: 000063-2026-03-07-中兴通讯-2025年年度报告.pdf (耗时: 23.67秒)
2026-03-17 11:36:09,495 - httpx - INFO - HTTP Request: POST https://dashscope.aliyuncs.com/compatible-mode/v1/chat/completions "HTTP/1.1 200 OK"
2026-03-17 11:36:09,611 - httpx - INFO - HTTP Request: DELETE https://dashscope.aliyuncs.com/compatible-mode/v1/files/file-fe-901b494a6f9e4e66a660cfc9 "HTTP/1.1 200 OK"
2026-03-17 11:36:09,611 - __main__ - INFO - 开始处理文件: 002668-2026-03-11-TCL智家-2025年年度报告.pdf (文件ID: file-fe-e63772ab35cc4898b6aa6b0a)
2026-03-17 11:36:09,624 - __main___file_only - INFO - 找到数据: 000563 2026-02-10 (3条)
2026-03-17 11:36:09,624 - __main__ - INFO - 处理成功: 000563-2026-02-10-陕国投A-2025年年度报告.pdf
2026-03-17 11:36:09,624 - __main___file_only - INFO - 文件处理成功: 000563-2026-02-10-陕国投A-2025年年度报告.pdf (耗时: 24.32秒)
2026-03-17 11:36:09,982 - httpx - INFO - HTTP Request: POST https://dashscope.aliyuncs.com/compatible-mode/v1/files "HTTP/1.1 200 OK"
2026-03-17 11:36:09,982 - ai_service_enhanced - INFO - 文件上传成功: E:\Project\年报公告自动切片\年报自动处理系统\年度报告\主要指标\300236-2026-03-13-上海新阳-2025年年度报告.pdf (文件ID: file-fe-f4f4c91ab96b429fa769dd50)
2026-03-17 11:36:09,982 - __main___file_only - INFO - 上传文件: 300236-2026-03-13-上海新阳-2025年年度报告.pdf (大小: 1.06 MB, ID: file-fe-f4f4c91ab96b429fa769dd50)
2026-03-17 11:36:10,062 - httpx - INFO - HTTP Request: POST https://dashscope.aliyuncs.com/compatible-mode/v1/files "HTTP/1.1 200 OK"
2026-03-17 11:36:10,062 - ai_service_enhanced - INFO - 文件上传成功: E:\Project\年报公告自动切片\年报自动处理系统\年度报告\主要指标\300476-2026-03-13-胜宏科技-2025年年度报告.pdf (文件ID: file-fe-d92ba0ce6af447b6b67ffe43)
2026-03-17 11:36:10,062 - __main___file_only - INFO - 上传文件: 300476-2026-03-13-胜宏科技-2025年年度报告.pdf (大小: 0.71 MB, ID: file-fe-d92ba0ce6af447b6b67ffe43)
2026-03-17 11:36:10,218 - httpx - INFO - HTTP Request: DELETE https://dashscope.aliyuncs.com/compatible-mode/v1/files/file-fe-8ed1fb0c2913443882223042 "HTTP/1.1 200 OK"
2026-03-17 11:36:10,219 - __main__ - INFO - 开始处理文件: 002800-2026-02-28-天顺股份-2025年年度报告.pdf (文件ID: file-fe-41eea7a4528641efa4e211d5)
2026-03-17 11:36:10,714 - httpx - INFO - HTTP Request: POST https://dashscope.aliyuncs.com/compatible-mode/v1/chat/completions "HTTP/1.1 200 OK"
2026-03-17 11:36:10,799 - __main___file_only - INFO - 找到数据: 000608 2026-02-12 (3条)
2026-03-17 11:36:10,800 - __main__ - INFO - 处理成功: 000608-2026-02-12-ST阳光-2025年年度报告.pdf
2026-03-17 11:36:10,800 - __main___file_only - INFO - 文件处理成功: 000608-2026-02-12-ST阳光-2025年年度报告.pdf (耗时: 24.43秒)
2026-03-17 11:36:10,837 - httpx - INFO - HTTP Request: POST https://dashscope.aliyuncs.com/compatible-mode/v1/chat/completions "HTTP/1.1 200 OK"
2026-03-17 11:36:10,918 - __main___file_only - INFO - 找到数据: 001298 2026-03-13 (3条)
2026-03-17 11:36:10,919 - __main__ - INFO - 处理成功: 001298-2026-03-13-好上好-2025年年度报告.pdf
2026-03-17 11:36:10,919 - __main___file_only - INFO - 文件处理成功: 001298-2026-03-13-好上好-2025年年度报告.pdf (耗时: 22.96秒)
2026-03-17 11:36:11,552 - httpx - INFO - HTTP Request: DELETE https://dashscope.aliyuncs.com/compatible-mode/v1/files/file-fe-bb19c3518196458e95fa5b71 "HTTP/1.1 200 OK"
2026-03-17 11:36:11,552 - __main__ - INFO - 开始处理文件: 002868-2026-03-10-ST绿康-2025年年度报告.pdf (文件ID: file-fe-5d0031f9bfcf4ef9b22c955f)
2026-03-17 11:36:11,576 - httpx - INFO - HTTP Request: DELETE https://dashscope.aliyuncs.com/compatible-mode/v1/files/file-fe-55f29f73c851405e9793d94a "HTTP/1.1 200 OK"
2026-03-17 11:36:11,576 - __main__ - INFO - 开始处理文件: 002920-2026-03-06-德赛西威-2025年年度报告.pdf (文件ID: file-fe-83bcbf408e8e474c9124777a)
2026-03-17 11:36:11,949 - httpx - INFO - HTTP Request: POST https://dashscope.aliyuncs.com/compatible-mode/v1/chat/completions "HTTP/1.1 200 OK"
2026-03-17 11:36:12,038 - __main___file_only - INFO - 找到数据: 000975 2026-03-06 (3条)
2026-03-17 11:36:12,038 - __main__ - INFO - 处理成功: 000975-2026-03-06-山金国际-2025年年度报告.pdf
2026-03-17 11:36:12,038 - __main___file_only - INFO - 文件处理成功: 000975-2026-03-06-山金国际-2025年年度报告.pdf (耗时: 25.14秒)
2026-03-17 11:36:12,314 - httpx - INFO - HTTP Request: POST https://dashscope.aliyuncs.com/compatible-mode/v1/files "HTTP/1.1 200 OK"
2026-03-17 11:36:12,314 - ai_service_enhanced - INFO - 文件上传成功: E:\Project\年报公告自动切片\年报自动处理系统\年度报告\主要指标\300803-2026-01-31-指南针-2025年年度报告.pdf (文件ID: file-fe-120cc0d3782f4f0cb77532fe)
2026-03-17 11:36:12,314 - __main___file_only - INFO - 上传文件: 300803-2026-01-31-指南针-2025年年度报告.pdf (大小: 0.66 MB, ID: file-fe-120cc0d3782f4f0cb77532fe)
2026-03-17 11:36:12,316 - httpx - INFO - HTTP Request: POST https://dashscope.aliyuncs.com/compatible-mode/v1/files "HTTP/1.1 200 OK"
2026-03-17 11:36:12,317 - ai_service_enhanced - INFO - 文件上传成功: E:\Project\年报公告自动切片\年报自动处理系统\年度报告\主要指标\300750-2026-03-10-宁德时代-2025年年度报告.pdf (文件ID: file-fe-e198700259274ca1b2450fed)
2026-03-17 11:36:12,317 - __main___file_only - INFO - 上传文件: 300750-2026-03-10-宁德时代-2025年年度报告.pdf (大小: 1.15 MB, ID: file-fe-e198700259274ca1b2450fed)
2026-03-17 11:36:12,638 - httpx - INFO - HTTP Request: DELETE https://dashscope.aliyuncs.com/compatible-mode/v1/files/file-fe-16ab3ca0edb14765ba7f1ead "HTTP/1.1 200 OK"
2026-03-17 11:36:12,638 - __main__ - INFO - 开始处理文件: 002916-2026-03-13-深南电路-2025年年度报告.pdf (文件ID: file-fe-6104fbf3435a404bbb2c1b28)
2026-03-17 11:36:12,827 - httpx - INFO - HTTP Request: POST https://dashscope.aliyuncs.com/compatible-mode/v1/chat/completions "HTTP/1.1 200 OK"
2026-03-17 11:36:12,913 - __main___file_only - INFO - 找到数据: 002072 2026-02-11 (3条)
2026-03-17 11:36:12,913 - __main__ - INFO - 处理成功: 002072-2026-02-11-凯瑞德-2025年年度报告.pdf
2026-03-17 11:36:12,913 - __main___file_only - INFO - 文件处理成功: 002072-2026-02-11-凯瑞德-2025年年度报告.pdf (耗时: 23.63秒)
2026-03-17 11:36:13,516 - httpx - INFO - HTTP Request: DELETE https://dashscope.aliyuncs.com/compatible-mode/v1/files/file-fe-5004414839754bad9600f382 "HTTP/1.1 200 OK"
2026-03-17 11:36:13,516 - __main__ - INFO - 开始处理文件: 003033-2026-03-10-征和工业-2025年年度报告.pdf (文件ID: file-fe-d6ad0617f275407c8fc8edb5)
2026-03-17 11:36:14,213 - httpx - INFO - HTTP Request: POST https://dashscope.aliyuncs.com/compatible-mode/v1/files "HTTP/1.1 200 OK"
2026-03-17 11:36:14,214 - ai_service_enhanced - INFO - 文件上传成功: E:\Project\年报公告自动切片\年报自动处理系统\年度报告\主要指标\300956-2026-03-05-英力股份-2025年年度报告.pdf (文件ID: file-fe-b091e0713f5f4361bbfb4e95)
2026-03-17 11:36:14,214 - __main___file_only - INFO - 上传文件: 300956-2026-03-05-英力股份-2025年年度报告.pdf (大小: 0.72 MB, ID: file-fe-b091e0713f5f4361bbfb4e95)
2026-03-17 11:36:14,393 - httpx - INFO - HTTP Request: POST https://dashscope.aliyuncs.com/compatible-mode/v1/chat/completions "HTTP/1.1 200 OK"
2026-03-17 11:36:14,411 - httpx - INFO - HTTP Request: POST https://dashscope.aliyuncs.com/compatible-mode/v1/chat/completions "HTTP/1.1 200 OK"
2026-03-17 11:36:14,417 - httpx - INFO - HTTP Request: POST https://dashscope.aliyuncs.com/compatible-mode/v1/files "HTTP/1.1 200 OK"
2026-03-17 11:36:14,417 - ai_service_enhanced - INFO - 文件上传成功: E:\Project\年报公告自动切片\年报自动处理系统\年度报告\主要指标\300889-2026-03-07-爱克股份-2025年年度报告.pdf (文件ID: file-fe-637d83c22d614c6a9b8c47a5)
2026-03-17 11:36:14,417 - __main___file_only - INFO - 上传文件: 300889-2026-03-07-爱克股份-2025年年度报告.pdf (大小: 0.69 MB, ID: file-fe-637d83c22d614c6a9b8c47a5)
2026-03-17 11:36:14,451 - httpx - INFO - HTTP Request: POST https://dashscope.aliyuncs.com/compatible-mode/v1/chat/completions "HTTP/1.1 200 OK"
2026-03-17 11:36:14,624 - __main___file_only - INFO - 找到数据: 002138 2026-02-28 (3条)
2026-03-17 11:36:14,625 - __main__ - INFO - 处理成功: 002138-2026-02-28-顺络电子-2025年年度报告.pdf
2026-03-17 11:36:14,625 - __main___file_only - INFO - 文件处理成功: 002138-2026-02-28-顺络电子-2025年年度报告.pdf (耗时: 23.22秒)
2026-03-17 11:36:14,640 - __main___file_only - INFO - 找到数据: 001309 2026-02-28 (3条)
2026-03-17 11:36:14,640 - __main__ - INFO - 处理成功: 001309-2026-02-28-德明利-2025年年度报告.pdf
2026-03-17 11:36:14,640 - __main___file_only - INFO - 文件处理成功: 001309-2026-02-28-德明利-2025年年度报告.pdf (耗时: 25.89秒)
2026-03-17 11:36:14,692 - __main___file_only - INFO - 找到数据: 002107 2026-01-20 (3条)
2026-03-17 11:36:14,692 - __main__ - INFO - 处理成功: 002107-2026-01-20-沃华医药-2025年年度报告.pdf
2026-03-17 11:36:14,692 - __main___file_only - INFO - 文件处理成功: 002107-2026-01-20-沃华医药-2025年年度报告.pdf (耗时: 23.55秒)
2026-03-17 11:36:15,253 - httpx - INFO - HTTP Request: DELETE https://dashscope.aliyuncs.com/compatible-mode/v1/files/file-fe-10345267a1bb4c0f858301ae "HTTP/1.1 200 OK"
2026-03-17 11:36:15,254 - __main__ - INFO - 开始处理文件: 002981-2026-03-10-朝阳科技-2025年年度报告.pdf (文件ID: file-fe-d7fd929df55b4af7b64be2d2)
2026-03-17 11:36:15,390 - httpx - INFO - HTTP Request: DELETE https://dashscope.aliyuncs.com/compatible-mode/v1/files/file-fe-9bc3850000d4458499988996 "HTTP/1.1 200 OK"
2026-03-17 11:36:15,391 - __main__ - INFO - 开始处理文件: 300033-2026-03-10-同花顺-2025年年度报告.pdf (文件ID: file-fe-e794dc91799442eaab56b680)
2026-03-17 11:36:15,453 - httpx - INFO - HTTP Request: DELETE https://dashscope.aliyuncs.com/compatible-mode/v1/files/file-fe-38d619ea8ffd4ed4a4ffff70 "HTTP/1.1 200 OK"
2026-03-17 11:36:15,453 - __main__ - INFO - 开始处理文件: 200512-2026-03-10-闽灿坤B-2025年年度报告.pdf (文件ID: file-fe-88e600477eae45d78fbb3cba)
2026-03-17 11:36:15,773 - httpx - INFO - HTTP Request: POST https://dashscope.aliyuncs.com/compatible-mode/v1/chat/completions "HTTP/1.1 200 OK"
2026-03-17 11:36:15,870 - __main___file_only - INFO - 找到数据: 002270 2026-02-27 (3条)
2026-03-17 11:36:15,871 - __main__ - INFO - 处理成功: 002270-2026-02-27-华明装备-2025年年度报告.pdf
2026-03-17 11:36:15,871 - __main___file_only - INFO - 文件处理成功: 002270-2026-02-27-华明装备-2025年年度报告.pdf (耗时: 22.61秒)
2026-03-17 11:36:16,280 - httpx - INFO - HTTP Request: POST https://dashscope.aliyuncs.com/compatible-mode/v1/chat/completions "HTTP/1.1 200 OK"
2026-03-17 11:36:16,355 - httpx - INFO - HTTP Request: POST https://dashscope.aliyuncs.com/compatible-mode/v1/files "HTTP/1.1 200 OK"
2026-03-17 11:36:16,356 - ai_service_enhanced - INFO - 文件上传成功: E:\Project\年报公告自动切片\年报自动处理系统\年度报告\主要指标\301087-2026-03-10-可孚医疗-2025年年度报告.pdf (文件ID: file-fe-5cfba192bd1f444496f1d577)
2026-03-17 11:36:16,356 - __main___file_only - INFO - 上传文件: 301087-2026-03-10-可孚医疗-2025年年度报告.pdf (大小: 0.73 MB, ID: file-fe-5cfba192bd1f444496f1d577)
2026-03-17 11:36:16,363 - httpx - INFO - HTTP Request: POST https://dashscope.aliyuncs.com/compatible-mode/v1/files "HTTP/1.1 200 OK"
2026-03-17 11:36:16,364 - ai_service_enhanced - INFO - 文件上传成功: E:\Project\年报公告自动切片\年报自动处理系统\年度报告\主要指标\300995-2026-03-12-奇德新材-2025年年度报告.pdf (文件ID: file-fe-7c7ee768840b4280bfdb6e62)
2026-03-17 11:36:16,364 - __main___file_only - INFO - 上传文件: 300995-2026-03-12-奇德新材-2025年年度报告.pdf (大小: 0.84 MB, ID: file-fe-7c7ee768840b4280bfdb6e62)
2026-03-17 11:36:16,371 - __main___file_only - INFO - 找到数据: 002419 2026-03-13 (3条)
2026-03-17 11:36:16,371 - __main__ - INFO - 处理成功: 002419-2026-03-13-天虹股份-2025年年度报告.pdf
2026-03-17 11:36:16,371 - __main___file_only - INFO - 文件处理成功: 002419-2026-03-13-天虹股份-2025年年度报告.pdf (耗时: 21.25秒)
2026-03-17 11:36:16,587 - httpx - INFO - HTTP Request: DELETE https://dashscope.aliyuncs.com/compatible-mode/v1/files/file-fe-84d176220f684721b8ede52f "HTTP/1.1 200 OK"
2026-03-17 11:36:16,587 - __main__ - INFO - 开始处理文件: 300236-2026-03-13-上海新阳-2025年年度报告.pdf (文件ID: file-fe-f4f4c91ab96b429fa769dd50)
2026-03-17 11:36:17,045 - httpx - INFO - HTTP Request: DELETE https://dashscope.aliyuncs.com/compatible-mode/v1/files/file-fe-5a181c7797774540b5751d63 "HTTP/1.1 200 OK"
2026-03-17 11:36:17,045 - __main__ - INFO - 开始处理文件: 300476-2026-03-13-胜宏科技-2025年年度报告.pdf (文件ID: file-fe-d92ba0ce6af447b6b67ffe43)
2026-03-17 11:36:17,246 - httpx - INFO - HTTP Request: POST https://dashscope.aliyuncs.com/compatible-mode/v1/chat/completions "HTTP/1.1 400 Bad Request"
2026-03-17 11:36:17,247 - ai_service_enhanced - ERROR - AI服务调用失败: Error code: 400 - {'error': {'message': 'File [id:file-fe-e794dc91799442eaab56b680] parsing error.', 'type': 'invalid_request_error', 'param': None, 'code': 'invalid_parameter_error'}, 'id': 'chatcmpl-a47af073-f5e0-91d6-a2db-64e95e380cee', 'request_id': 'a47af073-f5e0-91d6-a2db-64e95e380cee'}
2026-03-17 11:36:17,569 - httpx - INFO - HTTP Request: POST https://dashscope.aliyuncs.com/compatible-mode/v1/chat/completions "HTTP/1.1 200 OK"
2026-03-17 11:36:17,673 - __main___file_only - INFO - 找到数据: 002213 2026-03-06 (3条)
2026-03-17 11:36:17,673 - __main__ - INFO - 处理成功: 002213-2026-03-06-大为股份-2025年年度报告.pdf
2026-03-17 11:36:17,673 - __main___file_only - INFO - 文件处理成功: 002213-2026-03-06-大为股份-2025年年度报告.pdf (耗时: 24.67秒)
2026-03-17 11:36:18,305 - httpx - INFO - HTTP Request: DELETE https://dashscope.aliyuncs.com/compatible-mode/v1/files/file-fe-e05602315a844f75b26c6dd6 "HTTP/1.1 200 OK"
2026-03-17 11:36:18,305 - __main__ - INFO - 开始处理文件: 300803-2026-01-31-指南针-2025年年度报告.pdf (文件ID: file-fe-120cc0d3782f4f0cb77532fe)
2026-03-17 11:36:18,408 - httpx - INFO - HTTP Request: POST https://dashscope.aliyuncs.com/compatible-mode/v1/chat/completions "HTTP/1.1 400 Bad Request"
2026-03-17 11:36:18,408 - ai_service_enhanced - ERROR - AI服务调用失败: Error code: 400 - {'error': {'message': 'File [id:file-fe-f4f4c91ab96b429fa769dd50] parsing error.', 'type': 'invalid_request_error', 'param': None, 'code': 'invalid_parameter_error'}, 'id': 'chatcmpl-87683098-4d22-91ac-8c1e-27ee3b183dd4', 'request_id': '87683098-4d22-91ac-8c1e-27ee3b183dd4'}
2026-03-17 11:36:18,408 - ai_service_enhanced - WARNING - 检测到速率限制， 调整请求间隔为 3.00秒
2026-03-17 11:36:18,500 - httpx - INFO - HTTP Request: POST https://dashscope.aliyuncs.com/compatible-mode/v1/files "HTTP/1.1 200 OK"
2026-03-17 11:36:18,501 - ai_service_enhanced - INFO - 文件上传成功: E:\Project\年报公告自动切片\年报自动处理系统\年度报告\主要指标\600113-2026-03-07-浙江东日-浙江东日股份有限公司2025年年度报告（全文）.pdf (文件ID: file-fe-b70875c8877a4a2e9d7923ce)
2026-03-17 11:36:18,501 - __main___file_only - INFO - 上传文件: 600113-2026-03-07-浙江东日-浙江东日股份有限公司2025年年度报告（全文）.pdf (大小: 0.54 MB, ID: file-fe-b70875c8877a4a2e9d7923ce)
2026-03-17 11:36:18,724 - httpx - INFO - HTTP Request: POST https://dashscope.aliyuncs.com/compatible-mode/v1/files "HTTP/1.1 200 OK"
2026-03-17 11:36:18,725 - ai_service_enhanced - INFO - 文件上传成功: E:\Project\年报公告自动切片\年报自动处理系统\年度报告\主要指标\301536-2026-03-10-星宸科技-2025年年度报告.pdf (文件ID: file-fe-9c1b1e75d6ec443dad8db6fb)
2026-03-17 11:36:18,725 - __main___file_only - INFO - 上传文件: 301536-2026-03-10-星宸科技-2025年年度报告.pdf (大小: 0.73 MB, ID: file-fe-9c1b1e75d6ec443dad8db6fb)
2026-03-17 11:36:19,570 - httpx - INFO - HTTP Request: POST https://dashscope.aliyuncs.com/compatible-mode/v1/chat/completions "HTTP/1.1 200 OK"
2026-03-17 11:36:19,656 - __main___file_only - INFO - 找到数据: 002316 2026-03-11 (3条)
2026-03-17 11:36:19,656 - __main__ - INFO - 处理成功: 002316-2026-03-11-亚联发展-2025年年度报告.pdf
2026-03-17 11:36:19,656 - __main___file_only - INFO - 文件处理成功: 002316-2026-03-11-亚联发展-2025年年度报告.pdf (耗时: 24.01秒)
2026-03-17 11:36:20,304 - httpx - INFO - HTTP Request: DELETE https://dashscope.aliyuncs.com/compatible-mode/v1/files/file-fe-1936acc3b5034142bbd54c5c "HTTP/1.1 200 OK"
2026-03-17 11:36:20,304 - __main__ - INFO - 开始处理文件: 300750-2026-03-10-宁德时代-2025年年度报告.pdf (文件ID: file-fe-e198700259274ca1b2450fed)
2026-03-17 11:36:20,980 - httpx - INFO - HTTP Request: POST https://dashscope.aliyuncs.com/compatible-mode/v1/files "HTTP/1.1 200 OK"
2026-03-17 11:36:20,981 - ai_service_enhanced - INFO - 文件上传成功: E:\Project\年报公告自动切片\年报自动处理系统\年度报告\主要指标\600211-2026-03-13-西藏药业-西藏药业2025年年度报告.pdf (文件ID: file-fe-b676d3bca75046a399286ef3)
2026-03-17 11:36:20,981 - __main___file_only - INFO - 上传文件: 600211-2026-03-13-西藏药业-西藏药业2025年年度报告.pdf (大小: 0.60 MB, ID: file-fe-b676d3bca75046a399286ef3)
2026-03-17 11:36:21,181 - httpx - INFO - HTTP Request: POST https://dashscope.aliyuncs.com/compatible-mode/v1/files "HTTP/1.1 200 OK"
2026-03-17 11:36:21,181 - ai_service_enhanced - INFO - 文件上传成功: E:\Project\年报公告自动切片\年报自动处理系统\年度报告\主要指标\600132-2026-03-11-重庆啤酒-重庆啤酒股份有限公司2025年年度报告.pdf (文件ID: file-fe-d5e53ec278b448689615bcb4)
2026-03-17 11:36:21,182 - __main___file_only - INFO - 上传文件: 600132-2026-03-11-重庆啤酒-重庆啤酒股份有限公司2025年年度报告.pdf (大小: 0.92 MB, ID: file-fe-d5e53ec278b448689615bcb4)
2026-03-17 11:36:21,578 - httpx - INFO - HTTP Request: POST https://dashscope.aliyuncs.com/compatible-mode/v1/chat/completions "HTTP/1.1 200 OK"
2026-03-17 11:36:21,671 - __main___file_only - INFO - 找到数据: 002647 2026-02-28 (3条)
2026-03-17 11:36:21,671 - __main__ - INFO - 处理成功: 002647-2026-02-28-ST仁东-2025年年度报告.pdf
2026-03-17 11:36:21,671 - __main___file_only - INFO - 文件处理成功: 002647-2026-02-28-ST仁东-2025年年度报告.pdf (耗时: 24.17秒)
2026-03-17 11:36:22,249 - httpx - INFO - HTTP Request: DELETE https://dashscope.aliyuncs.com/compatible-mode/v1/files/file-fe-7c6762fd651d4f9ba07b3067 "HTTP/1.1 200 OK"
2026-03-17 11:36:22,249 - __main__ - INFO - 开始处理文件: 300956-2026-03-05-英力股份-2025年年度报告.pdf (文件ID: file-fe-b091e0713f5f4361bbfb4e95)
2026-03-17 11:36:23,505 - httpx - INFO - HTTP Request: POST https://dashscope.aliyuncs.com/compatible-mode/v1/files "HTTP/1.1 200 OK"
2026-03-17 11:36:23,506 - ai_service_enhanced - INFO - 文件上传成功: E:\Project\年报公告自动切片\年报自动处理系统\年度报告\主要指标\600433-2026-03-11-冠豪高新-冠豪高新2025年年度报告.pdf (文件ID: file-fe-b8d016cbcdf347b08e8f879d)
2026-03-17 11:36:23,506 - __main___file_only - INFO - 上传文件: 600433-2026-03-11-冠豪高新-冠豪高新2025年年度报告.pdf (大小: 0.58 MB, ID: file-fe-b8d016cbcdf347b08e8f879d)
2026-03-17 11:36:23,542 - httpx - INFO - HTTP Request: POST https://dashscope.aliyuncs.com/compatible-mode/v1/files "HTTP/1.1 200 OK"
2026-03-17 11:36:23,543 - ai_service_enhanced - INFO - 文件上传成功: E:\Project\年报公告自动切片\年报自动处理系统\年度报告\主要指标\600299-2026-03-07-安迪苏-安迪苏2025年年度报告.pdf (文件ID: file-fe-866a0319664a49369149724a)
2026-03-17 11:36:23,543 - __main___file_only - INFO - 上传文件: 600299-2026-03-07-安迪苏-安迪苏2025年年度报告.pdf (大小: 0.70 MB, ID: file-fe-866a0319664a49369149724a)
2026-03-17 11:36:23,619 - httpx - INFO - HTTP Request: POST https://dashscope.aliyuncs.com/compatible-mode/v1/chat/completions "HTTP/1.1 200 OK"
2026-03-17 11:36:23,700 - __main___file_only - INFO - 找到数据: 002487 2026-03-06 (3条)
2026-03-17 11:36:23,700 - __main__ - INFO - 处理成功: 002487-2026-03-06-大金重工-2025年年度报告.pdf
2026-03-17 11:36:23,701 - __main___file_only - INFO - 文件处理成功: 002487-2026-03-06-大金重工-2025年年度报告.pdf (耗时: 25.93秒)
2026-03-17 11:36:23,876 - httpx - INFO - HTTP Request: POST https://dashscope.aliyuncs.com/compatible-mode/v1/chat/completions "HTTP/1.1 400 Bad Request"
2026-03-17 11:36:23,877 - ai_service_enhanced - ERROR - AI服务调用失败: Error code: 400 - {'error': {'message': 'File [id:file-fe-e794dc91799442eaab56b680] parsing error.', 'type': 'invalid_request_error', 'param': None, 'code': 'invalid_parameter_error'}, 'id': 'chatcmpl-0536cc32-a694-95f3-bfbb-8933567b92c4', 'request_id': '0536cc32-a694-95f3-bfbb-8933567b92c4'}
2026-03-17 11:36:24,321 - httpx - INFO - HTTP Request: DELETE https://dashscope.aliyuncs.com/compatible-mode/v1/files/file-fe-8788307dfc174f239174bf56 "HTTP/1.1 200 OK"
2026-03-17 11:36:24,321 - __main__ - INFO - 开始处理文件: 300889-2026-03-07-爱克股份-2025年年度报告.pdf (文件ID: file-fe-637d83c22d614c6a9b8c47a5)
2026-03-17 11:36:26,029 - httpx - INFO - HTTP Request: POST https://dashscope.aliyuncs.com/compatible-mode/v1/files "HTTP/1.1 200 OK"
2026-03-17 11:36:26,030 - ai_service_enhanced - INFO - 文件上传成功: E:\Project\年报公告自动切片\年报自动处理系统\年度报告\主要指标\600539-2026-02-28-狮头股份-2025年年度报告.pdf (文件ID: file-fe-cac6aaed3aee4c28a33e8375)
2026-03-17 11:36:26,030 - __main___file_only - INFO - 上传文件: 600539-2026-02-28-狮头股份-2025年年度报告.pdf (大小: 0.53 MB, ID: file-fe-cac6aaed3aee4c28a33e8375)
2026-03-17 11:36:26,087 - httpx - INFO - HTTP Request: POST https://dashscope.aliyuncs.com/compatible-mode/v1/files "HTTP/1.1 200 OK"
2026-03-17 11:36:26,088 - ai_service_enhanced - INFO - 文件上传成功: E:\Project\年报公告自动切片\年报自动处理系统\年度报告\主要指标\600529-2026-03-07-山东药玻-山东省药用玻璃股份有限公司2025年年度报告.pdf (文件ID: file-fe-7421e4cfe63c4da4b1d44bee)
2026-03-17 11:36:26,088 - __main___file_only - INFO - 上传文件: 600529-2026-03-07-山东药玻-山东省药用玻璃股份有限公司2025年年度报告.pdf (大小: 0.56 MB, ID: file-fe-7421e4cfe63c4da4b1d44bee)
2026-03-17 11:36:26,263 - httpx - INFO - HTTP Request: POST https://dashscope.aliyuncs.com/compatible-mode/v1/chat/completions "HTTP/1.1 400 Bad Request"
2026-03-17 11:36:26,263 - ai_service_enhanced - ERROR - AI服务调用失败: Error code: 400 - {'error': {'message': 'File [id:file-fe-f4f4c91ab96b429fa769dd50] parsing error.', 'type': 'invalid_request_error', 'param': None, 'code': 'invalid_parameter_error'}, 'id': 'chatcmpl-153a4dec-4cfa-9a84-a391-ee883d21e734', 'request_id': '153a4dec-4cfa-9a84-a391-ee883d21e734'}
2026-03-17 11:36:26,264 - ai_service_enhanced - WARNING - 检测到速率限制， 调整请求间隔为 3.00秒
2026-03-17 11:36:28,524 - httpx - INFO - HTTP Request: POST https://dashscope.aliyuncs.com/compatible-mode/v1/files "HTTP/1.1 200 OK"
2026-03-17 11:36:28,525 - ai_service_enhanced - INFO - 文件上传成功: E:\Project\年报公告自动切片\年报自动处理系统\年度报告\主要指标\600765-2026-03-13-中航重机-中航重机2025年年度报告.pdf (文件ID: file-fe-c63e96764470410fac7d1fba)
2026-03-17 11:36:28,525 - __main___file_only - INFO - 上传文件: 600765-2026-03-13-中航重机-中航重机2025年年度报告.pdf (大小: 0.55 MB, ID: file-fe-c63e96764470410fac7d1fba)
2026-03-17 11:36:28,686 - httpx - INFO - HTTP Request: POST https://dashscope.aliyuncs.com/compatible-mode/v1/files "HTTP/1.1 200 OK"
2026-03-17 11:36:28,686 - ai_service_enhanced - INFO - 文件上传成功: E:\Project\年报公告自动切片\年报自动处理系统\年度报告\主要指标\600605-2026-03-11-汇通能源-上海汇通能源股份有限公司2025年年度报告.pdf (文件ID: file-fe-2f2bb1df572f47bbb35997ef)
2026-03-17 11:36:28,686 - __main___file_only - INFO - 上传文件: 600605-2026-03-11-汇通能源-上海汇通能源股份有限公司2025年年度报告.pdf (大小: 0.50 MB, ID: file-fe-2f2bb1df572f47bbb35997ef)
2026-03-17 11:36:28,807 - httpx - INFO - HTTP Request: POST https://dashscope.aliyuncs.com/compatible-mode/v1/chat/completions "HTTP/1.1 200 OK"
2026-03-17 11:36:28,926 - __main___file_only - INFO - 找到数据: 002709 2026-03-10 (3条)
2026-03-17 11:36:28,927 - __main__ - INFO - 处理成功: 002709-2026-03-10-天赐材料-2025年年度报告.pdf
2026-03-17 11:36:28,927 - __main___file_only - INFO - 文件处理成功: 002709-2026-03-10-天赐材料-2025年年度报告.pdf (耗时: 20.60秒)
2026-03-17 11:36:29,556 - httpx - INFO - HTTP Request: DELETE https://dashscope.aliyuncs.com/compatible-mode/v1/files/file-fe-9afa3eca3e064377a2dabcda "HTTP/1.1 200 OK"
2026-03-17 11:36:29,557 - __main__ - INFO - 开始处理文件: 301087-2026-03-10-可孚医疗-2025年年度报告.pdf (文件ID: file-fe-5cfba192bd1f444496f1d577)
2026-03-17 11:36:30,818 - httpx - INFO - HTTP Request: POST https://dashscope.aliyuncs.com/compatible-mode/v1/chat/completions "HTTP/1.1 200 OK"
2026-03-17 11:36:30,902 - __main___file_only - INFO - 找到数据: 002668 2026-03-11 (3条)
2026-03-17 11:36:30,902 - __main__ - INFO - 处理成功: 002668-2026-03-11-TCL智家-2025年年度报告.pdf
2026-03-17 11:36:30,902 - __main___file_only - INFO - 文件处理成功: 002668-2026-03-11-TCL智家-2025年年度报告.pdf (耗时: 21.29秒)
2026-03-17 11:36:30,917 - httpx - INFO - HTTP Request: POST https://dashscope.aliyuncs.com/compatible-mode/v1/chat/completions "HTTP/1.1 200 OK"
2026-03-17 11:36:31,005 - __main___file_only - INFO - 找到数据: 002868 2026-03-10 (3条)
2026-03-17 11:36:31,006 - __main__ - INFO - 处理成功: 002868-2026-03-10-ST绿康-2025年年度报告.pdf
2026-03-17 11:36:31,006 - __main___file_only - INFO - 文件处理成功: 002868-2026-03-10-ST绿康-2025年年度报告.pdf (耗时: 19.45秒)
2026-03-17 11:36:31,140 - httpx - INFO - HTTP Request: POST https://dashscope.aliyuncs.com/compatible-mode/v1/chat/completions "HTTP/1.1 200 OK"
2026-03-17 11:36:31,237 - __main___file_only - INFO - 找到数据: 002800 2026-02-28 (3条)
2026-03-17 11:36:31,238 - __main__ - INFO - 处理成功: 002800-2026-02-28-天顺股份-2025年年度报告.pdf
2026-03-17 11:36:31,238 - __main___file_only - INFO - 文件处理成功: 002800-2026-02-28-天顺股份-2025年年度报告.pdf (耗时: 21.02秒)
2026-03-17 11:36:31,498 - httpx - INFO - HTTP Request: POST https://dashscope.aliyuncs.com/compatible-mode/v1/chat/completions "HTTP/1.1 200 OK"
2026-03-17 11:36:31,558 - httpx - INFO - HTTP Request: DELETE https://dashscope.aliyuncs.com/compatible-mode/v1/files/file-fe-e63772ab35cc4898b6aa6b0a "HTTP/1.1 200 OK"
2026-03-17 11:36:31,559 - __main__ - INFO - 开始处理文件: 300995-2026-03-12-奇德新材-2025年年度报告.pdf (文件ID: file-fe-7c7ee768840b4280bfdb6e62)
2026-03-17 11:36:31,577 - __main___file_only - INFO - 找到数据: 002920 2026-03-06 (3条)
2026-03-17 11:36:31,577 - __main__ - INFO - 处理成功: 002920-2026-03-06-德赛西威-2025年年度报告.pdf
2026-03-17 11:36:31,577 - __main___file_only - INFO - 文件处理成功: 002920-2026-03-06-德赛西威-2025年年度报告.pdf (耗时: 20.00秒)
2026-03-17 11:36:31,589 - httpx - INFO - HTTP Request: POST https://dashscope.aliyuncs.com/compatible-mode/v1/files "HTTP/1.1 200 OK"
2026-03-17 11:36:31,589 - ai_service_enhanced - INFO - 文件上传成功: E:\Project\年报公告自动切片\年报自动处理系统\年度报告\主要指标\600830-2026-03-07-香溢融通-香溢融通控股集团股份有限公司2025年年度报告.pdf (文件ID: file-fe-c7d0c40af65145999a8f1980)
2026-03-17 11:36:31,590 - __main___file_only - INFO - 上传文件: 600830-2026-03-07-香溢融通-香溢融通控股集团股份有限公司2025年年度报告.pdf (大小: 0.60 MB, ID: file-fe-c7d0c40af65145999a8f1980)
2026-03-17 11:36:31,627 - httpx - INFO - HTTP Request: DELETE https://dashscope.aliyuncs.com/compatible-mode/v1/files/file-fe-5d0031f9bfcf4ef9b22c955f "HTTP/1.1 200 OK"
2026-03-17 11:36:31,627 - __main__ - INFO - 开始处理文件: 600113-2026-03-07-浙江东日-浙江东日股份有限公司2025年年度报告（全文）.pdf (文件ID: file-fe-b70875c8877a4a2e9d7923ce)
2026-03-17 11:36:31,812 - httpx - INFO - HTTP Request: POST https://dashscope.aliyuncs.com/compatible-mode/v1/chat/completions "HTTP/1.1 400 Bad Request"
2026-03-17 11:36:31,813 - ai_service_enhanced - ERROR - AI服务调用失败: Error code: 400 - {'error': {'message': 'File [id:file-fe-e794dc91799442eaab56b680] parsing error.', 'type': 'invalid_request_error', 'param': None, 'code': 'invalid_parameter_error'}, 'id': 'chatcmpl-3fdd39ba-e193-9969-9d93-4047d1483682', 'request_id': '3fdd39ba-e193-9969-9d93-4047d1483682'}
2026-03-17 11:36:31,923 - httpx - INFO - HTTP Request: DELETE https://dashscope.aliyuncs.com/compatible-mode/v1/files/file-fe-41eea7a4528641efa4e211d5 "HTTP/1.1 200 OK"
2026-03-17 11:36:31,924 - __main__ - INFO - 开始处理文件: 301536-2026-03-10-星宸科技-2025年年度报告.pdf (文件ID: file-fe-9c1b1e75d6ec443dad8db6fb)
2026-03-17 11:36:31,931 - httpx - INFO - HTTP Request: POST https://dashscope.aliyuncs.com/compatible-mode/v1/files "HTTP/1.1 200 OK"
2026-03-17 11:36:31,931 - ai_service_enhanced - INFO - 文件上传成功: E:\Project\年报公告自动切片\年报自动处理系统\年度报告\主要指标\600963-2026-03-11-岳阳林纸-岳阳林纸股份有限公司2025年年度报告.pdf (文件ID: file-fe-6bda724f93704097b2f081cd)
2026-03-17 11:36:31,931 - __main___file_only - INFO - 上传文件: 600963-2026-03-11-岳阳林纸-岳阳林纸股份有限公司2025年年度报告.pdf (大小: 0.60 MB, ID: file-fe-6bda724f93704097b2f081cd)
2026-03-17 11:36:32,279 - httpx - INFO - HTTP Request: DELETE https://dashscope.aliyuncs.com/compatible-mode/v1/files/file-fe-83bcbf408e8e474c9124777a "HTTP/1.1 200 OK"
2026-03-17 11:36:32,280 - __main__ - INFO - 开始处理文件: 600211-2026-03-13-西藏药业-西藏药业2025年年度报告.pdf (文件ID: file-fe-b676d3bca75046a399286ef3)
2026-03-17 11:36:33,025 - httpx - INFO - HTTP Request: POST https://dashscope.aliyuncs.com/compatible-mode/v1/chat/completions "HTTP/1.1 200 OK"
2026-03-17 11:36:33,132 - __main___file_only - INFO - 找到数据: 003033 2026-03-10 (3条)
2026-03-17 11:36:33,132 - __main__ - INFO - 处理成功: 003033-2026-03-10-征和工业-2025年年度报告.pdf
2026-03-17 11:36:33,132 - __main___file_only - INFO - 文件处理成功: 003033-2026-03-10-征和工业-2025年年度报告.pdf (耗时: 19.62秒)
2026-03-17 11:36:33,646 - httpx - INFO - HTTP Request: POST https://dashscope.aliyuncs.com/compatible-mode/v1/chat/completions "HTTP/1.1 200 OK"
2026-03-17 11:36:33,730 - __main___file_only - INFO - 找到数据: 002916 2026-03-13 (3条)
2026-03-17 11:36:33,730 - __main__ - INFO - 处理成功: 002916-2026-03-13-深南电路-2025年年度报告.pdf
2026-03-17 11:36:33,731 - __main___file_only - INFO - 文件处理成功: 002916-2026-03-13-深南电路-2025年年度报告.pdf (耗时: 21.09秒)
2026-03-17 11:36:33,793 - httpx - INFO - HTTP Request: DELETE https://dashscope.aliyuncs.com/compatible-mode/v1/files/file-fe-d6ad0617f275407c8fc8edb5 "HTTP/1.1 200 OK"
2026-03-17 11:36:33,793 - __main__ - INFO - 开始处理文件: 600132-2026-03-11-重庆啤酒-重庆啤酒股份有限公司2025年年度报告.pdf (文件ID: file-fe-d5e53ec278b448689615bcb4)
2026-03-17 11:36:34,234 - httpx - INFO - HTTP Request: POST https://dashscope.aliyuncs.com/compatible-mode/v1/chat/completions "HTTP/1.1 200 OK"
2026-03-17 11:36:34,297 - httpx - INFO - HTTP Request: POST https://dashscope.aliyuncs.com/compatible-mode/v1/chat/completions "HTTP/1.1 400 Bad Request"
2026-03-17 11:36:34,297 - ai_service_enhanced - ERROR - AI服务调用失败: Error code: 400 - {'error': {'message': 'File [id:file-fe-e794dc91799442eaab56b680] parsing error.', 'type': 'invalid_request_error', 'param': None, 'code': 'invalid_parameter_error'}, 'id': 'chatcmpl-821978ad-e54f-9ac1-9d3b-b034822059f2', 'request_id': '821978ad-e54f-9ac1-9d3b-b034822059f2'}
2026-03-17 11:36:34,300 - httpx - INFO - HTTP Request: POST https://dashscope.aliyuncs.com/compatible-mode/v1/chat/completions "HTTP/1.1 400 Bad Request"
2026-03-17 11:36:34,300 - ai_service_enhanced - ERROR - AI服务调用失败: Error code: 400 - {'error': {'message': 'File [id:file-fe-f4f4c91ab96b429fa769dd50] parsing error.', 'type': 'invalid_request_error', 'param': None, 'code': 'invalid_parameter_error'}, 'id': 'chatcmpl-86873a25-0c2e-9fda-88ac-abe02e76aa0f', 'request_id': '86873a25-0c2e-9fda-88ac-abe02e76aa0f'}
2026-03-17 11:36:34,300 - ai_service_enhanced - WARNING - 检测到速率限制， 调整请求间隔为 3.00秒
2026-03-17 11:36:34,318 - __main___file_only - INFO - 找到数据: 200512 2026-03-10 (3条)
2026-03-17 11:36:34,319 - __main__ - INFO - 处理成功: 200512-2026-03-10-闽灿坤B-2025年年度报告.pdf
2026-03-17 11:36:34,319 - __main___file_only - INFO - 文件处理成功: 200512-2026-03-10-闽灿坤B-2025年年度报告.pdf (耗时: 18.87秒)
2026-03-17 11:36:34,402 - httpx - INFO - HTTP Request: DELETE https://dashscope.aliyuncs.com/compatible-mode/v1/files/file-fe-6104fbf3435a404bbb2c1b28 "HTTP/1.1 200 OK"
2026-03-17 11:36:34,403 - __main__ - INFO - 开始处理文件: 600433-2026-03-11-冠豪高新-冠豪高新2025年年度报告.pdf (文件ID: file-fe-b8d016cbcdf347b08e8f879d)
2026-03-17 11:36:34,517 - httpx - INFO - HTTP Request: POST https://dashscope.aliyuncs.com/compatible-mode/v1/files "HTTP/1.1 200 OK"
2026-03-17 11:36:34,518 - ai_service_enhanced - INFO - 文件上传成功: E:\Project\年报公告自动切片\年报自动处理系统\年度报告\主要指标\600989-2026-03-13-宝丰能源-宁夏宝丰能源集团股份有限公司2025年年度报告.pdf (文件ID: file-fe-459960cb77c742599fcd4cca)
2026-03-17 11:36:34,518 - __main___file_only - INFO - 上传文件: 600989-2026-03-13-宝丰能源-宁夏宝丰能源集团股份有限公司2025年年度报告.pdf (大小: 0.57 MB, ID: file-fe-459960cb77c742599fcd4cca)
2026-03-17 11:36:34,753 - httpx - INFO - HTTP Request: POST https://dashscope.aliyuncs.com/compatible-mode/v1/files "HTTP/1.1 200 OK"
2026-03-17 11:36:34,754 - ai_service_enhanced - INFO - 文件上传成功: E:\Project\年报公告自动切片\年报自动处理系统\年度报告\主要指标\601138-2026-03-11-工业富联-富士康工业互联网股份有限公司2025年年度报告.pdf (文件ID: file-fe-50862806a445417890ec6fb9)
2026-03-17 11:36:34,754 - __main___file_only - INFO - 上传文件: 601138-2026-03-11-工业富联-富士康工业互联网股份有限公司2025年年度报告.pdf (大小: 0.62 MB, ID: file-fe-50862806a445417890ec6fb9)
2026-03-17 11:36:34,944 - httpx - INFO - HTTP Request: DELETE https://dashscope.aliyuncs.com/compatible-mode/v1/files/file-fe-88e600477eae45d78fbb3cba "HTTP/1.1 200 OK"
2026-03-17 11:36:34,944 - __main__ - INFO - 开始处理文件: 600299-2026-03-07-安迪苏-安迪苏2025年年度报告.pdf (文件ID: file-fe-866a0319664a49369149724a)
2026-03-17 11:36:35,135 - httpx - INFO - HTTP Request: POST https://dashscope.aliyuncs.com/compatible-mode/v1/chat/completions "HTTP/1.1 200 OK"
2026-03-17 11:36:35,245 - __main___file_only - INFO - 找到数据: 002981 2026-03-10 (3条)
2026-03-17 11:36:35,246 - __main__ - INFO - 处理成功: 002981-2026-03-10-朝阳科技-2025年年度报告.pdf
2026-03-17 11:36:35,246 - __main___file_only - INFO - 文件处理成功: 002981-2026-03-10-朝阳科技-2025年年度报告.pdf (耗时: 19.99秒)
2026-03-17 11:36:35,899 - httpx - INFO - HTTP Request: DELETE https://dashscope.aliyuncs.com/compatible-mode/v1/files/file-fe-d7fd929df55b4af7b64be2d2 "HTTP/1.1 200 OK"
2026-03-17 11:36:35,900 - __main__ - INFO - 开始处理文件: 600539-2026-02-28-狮头股份-2025年年度报告.pdf (文件ID: file-fe-cac6aaed3aee4c28a33e8375)
2026-03-17 11:36:37,723 - httpx - INFO - HTTP Request: POST https://dashscope.aliyuncs.com/compatible-mode/v1/files "HTTP/1.1 200 OK"
2026-03-17 11:36:37,724 - ai_service_enhanced - INFO - 文件上传成功: E:\Project\年报公告自动切片\年报自动处理系统\年度报告\主要指标\603005-2026-02-28-晶方科技-晶方科技2025年年度报告.pdf (文件ID: file-fe-14ef18ebcdc74daabfe501ea)
2026-03-17 11:36:37,724 - __main___file_only - INFO - 上传文件: 603005-2026-02-28-晶方科技-晶方科技2025年年度报告.pdf (大小: 0.56 MB, ID: file-fe-14ef18ebcdc74daabfe501ea)
2026-03-17 11:36:37,928 - httpx - INFO - HTTP Request: POST https://dashscope.aliyuncs.com/compatible-mode/v1/chat/completions "HTTP/1.1 400 Bad Request"
2026-03-17 11:36:37,929 - ai_service_enhanced - ERROR - AI服务调用失败: Error code: 400 - {'error': {'message': 'File [id:file-fe-f4f4c91ab96b429fa769dd50] parsing error.', 'type': 'invalid_request_error', 'param': None, 'code': 'invalid_parameter_error'}, 'id': 'chatcmpl-e83e2f74-b5c5-9c4d-a131-06cfb2527c48', 'request_id': 'e83e2f74-b5c5-9c4d-a131-06cfb2527c48'}
2026-03-17 11:36:37,929 - ai_service_enhanced - WARNING - 检测到速率限制， 调整请求间隔为 3.00秒
2026-03-17 11:36:38,203 - httpx - INFO - HTTP Request: POST https://dashscope.aliyuncs.com/compatible-mode/v1/chat/completions "HTTP/1.1 200 OK"
2026-03-17 11:36:38,204 - httpx - INFO - HTTP Request: POST https://dashscope.aliyuncs.com/compatible-mode/v1/files "HTTP/1.1 200 OK"
2026-03-17 11:36:38,205 - ai_service_enhanced - INFO - 文件上传成功: E:\Project\年报公告自动切片\年报自动处理系统\年度报告\主要指标\603007-2026-03-06-ST花王-2025年年度报告.pdf (文件ID: file-fe-c366b172eaa14e96b81c8325)
2026-03-17 11:36:38,205 - __main___file_only - INFO - 上传文件: 603007-2026-03-06-ST花王-2025年年度报告.pdf (大小: 0.57 MB, ID: file-fe-c366b172eaa14e96b81c8325)
2026-03-17 11:36:38,339 - __main___file_only - INFO - 找到数据: 300476 2026-03-13 (3条)
2026-03-17 11:36:38,340 - __main__ - INFO - 处理成功: 300476-2026-03-13-胜宏科技-2025年年度报告.pdf
2026-03-17 11:36:38,340 - __main___file_only - INFO - 文件处理成功: 300476-2026-03-13-胜宏科技-2025年年度报告.pdf (耗时: 21.29秒)
2026-03-17 11:36:39,157 - httpx - INFO - HTTP Request: DELETE https://dashscope.aliyuncs.com/compatible-mode/v1/files/file-fe-d92ba0ce6af447b6b67ffe43 "HTTP/1.1 200 OK"
2026-03-17 11:36:39,158 - __main__ - INFO - 开始处理文件: 600529-2026-03-07-山东药玻-山东省药用玻璃股份有限公司2025年年度报告.pdf (文件ID: file-fe-7421e4cfe63c4da4b1d44bee)
2026-03-17 11:36:39,679 - httpx - INFO - HTTP Request: POST https://dashscope.aliyuncs.com/compatible-mode/v1/chat/completions "HTTP/1.1 200 OK"
2026-03-17 11:36:39,768 - __main___file_only - INFO - 找到数据: 300803 2026-01-31 (3条)
2026-03-17 11:36:39,768 - __main__ - INFO - 处理成功: 300803-2026-01-31-指南针-2025年年度报告.pdf
2026-03-17 11:36:39,768 - __main___file_only - INFO - 文件处理成功: 300803-2026-01-31-指南针-2025年年度报告.pdf (耗时: 21.46秒)
2026-03-17 11:36:40,382 - httpx - INFO - HTTP Request: DELETE https://dashscope.aliyuncs.com/compatible-mode/v1/files/file-fe-120cc0d3782f4f0cb77532fe "HTTP/1.1 200 OK"
2026-03-17 11:36:40,383 - __main__ - INFO - 开始处理文件: 600765-2026-03-13-中航重机-中航重机2025年年度报告.pdf (文件ID: file-fe-c63e96764470410fac7d1fba)
2026-03-17 11:36:40,698 - httpx - INFO - HTTP Request: POST https://dashscope.aliyuncs.com/compatible-mode/v1/files "HTTP/1.1 200 OK"
2026-03-17 11:36:40,698 - ai_service_enhanced - INFO - 文件上传成功: E:\Project\年报公告自动切片\年报自动处理系统\年度报告\主要指标\603031-2026-03-10-安孚科技-安徽安孚电池科技股份有限公司2025年年度报告.pdf (文件ID: file-fe-7f2e456c31d3485bad87d92f)
2026-03-17 11:36:40,699 - __main___file_only - INFO - 上传文件: 603031-2026-03-10-安孚科技-安徽安孚电池科技股份有限公司2025年年度报告.pdf (大小: 0.66 MB, ID: file-fe-7f2e456c31d3485bad87d92f)
2026-03-17 11:36:40,711 - httpx - INFO - HTTP Request: POST https://dashscope.aliyuncs.com/compatible-mode/v1/files "HTTP/1.1 200 OK"
2026-03-17 11:36:40,711 - ai_service_enhanced - INFO - 文件上传成功: E:\Project\年报公告自动切片\年报自动处理系统\年度报告\主要指标\603061-2026-03-11-金海通-2025年年度报告.pdf (文件ID: file-fe-2e7d0f24504947c7aa1aa345)
2026-03-17 11:36:40,711 - __main___file_only - INFO - 上传文件: 603061-2026-03-11-金海通-2025年年度报告.pdf (大小: 0.56 MB, ID: file-fe-2e7d0f24504947c7aa1aa345)
2026-03-17 11:36:40,995 - httpx - INFO - HTTP Request: POST https://dashscope.aliyuncs.com/compatible-mode/v1/chat/completions "HTTP/1.1 400 Bad Request"
2026-03-17 11:36:40,995 - ai_service_enhanced - ERROR - AI服务调用失败: Error code: 400 - {'error': {'message': 'File [id:file-fe-e794dc91799442eaab56b680] parsing error.', 'type': 'invalid_request_error', 'param': None, 'code': 'invalid_parameter_error'}, 'id': 'chatcmpl-389b6ec3-b611-9aba-89c2-86d9959707da', 'request_id': '389b6ec3-b611-9aba-89c2-86d9959707da'}
2026-03-17 11:36:41,431 - httpx - INFO - HTTP Request: POST https://dashscope.aliyuncs.com/compatible-mode/v1/chat/completions "HTTP/1.1 200 OK"
2026-03-17 11:36:41,540 - __main___file_only - INFO - 找到数据: 300956 2026-03-05 (3条)
2026-03-17 11:36:41,540 - __main__ - INFO - 处理成功: 300956-2026-03-05-英力股份-2025年年度报告.pdf
2026-03-17 11:36:41,540 - __main___file_only - INFO - 文件处理成功: 300956-2026-03-05-英力股份-2025年年度报告.pdf (耗时: 19.29秒)
2026-03-17 11:36:41,605 - httpx - INFO - HTTP Request: POST https://dashscope.aliyuncs.com/compatible-mode/v1/chat/completions "HTTP/1.1 200 OK"
2026-03-17 11:36:41,700 - __main___file_only - INFO - 找到数据: 300750 2026-03-10 (3条)
2026-03-17 11:36:41,701 - __main__ - INFO - 处理成功: 300750-2026-03-10-宁德时代-2025年年度报告.pdf
2026-03-17 11:36:41,701 - __main___file_only - INFO - 文件处理成功: 300750-2026-03-10-宁德时代-2025年年度报告.pdf (耗时: 21.40秒)
2026-03-17 11:36:42,238 - httpx - INFO - HTTP Request: DELETE https://dashscope.aliyuncs.com/compatible-mode/v1/files/file-fe-b091e0713f5f4361bbfb4e95 "HTTP/1.1 200 OK"
2026-03-17 11:36:42,239 - __main__ - INFO - 开始处理文件: 600605-2026-03-11-汇通能源-上海汇通能源股份有限公司2025年年度报告.pdf (文件ID: file-fe-2f2bb1df572f47bbb35997ef)
2026-03-17 11:36:42,375 - httpx - INFO - HTTP Request: DELETE https://dashscope.aliyuncs.com/compatible-mode/v1/files/file-fe-e198700259274ca1b2450fed "HTTP/1.1 200 OK"
2026-03-17 11:36:42,375 - __main__ - INFO - 开始处理文件: 600830-2026-03-07-香溢融通-香溢融通控股集团股份有限公司2025年年度报告.pdf (文件ID: file-fe-c7d0c40af65145999a8f1980)
2026-03-17 11:36:43,836 - httpx - INFO - HTTP Request: POST https://dashscope.aliyuncs.com/compatible-mode/v1/chat/completions "HTTP/1.1 400 Bad Request"
2026-03-17 11:36:43,836 - ai_service_enhanced - ERROR - AI服务调用失败: Error code: 400 - {'error': {'message': 'File [id:file-fe-f4f4c91ab96b429fa769dd50] parsing error.', 'type': 'invalid_request_error', 'param': None, 'code': 'invalid_parameter_error'}, 'id': 'chatcmpl-6cd64290-3923-9e34-bd83-d43706ac1cdb', 'request_id': '6cd64290-3923-9e34-bd83-d43706ac1cdb'}
2026-03-17 11:36:43,837 - ai_service_enhanced - WARNING - 检测到速率限制， 调整请求间隔为 3.00秒
2026-03-17 11:36:43,863 - httpx - INFO - HTTP Request: POST https://dashscope.aliyuncs.com/compatible-mode/v1/files "HTTP/1.1 200 OK"
2026-03-17 11:36:43,863 - ai_service_enhanced - INFO - 文件上传成功: E:\Project\年报公告自动切片\年报自动处理系统\年度报告\主要指标\603268-2026-03-10-ST松发-2025年年度报告.pdf (文件ID: file-fe-5acfa31f6ef9480394e065c2)
2026-03-17 11:36:43,863 - __main___file_only - INFO - 上传文件: 603268-2026-03-10-ST松发-2025年年度报告.pdf (大小: 0.61 MB, ID: file-fe-5acfa31f6ef9480394e065c2)
2026-03-17 11:36:43,884 - httpx - INFO - HTTP Request: POST https://dashscope.aliyuncs.com/compatible-mode/v1/files "HTTP/1.1 200 OK"
2026-03-17 11:36:43,885 - ai_service_enhanced - INFO - 文件上传成功: E:\Project\年报公告自动切片\年报自动处理系统\年度报告\主要指标\603103-2026-02-28-横店影视-横店影视股份有限公司2025年年度报告.pdf (文件ID: file-fe-6166892ff81149d18d19b76e)
2026-03-17 11:36:43,885 - __main___file_only - INFO - 上传文件: 603103-2026-02-28-横店影视-横店影视股份有限公司2025年年度报告.pdf (大小: 0.60 MB, ID: file-fe-6166892ff81149d18d19b76e)
2026-03-17 11:36:44,461 - httpx - INFO - HTTP Request: POST https://dashscope.aliyuncs.com/compatible-mode/v1/chat/completions "HTTP/1.1 200 OK"
2026-03-17 11:36:44,576 - __main___file_only - INFO - 找到数据: 300889 2026-03-07 (3条)
2026-03-17 11:36:44,576 - __main__ - INFO - 处理成功: 300889-2026-03-07-爱克股份-2025年年度报告.pdf
2026-03-17 11:36:44,576 - __main___file_only - INFO - 文件处理成功: 300889-2026-03-07-爱克股份-2025年年度报告.pdf (耗时: 20.25秒)
2026-03-17 11:36:45,158 - httpx - INFO - HTTP Request: DELETE https://dashscope.aliyuncs.com/compatible-mode/v1/files/file-fe-637d83c22d614c6a9b8c47a5 "HTTP/1.1 200 OK"
2026-03-17 11:36:45,159 - __main__ - INFO - 开始处理文件: 600963-2026-03-11-岳阳林纸-岳阳林纸股份有限公司2025年年度报告.pdf (文件ID: file-fe-6bda724f93704097b2f081cd)
2026-03-17 11:36:46,974 - httpx - INFO - HTTP Request: POST https://dashscope.aliyuncs.com/compatible-mode/v1/files "HTTP/1.1 200 OK"
2026-03-17 11:36:46,975 - ai_service_enhanced - INFO - 文件上传成功: E:\Project\年报公告自动切片\年报自动处理系统\年度报告\主要指标\603317-2026-03-12-天味食品-2025年年度报告.pdf (文件ID: file-fe-4ddced14a10a4f1fad5bdbed)
2026-03-17 11:36:46,975 - __main___file_only - INFO - 上传文件: 603317-2026-03-12-天味食品-2025年年度报告.pdf (大小: 0.59 MB, ID: file-fe-4ddced14a10a4f1fad5bdbed)
2026-03-17 11:36:47,025 - httpx - INFO - HTTP Request: POST https://dashscope.aliyuncs.com/compatible-mode/v1/files "HTTP/1.1 200 OK"
2026-03-17 11:36:47,026 - ai_service_enhanced - INFO - 文件上传成功: E:\Project\年报公告自动切片\年报自动处理系统\年度报告\主要指标\603316-2026-03-07-诚邦股份-诚邦生态环境股份有限公司2025年年度报告.pdf (文件ID: file-fe-8b0798d9bddf4618a7dc1322)
2026-03-17 11:36:47,026 - __main___file_only - INFO - 上传文件: 603316-2026-03-07-诚邦股份-诚邦生态环境股份有限公司2025年年度报告.pdf (大小: 0.58 MB, ID: file-fe-8b0798d9bddf4618a7dc1322)
2026-03-17 11:36:47,101 - httpx - INFO - HTTP Request: POST https://dashscope.aliyuncs.com/compatible-mode/v1/chat/completions "HTTP/1.1 400 Bad Request"
2026-03-17 11:36:47,102 - ai_service_enhanced - ERROR - AI服务调用失败: Error code: 400 - {'error': {'message': 'File [id:file-fe-e794dc91799442eaab56b680] parsing error.', 'type': 'invalid_request_error', 'param': None, 'code': 'invalid_parameter_error'}, 'id': 'chatcmpl-f25dca74-ca67-9d99-9e71-08ccfb49563c', 'request_id': 'f25dca74-ca67-9d99-9e71-08ccfb49563c'}
2026-03-17 11:36:47,102 - __main__ - ERROR - AI数据提取失败: 300033-2026-03-10-同花顺-2025年年度报告.pdf - Error code: 400 - {'error': {'message': 'File [id:file-fe-e794dc91799442eaab56b680] parsing error.', 'type': 'invalid_request_error', 'param': None, 'code': 'invalid_parameter_error'}, 'id': 'chatcmpl-f25dca74-ca67-9d99-9e71-08ccfb49563c', 'request_id': 'f25dca74-ca67-9d99-9e71-08ccfb49563c'}
2026-03-17 11:36:47,103 - __main__ - WARNING - 文件处理失败: 300033-2026-03-10-同花顺-2025年年度报告.pdf (耗时: 31.71秒)
2026-03-17 11:36:47,781 - httpx - INFO - HTTP Request: DELETE https://dashscope.aliyuncs.com/compatible-mode/v1/files/file-fe-e794dc91799442eaab56b680 "HTTP/1.1 200 OK"
2026-03-17 11:36:47,781 - __main__ - INFO - 开始处理文件: 600989-2026-03-13-宝丰能源-宁夏宝丰能源集团股份有限公司2025年年度报告.pdf (文件ID: file-fe-459960cb77c742599fcd4cca)
2026-03-17 11:36:50,067 - httpx - INFO - HTTP Request: POST https://dashscope.aliyuncs.com/compatible-mode/v1/chat/completions "HTTP/1.1 400 Bad Request"
2026-03-17 11:36:50,068 - ai_service_enhanced - ERROR - AI服务调用失败: Error code: 400 - {'error': {'message': 'File [id:file-fe-f4f4c91ab96b429fa769dd50] parsing error.', 'type': 'invalid_request_error', 'param': None, 'code': 'invalid_parameter_error'}, 'id': 'chatcmpl-feb2b598-e63c-9a2e-b4ec-8dd909a4fac1', 'request_id': 'feb2b598-e63c-9a2e-b4ec-8dd909a4fac1'}
2026-03-17 11:36:50,068 - ai_service_enhanced - WARNING - 检测到速率限制， 调整请求间隔为 3.00秒
2026-03-17 11:36:50,068 - __main__ - ERROR - AI数据提取失败: 300236-2026-03-13-上海新阳-2025年年度报告.pdf - Error code: 400 - {'error': {'message': 'File [id:file-fe-f4f4c91ab96b429fa769dd50] parsing error.', 'type': 'invalid_request_error', 'param': None, 'code': 'invalid_parameter_error'}, 'id': 'chatcmpl-feb2b598-e63c-9a2e-b4ec-8dd909a4fac1', 'request_id': 'feb2b598-e63c-9a2e-b4ec-8dd909a4fac1'}
2026-03-17 11:36:50,069 - __main__ - WARNING - 文件处理失败: 300236-2026-03-13-上海新阳-2025年年度报告.pdf (耗时: 33.48秒)
2026-03-17 11:36:50,256 - httpx - INFO - HTTP Request: POST https://dashscope.aliyuncs.com/compatible-mode/v1/files "HTTP/1.1 200 OK"
2026-03-17 11:36:50,257 - ai_service_enhanced - INFO - 文件上传成功: E:\Project\年报公告自动切片\年报自动处理系统\年度报告\主要指标\603558-2026-03-13-健盛集团-健盛集团2025年度报告.pdf (文件ID: file-fe-b1afeef275b14338b4f9afdd)
2026-03-17 11:36:50,257 - __main___file_only - INFO - 上传文件: 603558-2026-03-13-健盛集团-健盛集团2025年度报告.pdf (大小: 1.37 MB, ID: file-fe-b1afeef275b14338b4f9afdd)
2026-03-17 11:36:50,485 - httpx - INFO - HTTP Request: POST https://dashscope.aliyuncs.com/compatible-mode/v1/files "HTTP/1.1 200 OK"
2026-03-17 11:36:50,485 - ai_service_enhanced - INFO - 文件上传成功: E:\Project\年报公告自动切片\年报自动处理系统\年度报告\主要指标\603588-2026-03-13-高能环境-高能环境2025年年度报告.pdf (文件ID: file-fe-b2269216f24a44a69d89e8aa)
2026-03-17 11:36:50,486 - __main___file_only - INFO - 上传文件: 603588-2026-03-13-高能环境-高能环境2025年年度报告.pdf (大小: 0.58 MB, ID: file-fe-b2269216f24a44a69d89e8aa)
2026-03-17 11:36:50,660 - httpx - INFO - HTTP Request: DELETE https://dashscope.aliyuncs.com/compatible-mode/v1/files/file-fe-f4f4c91ab96b429fa769dd50 "HTTP/1.1 200 OK"
2026-03-17 11:36:50,660 - __main__ - INFO - 开始处理文件: 601138-2026-03-11-工业富联-富士康工业互联网股份有限公司2025年年度报告.pdf (文件ID: file-fe-50862806a445417890ec6fb9)
2026-03-17 11:36:50,680 - httpx - INFO - HTTP Request: POST https://dashscope.aliyuncs.com/compatible-mode/v1/chat/completions "HTTP/1.1 200 OK"
2026-03-17 11:36:50,765 - __main___file_only - INFO - 找到数据: 301087 2026-03-10 (3条)
2026-03-17 11:36:50,765 - __main__ - INFO - 处理成功: 301087-2026-03-10-可孚医疗-2025年年度报告.pdf
2026-03-17 11:36:50,765 - __main___file_only - INFO - 文件处理成功: 301087-2026-03-10-可孚医疗-2025年年度报告.pdf (耗时: 21.21秒)
2026-03-17 11:36:51,473 - httpx - INFO - HTTP Request: DELETE https://dashscope.aliyuncs.com/compatible-mode/v1/files/file-fe-5cfba192bd1f444496f1d577 "HTTP/1.1 200 OK"
2026-03-17 11:36:51,473 - __main__ - INFO - 开始处理文件: 603005-2026-02-28-晶方科技-晶方科技2025年年度报告.pdf (文件ID: file-fe-14ef18ebcdc74daabfe501ea)
2026-03-17 11:36:52,763 - httpx - INFO - HTTP Request: POST https://dashscope.aliyuncs.com/compatible-mode/v1/chat/completions "HTTP/1.1 200 OK"
2026-03-17 11:36:52,836 - httpx - INFO - HTTP Request: POST https://dashscope.aliyuncs.com/compatible-mode/v1/chat/completions "HTTP/1.1 200 OK"
2026-03-17 11:36:52,877 - __main___file_only - INFO - 找到数据: 600132 2026-03-11 (3条)
2026-03-17 11:36:52,877 - __main__ - INFO - 处理成功: 600132-2026-03-11-重庆啤酒-重庆啤酒股份有限公司2025年年度报告.pdf
2026-03-17 11:36:52,877 - __main___file_only - INFO - 文件处理成功: 600132-2026-03-11-重庆啤酒-重庆啤酒股份有限公司2025年年度报告.pdf (耗时: 19.08秒)
2026-03-17 11:36:52,940 - __main___file_only - INFO - 找到数据: 300995 2026-03-12 (3条)
2026-03-17 11:36:52,941 - __main__ - INFO - 处理成功: 300995-2026-03-12-奇德新材-2025年年度报告.pdf
2026-03-17 11:36:52,941 - __main___file_only - INFO - 文件处理成功: 300995-2026-03-12-奇德新材-2025年年度报告.pdf (耗时: 21.38秒)
2026-03-17 11:36:52,963 - httpx - INFO - HTTP Request: POST https://dashscope.aliyuncs.com/compatible-mode/v1/chat/completions "HTTP/1.1 200 OK"
2026-03-17 11:36:53,029 - httpx - INFO - HTTP Request: POST https://dashscope.aliyuncs.com/compatible-mode/v1/chat/completions "HTTP/1.1 200 OK"
2026-03-17 11:36:53,058 - __main___file_only - INFO - 找到数据: 600113 2026-03-07 (3条)
2026-03-17 11:36:53,058 - __main__ - INFO - 处理成功: 600113-2026-03-07-浙江东日-浙江东日股份有限公司2025年年度报告（全文）.pdf
2026-03-17 11:36:53,058 - __main___file_only - INFO - 文件处理成功: 600113-2026-03-07-浙江东日-浙江东日股份有限公司2025年年度报告（全文）.pdf (耗时: 21.43秒)
2026-03-17 11:36:53,109 - __main___file_only - INFO - 找到数据: 301536 2026-03-10 (3条)
2026-03-17 11:36:53,109 - __main__ - INFO - 处理成功: 301536-2026-03-10-星宸科技-2025年年度报告.pdf
2026-03-17 11:36:53,109 - __main___file_only - INFO - 文件处理成功: 301536-2026-03-10-星宸科技-2025年年度报告.pdf (耗时: 21.19秒)
2026-03-17 11:36:53,277 - httpx - INFO - HTTP Request: POST https://dashscope.aliyuncs.com/compatible-mode/v1/files "HTTP/1.1 200 OK"
2026-03-17 11:36:53,277 - httpx - INFO - HTTP Request: POST https://dashscope.aliyuncs.com/compatible-mode/v1/files "HTTP/1.1 200 OK"
2026-03-17 11:36:53,278 - ai_service_enhanced - INFO - 文件上传成功: E:\Project\年报公告自动切片\年报自动处理系统\年度报告\主要指标\603682-2026-02-28-锦和商管-上海锦和商业经营管理（集团）股份有限公司2025年年度报告.pdf (文件ID: file-fe-c40eeb5d5f8d4ed8ababb6c7)
2026-03-17 11:36:53,278 - ai_service_enhanced - INFO - 文件上传成功: E:\Project\年报公告自动切片\年报自动处理系统\年度报告\主要指标\603659-2026-03-06-璞泰来-上海璞泰来新能源科技集团股份有限公司2025年年度报告.pdf (文件ID: file-fe-c394688e7ff840cd89e92d67)
2026-03-17 11:36:53,278 - __main___file_only - INFO - 上传文件: 603682-2026-02-28-锦和商管-上海锦和商业经营管理（集团）股份有限公司2025年年度报告.pdf (大小: 0.56 MB, ID: file-fe-c40eeb5d5f8d4ed8ababb6c7)
2026-03-17 11:36:53,279 - __main___file_only - INFO - 上传文件: 603659-2026-03-06-璞泰来-上海璞泰来新能源科技集团股份有限公司2025年年度报告.pdf (大小: 0.59 MB, ID: file-fe-c394688e7ff840cd89e92d67)
2026-03-17 11:36:53,545 - httpx - INFO - HTTP Request: DELETE https://dashscope.aliyuncs.com/compatible-mode/v1/files/file-fe-7c7ee768840b4280bfdb6e62 "HTTP/1.1 200 OK"
2026-03-17 11:36:53,545 - __main__ - INFO - 开始处理文件: 603007-2026-03-06-ST花王-2025年年度报告.pdf (文件ID: file-fe-c366b172eaa14e96b81c8325)
2026-03-17 11:36:53,559 - httpx - INFO - HTTP Request: DELETE https://dashscope.aliyuncs.com/compatible-mode/v1/files/file-fe-d5e53ec278b448689615bcb4 "HTTP/1.1 200 OK"
2026-03-17 11:36:53,559 - __main__ - INFO - 开始处理文件: 603061-2026-03-11-金海通-2025年年度报告.pdf (文件ID: file-fe-2e7d0f24504947c7aa1aa345)
2026-03-17 11:36:53,580 - httpx - INFO - HTTP Request: POST https://dashscope.aliyuncs.com/compatible-mode/v1/chat/completions "HTTP/1.1 200 OK"
2026-03-17 11:36:53,696 - __main___file_only - INFO - 找到数据: 600211 2026-03-13 (3条)
2026-03-17 11:36:53,696 - __main__ - INFO - 处理成功: 600211-2026-03-13-西藏药业-西藏药业2025年年度报告.pdf
2026-03-17 11:36:53,696 - __main___file_only - INFO - 文件处理成功: 600211-2026-03-13-西藏药业-西藏药业2025年年度报告.pdf (耗时: 21.42秒)
2026-03-17 11:36:53,740 - httpx - INFO - HTTP Request: DELETE https://dashscope.aliyuncs.com/compatible-mode/v1/files/file-fe-b70875c8877a4a2e9d7923ce "HTTP/1.1 200 OK"
2026-03-17 11:36:53,741 - __main__ - INFO - 开始处理文件: 603031-2026-03-10-安孚科技-安徽安孚电池科技股份有限公司2025年年度报告.pdf (文件ID: file-fe-7f2e456c31d3485bad87d92f)
2026-03-17 11:36:53,752 - httpx - INFO - HTTP Request: DELETE https://dashscope.aliyuncs.com/compatible-mode/v1/files/file-fe-9c1b1e75d6ec443dad8db6fb "HTTP/1.1 200 OK"
2026-03-17 11:36:53,752 - __main__ - INFO - 开始处理文件: 603268-2026-03-10-ST松发-2025年年度报告.pdf (文件ID: file-fe-5acfa31f6ef9480394e065c2)
2026-03-17 11:36:54,414 - httpx - INFO - HTTP Request: DELETE https://dashscope.aliyuncs.com/compatible-mode/v1/files/file-fe-b676d3bca75046a399286ef3 "HTTP/1.1 200 OK"
2026-03-17 11:36:54,414 - __main__ - INFO - 开始处理文件: 603103-2026-02-28-横店影视-横店影视股份有限公司2025年年度报告.pdf (文件ID: file-fe-6166892ff81149d18d19b76e)
2026-03-17 11:36:55,445 - httpx - INFO - HTTP Request: POST https://dashscope.aliyuncs.com/compatible-mode/v1/chat/completions "HTTP/1.1 200 OK"
2026-03-17 11:36:55,529 - __main___file_only - INFO - 找到数据: 600539 2026-02-28 (3条)
2026-03-17 11:36:55,529 - __main__ - INFO - 处理成功: 600539-2026-02-28-狮头股份-2025年年度报告.pdf
2026-03-17 11:36:55,529 - __main___file_only - INFO - 文件处理成功: 600539-2026-02-28-狮头股份-2025年年度报告.pdf (耗时: 19.63秒)
2026-03-17 11:36:56,160 - httpx - INFO - HTTP Request: DELETE https://dashscope.aliyuncs.com/compatible-mode/v1/files/file-fe-cac6aaed3aee4c28a33e8375 "HTTP/1.1 200 OK"
2026-03-17 11:36:56,161 - __main__ - INFO - 开始处理文件: 603317-2026-03-12-天味食品-2025年年度报告.pdf (文件ID: file-fe-4ddced14a10a4f1fad5bdbed)
2026-03-17 11:36:56,291 - httpx - INFO - HTTP Request: POST https://dashscope.aliyuncs.com/compatible-mode/v1/chat/completions "HTTP/1.1 200 OK"
2026-03-17 11:36:56,388 - __main___file_only - INFO - 找到数据: 600299 2026-03-07 (3条)
2026-03-17 11:36:56,388 - __main__ - INFO - 处理成功: 600299-2026-03-07-安迪苏-安迪苏2025年年度报告.pdf
2026-03-17 11:36:56,388 - __main___file_only - INFO - 文件处理成功: 600299-2026-03-07-安迪苏-安迪苏2025年年度报告.pdf (耗时: 21.44秒)
2026-03-17 11:36:56,420 - httpx - INFO - HTTP Request: POST https://dashscope.aliyuncs.com/compatible-mode/v1/files "HTTP/1.1 200 OK"
2026-03-17 11:36:56,420 - ai_service_enhanced - INFO - 文件上传成功: E:\Project\年报公告自动切片\年报自动处理系统\年度报告\主要指标\603929-2026-03-13-亚翔集成-公司2025年年度报告全文.pdf (文件ID: file-fe-62d5d4db403a462fadeef919)
2026-03-17 11:36:56,421 - __main___file_only - INFO - 上传文件: 603929-2026-03-13-亚翔集成-公司2025年年度报告全文.pdf (大小: 0.63 MB, ID: file-fe-62d5d4db403a462fadeef919)
2026-03-17 11:36:56,423 - httpx - INFO - HTTP Request: POST https://dashscope.aliyuncs.com/compatible-mode/v1/files "HTTP/1.1 200 OK"
2026-03-17 11:36:56,424 - ai_service_enhanced - INFO - 文件上传成功: E:\Project\年报公告自动切片\年报自动处理系统\年度报告\主要指标\605299-2026-03-11-舒华体育-舒华体育股份有限公司2025年年度报告.pdf (文件ID: file-fe-b1c9618822a84a398a20f690)
2026-03-17 11:36:56,424 - __main___file_only - INFO - 上传文件: 605299-2026-03-11-舒华体育-舒华体育股份有限公司2025年年度报告.pdf (大小: 0.58 MB, ID: file-fe-b1c9618822a84a398a20f690)
2026-03-17 11:36:56,922 - httpx - INFO - HTTP Request: POST https://dashscope.aliyuncs.com/compatible-mode/v1/chat/completions "HTTP/1.1 200 OK"
2026-03-17 11:36:57,020 - httpx - INFO - HTTP Request: DELETE https://dashscope.aliyuncs.com/compatible-mode/v1/files/file-fe-866a0319664a49369149724a "HTTP/1.1 200 OK"
2026-03-17 11:36:57,020 - __main__ - INFO - 开始处理文件: 603316-2026-03-07-诚邦股份-诚邦生态环境股份有限公司2025年年度报告.pdf (文件ID: file-fe-8b0798d9bddf4618a7dc1322)
2026-03-17 11:36:57,032 - __main___file_only - INFO - 找到数据: 600433 2026-03-11 (3条)
2026-03-17 11:36:57,033 - __main__ - INFO - 处理成功: 600433-2026-03-11-冠豪高新-冠豪高新2025年年度报告.pdf
2026-03-17 11:36:57,033 - __main___file_only - INFO - 文件处理成功: 600433-2026-03-11-冠豪高新-冠豪高新2025年年度报告.pdf (耗时: 22.63秒)
2026-03-17 11:36:57,636 - httpx - INFO - HTTP Request: DELETE https://dashscope.aliyuncs.com/compatible-mode/v1/files/file-fe-b8d016cbcdf347b08e8f879d "HTTP/1.1 200 OK"
2026-03-17 11:36:57,637 - __main__ - INFO - 开始处理文件: 603558-2026-03-13-健盛集团-健盛集团2025年度报告.pdf (文件ID: file-fe-b1afeef275b14338b4f9afdd)
2026-03-17 11:36:59,221 - httpx - INFO - HTTP Request: POST https://dashscope.aliyuncs.com/compatible-mode/v1/chat/completions "HTTP/1.1 200 OK"
2026-03-17 11:36:59,316 - __main___file_only - INFO - 找到数据: 600529 2026-03-07 (3条)
2026-03-17 11:36:59,316 - __main__ - INFO - 处理成功: 600529-2026-03-07-山东药玻-山东省药用玻璃股份有限公司2025年年度报告.pdf
2026-03-17 11:36:59,316 - __main___file_only - INFO - 文件处理成功: 600529-2026-03-07-山东药玻-山东省药用玻璃股份有限公司2025年年度报告.pdf (耗时: 20.16秒)
2026-03-17 11:36:59,588 - httpx - INFO - HTTP Request: POST https://dashscope.aliyuncs.com/compatible-mode/v1/files "HTTP/1.1 200 OK"
2026-03-17 11:36:59,588 - ai_service_enhanced - INFO - 文件上传成功: E:\Project\年报公告自动切片\年报自动处理系统\年度报告\主要指标\605339-2026-03-10-南侨食品-南侨食品集团（上海）股份有限公司2025年年度报告.pdf (文件ID: file-fe-cb77abea4a8442a09d0b4aea)
2026-03-17 11:36:59,589 - __main___file_only - INFO - 上传文件: 605339-2026-03-10-南侨食品-南侨食品集团（上海）股份有限公司2025年年度报告.pdf (大小: 0.51 MB, ID: file-fe-cb77abea4a8442a09d0b4aea)
2026-03-17 11:36:59,593 - httpx - INFO - HTTP Request: POST https://dashscope.aliyuncs.com/compatible-mode/v1/files "HTTP/1.1 200 OK"
2026-03-17 11:36:59,594 - ai_service_enhanced - INFO - 文件上传成功: E:\Project\年报公告自动切片\年报自动处理系统\年度报告\主要指标\688082-2026-02-27-盛美上海-2025年度报告全文.pdf (文件ID: file-fe-bd68fd1d672f49f99d4b695b)
2026-03-17 11:36:59,594 - __main___file_only - INFO - 上传文件: 688082-2026-02-27-盛美上海-2025年度报告全文.pdf (大小: 0.64 MB, ID: file-fe-bd68fd1d672f49f99d4b695b)
2026-03-17 11:36:59,924 - httpx - INFO - HTTP Request: DELETE https://dashscope.aliyuncs.com/compatible-mode/v1/files/file-fe-7421e4cfe63c4da4b1d44bee "HTTP/1.1 200 OK"
2026-03-17 11:36:59,924 - __main__ - INFO - 开始处理文件: 603588-2026-03-13-高能环境-高能环境2025年年度报告.pdf (文件ID: file-fe-b2269216f24a44a69d89e8aa)
2026-03-17 11:37:01,910 - httpx - INFO - HTTP Request: POST https://dashscope.aliyuncs.com/compatible-mode/v1/chat/completions "HTTP/1.1 200 OK"
2026-03-17 11:37:01,992 - __main___file_only - INFO - 找到数据: 600605 2026-03-11 (3条)
2026-03-17 11:37:01,992 - __main__ - INFO - 处理成功: 600605-2026-03-11-汇通能源-上海汇通能源股份有限公司2025年年度报告.pdf
2026-03-17 11:37:01,992 - __main___file_only - INFO - 文件处理成功: 600605-2026-03-11-汇通能源-上海汇通能源股份有限公司2025年年度报告.pdf (耗时: 19.75秒)
2026-03-17 11:37:02,613 - httpx - INFO - HTTP Request: POST https://dashscope.aliyuncs.com/compatible-mode/v1/files "HTTP/1.1 200 OK"
2026-03-17 11:37:02,614 - ai_service_enhanced - INFO - 文件上传成功: E:\Project\年报公告自动切片\年报自动处理系统\年度报告\主要指标\688100-2026-02-28-威胜信息-威胜信息2025年年度报告.pdf (文件ID: file-fe-f25e40e43f7e432a90e0d3ee)
2026-03-17 11:37:02,614 - __main___file_only - INFO - 上传文件: 688100-2026-02-28-威胜信息-威胜信息2025年年度报告.pdf (大小: 0.57 MB, ID: file-fe-f25e40e43f7e432a90e0d3ee)
2026-03-17 11:37:02,684 - httpx - INFO - HTTP Request: DELETE https://dashscope.aliyuncs.com/compatible-mode/v1/files/file-fe-2f2bb1df572f47bbb35997ef "HTTP/1.1 200 OK"
2026-03-17 11:37:02,685 - __main__ - INFO - 开始处理文件: 603682-2026-02-28-锦和商管-上海锦和商业经营管理（集团）股份有限公司2025年年度报告.pdf (文件ID: file-fe-c40eeb5d5f8d4ed8ababb6c7)
2026-03-17 11:37:02,823 - httpx - INFO - HTTP Request: POST https://dashscope.aliyuncs.com/compatible-mode/v1/files "HTTP/1.1 200 OK"
2026-03-17 11:37:02,823 - ai_service_enhanced - INFO - 文件上传成功: E:\Project\年报公告自动切片\年报自动处理系统\年度报告\主要指标\688230-2026-02-03-芯导科技-2025年年度报告.pdf (文件ID: file-fe-b6b1ca89153d4378913e7612)
2026-03-17 11:37:02,823 - __main___file_only - INFO - 上传文件: 688230-2026-02-03-芯导科技-2025年年度报告.pdf (大小: 0.58 MB, ID: file-fe-b6b1ca89153d4378913e7612)
2026-03-17 11:37:02,976 - httpx - INFO - HTTP Request: POST https://dashscope.aliyuncs.com/compatible-mode/v1/chat/completions "HTTP/1.1 200 OK"
2026-03-17 11:37:03,060 - __main___file_only - INFO - 找到数据: 600765 2026-03-13 (3条)
2026-03-17 11:37:03,060 - __main__ - INFO - 处理成功: 600765-2026-03-13-中航重机-中航重机2025年年度报告.pdf
2026-03-17 11:37:03,060 - __main___file_only - INFO - 文件处理成功: 600765-2026-03-13-中航重机-中航重机2025年年度报告.pdf (耗时: 22.68秒)
2026-03-17 11:37:03,133 - httpx - INFO - HTTP Request: POST https://dashscope.aliyuncs.com/compatible-mode/v1/chat/completions "HTTP/1.1 200 OK"
2026-03-17 11:37:03,222 - __main___file_only - INFO - 找到数据: 600830 2026-03-07 (3条)
2026-03-17 11:37:03,223 - __main__ - INFO - 处理成功: 600830-2026-03-07-香溢融通-香溢融通控股集团股份有限公司2025年年度报告.pdf
2026-03-17 11:37:03,223 - __main___file_only - INFO - 文件处理成功: 600830-2026-03-07-香溢融通-香溢融通控股集团股份有限公司2025年年度报告.pdf (耗时: 20.85秒)
2026-03-17 11:37:03,744 - httpx - INFO - HTTP Request: DELETE https://dashscope.aliyuncs.com/compatible-mode/v1/files/file-fe-c63e96764470410fac7d1fba "HTTP/1.1 200 OK"
2026-03-17 11:37:03,745 - __main__ - INFO - 开始处理文件: 603659-2026-03-06-璞泰来-上海璞泰来新能源科技集团股份有限公司2025年年度报告.pdf (文件ID: file-fe-c394688e7ff840cd89e92d67)
2026-03-17 11:37:03,983 - httpx - INFO - HTTP Request: DELETE https://dashscope.aliyuncs.com/compatible-mode/v1/files/file-fe-c7d0c40af65145999a8f1980 "HTTP/1.1 200 OK"
2026-03-17 11:37:03,985 - __main__ - INFO - 开始处理文件: 603929-2026-03-13-亚翔集成-公司2025年年度报告全文.pdf (文件ID: file-fe-62d5d4db403a462fadeef919)
2026-03-17 11:37:05,758 - httpx - INFO - HTTP Request: POST https://dashscope.aliyuncs.com/compatible-mode/v1/files "HTTP/1.1 200 OK"
2026-03-17 11:37:05,760 - ai_service_enhanced - INFO - 文件上传成功: E:\Project\年报公告自动切片\年报自动处理系统\年度报告\主要指标\688256-2026-03-13-寒武纪-2025年年度报告.pdf (文件ID: file-fe-e64bc5711898423cab137e5f)
2026-03-17 11:37:05,761 - __main___file_only - INFO - 上传文件: 688256-2026-03-13-寒武纪-2025年年度报告.pdf (大小: 0.51 MB, ID: file-fe-e64bc5711898423cab137e5f)
2026-03-17 11:37:05,904 - httpx - INFO - HTTP Request: POST https://dashscope.aliyuncs.com/compatible-mode/v1/files "HTTP/1.1 200 OK"
2026-03-17 11:37:05,905 - ai_service_enhanced - INFO - 文件上传成功: E:\Project\年报公告自动切片\年报自动处理系统\年度报告\主要指标\688345-2026-03-10-博力威-广东博力威科技股份有限公司2025年年度报告.pdf (文件ID: file-fe-0090e702167a43e78acf81d1)
2026-03-17 11:37:05,905 - __main___file_only - INFO - 上传文件: 688345-2026-03-10-博力威-广东博力威科技股份有限公司2025年年度报告.pdf (大小: 0.59 MB, ID: file-fe-0090e702167a43e78acf81d1)
2026-03-17 11:37:08,918 - httpx - INFO - HTTP Request: POST https://dashscope.aliyuncs.com/compatible-mode/v1/files "HTTP/1.1 200 OK"
2026-03-17 11:37:08,919 - ai_service_enhanced - INFO - 文件上传成功: E:\Project\年报公告自动切片\年报自动处理系统\年度报告\主要指标\688511-2026-02-28-ST天微-2025年年度报告.pdf (文件ID: file-fe-7f51c98e21b040fc9f3cd280)
2026-03-17 11:37:08,919 - __main___file_only - INFO - 上传文件: 688511-2026-02-28-ST天微-2025年年度报告.pdf (大小: 0.57 MB, ID: file-fe-7f51c98e21b040fc9f3cd280)
2026-03-17 11:37:08,958 - httpx - INFO - HTTP Request: POST https://dashscope.aliyuncs.com/compatible-mode/v1/files "HTTP/1.1 200 OK"
2026-03-17 11:37:08,958 - ai_service_enhanced - INFO - 文件上传成功: E:\Project\年报公告自动切片\年报自动处理系统\年度报告\主要指标\920060-2026-03-09-万源通-2025年年度报告.pdf (文件ID: file-fe-919b73732eb642ab92f18e27)
2026-03-17 11:37:08,958 - __main___file_only - INFO - 上传文件: 920060-2026-03-09-万源通-2025年年度报告.pdf (大小: 0.78 MB, ID: file-fe-919b73732eb642ab92f18e27)
2026-03-17 11:37:09,471 - httpx - INFO - HTTP Request: POST https://dashscope.aliyuncs.com/compatible-mode/v1/chat/completions "HTTP/1.1 200 OK"
2026-03-17 11:37:09,559 - __main___file_only - INFO - 找到数据: 600989 2026-03-13 (3条)
2026-03-17 11:37:09,559 - __main__ - INFO - 处理成功: 600989-2026-03-13-宝丰能源-宁夏宝丰能源集团股份有限公司2025年年度报告.pdf
2026-03-17 11:37:09,559 - __main___file_only - INFO - 文件处理成功: 600989-2026-03-13-宝丰能源-宁夏宝丰能源集团股份有限公司2025年年度报告.pdf (耗时: 21.78秒)
2026-03-17 11:37:10,246 - httpx - INFO - HTTP Request: DELETE https://dashscope.aliyuncs.com/compatible-mode/v1/files/file-fe-459960cb77c742599fcd4cca "HTTP/1.1 200 OK"
2026-03-17 11:37:10,247 - __main__ - INFO - 开始处理文件: 605299-2026-03-11-舒华体育-舒华体育股份有限公司2025年年度报告.pdf (文件ID: file-fe-b1c9618822a84a398a20f690)
2026-03-17 11:37:11,360 - httpx - INFO - HTTP Request: POST https://dashscope.aliyuncs.com/compatible-mode/v1/chat/completions "HTTP/1.1 200 OK"
2026-03-17 11:37:11,465 - __main___file_only - INFO - 找到数据: 601138 2026-03-11 (3条)
2026-03-17 11:37:11,465 - __main__ - INFO - 处理成功: 601138-2026-03-11-工业富联-富士康工业互联网股份有限公司2025年年度报告.pdf
2026-03-17 11:37:11,465 - __main___file_only - INFO - 文件处理成功: 601138-2026-03-11-工业富联-富士康工业互联网股份有限公司2025年年度报告.pdf (耗时: 20.81秒)
2026-03-17 11:37:12,074 - httpx - INFO - HTTP Request: POST https://dashscope.aliyuncs.com/compatible-mode/v1/files "HTTP/1.1 200 OK"
2026-03-17 11:37:12,075 - ai_service_enhanced - INFO - 文件上传成功: E:\Project\年报公告自动切片\年报自动处理系统\年度报告\主要指标\920735-2026-03-05-德源药业-2025年年度报告.pdf (文件ID: file-fe-07facd0a8dba48ab8c7fc65f)
2026-03-17 11:37:12,075 - __main___file_only - INFO - 上传文件: 920735-2026-03-05-德源药业-2025年年度报告.pdf (大小: 1.67 MB, ID: file-fe-07facd0a8dba48ab8c7fc65f)
2026-03-17 11:37:12,102 - httpx - INFO - HTTP Request: DELETE https://dashscope.aliyuncs.com/compatible-mode/v1/files/file-fe-50862806a445417890ec6fb9 "HTTP/1.1 200 OK"
2026-03-17 11:37:12,102 - __main__ - INFO - 开始处理文件: 605339-2026-03-10-南侨食品-南侨食品集团（上海）股份有限公司2025年年度报告.pdf (文件ID: file-fe-cb77abea4a8442a09d0b4aea)
2026-03-17 11:37:12,215 - httpx - INFO - HTTP Request: POST https://dashscope.aliyuncs.com/compatible-mode/v1/chat/completions "HTTP/1.1 200 OK"
2026-03-17 11:37:12,318 - __main___file_only - INFO - 找到数据: 603005 2026-02-28 (3条)
2026-03-17 11:37:12,318 - __main__ - INFO - 处理成功: 603005-2026-02-28-晶方科技-晶方科技2025年年度报告.pdf
2026-03-17 11:37:12,318 - __main___file_only - INFO - 文件处理成功: 603005-2026-02-28-晶方科技-晶方科技2025年年度报告.pdf (耗时: 20.84秒)
2026-03-17 11:37:12,903 - httpx - INFO - HTTP Request: DELETE https://dashscope.aliyuncs.com/compatible-mode/v1/files/file-fe-14ef18ebcdc74daabfe501ea "HTTP/1.1 200 OK"
2026-03-17 11:37:12,904 - __main__ - INFO - 开始处理文件: 688082-2026-02-27-盛美上海-2025年度报告全文.pdf (文件ID: file-fe-bd68fd1d672f49f99d4b695b)
2026-03-17 11:37:13,495 - httpx - INFO - HTTP Request: POST https://dashscope.aliyuncs.com/compatible-mode/v1/chat/completions "HTTP/1.1 200 OK"
2026-03-17 11:37:13,605 - httpx - INFO - HTTP Request: POST https://dashscope.aliyuncs.com/compatible-mode/v1/chat/completions "HTTP/1.1 200 OK"
2026-03-17 11:37:13,606 - __main___file_only - INFO - 找到数据: 600963 2026-03-11 (3条)
2026-03-17 11:37:13,607 - __main__ - INFO - 处理成功: 600963-2026-03-11-岳阳林纸-岳阳林纸股份有限公司2025年年度报告.pdf
2026-03-17 11:37:13,608 - __main___file_only - INFO - 文件处理成功: 600963-2026-03-11-岳阳林纸-岳阳林纸股份有限公司2025年年度报告.pdf (耗时: 28.45秒)
2026-03-17 11:37:13,706 - __main___file_only - INFO - 找到数据: 603007 2026-03-06 (3条)
2026-03-17 11:37:13,707 - __main__ - INFO - 处理成功: 603007-2026-03-06-ST花王-2025年年度报告.pdf
2026-03-17 11:37:13,707 - __main___file_only - INFO - 文件处理成功: 603007-2026-03-06-ST花王-2025年年度报告.pdf (耗时: 20.16秒)
2026-03-17 11:37:14,011 - httpx - INFO - HTTP Request: POST https://dashscope.aliyuncs.com/compatible-mode/v1/chat/completions "HTTP/1.1 200 OK"
2026-03-17 11:37:14,099 - __main___file_only - INFO - 找到数据: 603268 2026-03-10 (3条)
2026-03-17 11:37:14,100 - __main__ - INFO - 处理成功: 603268-2026-03-10-ST松发-2025年年度报告.pdf
2026-03-17 11:37:14,100 - __main___file_only - INFO - 文件处理成功: 603268-2026-03-10-ST松发-2025年年度报告.pdf (耗时: 20.35秒)
2026-03-17 11:37:14,247 - httpx - INFO - HTTP Request: DELETE https://dashscope.aliyuncs.com/compatible-mode/v1/files/file-fe-6bda724f93704097b2f081cd "HTTP/1.1 200 OK"
2026-03-17 11:37:14,247 - __main__ - INFO - 开始处理文件: 688100-2026-02-28-威胜信息-威胜信息2025年年度报告.pdf (文件ID: file-fe-f25e40e43f7e432a90e0d3ee)
2026-03-17 11:37:14,410 - httpx - INFO - HTTP Request: DELETE https://dashscope.aliyuncs.com/compatible-mode/v1/files/file-fe-c366b172eaa14e96b81c8325 "HTTP/1.1 200 OK"
2026-03-17 11:37:14,411 - __main__ - INFO - 开始处理文件: 688230-2026-02-03-芯导科技-2025年年度报告.pdf (文件ID: file-fe-b6b1ca89153d4378913e7612)
2026-03-17 11:37:14,748 - httpx - INFO - HTTP Request: POST https://dashscope.aliyuncs.com/compatible-mode/v1/chat/completions "HTTP/1.1 200 OK"
2026-03-17 11:37:14,834 - __main___file_only - INFO - 找到数据: 603031 2026-03-10 (3条)
2026-03-17 11:37:14,834 - __main__ - INFO - 处理成功: 603031-2026-03-10-安孚科技-安徽安孚电池科技股份有限公司2025年年度报告.pdf
2026-03-17 11:37:14,834 - __main___file_only - INFO - 文件处理成功: 603031-2026-03-10-安孚科技-安徽安孚电池科技股份有限公司2025年年度报告.pdf (耗时: 21.09秒)
2026-03-17 11:37:14,844 - httpx - INFO - HTTP Request: DELETE https://dashscope.aliyuncs.com/compatible-mode/v1/files/file-fe-5acfa31f6ef9480394e065c2 "HTTP/1.1 200 OK"
2026-03-17 11:37:14,844 - __main__ - INFO - 开始处理文件: 688256-2026-03-13-寒武纪-2025年年度报告.pdf (文件ID: file-fe-e64bc5711898423cab137e5f)
2026-03-17 11:37:14,962 - httpx - INFO - HTTP Request: POST https://dashscope.aliyuncs.com/compatible-mode/v1/chat/completions "HTTP/1.1 200 OK"
2026-03-17 11:37:14,986 - httpx - INFO - HTTP Request: POST https://dashscope.aliyuncs.com/compatible-mode/v1/chat/completions "HTTP/1.1 200 OK"
2026-03-17 11:37:15,045 - __main___file_only - INFO - 找到数据: 603061 2026-03-11 (3条)
2026-03-17 11:37:15,045 - __main__ - INFO - 处理成功: 603061-2026-03-11-金海通-2025年年度报告.pdf
2026-03-17 11:37:15,045 - __main___file_only - INFO - 文件处理成功: 603061-2026-03-11-金海通-2025年年度报告.pdf (耗时: 21.49秒)
2026-03-17 11:37:15,073 - __main___file_only - INFO - 找到数据: 603103 2026-02-28 (3条)
2026-03-17 11:37:15,073 - __main__ - INFO - 处理成功: 603103-2026-02-28-横店影视-横店影视股份有限公司2025年年度报告.pdf
2026-03-17 11:37:15,073 - __main___file_only - INFO - 文件处理成功: 603103-2026-02-28-横店影视-横店影视股份有限公司2025年年度报告.pdf (耗时: 20.66秒)
2026-03-17 11:37:15,426 - httpx - INFO - HTTP Request: DELETE https://dashscope.aliyuncs.com/compatible-mode/v1/files/file-fe-7f2e456c31d3485bad87d92f "HTTP/1.1 200 OK"
2026-03-17 11:37:15,426 - __main__ - INFO - 开始处理文件: 688345-2026-03-10-博力威-广东博力威科技股份有限公司2025年年度报告.pdf (文件ID: file-fe-0090e702167a43e78acf81d1)
2026-03-17 11:37:15,667 - httpx - INFO - HTTP Request: DELETE https://dashscope.aliyuncs.com/compatible-mode/v1/files/file-fe-6166892ff81149d18d19b76e "HTTP/1.1 200 OK"
2026-03-17 11:37:15,668 - __main__ - INFO - 开始处理文件: 920060-2026-03-09-万源通-2025年年度报告.pdf (文件ID: file-fe-919b73732eb642ab92f18e27)
2026-03-17 11:37:15,690 - httpx - INFO - HTTP Request: DELETE https://dashscope.aliyuncs.com/compatible-mode/v1/files/file-fe-2e7d0f24504947c7aa1aa345 "HTTP/1.1 200 OK"
2026-03-17 11:37:15,691 - __main__ - INFO - 开始处理文件: 688511-2026-02-28-ST天微-2025年年度报告.pdf (文件ID: file-fe-7f51c98e21b040fc9f3cd280)
2026-03-17 11:37:17,910 - httpx - INFO - HTTP Request: POST https://dashscope.aliyuncs.com/compatible-mode/v1/chat/completions "HTTP/1.1 200 OK"
2026-03-17 11:37:18,042 - __main___file_only - INFO - 找到数据: 603558 2026-03-13 (3条)
2026-03-17 11:37:18,043 - __main__ - INFO - 处理成功: 603558-2026-03-13-健盛集团-健盛集团2025年度报告.pdf
2026-03-17 11:37:18,043 - __main___file_only - INFO - 文件处理成功: 603558-2026-03-13-健盛集团-健盛集团2025年度报告.pdf (耗时: 20.41秒)
2026-03-17 11:37:18,389 - httpx - INFO - HTTP Request: POST https://dashscope.aliyuncs.com/compatible-mode/v1/chat/completions "HTTP/1.1 200 OK"
2026-03-17 11:37:18,492 - __main___file_only - INFO - 找到数据: 603316 2026-03-07 (3条)
2026-03-17 11:37:18,493 - __main__ - INFO - 处理成功: 603316-2026-03-07-诚邦股份-诚邦生态环境股份有限公司2025年年度报告.pdf
2026-03-17 11:37:18,493 - __main___file_only - INFO - 文件处理成功: 603316-2026-03-07-诚邦股份-诚邦生态环境股份有限公司2025年年度报告.pdf (耗时: 21.47秒)
2026-03-17 11:37:18,688 - httpx - INFO - HTTP Request: DELETE https://dashscope.aliyuncs.com/compatible-mode/v1/files/file-fe-b1afeef275b14338b4f9afdd "HTTP/1.1 200 OK"
2026-03-17 11:37:18,689 - __main__ - INFO - 开始处理文件: 920735-2026-03-05-德源药业-2025年年度报告.pdf (文件ID: file-fe-07facd0a8dba48ab8c7fc65f)
2026-03-17 11:37:18,813 - httpx - INFO - HTTP Request: POST https://dashscope.aliyuncs.com/compatible-mode/v1/chat/completions "HTTP/1.1 200 OK"
2026-03-17 11:37:18,928 - __main___file_only - INFO - 找到数据: 603317 2026-03-12 (3条)
2026-03-17 11:37:18,928 - __main__ - INFO - 处理成功: 603317-2026-03-12-天味食品-2025年年度报告.pdf
2026-03-17 11:37:18,928 - __main___file_only - INFO - 文件处理成功: 603317-2026-03-12-天味食品-2025年年度报告.pdf (耗时: 22.77秒)
2026-03-17 11:37:19,095 - httpx - INFO - HTTP Request: DELETE https://dashscope.aliyuncs.com/compatible-mode/v1/files/file-fe-8b0798d9bddf4618a7dc1322 "HTTP/1.1 200 OK"
2026-03-17 11:37:19,597 - httpx - INFO - HTTP Request: DELETE https://dashscope.aliyuncs.com/compatible-mode/v1/files/file-fe-4ddced14a10a4f1fad5bdbed "HTTP/1.1 200 OK"
2026-03-17 11:37:24,338 - httpx - INFO - HTTP Request: POST https://dashscope.aliyuncs.com/compatible-mode/v1/chat/completions "HTTP/1.1 200 OK"
2026-03-17 11:37:24,422 - __main___file_only - INFO - 找到数据: 603682 2026-02-28 (3条)
2026-03-17 11:37:24,422 - __main__ - INFO - 处理成功: 603682-2026-02-28-锦和商管-上海锦和商业经营管理（集团）股份有限公司2025年年度报告.pdf
2026-03-17 11:37:24,422 - __main___file_only - INFO - 文件处理成功: 603682-2026-02-28-锦和商管-上海锦和商业经营管理（集团）股份有限公司2025年年度报告.pdf (耗时: 21.74秒)
2026-03-17 11:37:24,512 - httpx - INFO - HTTP Request: POST https://dashscope.aliyuncs.com/compatible-mode/v1/chat/completions "HTTP/1.1 200 OK"
2026-03-17 11:37:24,593 - __main___file_only - INFO - 找到数据: 603929 2026-03-13 (3条)
2026-03-17 11:37:24,594 - __main__ - INFO - 处理成功: 603929-2026-03-13-亚翔集成-公司2025年年度报告全文.pdf
2026-03-17 11:37:24,594 - __main___file_only - INFO - 文件处理成功: 603929-2026-03-13-亚翔集成-公司2025年年度报告全文.pdf (耗时: 20.61秒)
2026-03-17 11:37:25,020 - httpx - INFO - HTTP Request: POST https://dashscope.aliyuncs.com/compatible-mode/v1/chat/completions "HTTP/1.1 200 OK"
2026-03-17 11:37:25,119 - httpx - INFO - HTTP Request: DELETE https://dashscope.aliyuncs.com/compatible-mode/v1/files/file-fe-c40eeb5d5f8d4ed8ababb6c7 "HTTP/1.1 200 OK"
2026-03-17 11:37:25,129 - __main___file_only - INFO - 找到数据: 603659 2026-03-06 (3条)
2026-03-17 11:37:25,129 - __main__ - INFO - 处理成功: 603659-2026-03-06-璞泰来-上海璞泰来新能源科技集团股份有限公司2025年年度报告.pdf
2026-03-17 11:37:25,129 - __main___file_only - INFO - 文件处理成功: 603659-2026-03-06-璞泰来-上海璞泰来新能源科技集团股份有限公司2025年年度报告.pdf (耗时: 21.38秒)
2026-03-17 11:37:25,194 - httpx - INFO - HTTP Request: DELETE https://dashscope.aliyuncs.com/compatible-mode/v1/files/file-fe-62d5d4db403a462fadeef919 "HTTP/1.1 200 OK"
2026-03-17 11:37:25,791 - httpx - INFO - HTTP Request: DELETE https://dashscope.aliyuncs.com/compatible-mode/v1/files/file-fe-c394688e7ff840cd89e92d67 "HTTP/1.1 200 OK"
2026-03-17 11:37:30,297 - httpx - INFO - HTTP Request: POST https://dashscope.aliyuncs.com/compatible-mode/v1/chat/completions "HTTP/1.1 200 OK"
2026-03-17 11:37:30,424 - __main___file_only - INFO - 找到数据: 605299 2026-03-11 (3条)
2026-03-17 11:37:30,425 - __main__ - INFO - 处理成功: 605299-2026-03-11-舒华体育-舒华体育股份有限公司2025年年度报告.pdf
2026-03-17 11:37:30,425 - __main___file_only - INFO - 文件处理成功: 605299-2026-03-11-舒华体育-舒华体育股份有限公司2025年年度报告.pdf (耗时: 20.18秒)
2026-03-17 11:37:30,979 - httpx - INFO - HTTP Request: POST https://dashscope.aliyuncs.com/compatible-mode/v1/chat/completions "HTTP/1.1 200 OK"
2026-03-17 11:37:31,100 - __main___file_only - INFO - 找到数据: 603588 2026-03-13 (3条)
2026-03-17 11:37:31,100 - __main__ - INFO - 处理成功: 603588-2026-03-13-高能环境-高能环境2025年年度报告.pdf
2026-03-17 11:37:31,100 - __main___file_only - INFO - 文件处理成功: 603588-2026-03-13-高能环境-高能环境2025年年度报告.pdf (耗时: 31.18秒)
2026-03-17 11:37:31,211 - httpx - INFO - HTTP Request: DELETE https://dashscope.aliyuncs.com/compatible-mode/v1/files/file-fe-b1c9618822a84a398a20f690 "HTTP/1.1 200 OK"
2026-03-17 11:37:31,731 - httpx - INFO - HTTP Request: DELETE https://dashscope.aliyuncs.com/compatible-mode/v1/files/file-fe-b2269216f24a44a69d89e8aa "HTTP/1.1 200 OK"
2026-03-17 11:37:33,470 - httpx - INFO - HTTP Request: POST https://dashscope.aliyuncs.com/compatible-mode/v1/chat/completions "HTTP/1.1 200 OK"
2026-03-17 11:37:33,497 - httpx - INFO - HTTP Request: POST https://dashscope.aliyuncs.com/compatible-mode/v1/chat/completions "HTTP/1.1 200 OK"
2026-03-17 11:37:33,581 - __main___file_only - INFO - 找到数据: 688230 2026-02-03 (3条)
2026-03-17 11:37:33,581 - __main__ - INFO - 处理成功: 688230-2026-02-03-芯导科技-2025年年度报告.pdf
2026-03-17 11:37:33,581 - __main___file_only - INFO - 文件处理成功: 688230-2026-02-03-芯导科技-2025年年度报告.pdf (耗时: 19.17秒)
2026-03-17 11:37:33,608 - __main___file_only - INFO - 找到数据: 688082 2026-02-27 (3条)
2026-03-17 11:37:33,608 - __main__ - INFO - 处理成功: 688082-2026-02-27-盛美上海-2025年度报告全文.pdf
2026-03-17 11:37:33,608 - __main___file_only - INFO - 文件处理成功: 688082-2026-02-27-盛美上海-2025年度报告全文.pdf (耗时: 20.70秒)
2026-03-17 11:37:33,681 - httpx - INFO - HTTP Request: POST https://dashscope.aliyuncs.com/compatible-mode/v1/chat/completions "HTTP/1.1 200 OK"
2026-03-17 11:37:33,789 - __main___file_only - INFO - 找到数据: 688100 2026-02-28 (3条)
2026-03-17 11:37:33,790 - __main__ - INFO - 处理成功: 688100-2026-02-28-威胜信息-威胜信息2025年年度报告.pdf
2026-03-17 11:37:33,790 - __main___file_only - INFO - 文件处理成功: 688100-2026-02-28-威胜信息-威胜信息2025年年度报告.pdf (耗时: 19.54秒)
2026-03-17 11:37:33,880 - httpx - INFO - HTTP Request: POST https://dashscope.aliyuncs.com/compatible-mode/v1/chat/completions "HTTP/1.1 200 OK"
2026-03-17 11:37:33,982 - __main___file_only - INFO - 找到数据: 605339 2026-03-10 (3条)
2026-03-17 11:37:33,982 - __main__ - INFO - 处理成功: 605339-2026-03-10-南侨食品-南侨食品集团（上海）股份有限公司2025年年度报告.pdf
2026-03-17 11:37:33,983 - __main___file_only - INFO - 文件处理成功: 605339-2026-03-10-南侨食品-南侨食品集团（上海）股份有限公司2025年年度报告.pdf (耗时: 21.88秒)
2026-03-17 11:37:34,206 - httpx - INFO - HTTP Request: DELETE https://dashscope.aliyuncs.com/compatible-mode/v1/files/file-fe-b6b1ca89153d4378913e7612 "HTTP/1.1 200 OK"
2026-03-17 11:37:34,227 - httpx - INFO - HTTP Request: DELETE https://dashscope.aliyuncs.com/compatible-mode/v1/files/file-fe-bd68fd1d672f49f99d4b695b "HTTP/1.1 200 OK"
2026-03-17 11:37:34,444 - httpx - INFO - HTTP Request: DELETE https://dashscope.aliyuncs.com/compatible-mode/v1/files/file-fe-f25e40e43f7e432a90e0d3ee "HTTP/1.1 200 OK"
2026-03-17 11:37:34,686 - httpx - INFO - HTTP Request: DELETE https://dashscope.aliyuncs.com/compatible-mode/v1/files/file-fe-cb77abea4a8442a09d0b4aea "HTTP/1.1 200 OK"
2026-03-17 11:37:36,508 - httpx - INFO - HTTP Request: POST https://dashscope.aliyuncs.com/compatible-mode/v1/chat/completions "HTTP/1.1 200 OK"
2026-03-17 11:37:36,618 - __main___file_only - INFO - 找到数据: 688511 2026-02-28 (3条)
2026-03-17 11:37:36,618 - __main__ - INFO - 处理成功: 688511-2026-02-28-ST天微-2025年年度报告.pdf
2026-03-17 11:37:36,618 - __main___file_only - INFO - 文件处理成功: 688511-2026-02-28-ST天微-2025年年度报告.pdf (耗时: 20.93秒)
2026-03-17 11:37:37,192 - httpx - INFO - HTTP Request: DELETE https://dashscope.aliyuncs.com/compatible-mode/v1/files/file-fe-7f51c98e21b040fc9f3cd280 "HTTP/1.1 200 OK"
2026-03-17 11:37:37,200 - httpx - INFO - HTTP Request: POST https://dashscope.aliyuncs.com/compatible-mode/v1/chat/completions "HTTP/1.1 200 OK"
2026-03-17 11:37:37,285 - __main___file_only - INFO - 找到数据: 688256 2026-03-13 (3条)
2026-03-17 11:37:37,285 - __main__ - INFO - 处理成功: 688256-2026-03-13-寒武纪-2025年年度报告.pdf
2026-03-17 11:37:37,285 - __main___file_only - INFO - 文件处理成功: 688256-2026-03-13-寒武纪-2025年年度报告.pdf (耗时: 22.44秒)
2026-03-17 11:37:37,532 - httpx - INFO - HTTP Request: POST https://dashscope.aliyuncs.com/compatible-mode/v1/chat/completions "HTTP/1.1 200 OK"
2026-03-17 11:37:37,635 - __main___file_only - INFO - 找到数据: 920060 2026-03-09 (3条)
2026-03-17 11:37:37,635 - __main__ - INFO - 处理成功: 920060-2026-03-09-万源通-2025年年度报告.pdf
2026-03-17 11:37:37,635 - __main___file_only - INFO - 文件处理成功: 920060-2026-03-09-万源通-2025年年度报告.pdf (耗时: 21.97秒)
2026-03-17 11:37:37,838 - httpx - INFO - HTTP Request: DELETE https://dashscope.aliyuncs.com/compatible-mode/v1/files/file-fe-e64bc5711898423cab137e5f "HTTP/1.1 200 OK"
2026-03-17 11:37:37,983 - httpx - INFO - HTTP Request: POST https://dashscope.aliyuncs.com/compatible-mode/v1/chat/completions "HTTP/1.1 200 OK"
2026-03-17 11:37:38,074 - __main___file_only - INFO - 找到数据: 688345 2026-03-10 (3条)
2026-03-17 11:37:38,075 - __main__ - INFO - 处理成功: 688345-2026-03-10-博力威-广东博力威科技股份有限公司2025年年度报告.pdf
2026-03-17 11:37:38,075 - __main___file_only - INFO - 文件处理成功: 688345-2026-03-10-博力威-广东博力威科技股份有限公司2025年年度报告.pdf (耗时: 22.65秒)
2026-03-17 11:37:38,198 - httpx - INFO - HTTP Request: DELETE https://dashscope.aliyuncs.com/compatible-mode/v1/files/file-fe-919b73732eb642ab92f18e27 "HTTP/1.1 200 OK"
2026-03-17 11:37:38,766 - httpx - INFO - HTTP Request: DELETE https://dashscope.aliyuncs.com/compatible-mode/v1/files/file-fe-0090e702167a43e78acf81d1 "HTTP/1.1 200 OK"
2026-03-17 11:37:40,821 - httpx - INFO - HTTP Request: POST https://dashscope.aliyuncs.com/compatible-mode/v1/chat/completions "HTTP/1.1 200 OK"
2026-03-17 11:37:40,902 - __main___file_only - INFO - 找到数据: 920735 2026-03-05 (3条)
2026-03-17 11:37:40,903 - __main__ - INFO - 处理成功: 920735-2026-03-05-德源药业-2025年年度报告.pdf
2026-03-17 11:37:40,903 - __main___file_only - INFO - 文件处理成功: 920735-2026-03-05-德源药业-2025年年度报告.pdf (耗时: 22.21秒)
2026-03-17 11:37:41,628 - httpx - INFO - HTTP Request: DELETE https://dashscope.aliyuncs.com/compatible-mode/v1/files/file-fe-07facd0a8dba48ab8c7fc65f "HTTP/1.1 200 OK"
2026-03-17 11:37:41,680 - __main__ - INFO - 开始关闭线程池...
2026-03-17 11:37:41,680 - __main__ - INFO - 等待 0 个上传任务完成...
2026-03-17 11:37:41,680 - __main__ - INFO - 等待 0 个处理任务完成...
2026-03-17 11:37:41,697 - __main__ - INFO - 所有线程池已关闭
2026-03-17 11:37:41,834 - __main__ - INFO - 程序执行完成 - 总耗时: 0:01:57.974910
2026-03-17 13:19:28,789 - __main__ - INFO - 程序开始执行 - 目录: E:\Project\年报公告自动切片\年报自动处理系统\年度报告\raw, 文件数量: 116
2026-03-17 13:19:30,125 - httpx - INFO - HTTP Request: POST https://dashscope.aliyuncs.com/compatible-mode/v1/files "HTTP/1.1 200 OK"
2026-03-17 13:19:30,129 - ai_service_enhanced - INFO - 文件上传成功: E:\Project\年报公告自动切片\年报自动处理系统\年度报告\raw\000026-2026-03-14-飞亚达-2025年年度报告.pdf (文件ID: file-fe-4aa23b66ee8d4e97946992d5)
2026-03-17 13:19:30,129 - __main___file_only - INFO - 上传文件: 000026-2026-03-14-飞亚达-2025年年度报告.pdf (大小: 1.02 MB, ID: file-fe-4aa23b66ee8d4e97946992d5)
2026-03-17 13:19:30,151 - __main__ - INFO - 开始处理文件: 000026-2026-03-14-飞亚达-2025年年度报告.pdf (文件ID: file-fe-4aa23b66ee8d4e97946992d5)
2026-03-17 13:19:32,138 - httpx - INFO - HTTP Request: POST https://dashscope.aliyuncs.com/compatible-mode/v1/files "HTTP/1.1 200 OK"
2026-03-17 13:19:32,138 - ai_service_enhanced - INFO - 文件上传成功: E:\Project\年报公告自动切片\年报自动处理系统\年度报告\raw\000063-2026-03-07-中兴通讯-2025年年度报告.pdf (文件ID: file-fe-cb6f24b91f9343cc9d10ccfb)
2026-03-17 13:19:32,139 - __main___file_only - INFO - 上传文件: 000063-2026-03-07-中兴通讯-2025年年度报告.pdf (大小: 5.93 MB, ID: file-fe-cb6f24b91f9343cc9d10ccfb)
2026-03-17 13:19:32,266 - __main__ - INFO - 开始处理文件: 000063-2026-03-07-中兴通讯-2025年年度报告.pdf (文件ID: file-fe-cb6f24b91f9343cc9d10ccfb)
2026-03-17 13:19:33,930 - httpx - INFO - HTTP Request: POST https://dashscope.aliyuncs.com/compatible-mode/v1/files "HTTP/1.1 200 OK"
2026-03-17 13:19:33,930 - ai_service_enhanced - INFO - 文件上传成功: E:\Project\年报公告自动切片\年报自动处理系统\年度报告\raw\000050-2026-03-14-深天马A-2025年年度报告.pdf (文件ID: file-fe-0526980bd7cc498c8ac14a61)
2026-03-17 13:19:33,931 - __main___file_only - INFO - 上传文件: 000050-2026-03-14-深天马A-2025年年度报告.pdf (大小: 6.96 MB, ID: file-fe-0526980bd7cc498c8ac14a61)
2026-03-17 13:19:34,118 - __main__ - INFO - 开始处理文件: 000050-2026-03-14-深天马A-2025年年度报告.pdf (文件ID: file-fe-0526980bd7cc498c8ac14a61)
2026-03-17 13:19:34,984 - httpx - INFO - HTTP Request: POST https://dashscope.aliyuncs.com/compatible-mode/v1/files "HTTP/1.1 200 OK"
2026-03-17 13:19:34,985 - ai_service_enhanced - INFO - 文件上传成功: E:\Project\年报公告自动切片\年报自动处理系统\年度报告\raw\000099-2026-03-17-中信海直-2025年年度报告.pdf (文件ID: file-fe-373574cdd8d44e85adcac733)
2026-03-17 13:19:34,985 - __main___file_only - INFO - 上传文件: 000099-2026-03-17-中信海直-2025年年度报告.pdf (大小: 3.26 MB, ID: file-fe-373574cdd8d44e85adcac733)
2026-03-17 13:19:35,178 - __main__ - INFO - 开始处理文件: 000099-2026-03-17-中信海直-2025年年度报告.pdf (文件ID: file-fe-373574cdd8d44e85adcac733)
2026-03-17 13:19:36,193 - httpx - INFO - HTTP Request: POST https://dashscope.aliyuncs.com/compatible-mode/v1/files "HTTP/1.1 200 OK"
2026-03-17 13:19:36,194 - ai_service_enhanced - INFO - 文件上传成功: E:\Project\年报公告自动切片\年报自动处理系统\年度报告\raw\000429-2026-03-14-粤高速A-2025年年度报告.pdf (文件ID: file-fe-882bd229daa54550adaf6ff3)
2026-03-17 13:19:36,194 - __main___file_only - INFO - 上传文件: 000429-2026-03-14-粤高速A-2025年年度报告.pdf (大小: 1.11 MB, ID: file-fe-882bd229daa54550adaf6ff3)
2026-03-17 13:19:36,238 - __main__ - INFO - 开始处理文件: 000429-2026-03-14-粤高速A-2025年年度报告.pdf (文件ID: file-fe-882bd229daa54550adaf6ff3)
2026-03-17 13:19:40,347 - httpx - INFO - HTTP Request: POST https://dashscope.aliyuncs.com/compatible-mode/v1/files "HTTP/1.1 200 OK"
2026-03-17 13:19:40,347 - ai_service_enhanced - INFO - 文件上传成功: E:\Project\年报公告自动切片\年报自动处理系统\年度报告\raw\000563-2026-02-10-陕国投A-2025年年度报告.pdf (文件ID: file-fe-d7124ff2d284434c841efe89)
2026-03-17 13:19:40,348 - __main___file_only - INFO - 上传文件: 000563-2026-02-10-陕国投A-2025年年度报告.pdf (大小: 1.35 MB, ID: file-fe-d7124ff2d284434c841efe89)
2026-03-17 13:19:40,463 - __main__ - INFO - 开始处理文件: 000563-2026-02-10-陕国投A-2025年年度报告.pdf (文件ID: file-fe-d7124ff2d284434c841efe89)
2026-03-17 13:19:42,905 - __main__ - INFO - 开始关闭线程池...
2026-03-17 13:19:42,905 - __main__ - INFO - 等待 2 个上传任务完成...
2026-03-17 13:19:43,252 - httpx - INFO - HTTP Request: POST https://dashscope.aliyuncs.com/compatible-mode/v1/files "HTTP/1.1 200 OK"
2026-03-17 13:19:43,253 - ai_service_enhanced - INFO - 文件上传成功: E:\Project\年报公告自动切片\年报自动处理系统\年度报告\raw\000608-2026-02-12-ST阳光-2025年年度报告.pdf (文件ID: file-fe-28a6c474fb634fc5b3d2a3ac)
2026-03-17 13:19:43,253 - __main___file_only - INFO - 上传文件: 000608-2026-02-12-ST阳光-2025年年度报告.pdf (大小: 1.09 MB, ID: file-fe-28a6c474fb634fc5b3d2a3ac)
2026-03-17 13:19:43,344 - httpx - INFO - HTTP Request: POST https://dashscope.aliyuncs.com/compatible-mode/v1/files "HTTP/1.1 200 OK"
2026-03-17 13:19:43,345 - ai_service_enhanced - INFO - 文件上传成功: E:\Project\年报公告自动切片\年报自动处理系统\年度报告\raw\000408-2026-03-14-藏格矿业-2025年年度报告.pdf (文件ID: file-fe-9f10a4de24454f0f8305c672)
2026-03-17 13:19:43,346 - __main___file_only - INFO - 上传文件: 000408-2026-03-14-藏格矿业-2025年年度报告.pdf (大小: 27.95 MB, ID: file-fe-9f10a4de24454f0f8305c672)
2026-03-17 13:19:43,346 - __main__ - INFO - 等待 6 个处理任务完成...
