
=== 688252-2026-04-09-天德钰深圳天德钰科技股份有限公司2026年第一季度报告.PDF ===
[
  {
    "JZRQ": "2026-03-31",
    "RQBZ": "累计",
    "JBMGSY": "0.11",
    "XSMGSY": "0.11",
    "JBMGSYKC": "",
    "XSMGSYKC": "",
    "JLRJZCSYLJQ": "1.89",
    "KCHJLRJZCSYLJQ": "",
    "YYZSR": "",
    "YYSR": "536093351.06",
    "JLRHJ": "",
    "JLR": "46038706.15",
    "KCFJYXSYHDJLR": "45095390.79",
    "YYZSRTBZZ": "",
    "YYSRTBZZ": "-3.28",
    "JLRHJTBZZ": "",
    "JLRTBZZ": "-34.76",
    "KCFJYXSYHDJLRTBZZ": "-32.26",
    "JYXJLLJE": "92807802.32",
    "ZCZE": "2876647678.62",
    "GDQY": "2459643552.67",
    "FJCXSY": "943315.36",
    "MGJYXJLLJE": "否",
    "MGJZCPL": "否"
  },
  {
    "JZRQ": "2025-03-31",
    "RQBZ": "累计",
    "JBMGSY": "0.17",
    "XSMGSY": "0.17",
    "JBMGSYKC": "",
    "XSMGSYKC": "",
    "JLRJZCSYLJQ": "3.18",
    "KCHJLRJZCSYLJQ": "",
    "YYZSR": "",
    "YYSR": "554270119.55",
    "JLRHJ": "",
    "JLR": "70568105.32",
    "KCFJYXSYHDJLR": "66574118.95",
    "YYZSRTBZZ": "",
    "YYSRTBZZ": "",
    "JLRHJTBZZ": "",
    "JLRTBZZ": "",
    "KCFJYXSYHDJLRTBZZ": "",
    "JYXJLLJE": "-23474455.83",
    "ZCZE": "2793919571.27",
    "GDQY": "2406825584.28",
    "FJCXSY": "",
    "MGJYXJLLJE": "否",
    "MGJZCPL": "否"
  }
]

=== 002072-2026-04-09-凯瑞德2026年一季度报告.PDF ===
[
  {
    "JZRQ": "2026-03-31",
    "RQBZ": "累计",
    "JBMGSY": "-0.0122",
    "XSMGSY": "-0.0122",
    "JBMGSYKC": "",
    "XSMGSYKC": "",
    "JLRJZCSYLJQ": "-1.93%",
    "KCHJLRJZCSYLJQ": "",
    "YYZSR": "",
    "YYSR": "138625489.49",
    "JLRHJ": "",
    "JLR": "-4494797.98",
    "KCFJYXSYHDJLR": "-4830621.78",
    "YYZSRTBZZ": "",
    "YYSRTBZZ": "3.97%",
    "JLRHJTBZZ": "",
    "JLRTBZZ": "-76.03%",
    "KCFJYXSYHDJLRTBZZ": "-89.05%",
    "JYXJLLJE": "-30024498.97",
    "ZCZE": "252758572.67",
    "GDQY": "231085760.55",
    "FJCXSY": "335823.80",
    "MGJYXJLLJE": "否",
    "MGJZCPL": "否"
  },
  {
    "JZRQ": "2025-03-31",
    "RQBZ": "累计",
    "JBMGSY": "-0.0069",
    "XSMGSY": "-0.0069",
    "JBMGSYKC": "",
    "XSMGSYKC": "",
    "JLRJZCSYLJQ": "-5.09%",
    "KCHJLRJZCSYLJQ": "",
    "YYZSR": "",
    "YYSR": "133336225.63",
    "JLRHJ": "",
    "JLR": "-2553392.67",
    "KCFJYXSYHDJLR": "-2555190.57",
    "YYZSRTBZZ": "",
    "YYSRTBZZ": "",
    "JLRHJTBZZ": "",
    "JLRTBZZ": "",
    "KCFJYXSYHDJLRTBZZ": "",
    "JYXJLLJE": "-1411389.29",
    "ZCZE": "258550409.51",
    "GDQY": "235580558.53",
    "FJCXSY": "",
    "MGJYXJLLJE": "否",
    "MGJZCPL": "否"
  }
]
